 :::SSH::: ············································································································································
 ~/S2422 › git clone https://gitee.com/kendryte/k230_sdk.git                                           17:28:09 @13 @ryan-pc from 192.168.88.180:59144
Cloning into 'k230_sdk'...
remote: Enumerating objects: 115207, done.
remote: Total 115207 (delta 0), reused 0 (delta 0), pack-reused 115207
Receiving objects: 100% (115207/115207), 428.74 MiB | 14.23 MiB/s, done.
Resolving deltas: 100% (17898/17898), done.
Updating files: 100% (106821/106821), done.
  46" .955060 +.020
 :::SSH::: ············································································································································
 ~/S2422 › cd k230_sdk                                                                                 17:28:58 @13 @ryan-pc from 192.168.88.180:59144
  .001141 +.073
 :::SSH::: ············································································································································
 ~/S2422/k230_sdk › ls                                                                         main   17:29:16 @13 @ryan-pc from 192.168.88.180:59144
Kconfig        Kconfig.memory   Kconfig.toolchain  LICENSE   README.md  configs    repo.mak  tools
Kconfig.board  Kconfig.storage  Kconfig.wifi       Makefile  board      parse.mak  src
  .004906 +.073
 :::SSH::: ············································································································································
 ~/S2422/k230_sdk › bash                                                                       main   17:29:17 @13 @ryan-pc from 192.168.88.180:59144
 ~/S2422/k230_sdk › source tools/get_download_url.sh && make prepare_sourcecode
URL is not accessible
download toolchain
riscv64-unknown-linux-musl-rv64imafdc 100%[========================================================================>] 103.34M  57.0MB/s    in 1.8s
Xuantie-900-gcc-linux-5.10.4-glibc-x8 100%[========================================================================>] 429.04M  48.6MB/s    in 8.6s
test1
extract toolchain
./toolchain/riscv64-unknown-linux-musl-rv64imafdcv-lp64d-20230420.tar.bz2
./toolchain/Xuantie-900-gcc-linux-5.10.4-glibc-x86_64-V2.6.0.tar.bz2
toolchain is ready
prepare source code
download nncase sdk
-                                     100%[========================================================================>] 413.98M  80.6MB/s    in 6.3s
-                                     100%[========================================================================>]  44.77M  65.8MB/s    in 0.7s
download big utils
-                                     100%[========================================================================>]  73.55M  39.7MB/s    in 1.9s
/home/ryan/S2422/k230_sdk
download little firmware
./src/little/utils/firmware/AiW4211L_ 100%[========================================================================>] 679.54K  --.-KB/s    in 0.1s
download tuninig-server
src/little/buildroot-ext/package/tuni 100%[========================================================================>]   2.63M  15.8MB/s    in 0.2s
Kendyte_ISP_Tool_TuningClient-6.2.23. 100%[========================================================================>] 122.21M  55.5MB/s    in 2.2s
download buildroot dl
-                                     100%[========================================================================>] 404.36M  27.1MB/s    in 9.6s
 ~/S2422/k230_sdk › docker ps
CONTAINER ID   IMAGE     COMMAND   CREATED   STATUS    PORTS     NAMES
 ~/S2422/k230_sdk › docker build -f tools/docker/Dockerfile -t k230_docker tools/docker
[+] Building 130.5s (21/21) FINISHED
 => [internal] load .dockerignore                                                                                                                 1.7s
 => => transferring context: 2B                                                                                                                   0.0s
 => [internal] load build definition from Dockerfile                                                                                              1.7s
 => => transferring dockerfile: 4.37kB                                                                                                            0.0s
 => [internal] load metadata for docker.io/library/ubuntu:20.04                                                                                   2.7s
 => [ 1/17] FROM docker.io/library/ubuntu:20.04@sha256:0b897358ff6624825fb50d20ffb605ab0eaea77ced0adb8c6a4b756513dec6fc                           7.2s
 => => resolve docker.io/library/ubuntu:20.04@sha256:0b897358ff6624825fb50d20ffb605ab0eaea77ced0adb8c6a4b756513dec6fc                             0.1s
 => => sha256:0b897358ff6624825fb50d20ffb605ab0eaea77ced0adb8c6a4b756513dec6fc 1.13kB / 1.13kB                                                    0.0s
 => => sha256:d86db849e59626d94f768c679aba441163c996caf7a3426f44924d0239ffe03f 424B / 424B                                                        0.0s
 => => sha256:5f5250218d28ad6612bf653eced407165dd6475a4daf9210b299fed991e172e9 2.30kB / 2.30kB                                                    0.0s
 => => sha256:9ea8908f47652b59b8055316d9c0e16b365e2b5cee15d3efcb79e2957e3e7cad 27.51MB / 27.51MB                                                  4.5s
 => => extracting sha256:9ea8908f47652b59b8055316d9c0e16b365e2b5cee15d3efcb79e2957e3e7cad                                                         2.1s
 => [ 2/17] RUN dpkg --add-architecture i386                                                                                                      0.5s
 => [ 3/17] RUN cp /etc/apt/sources.list /etc/apt/sources_bak.list     && sed -i 's/archive.ubuntu.com/mirrors.tuna.tsinghua.edu.cn/g' /etc/apt/  0.4s
 => [ 4/17] RUN apt-get clean all &&     apt-get update &&     apt-get install -y --fix-broken --fix-missing --no-install-recommends     sudo v  51.2s
 => [ 5/17] RUN echo     '[global]\n    timeout = 60\n    index-url = https://pypi.tuna.tsinghua.edu.cn/simple\n    extra-index-url = https://mi  0.7s
 => [ 6/17] RUN python3 -m pip install -U pyyaml pycryptodome gmssl     numpy==1.19.5  protobuf==3.17.3 Pillow onnx==1.9.0 onnx-simplifier==0.3  24.5s
 => [ 7/17] RUN curl -Lf https://packages.microsoft.com/config/ubuntu/20.04/packages-microsoft-prod.deb -o packages-microsoft-prod.deb     && d  23.8s
 => [ 8/17] RUN curl -Lf https://github.com/pengutronix/genimage/releases/download/v16/genimage-16.tar.xz -o /tmp/genimage-16.tar.xz     && cd /  6.2s
 => [ 9/17] RUN rm -rf /var/lib/apt/lists/*     && localedef -i en_US -c -f UTF-8 -A /usr/share/locale/locale.alias en_US.UTF-8                   1.6s
 => [10/17] RUN ln -snf /usr/share/zoneinfo/Asia/Shanghai /etc/localtime && echo Asia/Shanghai > /etc/timezone     && dpkg-reconfigure --fronten  0.7s
 => [11/17] RUN groupadd --gid 6000 gitlab     && adduser --home /home/gitlab --uid 6000 --gid 6000 --shell /bin/bash --disabled-password --geco  0.6s
 => [12/17] RUN mkdir -p /opt/toolchain/                                                                                                          0.4s
 => [13/17] RUN echo "False" > /tmp/.flag                                                                                                         0.3s
 => [14/17] RUN wget -P /tmp/ "https://ai.b-bug.org/k230/downloads/aitest/aitest-0.0.5.dev20240613-py3-none-any.whl" || echo "True" > /tmp/.flag  0.4s
 => [15/17] RUN FLAG=$(cat /tmp/.flag) && if [ "$FLAG" = "False" ]; then python3 -m pip install -U /tmp/aitest*.whl; else echo "Skip install"; f  0.4s
 => [16/17] RUN mkdir -p /home/gitlab/.ssh/     && FLAG=$(cat /tmp/.flag) && if [ "$FLAG" = "False" ]; then ssh-keyscan g.a-bug.org >> /home/git  2.9s
 => [17/17] WORKDIR /home/gitlab/                                                                                                                 0.2s
 => exporting to image                                                                                                                            3.8s
 => => exporting layers                                                                                                                           3.8s
 => => writing image sha256:a47c68ac9995158cfd11e84bf3f1e3ddadf0e5014414599a127ed057cd777a4f                                                      0.0s
 => => naming to docker.io/library/k230_docker                                                                                                    0.0s
  ~/S2422/k230_sdk › docker run -u root -it -v $(pwd):$(pwd) -v $(pwd)/toolchain:/opt/toolchain -w $(pwd) k230_docker /bin/bash
root@6f91b8a3c410:/home/ryan/S2422/k230_sdk# pwd
/home/ryan/S2422/k230_sdk
root@6f91b8a3c410:/home/ryan/S2422/k230_sdk# ls
board    Kconfig        Kconfig.memory   Kconfig.toolchain  LICENSE   parse.mak  repo.mak  toolchain
configs  Kconfig.board  Kconfig.storage  Kconfig.wifi       Makefile  README.md  src       tools
root@6f91b8a3c410:/home/ryan/S2422/k230_sdk# vim
board/             .github/           Kconfig.board      Kconfig.wifi       parse.mak          toolchain/
.config            .gitignore         Kconfig.memory     .last_conf         README.md          tools/
configs/           .gitlab-ci.yml     Kconfig.storage    LICENSE            repo.mak
.git/              Kconfig            Kconfig.toolchain  Makefile           src/
root@6f91b8a3c410:/home/ryan/S2422/k230_sdk# vim configs/
k230_canmv_01studio_defconfig                 k230d_canmv_only_rtt_defconfig                k230_evb_only_linux_defconfig
k230_canmv_defconfig                          k230d_defconfig                               k230_evb_only_rtt_defconfig
k230_canmv_dongshanpi_defconfig               k230d_doorlock_defconfig                      k230_evb_peephole_device_defconfig
k230_canmv_dpu_depth_camera_defconfig         k230d_doorlock_ov9286_defconfig               k230_evb_peephole_device_flash_defconfig
k230_canmv_only_linux_defconfig               k230_evb_defconfig                            k230_evb_peephole_phone_defconfig
k230_canmv_only_rtt_defconfig                 k230_evb_doorlock_defconfig                   k230_evb_usiplpddr4_defconfig
k230_canmv_v2_defconfig                       k230_evb_doorlock_ov9286_defconfig            k230_evb_usiplpddr4_dictionary_pen_defconfig
k230_canmv_v2_only_rtt_defconfig              k230_evb_dpu_depth_camera_defconfig           k230_fpga_defconfig
k230d_canmv_defconfig                         k230_evb_nand_defconfig                       temp_config
root@6f91b8a3c410:/home/ryan/S2422/k230_sdk# vim configs/k230_canmv_defconfig
root@6f91b8a3c410:/home/ryan/S2422/k230_sdk# grep RUN_CO configs/k230_canmv_defconfig
CONFIG_LINUX_RUN_CORE_ID=1
root@6f91b8a3c410:/home/ryan/S2422/k230_sdk# vim board/common/gen_image_cfg/genimage-sdcard_remote.cfg
root@6f91b8a3c410:/home/ryan/S2422/k230_sdk# grep -A20 sharefs board/common/gen_image_cfg/genimage-sdcard_remote.cfg
image sharefs.vfat {
        vfat {
                files = {
                        "k230_remote_test_platform/sharefs/app",
                        "k230_remote_test_platform/sharefs/test_resource"
                }
        }
        size = 5120M
}

image sysimage-sdcard.img {
        hdimage {
                gpt = "true"
        }

        partition uboot_spl_1 {
                #512k@1M   0x400@0x800
                in-partition-table = false
                offset = 1M
                image = "little-core/uboot/fn_u-boot-spl.bin"
        }
        partition uboot_spl_2 {
                #512k@1.5M   0x800@0xc00
                in-partition-table = false
                offset = 0x180000
--
                image = "sharefs.vfat"
        }
}
root@6f91b8a3c410:/home/ryan/S2422/k230_sdk# make CONF=k230_canmv_defconfig
prepare memory
make[1]: Entering directory '/home/ryan/S2422/k230_sdk/tools/kconfig'
cat zconf.lex.c_shipped > zconf.lex.c
cat zconf.hash.c_shipped > zconf.hash.c
cat zconf.tab.c_shipped > zconf.tab.c
In file included from zconf.tab.c:2534:
confdata.c: In function ‘conf_write’:
confdata.c:767:19: warning: ‘%s’ directive writing likely 7 or more bytes into a region of size between 1 and 4097 [-Wformat-overflow=]
  767 |  sprintf(newname, "%s%s", dirname, basename);
      |                   ^~~~~~
confdata.c:767:19: note: assuming directive output of 7 bytes
In file included from /usr/include/stdio.h:867,
                 from zconf.tab.c:84:
/usr/include/x86_64-linux-gnu/bits/stdio2.h:36:10: note: ‘__builtin___sprintf_chk’ output 1 or more bytes (assuming 4104) into a destination of size 40
97
   36 |   return __builtin___sprintf_chk (__s, __USE_FORTIFY_LEVEL - 1,
      |          ^~~~~~~~~~~~~~~~~~~~~~~~~~~~~~~~~~~~~~~~~~~~~~~~~~~~~~
   37 |       __bos (__s), __fmt, __va_arg_pack ());
      |       ~~~~~~~~~~~~~~~~~~~~~~~~~~~~~~~~~~~~~
In file included from zconf.tab.c:2534:
confdata.c:770:20: warning: ‘.tmpconfig.’ directive writing 11 bytes into a region of size between 1 and 4097 [-Wformat-overflow=]
  770 |   sprintf(tmpname, "%s.tmpconfig.%d", dirname, (int)getpid());
      |                    ^~~~~~~~~~~~~~~~~
In file included from /usr/include/stdio.h:867,
                 from zconf.tab.c:84:
/usr/include/x86_64-linux-gnu/bits/stdio2.h:36:10: note: ‘__builtin___sprintf_chk’ output between 13 and 4119 bytes into a destination of size 4097
   36 |   return __builtin___sprintf_chk (__s, __USE_FORTIFY_LEVEL - 1,
      |          ^~~~~~~~~~~~~~~~~~~~~~~~~~~~~~~~~~~~~~~~~~~~~~~~~~~~~~
   37 |       __bos (__s), __fmt, __va_arg_pack ());
      |       ~~~~~~~~~~~~~~~~~~~~~~~~~~~~~~~~~~~~~
make[1]: Leaving directory '/home/ryan/S2422/k230_sdk/tools/kconfig'
/home/ryan/S2422/k230_sdk
#
# configuration written to .config
#
Modify file: /home/ryan/S2422/k230_sdk/src/little/uboot/arch/riscv/dts/k230_canmv.dts
Modify file: k230_canmv_defconfig
rt-smart opensbi BASE: 0x200000
rt-smart opensbi JUMP: 0x220000
Modify file: /home/ryan/S2422/k230_sdk/src/common/opensbi/platform/kendryte/fpgac908/config.mk
linux opensbi BASE: 0x8000000
linux opensbi JUMP: 0x8200000
linux opensbi payload offset: 0x200000
Modify file: /home/ryan/S2422/k230_sdk/src/common/opensbi/platform/generic/config.mk
Modify file: /home/ryan/S2422/k230_sdk/src/big/rt-smart/kernel/bsp/maix3/link.lds
Modify file: /home/ryan/S2422/k230_sdk/src/big/rt-smart/kernel/bsp/maix3/board/board.h
Modify file: /home/ryan/S2422/k230_sdk/src/big/rt-smart/kernel/bsp/maix3/board/board.c
Modify file: /home/ryan/S2422/k230_sdk/src/big/rt-smart/kernel/bsp/maix3/board/mpp/mpp_init.c
Modify file: /home/ryan/S2422/k230_sdk/src/common/cdk/kernel/ipcm/arch/k230/configs/k230_riscv_rtsmart_config
Modify file: /home/ryan/S2422/k230_sdk/src/common/cdk/kernel/ipcm/arch/k230/ipcm_platform.h
/home/ryan/S2422/k230_sdk
cd src/little/linux; \
make ARCH=riscv k230_canmv_defconfig O=/home/ryan/S2422/k230_sdk/output/k230_canmv_defconfig/little/linux CROSS_COMPILE="/opt/toolchain/Xuantie-900-gcc
-linux-5.10.4-glibc-x86_64-V2.6.0/bin"/"riscv64-unknown-linux-gnu-" ARCH=riscv || exit ; \
cd -
make[1]: Entering directory '/home/ryan/S2422/k230_sdk/src/little/linux'
make[2]: Entering directory '/home/ryan/S2422/k230_sdk/output/k230_canmv_defconfig/little/linux'
  GEN     Makefile
  HOSTCC  scripts/basic/fixdep
  HOSTCC  scripts/kconfig/conf.o
    HOSTCC  scripts/kconfig/confdata.o
  HOSTCC  scripts/kconfig/expr.o
  LEX     scripts/kconfig/lexer.lex.c
  YACC    scripts/kconfig/parser.tab.[ch]
  HOSTCC  scripts/kconfig/lexer.lex.o
  HOSTCC  scripts/kconfig/parser.tab.o
  HOSTCC  scripts/kconfig/preprocess.o
  HOSTCC  scripts/kconfig/symbol.o
  HOSTCC  scripts/kconfig/util.o
  HOSTLD  scripts/kconfig/conf
'rivers/net/wireless/rtl8189fs/Kconfig:1:warning: ignoring unsupported character '
'rivers/net/wireless/rtl8189fs/Kconfig:2:warning: ignoring unsupported character '
'rivers/net/wireless/rtl8189fs/Kconfig:3:warning: ignoring unsupported character '
'rivers/net/wireless/rtl8189fs/Kconfig:4:warning: ignoring unsupported character '
drivers/gpio/Kconfig:235:warning: ignoring type redefinition of 'GPIO_K230' from 'tristate' to 'bool'
drivers/iio/adc/Kconfig:1226:warning: ignoring type redefinition of 'K230_ADC' from 'tristate' to 'bool'
'rivers/crypto/canaan/Kconfig:5:warning: ignoring unsupported character '
'rivers/crypto/canaan/Kconfig:6:warning: ignoring unsupported character '
'rivers/crypto/canaan/Kconfig:7:warning: ignoring unsupported character '
'rivers/crypto/canaan/Kconfig:8:warning: ignoring unsupported character '
'rivers/crypto/canaan/Kconfig:9:warning: ignoring unsupported character '
'rivers/crypto/canaan/Kconfig:12:warning: ignoring unsupported character '
'rivers/crypto/canaan/Kconfig:13:warning: ignoring unsupported character '
'rivers/crypto/canaan/Kconfig:14:warning: ignoring unsupported character '
'rivers/crypto/canaan/Kconfig:15:warning: ignoring unsupported character '
'rivers/crypto/canaan/Kconfig:16:warning: ignoring unsupported character '
'rivers/crypto/canaan/Kconfig:17:warning: ignoring unsupported character '
'rivers/crypto/canaan/Kconfig:20:warning: ignoring unsupported character '
'rivers/crypto/canaan/Kconfig:21:warning: ignoring unsupported character '
'rivers/crypto/canaan/Kconfig:22:warning: ignoring unsupported character '
'rivers/crypto/canaan/Kconfig:23:warning: ignoring unsupported character '
'rivers/crypto/canaan/Kconfig:24:warning: ignoring unsupported character '
#
# configuration written to .config
#
make[2]: Leaving directory '/home/ryan/S2422/k230_sdk/output/k230_canmv_defconfig/little/linux'
make[1]: Leaving directory '/home/ryan/S2422/k230_sdk/src/little/linux'
/home/ryan/S2422/k230_sdk
cd src/little/linux; \
make -j16 O=/home/ryan/S2422/k230_sdk/output/k230_canmv_defconfig/little/linux CROSS_COMPILE="/opt/toolchain/Xuantie-900-gcc-linux-5.10.4-glibc-x86_64-
V2.6.0/bin"/"riscv64-unknown-linux-gnu-" ARCH=riscv || exit ; \
make O=/home/ryan/S2422/k230_sdk/output/k230_canmv_defconfig/little/linux modules_install INSTALL_MOD_PATH=/home/ryan/S2422/k230_sdk/output/k230_canmv_
defconfig/little/linux/rootfs/ CROSS_COMPILE="/opt/toolchain/Xuantie-900-gcc-linux-5.10.4-glibc-x86_64-V2.6.0/bin"/"riscv64-unknown-linux-gnu-" ARCH=ri
scv || exit ; \
cd -
make[1]: Entering directory '/home/ryan/S2422/k230_sdk/src/little/linux'
make[2]:
....
...
..
.
  LDS     spl/u-boot-spl.lds
  LD      spl/u-boot-spl
  OBJCOPY spl/u-boot-spl-nodtb.bin
  COPY    spl/u-boot-spl.bin
  SYM     spl/u-boot-spl.sym
  MKIMAGE u-boot.img
#给一级boot增加bootrom头
cp spl/u-boot-spl.bin  t.bin ; python3 /home/ryan/S2422/k230_sdk/src/little/uboot/tools/firmware_gen.py  -i t.bin -o u-boot-spl-k230.bin -n
the magic is:  b'K230'
----- NO ENCRYPTION + HASH-256 -----
the encryption type:  0
mesg_hash:  b'fa370738a09b09021ee59b21fa6d84722507092e23c1502f9caa9a30e12a2a6b'
/home/ryan/S2422/k230_sdk/src/little/uboot/tools/endian-swap.py   u-boot-spl-k230.bin  u-boot-spl-k230-swap.bin
#二级uboot 压缩、uboot头、firmware头
gzip -k -f u-boot.bin ;                                                                                                                                ./tools/mkimage -A riscv -O u-boot -C gzip -T firmware -a 0x8000000 -e 0x8000000 -n uboot -d  u-boot.bin.gz   u-boot.img
Image Name:   uboot                                                                                                                                    Created:      Tue Aug 13 19:07:56 2024                                                                                                                 Image Type:   RISC-V U-Boot Firmware (gzip compressed)
Data Size:    315043 Bytes = 307.66 KiB = 0.30 MiB
Load Address: 08000000                                                                                                                                 Entry Point:  08000000
cp u-boot.img t.bin;python3 /home/ryan/S2422/k230_sdk/src/little/uboot/tools/firmware_gen.py  -i  t.bin -o fn_u-boot.img -n
the magic is:  b'K230'
----- NO ENCRYPTION + HASH-256 -----                                                                                                                   the encryption type:  0
mesg_hash:  b'4ec66a0b9c27e049c940ff320e3e22af4aebfb31b40a5ba2667f74f737ac0884'
# cp spl/u-boot-spl.bin  t.bin ; python3 /home/ryan/S2422/k230_sdk/src/little/uboot/tools/firmware_gen.py  -i t.bin -o u-boot-spl-k230_aes.bin -a
# /home/ryan/S2422/k230_sdk/src/little/uboot/tools/endian-swap.py   u-boot-spl-k230.bin  u-boot-spl-k230_aes-swap.bin
# cp spl/u-boot-spl.bin  t.bin ; python3 /home/ryan/S2422/k230_sdk/src/little/uboot/tools/firmware_gen.py  -i t.bin -o u-boot-spl-k230_sm.bin -s
# /home/ryan/S2422/k230_sdk/src/little/uboot/tools/endian-swap.py   u-boot-spl-k230.bin  u-boot-spl-k230_sm-swap.bin
#生成sd卡非安全镜像
dd if=u-boot-spl-k230.bin of=sd.iso bs=512 seek=$((0x100000/512))
398+1 records in
398+1 records out
203924 bytes (204 kB, 199 KiB) copied, 0.00282663 s, 72.1 MB/s
dd if=fn_u-boot.img of=sd.iso bs=512 seek=$((0x200000/512))
616+1 records in
616+1 records out
315639 bytes (316 kB, 308 KiB) copied, 0.00546958 s, 57.7 MB/s
#生成vpu测试程序
# dd if=ddr_dma_cpu_read_write.bin of=sd.iso bs=512 seek=$((0x1000000/512))
# dd if=kpu_ddr_test_evblp3_cpu0.bin of=sd.iso bs=512 seek=$((0x2000000/512))
# dd if=vpu_jpegenc_8k_loop_512MB.bin of=sd.iso bs=512 seek=$((0x3000000/512))                                                                         # mmc dev 0;  mmc read 0x80200000 0x8000   0x400; boot_baremetal  0 0x80200000 0x80000;
# mmc dev 0;  mmc read 0 0x10000 0x40000; boot_baremetal  0 0 0x8000000;
# mmc dev 0;  mmc read 0 0x18000 0x40000; boot_baremetal  0 0 0x8000000;
# board/canaan/common/k230_spl.c   device_disable
  OBJCOPY u-boot.srec
  SYM     u-boot.sym
===================== WARNING ======================
CONFIG_OF_EMBED is enabled. This option should only
be used for debugging purposes. Please use
CONFIG_OF_SEPARATE for boards in mainline.
See doc/develop/devicetree/control.rst for more info.
====================================================
  CFGCHK  u-boot.cfg
  OFCHK   .config
make[1]: Leaving directory '/home/ryan/S2422/k230_sdk/output/k230_canmv_defconfig/little/uboot'
/home/ryan/S2422/k230_sdk
set -e; \
/home/ryan/S2422/k230_sdk/"board/common/gen_image_script/gen_image.sh"; \
cd /home/ryan/S2422/k230_sdk;
55234 blocks
131770 blocks
awk: fatal: cannot open file `/home/ryan/S2422/k230_sdk/board/common/post_copy_rootfs/etc/version/release_version' for reading (No such file or directo
ry)
awk: fatal: cannot open file `/home/ryan/S2422/k230_sdk/board/common/post_copy_rootfs/etc/version/release_version' for reading (No such file or directo
ry)
fatal: detected dubious ownership in repository at '/home/ryan/S2422/k230_sdk'
To add an exception for this directory, call:

        git config --global --add safe.directory /home/ryan/S2422/k230_sdk
fatal: detected dubious ownership in repository at '/home/ryan/S2422/k230_sdk'
To add an exception for this directory, call:

        git config --global --add safe.directory /home/ryan/S2422/k230_sdk
fatal: detected dubious ownership in repository at '/home/ryan/S2422/k230_sdk'
To add an exception for this directory, call:
                                                                                                                                                               git config --global --add safe.directory /home/ryan/S2422/k230_sdk
fatal: detected dubious ownership in repository at '/home/ryan/S2422/k230_sdk'
To add an exception for this directory, call:
                                                                                                                                                               git config --global --add safe.directory /home/ryan/S2422/k230_sdk
build version: unkonwn-20240813-190804-root-6f91b8a3c410-unkonwn
/home/ryan/S2422/k230_sdk/output/k230_canmv_defconfig/images/little-core
Image Name:   linux
Created:      Tue Aug 13 19:08:05 2024
Image Type:   RISC-V Linux Multi-File Image (gzip compressed)
Data Size:    7301367 Bytes = 7130.24 KiB = 6.96 MiB
Load Address: 08000000
Entry Point:  08000000
Contents:
   Image 0: 7226269 Bytes = 7056.90 KiB = 6.89 MiB
   Image 1: 2 Bytes = 0.00 KiB = 0.00 MiB
   Image 2: 75075 Bytes = 73.32 KiB = 0.07 MiB
the magic is:  b'K230'
----- NO ENCRYPTION + HASH-256 -----
the encryption type:  0
mesg_hash:  b'afe2560d85f71a5c37ad0ab7cf59faf69d071f29a02ea63b9b6b6dfef8be2c3d'
mke2fs 1.45.6 (20-Mar-2020)
Creating regular file rootfs.ext4
64-bit filesystem support is not enabled.  The larger fields afforded by this feature enable full-strength checksumming.  Pass -O 64bit to rectify.
Creating filesystem with 81920 1k blocks and 20480 inodes
Filesystem UUID: a9b474a0-ce32-4101-9459-f74dd6328bf5
Superblock backups stored on blocks:
        8193, 24577, 40961, 57345, 73729

Allocating group tables: done
Writing inode tables: done
Creating journal (4096 blocks): done
Copying files into the device: done
Writing superblocks and filesystem accounting information: done

Image Name:   rtt
Created:      Tue Aug 13 19:08:08 2024
Image Type:   RISC-V RISC-V OpenSBI Multi-File Image (gzip compressed)
Data Size:    5091583 Bytes = 4972.25 KiB = 4.86 MiB
Load Address: 00200000
Entry Point:  00200000
Contents:
   Image 0: 5091575 Bytes = 4972.24 KiB = 4.86 MiB
the magic is:  b'K230'
----- NO ENCRYPTION + HASH-256 -----
the encryption type:  0
mesg_hash:  b'1c9f002d5e7433c91a40eac7f9f3e50b6a55c6b3bfb4337cfce9b090f3548dbe'
Image Name:   uboot
Created:      Tue Aug 13 19:08:08 2024
Image Type:   RISC-V U-Boot Firmware (gzip compressed)
Data Size:    314727 Bytes = 307.35 KiB = 0.30 MiB
Load Address: 08000000
Entry Point:  08000000
the magic is:  b'K230'
----- NO ENCRYPTION + HASH-256 -----
the encryption type:  0
mesg_hash:  b'd47b78333e7f4b88059c741d18c56fce0c5060d23637f13f7c1b66a3200cd566'
the magic is:  b'K230'
----- NO ENCRYPTION + HASH-256 -----
the encryption type:  0
mesg_hash:  b'fa370738a09b09021ee59b21fa6d84722507092e23c1502f9caa9a30e12a2a6b'
INFO: cmd: "mkdir -p "/home/ryan/S2422/k230_sdk/output/k230_canmv_defconfig/images/genimage.tmp"" (stderr):
INFO: cmd: "rm -rf "/home/ryan/S2422/k230_sdk/output/k230_canmv_defconfig/images/genimage.tmp"/*" (stderr):
INFO: cmd: "mkdir -p "/home/ryan/S2422/k230_sdk/output/k230_canmv_defconfig/images/genimage.tmp"" (stderr):
INFO: cmd: "cp -a "/home/ryan/S2422/k230_sdk/output/k230_canmv_defconfig/images/little-core/rootfs/" "/home/ryan/S2422/k230_sdk/output/k230_canmv_defco
nfig/images/genimage.tmp/root"" (stderr):
INFO: cmd: "find '/home/ryan/S2422/k230_sdk/output/k230_canmv_defconfig/images/genimage.tmp/root' -depth -type d -printf '%P\0' | xargs -0 -I {} touch
-r '/home/ryan/S2422/k230_sdk/output/k230_canmv_defconfig/images/little-core/rootfs//{}' '/home/ryan/S2422/k230_sdk/output/k230_canmv_defconfig/images/
genimage.tmp/root/{}'" (stderr):
INFO: cmd: "mkdir -p "/home/ryan/S2422/k230_sdk/output/k230_canmv_defconfig/images"" (stderr):
INFO: vfat(app.vfat): cmd: "dd if=/dev/zero of="/home/ryan/S2422/k230_sdk/output/k230_canmv_defconfig/images/app.vfat" seek=268435456 count=0 bs=1 2>/d
ev/null" (stderr):
INFO: vfat(app.vfat): cmd: "mkdosfs   '/home/ryan/S2422/k230_sdk/output/k230_canmv_defconfig/images/app.vfat'" (stderr):
INFO: vfat(app.vfat): adding file 'big-core/app' as 'big-core/app' ...
INFO: vfat(app.vfat): cmd: "MTOOLS_SKIP_CHECK=1 mcopy -bsp -i '/home/ryan/S2422/k230_sdk/output/k230_canmv_defconfig/images/app.vfat' '/home/ryan/S2422
/k230_sdk/output/k230_canmv_defconfig/images/big-core/app' '::'" (stderr):
INFO: hdimage(sysimage-sdcard.img): adding partition 'uboot_spl_1' from 'little-core/uboot/fn_u-boot-spl.bin' ...
INFO: hdimage(sysimage-sdcard.img): adding partition 'uboot_spl_2' from 'little-core/uboot/fn_u-boot-spl.bin' ...
INFO: hdimage(sysimage-sdcard.img): adding partition 'uboot_env' from 'little-core/uboot/env.env' ...
INFO: hdimage(sysimage-sdcard.img): adding partition 'uboot' from 'little-core/uboot/fn_ug_u-boot.bin' ...
INFO: hdimage(sysimage-sdcard.img): adding partition 'rtt' (in MBR) from 'big-core/rtt_system.bin' ...
INFO: hdimage(sysimage-sdcard.img): adding partition 'linux' (in MBR) from 'little-core/linux_system.bin' ...
INFO: hdimage(sysimage-sdcard.img): adding partition 'rootfs' (in MBR) from 'little-core/rootfs.ext4' ...
INFO: hdimage(sysimage-sdcard.img): adding partition 'fat32appfs' (in MBR) from 'app.vfat' ...
INFO: hdimage(sysimage-sdcard.img): writing GPT
INFO: hdimage(sysimage-sdcard.img): writing hybrid MBR
root@6f91b8a3c410:/home/ryan/S2422/k230_sdk# sync
root@6f91b8a3c410:/home/ryan/S2422/k230_sdk# ls -lh output/k230_canmv_defconfig/images/
total 226M
drwxr-xr-x 1 root root  112 Aug 13 19:08 big-core
lrwxrwxrwx 1 root root   22 Aug 13 19:08 k230_canmv_sdcard__nncase_v2.8.3.img.gz -> sysimage-sdcard.img.gz
drwxr-xr-x 1 root root  506 Aug 13 19:08 little-core
-rw-rw-rw- 1 root root 465M Aug 13 19:08 sysimage-sdcard.img
-rw-rw-rw- 1 root root  61M Aug 13 19:08 sysimage-sdcard.img.gz