procs -----------memory---------- ---swap-- -----io---- -system-- ------cpu-----
 r  b   swpd   free   buff  cache   si   so    bi    bo   in   cs us sy id wa st
16  0  16384 21623536 2034588 100505000    0    0    45    68    1    2  3  1 96  0  0
16  0  16384 21681456 2034588 100570816    0    0 63764     0 14136 12638 17  5 77  0  0
15  0  16384 21741228 2034596 100622416    0    0 49628    28 14411 12919 18  6 76  0  0
16  0  16384 21798368 2034596 100668688    0    0 44128  8824 14340 12884 18  5 77  0  0
17  0  16384 21998876 2034596 100708960    0    0 37744     0 13097 11055 19  4 76  0  0
16  0  16384 22069456 2034596 100746312    0    0 35624     0 15366 11995 19  6 75  0  0
16  0  16384 22207136 2034596 100776560    0    0 27788     0 16196 11834 19  5 76  0  0
16  0  16384 22300484 2034604 100804136    0    0 24556    28 16877 11938 20  5 75  0  0
16  0  16384 22367536 2034604 100827808    0    0 21524 12052 16004 12239 19  4 77  0  0
18  0  16384 22423020 2034604 100849200    0    0 19408    16 15637 11437 20  5 75  0  0
17  0  16384 22487176 2034604 100870632    0    0 19252     0 15526 12389 20  5 75  0  0
17  0  16384 22518472 2034604 100888096    0    0 15932     0 13216 10642 19  4 76  0  0
17  0  16384 22553360 2034608 100906608    0    0 15504    20 15607 11629 19  5 76  0  0
16  0  16384 22579572 2034616 100921800    0    0 13328 40996 14322 11176 19  5 76  0  0
16  0  16384 22606912 2034640 100944064    0    0 15248 11000 14855 12044 21  4 75  0  0
16  0  16384 22632316 2034640 100965376    0    0 17384     0 17263 11941 20  5 75  0  0
16  0  16384 22670308 2034640 100981328    0    0 13824     0 15616 12259 20  6 75  0  0
16  0  16384 22699824 2034640 100995232    0    0 12368     0 14420 11391 19  4 77  0  0
24  0  16384 22721304 2034640 101007568    0    0 10208     0 15698 11317 20  4 75  0  0
14  0  16384 22780196 2034644 101021840    0    0 10800    16 15587 12252 19  4 76  0  0
16  0  16384 22819944 2034644 101033544    0    0 10128     0 16815 11586 20  4 76  0  0
procs -----------memory---------- ---swap-- -----io---- -system-- ------cpu-----
 r  b   swpd   free   buff  cache   si   so    bi    bo   in   cs us sy id wa st
18  0  16384 22842760 2034644 101046688    0    0  9788     0 17220 11944 19  5 75  0  0
16  0  16384 22890608 2034644 101056656    0    0  9292     0 15393 12135 19  5 75  0  0
16  0  16384 22926580 2034644 101066176    0    0  6708  8248 16729 11644 20  5 75  0  0
16  0  16384 23008088 2034648 101074688    0    0  6444    20 13854 10837 19  5 77  0  0
16  0  16384 23048552 2034648 101083568    0    0  6640     0 15659 11124 20  4 75  0  0
16  0  16384 23093484 2034648 101092704    0    0  6568     0 15873 11659 20  4 76  0  0
18  0  16384 23133236 2034648 101100144    0    0  5948     0 16134 11896 20  5 75  0  0
22  0  16384 23170440 2034648 101109096    0    0  6348 35256 16307 11643 19  5 76  0  0
16  0  16384 23220556 2034652 101118208    0    0  6824    20 15568 11679 20  4 76  0  0
16  0  16384 23275000 2034652 101124744    0    0  4592     0 16883 11698 20  4 75  0  0
16  0  16384 23336532 2034652 101133232    0    0  6112     0 15728 11333 20  4 76  0  0
17  0  16384 23380196 2034652 101140760    0    0  4760     0 14712 10679 20  4 76  0  0
16  0  16384 23386900 2034652 101147632    0    0  5016     0 17205 11258 21  5 75  0  0
17  0  16384 23388140 2034656 101154120    0    0  4744    44 16688 11796 20  4 76  0  0
16  0  16384 23397128 2034656 101162128    0    0  5440     0 16417 11951 20  4 76  0  0
15  0  16384 23401128 2034656 101169088    0    0  4056     0 16011 11503 20  4 76  0  0
16  0  16384 23401348 2034656 101175280    0    0  4920     0 17584 11464 20  4 76  0  0
17  0  16384 23403592 2034656 101181968    0    0  4260     0 16531 12213 20  5 75  0  0
16  0  16384 23362048 2034664 101188848    0    0  3420  2116 15899 11892 20  5 75  0  0
16  0  16384 23317640 2034664 101193488    0    0  2700 38912 13808 10443 20  3 76  0  0
15  1  16384 23298296 2034684 101205008    0    0  6264  9852 15714 11049 21  4 75  0  0
procs -----------memory---------- ---swap-- -----io---- -system-- ------cpu-----
 r  b   swpd   free   buff  cache   si   so    bi    bo   in   cs us sy id wa st
22  0  16384 23292232 2034684 101214512    0    0  6828     0 16110 12246 20  4 76  0  0
17  0  16384 23280032 2034684 101224576    0    0  8964     0 16503 12028 20  4 76  0  0
16  0  16384 23279780 2034684 101235504    0    0  7892     0 17856 11730 20  5 75  0  0
23  0  16384 23280996 2034684 101245904    0    0  6768     0 16741 11634 20  4 76  0  0
16  0  16384 23354428 2034692 101168912    0    0  5772 40964 14820 11162 17  4 79  0  0
17  0  16384 23351860 2034692 101177488    0    0  5292     0 17489 11830 20  4 76  0  0
16  0  16384 23340144 2034692 101183984    0    0  5216     0 15282 11561 19  5 76  0  0
 2  0  16384 23249480 2034692 101191240    0    0  4392     0 16124 12197 19  5 77  0  0
17  0  16384 23192864 2034692 101196008    0    0  2816     0 13501 10579 20  5 75  0  0
16  0  16384 23178964 2034700 101200792    0    0  3236   124 11548 9286 16  4 79  0  0
17  0  16384 23173492 2034700 101206032    0    0  2236     0 15674 11838 20  4 76  0  0
16  0  16384 23170484 2034700 101210992    0    0  3520     0 15945 11929 20  4 76  0  0
15  0  16384 23167128 2034700 101215472    0    0  2780     0 16517 11686 20  4 76  0  0
17  0  16384 23159324 2034700 101221776    0    0  3404     0 17313 11472 20  5 75  0  0
16  0  16384 23149596 2034704 101227104    0    0  3956    20 16383 11443 19  5 76  0  0
16  0  16384 23145024 2034704 101233200    0    0  3092     0 16219 11450 20  4 76  0  0
16  0  16384 23144232 2034704 101238504    0    0  2204   220 15677 11130 20  4 76  0  0
17  0  16384 23127912 2034704 101242080    0    0  2116     0 11922 9970 18  5 77  0  0
13  0  16384 23143804 2034704 101245440    0    0  1320     0 10972 10388 15  6 78  0  0
16  0  16384 23138968 2034712 101248248    0    0  1348    24 10632 9259 14  8 78  0  0
16  0  16384 23134992 2034712 101251600    0    0  1812     0 11932 9995 16  7 77  0  0
procs -----------memory---------- ---swap-- -----io---- -system-- ------cpu-----
 r  b   swpd   free   buff  cache   si   so    bi    bo   in   cs us sy id wa st
17  0  16384 23134576 2034712 101255328    0    0  1964  8212 14089 10933 18  5 77  0  0
16  0  16384 23137448 2034712 101259216    0    0  2372     0 15268 10110 18  5 76  0  0
16  0  16384 23137592 2034712 101263696    0    0  1728     0 16729 11869 20  4 76  0  0
19  0  16384 23128152 2034712 101267784    0    0  2180    36 16157 11925 20  5 75  0  0
16  0  16384 23131856 2034712 101271552    0    0  1528     0 15657 12190 20  4 76  0  0
16  0  16384 23117228 2034716 101275816    0    0  1136 47204 12020 9708 18  6 76  0  0
16  0  16384 23074288 2034720 101278800    0    0  1436 36752 13489 9876 20  4 75  0  0
16  0  16384 23068588 2034732 101288512    0    0  6256  3864 15349 11348 20  4 76  0  0
16  0  16384 23053676 2034732 101298312    0    0  7868     0 15020 11485 20  4 76  0  0
16  0  16384 23049236 2034732 101306776    0    0  4288     0 13230 10716 17  6 77  0  0
25  0  16384 23032916 2034732 101311800    0    0  4064     0 13478 10941 18  6 76  0  0
16  0  16384 23024196 2034732 101316600    0    0  3484     0 12687 10183 15  7 78  0  0
25  0  16384 23011916 2034736 101321848    0    0  3528    16 11792 9743 15  7 78  0  0
16  0  16384 23018788 2034736 101326096    0    0  2600     0 11409 9639 15  7 78  0  0
16  0  16384 23008092 2034736 101330616    0    0  2516     0 11313 9863 15  7 78  0  0
16  0  16384 22997352 2034736 101334328    0    0  2376     0 12301 10045 16  7 77  0  0
16  0  16384 23012268 2034736 101338288    0    0  1896     0 10986 10274 15  7 78  0  0
13  0  16384 22986500 2034740 101342792    0    0  2464    16 9011 9093 12  8 80  0  0
16  0  16384 22825228 2034740 101346176    0    0  2692     0 11812 9572 16  7 77  0  0
17  0  16384 22766320 2034740 101350608    0    0  2224    16 12182 9561 19  5 76  0  0
16  0  16384 22768368 2034740 101354912    0    0  2524  8288 15726 9986 20  5 74  0  0
procs -----------memory---------- ---swap-- -----io---- -system-- ------cpu-----
 r  b   swpd   free   buff  cache   si   so    bi    bo   in   cs us sy id wa st
16  0  16384 22768448 2034740 101359640    0    0  2460     0 17277 11236 20  4 76  0  0
16  0  16384 22767016 2034744 101363792    0    0  1612    20 16784 11224 21  4 75  0  0
16  0  16384 22769612 2034744 101368432    0    0  2984     0 17209 11448 20  4 76  0  0
13  0  16384 22768492 2034744 101373104   20    0  1504     4 17803 11374 20  4 75  0  0
17  0  16384 22764568 2034744 101376976    0    0  2288 29236 17417 10883 20  4 76  0  0
16  0  16384 22760792 2034744 101381632    0    0  1624     0 16639 11530 20  5 75  0  0
16  0  16384 22757268 2034748 101385320    0    0  1320    20 16395 10868 19  5 76  0  0
17  0  16384 22753156 2034748 101388384    0    0   876     0 13768 9611 20  3 77  0  0
16  0  16384 22780852 2034748 101391488    0    0  1264     0 15268 10536 21  4 75  0  0
17  0  16384 22799852 2034748 101395104    0    0  1560     0 15444 11036 19  4 77  0  0
15  0  16384 22799416 2034748 101399296    0    0  1900     0 17367 11312 21  5 74  0  0
24  0  16384 22798152 2034756 101403160    0    0   948    16 16746 11268 21  4 76  0  0
17  0  16384 22798080 2034756 101406144    0    0  1068     0 15992 10898 20  4 76  0  0
 1  0  16384 22800656 2034756 101408088    0    0    52     0 1300 2056  1  0 98  0  0
 0  0  16384 22800972 2034756 101408088    0    0     0     0  123 1149  0  1 99  0  0
 2  0  16384 22806372 2034756 101408088    0    0     0     0  118 1087  0  0 100  0  0
 1  0  16384 22807836 2034756 101408088    0    0     0     0  119 1040  0  1 99  0  0
