procs -----------memory---------- ---swap-- -----io---- -system-- -------cpu-------
 r  b 交换 空闲 缓冲 缓存   si   so    bi    bo   in   cs us sy id wa st gu
 2  0   2304 658684 5625060 24479468    0    0  2074   112 2948    3  1  0 99  0  0  0
 2  0   2304 658232 5625060 24479468    0    0     0     0 17335 15315  2  3 95  0  0  0
 4  0   2304 657756 5625060 24479500    0    0     0     0 17594 15245  3  3 94  0  0  0
 1  0   2304 657500 5625060 24479500    0    0     0     0 14471 12177  1  2 97  0  0  0
 0  0   2304 657244 5625060 24479500    0    0     0     0 12105 10986  1  2 97  0  0  0
 1  0   2304 657756 5625064 24479500    0    0     0    32 12736 10700  1  2 96  0  0  0
 1  0   2304 657756 5625072 24479500    0    0     0   204 16496 13878  2  2 96  0  0  0
 1  0   2304 657500 5625072 24479500    0    0     0   112 16615 13236  1  3 96  0  0  0
 0  0   2304 657256 5625072 24479500    0    0     0     0 16912 14508  2  3 96  0  0  0
 0  0   2304 657232 5625072 24479500    0    0     0     0 13567 11661  1  2 97  0  0  0
 0  0   2304 656876 5625072 24479504    0    0     0     0 17624 14848  2  3 95  0  0  0
 0  0   2304 656876 5625088 24479504    0    0     0    52 17522 14668  2  2 96  0  0  0
 1  0   2304 656540 5625088 24479504    0    0     0   164 17774 14747  1  3 96  0  0  0
 0  0   2304 656796 5625088 24479504    0    0     0   116 17447 14058  2  3 96  0  0  0
 0  0   2304 658764 5625088 24479504    0    0     0     0 17958 14672  2  3 96  0  0  0
 2  0   2304 659020 5625088 24479508    0    0     0     0 17875 14156  2  3 96  0  0  0
 1  0   2304 658764 5625096 24479508    0    0     0    40 18030 15206  2  3 95  0  0  0
 2  0   2304 658772 5625104 24479516    0    0     0   208 17830 14159  1  3 96  0  0  0
 1  0   2304 658772 5625104 24479508    0    0     0     4 17658 15040  1  2 96  0  0  0
 0  0   2304 658516 5625104 24479508    0    0     0   116 17608 13915  1  3 96  0  0  0
 1  0   2304 658772 5625104 24479516    0    0     0     0 14131 11767  1  2 97  0  0  0
procs -----------memory---------- ---swap-- -----io---- -system-- -------cpu-------
 r  b 交换 空闲 缓冲 缓存   si   so    bi    bo   in   cs us sy id wa st gu
 2  0   2304 658516 5625104 24479508    0    0     0     0 12535 10693  1  2 97  0  0  0
 0  0   2304 658524 5625112 24479508    0    0     0    32 12996 10372  1  2 96  0  0  0
 0  0   2304 658524 5625120 24479508    0    0     0    12 16233 12891  1  2 97  0  0  0
 0  0   2304 658524 5625120 24479516    0    0     0     4 16692 13642  1  2 97  0  0  0
 0  0   2304 658268 5625120 24479516    0    0     0   112 16644 13209  1  2 97  0  0  0
 1  0   2304 658524 5625120 24479508    0    0     0     0 12777 11160  1  2 97  0  0  0
 2  0   2304 658524 5625120 24479516    0    0     0     0 16387 13371  1  2 97  0  0  0
 0  0   2304 658268 5625120 24479516    0    0     0     0 17735 15045  2  2 96  0  0  0
 0  0   2304 658524 5625128 24479508    0    0     0    12 17396 14174  1  2 97  0  0  0
 0  0   2304 658524 5625136 24479508    0    0     0    20 17499 14596  2  2 96  0  0  0
 1  0   2304 658524 5625136 24479508    0    0     0    96 17475 14560  1  2 97  0  0  0
 0  0   2304 657756 5625136 24479516    0    0     0     0 17424 14290  1  2 97  0  0  0
 0  0   2304 658524 5625136 24479508    0    0     0     0 17527 14222  2  2 96  0  0  0
 0  0   2304 658268 5625136 24479508    0    0     0     0 17816 14956  1  2 97  0  0  0
 0  0   2304 658524 5625144 24479516    0    0     0    12 17537 14146  1  2 97  0  0  0
 0  0   2304 658524 5625152 24479508    0    0     0    20 14850 12236  1  2 97  0  0  0
 0  0   2304 658524 5625152 24479508    0    0     0   100 12539 9781  1  2 97  0  0  0
 1  0   2304 658272 5625152 24479516    0    0     0     0 12828 11240  1  2 97  0  0  0
 0  0   2304 657764 5625152 24479508    0    0     0     0 17347 14500  2  2 96  0  0  0
 1  0   2304 657516 5625152 24479508    0    0     0     0 17133 14240  2  2 96  0  0  0
 1  0   2304 657260 5625160 24479516    0    0     0    12 16899 14323  2  2 96  0  0  0
procs -----------memory---------- ---swap-- -----io---- -system-- -------cpu-------
 r  b 交换 空闲 缓冲 缓存   si   so    bi    bo   in   cs us sy id wa st gu
 2  0   2304 657260 5625168 24479536    0    0     0    24 12408 10727  1  2 97  0  0  0
 1  0   2304 657004 5625168 24479536    0    0     0    64 17205 13639  1  2 97  0  0  0
 0  0   2304 657516 5625168 24479536    0    0     0     0 17225 14160  1  2 97  0  0  0
 0  0   2304 657516 5625168 24479520    0    0     0     0 17156 13690  2  3 96  0  0  0
 0  0   2304 657516 5625168 24479520    0    0     0     0 17381 14280  2  2 96  0  0  0
 0  0   2304 657264 5625184 24479508    0    0     0   208 17715 14319  1  3 96  0  0  0
 0  0   2304 657008 5625184 24479520    0    0     0     8 17973 15312  2  3 95  0  0  0
 0  0   2304 657264 5625184 24479520    0    0     0   108 17843 14400  1  3 96  0  0  0
 0  0   2304 657008 5625184 24479528    0    0     0     0 18075 15173  2  3 96  0  0  0
 1  0   2304 657264 5625184 24479520    0    0     0     0 17683 14863  1  3 96  0  0  0
 0  0   2304 656496 5625184 24479520    0    0     0     0 17796 14530  2  3 96  0  0  0
 2  0   2304 657264 5625200 24479528    0    0     0    52 16918 13497  1  3 96  0  0  0
 0  0   2304 657264 5625200 24479524    0    0     0   176 12697 10494  1  2 97  0  0  0
 1  0   2304 657008 5625200 24479524    0    0     0   140 12247 9701  1  2 97  0  0  0
 0  0   2304 657264 5625200 24479532    0    0     0     0 14768 12143  1  3 96  0  0  0
 0  0   2304 657008 5625200 24479524    0    0     0     0 16993 13399  1  3 96  0  0  0
 2  0   2304 657264 5625200 24479524    0    0     0     0 16813 14179  2  2 96  0  0  0
 2  0   2304 657008 5625208 24479532    0    0     0    12 16844 13379  2  3 96  0  0  0
 1  0   2304 657264 5625212 24479532    0    0     0    32 12903 11288  1  2 97  0  0  0
 0  0   2304 657264 5625212 24479532    0    0     0    68 17240 14572  2  3 96  0  0  0
 0  0   2304 657008 5625212 24479532    0    0     0     0 17720 14556  2  3 96  0  0  0
procs -----------memory---------- ---swap-- -----io---- -system-- -------cpu-------
 r  b 交换 空闲 缓冲 缓存   si   so    bi    bo   in   cs us sy id wa st gu
 1  0   2304 657264 5625212 24479532    0    0     0     0 17403 13659  1  2 96  0  0  0
 0  0   2304 656764 5625212 24479532    0    0     0     0 17428 14428  2  2 96  0  0  0
 0  0   2304 656764 5625220 24479532    0    0     0    12 16962 13778  1  3 96  0  0  0
 2  0   2304 656764 5625224 24479532    0    0     0   120 17166 13999  2  3 95  0  0  0
 1  0   2304 656764 5625224 24479532    0    0     0     0 16940 13544  1  3 96  0  0  0
 1  0   2304 652188 5625224 24479532    0    0     0     0 17786 15145  1  3 95  0  0  0
 0  0   2304 652864 5625224 24479532    0    0     0     0 18008 14923  1  3 96  0  0  0
 0  0   2304 652608 5625224 24479532    0    0     0     0 13588 11192  2  2 96  0  0  0
 1  0   2304 652352 5625240 24479532    0    0     0    44 12461 10719  1  2 97  0  0  0
 0  0   2304 652608 5625240 24479532    0    0     0   300 13513 11054  1  2 96  0  0  0
 0  0   2304 652616 5625240 24479540    0    0     0     0 17006 13606  2  3 96  0  0  0
 0  0   2304 652616 5625240 24479532    0    0     0     0 17029 13963  1  3 96  0  0  0
 0  0   2304 652360 5625240 24479532    0    0     0     0 16868 13438  2  3 96  0  0  0
 0  0   2304 652616 5625240 24479540    0    0     0     0 13054 11613  2  2 96  0  0  0
 1  0   2304 652360 5625244 24479532    0    0     0   268 17591 13963  2  2 96  0  0  0
 2  0   2304 652616 5625244 24479532    0    0     0    32 17957 15249  2  2 96  0  0  0
 2  0   2304 652360 5625244 24479540    0    0     0     0 17397 13978  2  3 96  0  0  0
 0  0   2304 652616 5625244 24479532    0    0     0     0 17800 14815  2  3 96  0  0  0
 2  0   2304 652616 5625244 24479532    0    0     0     0 17705 14857  2  3 95  0  0  0
 2  0   2304 652616 5625244 24479532    0    0     0     0 18135 15689  2  3 95  0  0  0
