$ time sysbench --config-file=sysbench.conf oltp_point_select --tables=32 --table-size=1000000 --db-ps-mode=auto --rand-type=uniform ru
n
sysbench 1.0.20 (using system LuaJIT 2.1.1700206165)

Running the test with following options:
Number of threads: 32
Report intermediate results every 10 second(s)
Initializing random number generator from current time


Initializing worker threads...

Threads started!

[ 10s ] thds: 32 tps: 14436.13 qps: 14436.13 (r/w/o: 14436.13/0.00/0.00) lat (ms,95%): 5.88 err/s: 0.00 reconn/s: 0.00
[ 20s ] thds: 32 tps: 15596.44 qps: 15596.44 (r/w/o: 15596.44/0.00/0.00) lat (ms,95%): 5.28 err/s: 0.00 reconn/s: 0.00
[ 30s ] thds: 32 tps: 15018.31 qps: 15018.31 (r/w/o: 15018.31/0.00/0.00) lat (ms,95%): 5.28 err/s: 0.00 reconn/s: 0.00
[ 40s ] thds: 32 tps: 15410.01 qps: 15410.01 (r/w/o: 15410.01/0.00/0.00) lat (ms,95%): 5.18 err/s: 0.00 reconn/s: 0.00
[ 50s ] thds: 32 tps: 10046.73 qps: 10046.73 (r/w/o: 10046.73/0.00/0.00) lat (ms,95%): 9.39 err/s: 0.00 reconn/s: 0.00
[ 60s ] thds: 32 tps: 7041.33 qps: 7041.33 (r/w/o: 7041.33/0.00/0.00) lat (ms,95%): 14.46 err/s: 0.00 reconn/s: 0.00
[ 70s ] thds: 32 tps: 14698.83 qps: 14698.83 (r/w/o: 14698.83/0.00/0.00) lat (ms,95%): 5.67 err/s: 0.00 reconn/s: 0.00
[ 80s ] thds: 32 tps: 15360.02 qps: 15360.02 (r/w/o: 15360.02/0.00/0.00) lat (ms,95%): 5.37 err/s: 0.00 reconn/s: 0.00
[ 90s ] thds: 32 tps: 15812.97 qps: 15812.97 (r/w/o: 15812.97/0.00/0.00) lat (ms,95%): 4.91 err/s: 0.00 reconn/s: 0.00
[ 100s ] thds: 32 tps: 15847.29 qps: 15847.29 (r/w/o: 15847.29/0.00/0.00) lat (ms,95%): 5.00 err/s: 0.00 reconn/s: 0.00
[ 110s ] thds: 32 tps: 15489.98 qps: 15489.98 (r/w/o: 15489.98/0.00/0.00) lat (ms,95%): 5.67 err/s: 0.00 reconn/s: 0.00                        [0/1703]
[ 120s ] thds: 32 tps: 15863.10 qps: 15863.10 (r/w/o: 15863.10/0.00/0.00) lat (ms,95%): 5.09 err/s: 0.00 reconn/s: 0.00
[ 130s ] thds: 32 tps: 15364.14 qps: 15364.14 (r/w/o: 15364.14/0.00/0.00) lat (ms,95%): 5.88 err/s: 0.00 reconn/s: 0.00
[ 140s ] thds: 32 tps: 15929.26 qps: 15929.26 (r/w/o: 15929.26/0.00/0.00) lat (ms,95%): 5.28 err/s: 0.00 reconn/s: 0.00
[ 150s ] thds: 32 tps: 15808.11 qps: 15808.11 (r/w/o: 15808.11/0.00/0.00) lat (ms,95%): 5.09 err/s: 0.00 reconn/s: 0.00
[ 160s ] thds: 32 tps: 15622.56 qps: 15622.56 (r/w/o: 15622.56/0.00/0.00) lat (ms,95%): 5.28 err/s: 0.00 reconn/s: 0.00
[ 170s ] thds: 32 tps: 15937.57 qps: 15937.57 (r/w/o: 15937.57/0.00/0.00) lat (ms,95%): 5.00 err/s: 0.00 reconn/s: 0.00
[ 180s ] thds: 32 tps: 15310.35 qps: 15310.35 (r/w/o: 15310.35/0.00/0.00) lat (ms,95%): 5.00 err/s: 0.00 reconn/s: 0.00
[ 190s ] thds: 32 tps: 15071.11 qps: 15071.11 (r/w/o: 15071.11/0.00/0.00) lat (ms,95%): 5.18 err/s: 0.00 reconn/s: 0.00
[ 200s ] thds: 32 tps: 13246.64 qps: 13246.64 (r/w/o: 13246.64/0.00/0.00) lat (ms,95%): 6.55 err/s: 0.00 reconn/s: 0.00
[ 210s ] thds: 32 tps: 14839.91 qps: 14839.91 (r/w/o: 14839.91/0.00/0.00) lat (ms,95%): 5.47 err/s: 0.00 reconn/s: 0.00
[ 220s ] thds: 32 tps: 15922.31 qps: 15922.31 (r/w/o: 15922.31/0.00/0.00) lat (ms,95%): 5.09 err/s: 0.00 reconn/s: 0.00
[ 230s ] thds: 32 tps: 15470.14 qps: 15470.14 (r/w/o: 15470.14/0.00/0.00) lat (ms,95%): 5.18 err/s: 0.00 reconn/s: 0.00
[ 240s ] thds: 32 tps: 15880.27 qps: 15880.27 (r/w/o: 15880.27/0.00/0.00) lat (ms,95%): 5.09 err/s: 0.00 reconn/s: 0.00
[ 250s ] thds: 32 tps: 15906.40 qps: 15906.40 (r/w/o: 15906.40/0.00/0.00) lat (ms,95%): 4.91 err/s: 0.00 reconn/s: 0.00
[ 260s ] thds: 32 tps: 15905.47 qps: 15905.47 (r/w/o: 15905.47/0.00/0.00) lat (ms,95%): 5.00 err/s: 0.00 reconn/s: 0.00
[ 270s ] thds: 32 tps: 15789.74 qps: 15789.74 (r/w/o: 15789.74/0.00/0.00) lat (ms,95%): 5.18 err/s: 0.00 reconn/s: 0.00
[ 280s ] thds: 32 tps: 15888.94 qps: 15888.94 (r/w/o: 15888.94/0.00/0.00) lat (ms,95%): 5.18 err/s: 0.00 reconn/s: 0.00
[ 290s ] thds: 32 tps: 15871.08 qps: 15871.08 (r/w/o: 15871.08/0.00/0.00) lat (ms,95%): 5.18 err/s: 0.00 reconn/s: 0.00
[ 300s ] thds: 32 tps: 15841.52 qps: 15841.52 (r/w/o: 15841.52/0.00/0.00) lat (ms,95%): 5.18 err/s: 0.00 reconn/s: 0.00
[ 310s ] thds: 32 tps: 15616.00 qps: 15616.00 (r/w/o: 15616.00/0.00/0.00) lat (ms,95%): 5.09 err/s: 0.00 reconn/s: 0.00
[ 320s ] thds: 32 tps: 15774.58 qps: 15774.58 (r/w/o: 15774.58/0.00/0.00) lat (ms,95%): 5.00 err/s: 0.00 reconn/s: 0.00
[ 330s ] thds: 32 tps: 13712.64 qps: 13712.64 (r/w/o: 13712.64/0.00/0.00) lat (ms,95%): 6.09 err/s: 0.00 reconn/s: 0.00
[ 340s ] thds: 32 tps: 14123.84 qps: 14123.84 (r/w/o: 14123.84/0.00/0.00) lat (ms,95%): 6.09 err/s: 0.00 reconn/s: 0.00
[ 350s ] thds: 32 tps: 15599.72 qps: 15599.72 (r/w/o: 15599.72/0.00/0.00) lat (ms,95%): 5.09 err/s: 0.00 reconn/s: 0.00
[ 360s ] thds: 32 tps: 15959.53 qps: 15959.53 (r/w/o: 15959.53/0.00/0.00) lat (ms,95%): 5.09 err/s: 0.00 reconn/s: 0.00
[ 370s ] thds: 32 tps: 16090.44 qps: 16090.44 (r/w/o: 16090.44/0.00/0.00) lat (ms,95%): 4.91 err/s: 0.00 reconn/s: 0.00
[ 380s ] thds: 32 tps: 15908.06 qps: 15908.06 (r/w/o: 15908.06/0.00/0.00) lat (ms,95%): 5.09 err/s: 0.00 reconn/s: 0.00
[ 390s ] thds: 32 tps: 15874.96 qps: 15874.96 (r/w/o: 15874.96/0.00/0.00) lat (ms,95%): 5.09 err/s: 0.00 reconn/s: 0.00
[ 400s ] thds: 32 tps: 15356.66 qps: 15356.66 (r/w/o: 15356.66/0.00/0.00) lat (ms,95%): 5.88 err/s: 0.00 reconn/s: 0.00
[ 410s ] thds: 32 tps: 15986.21 qps: 15986.21 (r/w/o: 15986.21/0.00/0.00) lat (ms,95%): 5.09 err/s: 0.00 reconn/s: 0.00
[ 420s ] thds: 32 tps: 15812.95 qps: 15812.95 (r/w/o: 15812.95/0.00/0.00) lat (ms,95%): 5.09 err/s: 0.00 reconn/s: 0.00
[ 430s ] thds: 32 tps: 15980.48 qps: 15980.48 (r/w/o: 15980.48/0.00/0.00) lat (ms,95%): 5.99 err/s: 0.00 reconn/s: 0.00
[ 440s ] thds: 32 tps: 15980.42 qps: 15980.42 (r/w/o: 15980.42/0.00/0.00) lat (ms,95%): 5.09 err/s: 0.00 reconn/s: 0.00
[ 450s ] thds: 32 tps: 15653.72 qps: 15653.72 (r/w/o: 15653.72/0.00/0.00) lat (ms,95%): 5.18 err/s: 0.00 reconn/s: 0.00
[ 460s ] thds: 32 tps: 15647.58 qps: 15647.58 (r/w/o: 15647.58/0.00/0.00) lat (ms,95%): 5.18 err/s: 0.00 reconn/s: 0.00
[ 470s ] thds: 32 tps: 15637.11 qps: 15637.11 (r/w/o: 15637.11/0.00/0.00) lat (ms,95%): 5.09 err/s: 0.00 reconn/s: 0.00
[ 480s ] thds: 32 tps: 15514.89 qps: 15514.89 (r/w/o: 15514.89/0.00/0.00) lat (ms,95%): 5.18 err/s: 0.00 reconn/s: 0.00
[ 490s ] thds: 32 tps: 14854.97 qps: 14854.97 (r/w/o: 14854.97/0.00/0.00) lat (ms,95%): 6.43 err/s: 0.00 reconn/s: 0.00
[ 500s ] thds: 32 tps: 14799.51 qps: 14799.51 (r/w/o: 14799.51/0.00/0.00) lat (ms,95%): 5.99 err/s: 0.00 reconn/s: 0.00
[ 510s ] thds: 32 tps: 12902.84 qps: 12902.84 (r/w/o: 12902.84/0.00/0.00) lat (ms,95%): 6.79 err/s: 0.00 reconn/s: 0.00
[ 520s ] thds: 32 tps: 15425.82 qps: 15425.82 (r/w/o: 15425.82/0.00/0.00) lat (ms,95%): 5.28 err/s: 0.00 reconn/s: 0.00
[ 530s ] thds: 32 tps: 15468.00 qps: 15468.00 (r/w/o: 15468.00/0.00/0.00) lat (ms,95%): 5.18 err/s: 0.00 reconn/s: 0.00
[ 540s ] thds: 32 tps: 15783.20 qps: 15783.20 (r/w/o: 15783.20/0.00/0.00) lat (ms,95%): 5.09 err/s: 0.00 reconn/s: 0.00
[ 550s ] thds: 32 tps: 15797.96 qps: 15797.96 (r/w/o: 15797.96/0.00/0.00) lat (ms,95%): 5.18 err/s: 0.00 reconn/s: 0.00
[ 560s ] thds: 32 tps: 16124.54 qps: 16124.54 (r/w/o: 16124.54/0.00/0.00) lat (ms,95%): 5.00 err/s: 0.00 reconn/s: 0.00
[ 570s ] thds: 32 tps: 15623.74 qps: 15623.74 (r/w/o: 15623.74/0.00/0.00) lat (ms,95%): 5.28 err/s: 0.00 reconn/s: 0.00
[ 580s ] thds: 32 tps: 15715.55 qps: 15715.55 (r/w/o: 15715.55/0.00/0.00) lat (ms,95%): 5.18 err/s: 0.00 reconn/s: 0.00
[ 590s ] thds: 32 tps: 15675.73 qps: 15675.73 (r/w/o: 15675.73/0.00/0.00) lat (ms,95%): 5.09 err/s: 0.00 reconn/s: 0.00
[ 600s ] thds: 32 tps: 15932.37 qps: 15932.37 (r/w/o: 15932.37/0.00/0.00) lat (ms,95%): 5.18 err/s: 0.00 reconn/s: 0.00
SQL statistics:
    queries performed:
        read:                            9145686
        write:                           0
        other:                           0
        total:                           9145686
    transactions:                        9145686 (15242.59 per sec.)
    queries:                             9145686 (15242.59 per sec.)
    ignored errors:                      0      (0.00 per sec.)
    reconnects:                          0      (0.00 per sec.)

General statistics:
    total time:                          600.0071s
    total number of events:              9145686

Latency (ms):
         min:                                    0.63
         avg:                                    2.10
         max:                                  303.59
         95th percentile:                        5.37
         sum:                             19192148.64

Threads fairness:
    events (avg/stddev):           285802.6875/751.24
    execution time (avg/stddev):   599.7546/0.01


real    10m0.113s
user    2m12.402s
sys     3m47.373s
