procs -----------memory---------- ---swap-- -----io---- -system-- ------cpu-----
 r  b   swpd   free   buff  cache   si   so    bi    bo   in   cs us sy id wa st
17  0    512 18798508 2385032 100145776    0    0    67    99    0    4  3  1 96  0  0
16  0    512 18799796 2385032 100146328    0    0   688     8 15772 2608 23  3 74  0  0
17  0    512 18678136 2385032 100147008    0    0   892   132 15781 3198 23  4 74  0  0
16  0    512 18092476 2385032 100147936    0    0   524    64 16314 2850 21  6 73  0  0
17  0    512 17683488 2385032 100148128    0    0   496     8 10751 2303 23  4 73  0  0
16  0    512 17373860 2385032 100148576    0    0   288  1492 9674 2385 22  4 74  0  0
17  0    512 17369104 2385036 100149152    0    0   728   152 15202 3915 23  3 74  0  0
21  0    512 17364636 2385036 100149696    0    0   272     0 15692 3541 23  3 74  0  0
16  0    512 17373644 2385036 100149976    0    0   208     4 13812 4388 23  3 74  0  0
16  0    512 17373348 2385036 100150144    0    0   196     8 13246 5477 23  2 75  0  0
16  0    512 17372296 2385036 100150296    0    0   132  1820 16248 2855 23  4 72  0  0
20  0    512 17373156 2385036 100150560    0    0   140   196 15440 2341 24  2 74  0  0
16  0    512 17373956 2385036 100150816    0    0   496     4 16822 2319 23  3 74  0  0
16  0    512 17374340 2385036 100151320    0    0   356     4 15801 2796 23  3 74  0  0
17  0    512 17367812 2385036 100151584    0    0   196     8 15053 2782 23  3 74  0  0
18  0    512 17374756 2385036 100151808    0    0   364  1296 16410 2816 23  4 73  0  0
16  0    512 17376100 2385040 100152176    0    0   260   160 15840 2889 23  3 73  0  0
16  0    512 17381360 2385040 100152352    0    0   316    20 17002 2691 23  3 73  0  0
19  0    512 17381344 2385040 100152624    0    0   140     8 10697 1710 24  2 74  0  0
18  0    512 17247124 2385040 100152832    0    0    76     4 10992 2549 22  3 76  0  0
16  0    512 17249176 2385040 100153040    0    0   320  1856 14742 4095 23  3 74  0  0
procs -----------memory---------- ---swap-- -----io---- -system-- ------cpu-----
 r  b   swpd   free   buff  cache   si   so    bi    bo   in   cs us sy id wa st
17  1    512 17247296 2385040 100153184    0    0     8    24 15787 3634 24  4 73  0  0
14  0    512 17245876 2385044 100153432    0    0   276    24 13386 4661 23  3 74  0  0
19  0    512 17241920 2385044 100153632    0    0   204     4 14465 5153 23  3 74  0  0
16  0    512 17248804 2385048 100153920    0    0   252   100 16220 2429 23  3 74  0  0
16  0    512 17248588 2385048 100153952    0    0   136  1552 16179 2751 23  3 74  0  0
17  0    512 17245004 2385048 100154352    0    0   256     4 16503 2512 23  3 73  0  0
19  0    512 17240468 2385048 100154448    0    0   148    60 15493 2981 23  4 73  0  0
17  0    512 17237132 2385048 100154592    0    0    88     8 15764 2638 23  3 74  0  0
16  0    512 17238060 2385048 100154736    0    0    56    72 15400 2490 23  3 74  0  0
18  0    512 17230732 2385052 100155152    0    0   284   536 17279 2706 23  4 74  0  0
16  0    512 17243180 2385052 100155168    0    0   244   924 17125 2283 23  3 74  0  0
18  0    512 17244092 2385052 100155424    0    0     4    24 10873 2156 24  3 73  0  0
17  0    512 17088052 2385060 100155552    0    0   140    24 12488 2497 23  3 74  0  0
16  0    512 17086284 2385060 100155824    0    0   104   112 15804 4386 23  3 74  0  0
16  0    512 17082632 2385060 100155824    0    0   128     4 15472 3328 23  3 73  0  0
18  0    512 17083492 2385060 100155968    0    0   176  2016 12095 4195 23  2 74  0  0
18  0    512 17084196 2385060 100156144    0    0     0     4 16451 5507 23  3 74  0  0
17  0    512 17082124 2385060 100156160    0    0    16   108 15657 2546 23  4 73  0  0
17  0    512 17075800 2385064 100156192    0    0    64    20 16153 3704 23  3 74  0  0
17  0    512 17080940 2385064 100156256    0    0   120     8 15403 3057 23  3 74  0  0
16  0    512 17085464 2385064 100156480    0    0   236  1640 17419 2728 23  3 74  0  0
procs -----------memory---------- ---swap-- -----io---- -system-- ------cpu-----
 r  b   swpd   free   buff  cache   si   so    bi    bo   in   cs us sy id wa st
17  0    512 17081564 2385064 100156624    0    0   132     4 17353 2642 23  4 73  0  0
18  0    512 17080588 2385064 100156872    0    0   104    32 16433 2426 23  3 74  0  0
17  0    512 17079712 2385064 100156888    0    0     0     8 17835 2626 24  4 73  0  0
16  0    512 17085128 2385064 100157016    0    0     0    24 16596 2832 23  3 74  0  0
17  0    512 17076680 2385064 100157040    0    0    20  1416 11496 1930 24  3 74  0  0
16  0    512 16868976 2385064 100157168    0    0   184     8 10458 2521 23  3 74  0  0
16  0    512 16863760 2385064 100157248    0    0   128    16 14817 3537 23  3 75  0  0
16  0    512 16853724 2385064 100157408    0    0    36    16 15614 4004 23  4 72  0  0
18  0    512 16854996 2385064 100157432    0    0     4     4 15072 4732 23  3 74  0  0
16  0    512 16853800 2385072 100157424    0    0     8  1520 12583 5266 24  3 74  0  0
16  0    512 16854152 2385072 100157456    0    0    20     4 16662 2652 23  3 74  0  0
16  0    512 16853240 2385072 100157520    0    0   156     8 16657 2379 23  3 74  0  0
18  0    512 16855172 2385072 100157632    0    0     0     8 17416 2429 23  4 74  0  0
17  0    512 16852596 2385072 100157664    0    0    84     4 15919 2499 23  4 73  0  0
16  0    512 16857580 2385072 100157864    0    0   232   236 15258 2711 23  3 74  0  0
17  0    512 16856728 2385076 100158000    0    0    64  1604 17274 2300 23  3 74  0  0
16  0    512 16853272 2385076 100158224    0    0   212     8 16005 2068 23  3 74  0  0
17  0    512 16851176 2385076 100158392    0    0     0   100 16616 2873 23  3 74  0  0
19  0    512 16851520 2385076 100158528    0    0   128     4 13155 2634 24  4 73  0  0
18  0    512 16848444 2385076 100158528    0    0   104    36 9682 2167 24  2 74  0  0
19  0    512 16710124 2385076 100158640    0    0   132  1832 13439 3129 23  3 74  0  0
procs -----------memory---------- ---swap-- -----io---- -system-- ------cpu-----
 r  b   swpd   free   buff  cache   si   so    bi    bo   in   cs us sy id wa st
17  0    512 16714288 2385080 100158784    0    0     0    12 15938 3327 23  3 74  0  0
19  0    512 16713244 2385080 100158840    0    0    52    88 15577 3889 23  3 74  0  0
16  0    512 16709352 2385080 100158848    0    0   120    12 11248 5089 24  3 74  0  0
16  0    512 16710652 2385080 100159008    0    0    20     4 14907 4512 23  4 73  0  0
20  0    512 16708404 2385080 100159008    0    0     0  1612 16015 2559 23  3 73  0  0
17  0    512 16709928 2385080 100159016    0    0     0    96 14709 3660 22  4 75  0  0
16  0    512 16708536 2385084 100159024    0    0    44    40 15688 3836 23  3 74  0  0
23  0    512 16709092 2385084 100159184    0    0   104    20 15494 3212 23  3 74  0  0
18  0    512 16707792 2385084 100159184    0    0     0     4 14961 2533 21  3 75  0  0
16  0    512 16711812 2385084 100159344    0    0    20  1576 16137 2915 23  4 73  0  0
16  0    512 16710740 2385084 100159352    0    0   108   104 16107 2990 23  3 74  0  0
16  0    512 16708244 2385084 100159472    0    0     0     8 17464 2824 23  4 73  0  0
16  0    512 16709060 2385092 100159488    0    0   136    60 11652 2139 23  2 74  0  0
18  0    512 16709436 2385092 100159624    0    0     0     4 10488 1504 24  2 74  0  0
16  0    512 16710252 2385092 100159632    0    0     0  1592 15002 4293 22  4 74  0  0
17  0    512 16701396 2385092 100159768    0    0   128    32 14867 3458 22  3 75  0  0
16  0    512 16703992 2385092 100159776    0    0     0    20 14528 4471 23  3 74  0  0
17  0    512 16712216 2385092 100159776    0    0     8     4 12778 5347 23  3 74  0  0
18  0    512 16713936 2385100 100159808    0    0    20   132 15533 3974 23  3 74  0  0
18  0    512 16713280 2385100 100159824    0    0     0     8 16342 2521 23  3 74  0  0
16  0    512 16711276 2385100 100160008    0    0   176  1488 16484 2190 23  5 73  0  0
procs -----------memory---------- ---swap-- -----io---- -system-- ------cpu-----
 r  b   swpd   free   buff  cache   si   so    bi    bo   in   cs us sy id wa st
17  0    512 16710092 2385100 100160080    0    0    76     4 15677 2534 23  3 74  0  0
17  0    512 16710200 2385100 100160304    0    0    76     4 16716 2372 23  4 74  0  0
17  0    512 16708356 2385108 100160304    0    0     0   360 16151 2867 23  3 74  0  0
18  0    512 16699496 2385108 100160320    0    0   104     8 16457 2557 23  3 74  0  0
17  0    512 16703016 2385108 100160464    0    0    44  1420 17409 2559 23  4 73  0  0
18  0    512 16699692 2385108 100160480    0    0   104     4 16457 2697 23  3 74  0  0
17  0    512 16695504 2385108 100160592    0    0     0     4 10412 1726 24  3 74  0  0
16  0    512 16553208 2385108 100160600    0    0     0   116 9834 2499 23  3 74  0  0
16  0    512 16535944 2385108 100160688    0    0    80    28 12661 3632 20  6 74  0  0
16  0    512 16533560 2385108 100160688    0    0     0  1588 11953 3062 20  5 75  0  0
17  0    512 16520048 2385108 100160704    0    0    68     4 12547 3897 21  7 73  0  0
10  0    512 16525272 2385108 100160784    0    0   128    88 9312 3736 22  3 75  0  0
16  0    512 16524388 2385108 100161088    0    0   128    28 13165 4839 20  5 74  0  0
16  0    512 16517768 2385112 100161120    0    0    20    76 13968 2549 21  5 73  0  0
16  0    512 16518636 2385112 100161120    0    0     0  1296 15213 2534 23  3 74  0  0
17  0    512 16517784 2385112 100161136    0    0     0     4 16360 2509 23  4 73  0  0
17  0    512 16522884 2385112 100161392    0    0   128    68 16475 2641 23  3 74  0  0
16  0    512 16525372 2385112 100161400    0    0   104    68 16521 2774 23  4 73  0  0
16  0    512 16525472 2385120 100161568    0    0    56    52 16028 2603 23  3 74  0  0
17  0    512 16522880 2385120 100161584    0    0     0  1500 15600 2380 23  3 74  0  0
16  0    512 16527340 2385120 100161584    0    0   108     8 17356 2771 23  4 73  0  0
procs -----------memory---------- ---swap-- -----io---- -system-- ------cpu-----
 r  b   swpd   free   buff  cache   si   so    bi    bo   in   cs us sy id wa st
19  0    512 16528468 2385120 100161696    0    0     0   160 14428 2542 23  4 73  0  0
16  0    512 16522560 2385120 100161688    0    0    20     4 9409 2305 23  4 74  0  0
17  0    512 16510256 2385120 100161712    0    0     0    28 10900 2554 23  2 75  0  0
16  0    512 16505632 2385120 100161728    0    0     0  1556 15797 3554 23  3 74  0  0
17  0    512 16510076 2385120 100161752    0    0    20   124 15449 3758 23  4 74  0  0
19  0    512 16499924 2385120 100161752    0    0     0    16 14466 4528 22  3 74  0  0
16  0    512 16503880 2385120 100161776    0    0     0     8 10569 5390 23  4 73  0  0
20  0    512 16503140 2385120 100161904    0    0     0     4 14889 3168 23  4 74  0  0
16  0    512 16489444 2385120 100161968    0    0    52  1532 13262 2196 21  6 74  0  0
16  0    512 16487692 2385120 100161984    0    0    44   160 13630 2976 20  7 73  0  0
16  0    512 16479592 2385120 100162040    0    0     0     8 13657 2528 21  5 74  0  0
17  0    512 16478076 2385120 100162048    0    0     0     4 16726 2875 23  4 73  0  0
19  0    512 16471448 2385120 100162048    0    0     0   100 16227 2814 23  4 73  0  0
16  0    512 16479104 2385128 100162056    0    0     0  1748 16356 2412 23  3 74  0  0
16  0    512 16480552 2385128 100162064    0    0     0     8 16430 2729 23  3 74  0  0
16  0    512 16478048 2385128 100162104    0    0   108     8 17577 2424 23  4 73  0  0
17  0    512 16477692 2385128 100162224    0    0     0   132 11901 2445 22  4 75  0  0
17  0    512 16475600 2385128 100162224    0    0     0   156 10064 1922 24  4 72  0  0
17  0    512 16385076 2385128 100162240    0    0     0   736 11807 2931 23  3 74  0  0
16  0    512 16386984 2385128 100162248    0    0     0   716 14596 4607 23  3 73  0  0
16  0    512 16387648 2385128 100162376    0    0     0     4 14149 3293 23  3 74  0  0
procs -----------memory---------- ---swap-- -----io---- -system-- ------cpu-----
 r  b   swpd   free   buff  cache   si   so    bi    bo   in   cs us sy id wa st
18  0    512 16375300 2385128 100162384    0    0     0   108 12128 4735 22  4 74  0  0
19  0    512 16382072 2385128 100162392    0    0     0     4 14072 5214 23  3 74  0  0
17  0    512 16386040 2385128 100162408    0    0     0     8 15806 2962 23  4 73  0  0
18  0    512 16381616 2385136 100162416    0    0     0  1668 15202 2766 23  3 73  0  0
16  0    512 16386724 2385136 100162560    0    0   128   100 15766 2269 22  4 74  0  0
17  0    512 16376492 2385136 100162560    0    0     0    32 13062 2747 20  7 73  0  0
17  0    512 16374840 2385136 100162560    0    0     0     4 12421 2541 19  7 74  0  0
18  0    512 16363032 2385136 100162576    0    0     4     4 12841 2510 19  8 73  0  0
16  0    512 16369140 2385144 100162584    0    0     0  1572 16785 2659 23  4 73  0  0
16  0    512 16372240 2385144 100162592    0    0     0    96 16343 2311 23  3 74  0  0
16  0    512 16374328 2385144 100162600    0    0     8     0 17269 2440 22  4 74  0  0
17  0    512 16373856 2385144 100162616    0    0     0     8 14154 2343 22  3 75  0  0
16  0    512 16370628 2385144 100162736    0    0     0     8 9608 2329 23  4 73  0  0
17  0    512 16089704 2385144 100162760    0    0     8  1560 9464 2624 22  5 73  0  0
17  0    512 16085644 2385144 100162768    0    0     0   236 13820 3962 23  3 74  0  0
16  0    512 16089636 2385144 100162784    0    0     0     4 13879 4385 23  4 74  0  0
20  0    512 16079512 2385144 100163424    0    0     0     8 13816 4072 22  4 75  0  0
16  0    512 16089240 2385144 100163552    0    0     0     8 10897 4393 22  4 74  0  0
18  0    512 16087292 2385144 100163712    0    0     0  1652 15958 4805 22  4 74  0  0
16  0    512 16085352 2385152 100163760    0    0     0   208 16142 3053 23  4 73  0  0
16  0    512 16091188 2385152 100163896    0    0     0     4 15788 2969 23  3 74  0  0
procs -----------memory---------- ---swap-- -----io---- -system-- ------cpu-----
 r  b   swpd   free   buff  cache   si   so    bi    bo   in   cs us sy id wa st
17  0    512 16085816 2385152 100163904    0    0    60     8 16824 2495 23  3 74  0  0
16  0    512 16086368 2385152 100163968    0    0   120    92 15373 2978 23  3 74  0  0
20  0    512 16080420 2385152 100164096    0    0     0     4 12968 2818 21  6 74  0  0
19  0    512 16097416 2385152 100164224    0    0     0  1604 10247 2183 17 10 73  0  0
16  0    512 16099180 2385160 100164240    0    0     0    20 10266 2192 17  9 74  0  0
16  0    512 16100216 2385160 100164256    0    0     0     8 10995 2452 17  9 74  0  0
18  0    512 16104488 2385160 100164256    0    0     0   112 13340 2742 20  6 74  0  0
17  0    512 16103480 2385160 100164272    0    0     0  1416 14192 2740 22  4 74  0  0
17  0    512 16104376 2385164 100164400    0    0   128   636 9428 1775 24  2 74  0  0
18  0    512 16097616 2385164 100164408    0    0     0     8 10503 2390 24  3 73  0  0
16  0    512 16105508 2385164 100164432    0    0     0     4 14735 3713 23  3 74  0  0
17  0    512 16107384 2385164 100164448    0    0     0   192 14365 3517 22  3 74  0  0
18  0    512 16110108 2385164 100164440    0    0     0     0 15968 4377 22  3 74  0  0
16  0    512 16113640 2385164 100164576    0    0     0  1572 10452 4780 23  3 74  0  0
17  0    512 16115908 2385164 100164600    0    0    36     8 15268 4443 23  4 73  0  0
16  0    512 16115252 2385164 100164640    0    0     0     0 15725 2381 23  3 74  0  0
16  0    512 16115804 2385164 100164776    0    0     0   112 16530 3175 23  4 73  0  0
17  0    512 16123468 2385164 100164792    0    0   104     4 15191 2695 23  3 75  0  0
17  0    512 16120488 2385164 100164992    0    0     0  1876 15599 2879 23  3 74  0  0
16  0    512 16123668 2385168 100165008    0    0     0    28 15399 2733 23  3 74  0  0
17  0    512 16119284 2385168 100165024    0    0     0     4 15619 3229 22  4 73  0  0
procs -----------memory---------- ---swap-- -----io---- -system-- ------cpu-----
 r  b   swpd   free   buff  cache   si   so    bi    bo   in   cs us sy id wa st
16  0    512 16112988 2385168 100165024    0    0     0    28 15978 3254 22  4 73  0  0
17  0    512 16114700 2385168 100165040    0    0     0     8 12731 2558 19  6 74  0  0
16  0    512 16118488 2385168 100165040    0    0     0    92 10466 2508 19  7 74  0  0
16  0    512 16112632 2385172 100165040    0    0    48  1440 8007 2318 22  4 74  0  0
19  0    512 16100472 2385172 100165096    0    0     0     8 7910 2414 20  6 74  0  0
16  0    512 16106452 2385172 100165168    0    0    52     4 13799 3518 22  5 73  0  0
18  0    512 16107600 2385172 100165176    0    0     0     4 13733 3192 22  4 75  0  0
16  0    512 16112400 2385176 100165176    0    0     0   168 14215 4575 23  4 73  0  0
16  0    512 16112504 2385180 100165312    0    0     0  1508 11275 5020 23  3 74  0  0
18  0    512 16107684 2385180 100165320    0    0     0    36 14872 4156 23  3 74  0  0
17  0    512 16106500 2385180 100165328    0    0     0     4 15794 2622 23  4 74  0  0
16  0    512 16110264 2385180 100165336    0    0     0     4 15383 2510 23  3 74  0  0
16  0    512 16110812 2385180 100165336    0    0     0   192 15669 2634 23  3 74  0  0
17  0    512 16112096 2385180 100165352    0    0     0  1452 15639 2770 23  3 74  0  0
19  0    512 16113360 2385184 100165368    0    0     0    48 15796 2211 24  3 74  0  0
19  0    512 16116780 2385184 100165360    0    0   112    16 16667 2459 23  3 74  0  0
16  0    512 16118024 2385184 100165488    0    0     0   100 16313 2609 23  4 73  0  0
19  0    512 16119444 2385184 100165488    0    0     0   116 13055 2524 23  3 74  0  0
16  0    512 16116148 2385184 100165504    0    0     0  1452 9500 1747 23  4 73  0  0
16  0    512 16114804 2385184 100165520    0    0     0    16 9646 2635 22  4 75  0  0
18  0    512 16104564 2385188 100165520    0    0     0   132 14358 3922 23  3 74  0  0
procs -----------memory---------- ---swap-- -----io---- -system-- ------cpu-----
 r  b   swpd   free   buff  cache   si   so    bi    bo   in   cs us sy id wa st
19  0    512 16110476 2385188 100165648    0    0     0    48 16261 2718 23  3 73  0  0
18  0    512 16112792 2385188 100165664    0    0   104     4 16445 4589 23  3 74  0  0
16  0    512 16114224 2385188 100165824    0    0     0  1360 9979 4386 24  3 74  0  0
16  0    512 16114244 2385188 100165832    0    0     0     8 14943 3858 24  2 74  0  0
16  0    512 16116672 2385192 100165952    0    0   120   100 15837 2712 23  3 74  0  0
17  0    512 16118868 2385196 100165968    0    0     0   124 15224 2306 23  3 74  0  0
16  0    512 16122260 2385196 100166056    0    0     0     8 16788 2827 23  4 72  0  0
16  0    512 16124376 2385196 100166064    0    0     0     4 17181 2641 23  3 74  0  0
17  0    512 16122092 2385196 100166080    0    0     0  1560 16400 2471 23  3 74  0  0
16  0    512 16126696 2385196 100166080    0    0    44   172 15599 2958 23  3 73  0  0
16  0    512 16128740 2385196 100166232    0    0     0    80 17495 2470 23  3 74  0  0
19  0    512 16127040 2385196 100166240    0    0     0     4 15113 2789 23  5 73  0  0
16  0    512 16129976 2385196 100166256    0    0     0     4 12978 2227 21  6 73  0  0
17  0    512 16118912 2385196 100166256    0    0     0  2084 7723 1906 21  5 73  0  0
17  0    512 15993968 2385196 100166384    0    0     0    48 8014 1790 21  5 74  0  0
17  0    512 15951284 2385196 100166400    0    0     0     8 15701 3871 23  3 74  0  0
17  0    512 15955604 2385196 100166496    0    0     0     4 14441 3661 23  3 74  0  0
18  0    512 15957200 2385196 100166496    0    0     0     4 15586 3758 23  3 73  0  0
17  0    512 15957076 2385196 100166512    0    0     0  1572 12349 4870 23  3 74  0  0
17  0    512 16012448 2385196 100166512    0    0     0    60 16467 5265 23  3 74  0  0
16  0    512 16013548 2385200 100166520    0    0     0    36 15868 2266 23  3 74  0  0
procs -----------memory---------- ---swap-- -----io---- -system-- ------cpu-----
 r  b   swpd   free   buff  cache   si   so    bi    bo   in   cs us sy id wa st
25  0    512 16017712 2385200 100166528    0    0     0     4 15186 2681 23  3 74  0  0
19  0    512 16013152 2385200 100166544    0    0     0     4 15563 2651 23  3 74  0  0
19  0    512 16018132 2385200 100166560    0    0     0   360 16300 4279 23  4 73  0  0
16  0    512 16022620 2385200 100166552    0    0    20  1236 16984 3187 23  3 74  0  0
19  0    512 16015796 2385204 100166576    0    0     0    52 16165 3175 23  3 74  0  0
16  0    512 16017176 2385204 100166720    0    0   128   128 16675 2830 23  3 74  0  0
17  0    512 16018136 2385204 100166736    0    0     0   112 11634 2237 24  2 74  0  0
19  0    512 16017928 2385204 100166872    0    0     0     8 9400 2620 24  2 73  0  0
17  0    512 16018196 2385204 100166848    0    0     0  1684 12929 3058 23  3 74  0  0
16  0    512 16022032 2385212 100166848    0    0     0    80 14838 3651 23  3 74  0  0
19  0    512 16015024 2385212 100166864    0    0     0   104 15264 3776 23  3 74  0  0
16  0    512 16026536 2385212 100166880    0    0     0    44 9802 3807 24  2 75  0  0
16  0    512 16029220 2385212 100166944    0    0    12     8 14734 5913 23  3 74  0  0
16  0    512 16029020 2385212 100166944    0    0     0  1448 16916 2766 24  4 72  0  0
16  0    512 16027788 2385216 100166960    0    0     0   124 15393 2599 23  3 74  0  0
16  0    512 16028172 2385216 100166960    0    0     0    96 15530 2884 23  3 74  0  0
17  0    512 16028836 2385216 100166960    0    0     0     4 16707 2523 23  3 74  0  0
17  0    512 16029496 2385216 100166968    0    0     0     8 15805 2842 24  3 73  0  0
18  0    512 16032908 2385216 100166976    0    0     0  1516 17338 2476 23  3 74  0  0
24  0    512 16033852 2385216 100166984    0    0     0    24 17101 2371 24  3 73  0  0
16  0    512 16035040 2385216 100167120    0    0     0   200 15441 2787 23  3 73  0  0
procs -----------memory---------- ---swap-- -----io---- -system-- ------cpu-----
 r  b   swpd   free   buff  cache   si   so    bi    bo   in   cs us sy id wa st
17  0    512 16037712 2385216 100167120    0    0     0     4 16501 2645 23  3 74  0  0
24  0    512 16038288 2385216 100167136    0    0     0     4 16665 2724 23  3 73  0  0
18  0    512 15838992 2385216 100167144    0    0     0   240 9602 2289 24  2 74  0  0
17  0    512 15518972 2385220 100167152    0    0     0  1176 9084 2316 23  5 73  0  0
17  0    512 15460516 2385220 100167184    0    0     0    28 14993 3864 23  3 74  0  0
18  0    512 15445836 2385220 100167192    0    0     0     8 14504 3608 23  3 74  0  0
16  0    512 15452908 2385220 100167200    0    0     0     4 15034 3753 23  3 74  0  0
17  0    512 15454548 2385220 100167216    0    0     0     8 11584 4588 23  2 74  0  0
17  0    512 15454200 2385220 100167216    0    0     0  1860 15179 5971 22  3 74  0  0
16  0    512 15454968 2385224 100167232    0    0     0    76 16691 2703 23  4 73  0  0
16  0    512 15453164 2385224 100167248    0    0     0     8 16832 2275 23  3 74  0  0
16  0    512 15454140 2385224 100167248    0    0     0     4 16416 2781 23  3 74  0  0
19  0    512 15445232 2385224 100167264    0    0     0   100 16472 2578 23  3 74  0  0
20  0    512 15449296 2385224 100167392    0    0     0  1532 15961 2466 23  3 74  0  0
19  0    512 15449000 2385224 100167408    0    0     0   204 16120 2531 23  3 74  0  0
17  0    512 15452312 2385224 100167416    0    0     0     4 17152 2106 23  4 73  0  0
16  0    512 15452056 2385224 100167424    0    0     0     8 12846 2527 24  2 74  0  0
16  0    512 15454736 2385224 100167432    0    0     0   164 9951 1854 25  2 74  0  0
16  0    512 15459156 2385224 100167440    0    0     0  1644 10727 2624 23  2 75  0  0
16  0    512 15455748 2385224 100167440    0    0     0    28 15633 4062 23  3 74  0  0
17  0    512 15455888 2385224 100167456    0    0     0    28 14833 3225 23  3 73  0  0
procs -----------memory---------- ---swap-- -----io---- -system-- ------cpu-----
 r  b   swpd   free   buff  cache   si   so    bi    bo   in   cs us sy id wa st
18  0    512 15450032 2385228 100167472    0    0     0   104 13549 5317 23  3 74  0  0
17  0    512 15457108 2385228 100167528    0    0     0     4 10693 5086 23  3 74  0  0
16  0    512 15460288 2385228 100167536    0    0     0  1616 15088 2698 23  3 74  0  0
16  0    512 15459460 2385232 100167536    0    0     0    32 16608 2639 23  3 73  0  0
19  0    512 15458196 2385232 100167688    0    0     0    96 15351 3691 22  3 74  0  0
16  0    512 15456460 2385232 100167696    0    0     0   108 17236 3325 23  5 72  0  0
18  0    512 15454792 2385232 100167696    0    0     0     4 15668 3037 23  3 74  0  0
18  0    512 15445400 2385232 100167712    0    0     0     4 16649 2735 23  3 74  0  0
16  0    512 15453036 2385232 100167720    0    0     0  1532 16959 2591 23  3 74  0  0
15  0    512 15452900 2385236 100167728    0    0     0   160 16091 2584 23  3 74  0  0
17  0    512 15451212 2385236 100167728    0    0     0    44 17254 2638 23  4 73  0  0
19  0    512 15450552 2385236 100167736    0    0     0     4 15787 2772 23  3 74  0  0
16  0    512 15446420 2385236 100167744    0    0     0   120 10873 2599 24  2 74  0  0
16  0    512 15448444 2385236 100167752    0    0     0  1768 9339 2111 24  2 74  0  0
16  0    512 15404360 2385236 100167760    0    0     0     8 12971 2804 23  3 74  0  0
16  0    512 15400304 2385240 100167776    0    0     0    36 15777 4033 23  3 74  0  0
17  0    512 15392108 2385240 100167776    0    0     0    96 15834 3225 23  4 73  0  0
16  0    512 15398928 2385240 100167912    0    0     0    12 14620 5753 23  3 74  0  0
16  0    512 15400412 2385240 100167952    0    0     0  1648 9955 5276 23  3 74  0  0
16  0    512 15400944 2385240 100167976    0    0     0     4 14952 3743 23  3 74  0  0
16  0    512 15397664 2385240 100167984    0    0     0   100 15724 2654 23  3 74  0  0
procs -----------memory---------- ---swap-- -----io---- -system-- ------cpu-----
 r  b   swpd   free   buff  cache   si   so    bi    bo   in   cs us sy id wa st
19  0    512 15394336 2385244 100168000    0    0     0   100 16753 2278 23  3 73  0  0
16  0    512 15393932 2385244 100168000    0    0     0     8 16320 2462 23  4 73  0  0
16  0    512 15392816 2385244 100168008    0    0     0  1748 15361 2835 23  4 73  0  0
16  0    512 15391628 2385244 100168016    0    0     0     8 17183 2430 23  3 74  0  0
17  0    512 15398768 2385244 100168032    0    0     0   108 16145 2635 23  3 74  0  0
17  0    512 15398668 2385244 100168032    0    0     0    64 16891 2321 23  3 74  0  0
19  0    512 15398052 2385244 100168128    0    0    92     4 11987 2300 24  3 73  0  0
17  0    512 15392712 2385244 100168144    0    0     0    12 10552 2064 24  2 73  0  0
17  0    512 15396404 2385244 100168272    0    0     0  1552 12044 3027 24  2 74  0  0
16  0    512 15399288 2385244 100168280    0    0     0    56 15654 3783 23  3 74  0  0
16  0    512 15399296 2385248 100168288    0    0     0    56 15573 3057 23  3 75  0  0
18  0    512 15390548 2385248 100168288    0    0     0     8 12763 4455 23  3 74  0  0
16  0    512 15393108 2385248 100168352    0    0     0     4 13160 4874 23  4 73  0  0
16  0    512 15394456 2385252 100168368    0    0     0  1400 17439 2486 23  3 73  0  0
17  0    512 15395028 2385256 100168368    0    0     0    28 16116 2674 23  4 73  0  0
16  0    512 15392788 2385256 100168384    0    0     0    72 12526 3649 17  3 80  0  0
17  0    512 15392312 2385256 100168400    0    0     0     8 15637 3653 23  3 73  0  0
17  0    512 15399348 2385256 100168408    0    0     0   112 16066 3370 22  4 73  0  0
16  0    512 15399128 2385256 100168408    0    0     0  1928 16665 2913 23  4 73  0  0
16  0    512 15398560 2385256 100168416    0    0     0     8 16998 2968 23  3 74  0  0
18  0    512 15398104 2385260 100168432    0    0     0    36 15918 2715 23  3 74  0  0
procs -----------memory---------- ---swap-- -----io---- -system-- ------cpu-----
 r  b   swpd   free   buff  cache   si   so    bi    bo   in   cs us sy id wa st
17  0    512 15397232 2385260 100168432    0    0   128    40 15418 3145 23  3 74  0  0
17  0    512 15397996 2385260 100168704    0    0     0   120 15686 3069 23  3 74  0  0
16  0    512 15392876 2385260 100168704    0    0     0  1580 10687 2054 23  4 73  0  0
17  0    512 15391272 2385260 100168712    0    0     0     4 9599 2416 24  2 74  0  0
16  0    512 15333404 2385260 100168720    0    0     0     4 11463 3423 21  4 75  0  0
19  0    512 15320548 2385268 100168736    0    0     0   136 14461 4066 21  4 74  0  0
18  0    512 15304212 2385268 100168736    0    0     0    36 14276 3422 22  4 74  0  0
17  0    512 15303104 2385268 100168752    0    0     0  1536 14939 4813 22  5 73  0  0
16  0    512 15296832 2385268 100168760    0    0     0     8 10333 4918 22  4 74  0  0
17  0    512 15292228 2385268 100168768    0    0     0   116 15980 4669 22  4 73  0  0
16  0    512 15285400 2385272 100168784    0    0     0    36 16967 2346 23  3 74  0  0
17  0    512 15282120 2385272 100168784    0    0     0    36 16135 2694 23  3 74  0  0
17  0    512 15277748 2385272 100168784    0    0     0     4 15156 2910 23  3 74  0  0
18  0    512 15270036 2385272 100168928    0    0     0  1748 16638 2739 23  4 73  0  0
17  0    512 15276288 2385272 100168928    0    0     0    32 16964 2472 23  3 74  0  0
17  0    512 15274268 2385272 100168944    0    0     0     0 15339 2662 22  3 74  0  0
17  0    512 15274696 2385272 100168944    0    0     0   168 15883 2703 23  3 74  0  0
16  0    512 15274948 2385272 100168952    0    0     0     4 15605 2621 23  3 74  0  0
17  0    512 15269636 2385272 100168960    0    0     0  1336 9368 2089 24  3 73  0  0
16  0    512 15266836 2385272 100168968    0    0   104    64 10020 2112 24  3 73  0  0
18  0    512 15265900 2385272 100169088    0    0     0     8 13693 3781 23  3 74  0  0
procs -----------memory---------- ---swap-- -----io---- -system-- ------cpu-----
 r  b   swpd   free   buff  cache   si   so    bi    bo   in   cs us sy id wa st
17  0    512 15261472 2385272 100169088    0    0     0    32 15068 3814 22  4 74  0  0
17  0    512 15255476 2385276 100169104    0    0     0     0 14529 3678 22  4 74  0  0
14  0    512 15265540 2385276 100169104    0    0     0  1520 10577 3519 24  3 74  0  0
17  0    512 15261984 2385276 100169176    0    0     0   112 13929 6115 22  4 74  0  0
19  0    512 15257344 2385276 100169184    0    0     0     4 15127 2772 22  5 73  0  0
17  0    512 15253608 2385276 100169184    0    0     0     4 14640 2274 21  4 74  0  0
16  0    512 15246788 2385280 100169328    0    0     0   104 14138 2972 22  5 73  0  0
16  0    512 15251916 2385280 100169344    0    0     0  1624 15412 3047 23  4 74  0  0
17  0    512 15243140 2385280 100169344    0    0     0    36 17045 2345 23  3 74  0  0
16  0    512 15250660 2385280 100169352    0    0     0    20 17493 2318 23  4 73  0  0
18  0    512 15251276 2385280 100169360    0    0     0     4 15879 2487 23  3 74  0  0
16  0    512 15252304 2385280 100169360    0    0     0   200 15760 3296 23  4 74  0  0
17  0    512 15255184 2385280 100169376    0    0     0  1552 16785 2645 23  4 73  0  0
16  0    512 15261000 2385280 100169376    0    0     0     8 15718 2925 23  3 74  0  0
17  0    512 15259808 2385280 100169392    0    0     0     4 14576 2824 23  3 74  0  0
16  0    512 15261376 2385280 100169392    0    0     0   100 10199 2031 24  3 73  0  0
16  0    512 14946028 2385280 100169408    0    0     0    44 9253 2031 23  3 74  0  0
23  0    512 14805624 2385280 100169416    0    0     0  1488 13108 3007 23  3 74  0  0
16  0    512 14804400 2385280 100169552    0    0   104    24 15109 3868 23  3 74  0  0
16  0    512 14802688 2385280 100169664    0    0     0     4 14852 3871 23  3 74  0  0
17  0    512 14800372 2385280 100169664    0    0     0    96 14105 4036 23  4 73  0  0
procs -----------memory---------- ---swap-- -----io---- -system-- ------cpu-----
 r  b   swpd   free   buff  cache   si   so    bi    bo   in   cs us sy id wa st
17  1    512 14800888 2385280 100169672    0    0     0    28 9955 4922 23  3 74  0  0
18  0    512 14799380 2385288 100169728    0    0     0   288 14829 4648 23  3 74  0  0
17  0    512 14799980 2385288 100169760    0    0     0  1652 16249 2803 23  3 74  0  0
17  0    512 14791664 2385288 100169760    0    0     0   108 15703 2882 23  3 74  0  0
18  0    512 14790656 2385288 100169768    0    0     0    44 15498 2294 21  5 74  0  0
16  0    512 14793376 2385288 100169776    0    0     0     4 13872 2732 21  6 73  0  0
16  0    512 14788536 2385292 100169784    0    0     0    68 13827 2250 21  5 74  0  0
19  0    512 14781016 2385292 100169824    0    0     0  1596 13534 2532 20  6 74  0  0
18  0    512 14777388 2385292 100169824    0    0     0     0 13494 2210 20  6 73  0  0
16  0    512 14773908 2385292 100169840    0    0     0   128 15816 2696 23  3 74  0  0
18  0    512 14765260 2385292 100169840    0    0     0     4 12798 2185 23  3 73  0  0
16  0    512 14778312 2385292 100169856    0    0     0    64 10484 2042 24  2 73  0  0
16  0    512 14778488 2385292 100169984    0    0     0  1700 9375 2288 24  2 74  0  0
18  0    512 14775332 2385292 100169992    0    0     0     8 15553 3490 23  3 74  0  0
16  0    512 14772920 2385292 100170000    0    0     0     4 14997 3401 23  3 74  0  0
16  0    512 14772140 2385292 100170016    0    0     0     4 14347 4434 23  4 74  0  0
16  0    512 14768392 2385296 100170032    0    0     0    28 9651 3552 23  3 74  0  0
17  0    512 14770756 2385296 100170080    0    0     0  1660 15882 5015 22  4 74  0  0
17  0    512 14769888 2385296 100170096    0    0     0     8 15289 2660 23  3 74  0  0
25  0    512 14758708 2385296 100170104    0    0     0    24 15998 3176 23  3 74  0  0
17  0    512 14766244 2385296 100170112    0    0    44     8 16784 2644 23  3 74  0  0
procs -----------memory---------- ---swap-- -----io---- -system-- ------cpu-----
 r  b   swpd   free   buff  cache   si   so    bi    bo   in   cs us sy id wa st
18  0    512 14767488 2385296 100170176    0    0     0   136 16216 2560 23  3 74  0  0
17  0    512 14766800 2385300 100170176    0    0     0  1656 16151 2740 23  4 73  0  0
17  0    512 14764096 2385300 100170184    0    0     0     4 15556 2724 22  3 75  0  0
16  0    512 14771116 2385300 100170192    0    0     0     4 15230 2521 22  5 73  0  0
17  0    512 14759396 2385300 100170328    0    0     0     8 14563 2766 21  6 73  0  0
17  0    512 14755772 2385300 100170344    0    0     0   116 14935 2649 21  5 74  0  0
17  0    512 14766204 2385304 100170352    0    0     0  1660 16112 2820 23  4 73  0  0
16  0    512 14762936 2385304 100170352    0    0     0     4 10732 2499 23  2 74  0  0
16  0    512 14763468 2385304 100170360    0    0     0     4 10439 1893 24  2 74  0  0
16  0    512 14766312 2385304 100170368    0    0     0   132 11384 2621 23  3 74  0  0
16  0    512 14765988 2385304 100170368    0    0     0     4 13950 3156 23  3 74  0  0
17  0    512 14765288 2385304 100170384    0    0     0  1324 14299 3165 23  4 74  0  0
17  0    512 14769512 2385304 100170384    0    0     0    24 15341 3873 23  4 73  0  0
16  0    512 14768656 2385304 100170400    0    0     0     4 10401 3918 23  3 74  0  0
19  0    512 14766260 2385304 100170448    0    0     0   112 14884 6061 22  4 74  0  0
16  0    512 14777564 2385304 100170464    0    0     0     4 16071 2324 23  3 74  0  0
16  0    512 14775712 2385308 100170600    0    0     0    40 15835 2747 23  3 74  0  0
17  0    512 14772572 2385308 100170608    0    0   128  1792 16687 2358 23  4 73  0  0
16  0    512 14773972 2385308 100170736    0    0     0   116 15727 2427 23  3 73  0  0
17  0    512 14775892 2385308 100170752    0    0     0   168 15752 2306 23  3 74  0  0
17  0    512 14782700 2385308 100170768    0    0     0     4 17137 2563 23  3 74  0  0
procs -----------memory---------- ---swap-- -----io---- -system-- ------cpu-----
 r  b   swpd   free   buff  cache   si   so    bi    bo   in   cs us sy id wa st
19  0    512 14775676 2385312 100170768    0    0     0    36 15337 2757 23  3 74  0  0
16  0    512 14780664 2385312 100170776    0    0     0  1400 16048 2527 23  3 74  0  0
16  0    512 14772016 2385312 100170784    0    0     0   112 10647 2391 22  5 73  0  0
17  0    512 14775176 2385312 100170816    0    0    20     4 9074 1690 23  4 74  0  0
16  0    512 14781296 2385312 100170816    0    0     0     4 8620 2173 22  4 74  0  0
17  0    512 14768292 2385312 100170824    0    0     0     8 13484 3510 22  4 74  0  0
16  0    512 14765280 2385312 100170832    0    0     0  1616 14531 3227 23  3 74  0  0
17  0    512 14767932 2385312 100170848    0    0     0   248 16040 3846 23  4 73  0  0
16  0    512 14767340 2385312 100170864    0    0     0     4 9864 3374 24  3 74  0  0
17  0    512 14761508 2385312 100171040    0    0     0     4 15211 5585 23  3 74  0  0
17  0    512 14769988 2385312 100171048    0    0     0     4 15515 2627 23  3 74  0  0
16  0    512 14768716 2385312 100171056    0    0     0  1888 15815 2918 23  3 74  0  0
23  0    512 14765356 2385316 100171064    0    0     0   124 16890 2681 23  3 73  0  0
17  0    512 14765192 2385316 100171080    0    0     0     8 16582 2594 23  4 73  0  0
18  0    512 14763380 2385316 100171096    0    0     0     4 17264 2619 23  4 73  0  0
17  0    512 14770544 2385316 100171104    0    0     0    24 17355 2071 24  3 74  0  0
17  0    512 14763488 2385320 100171104    0    0     0  1528 16647 2823 23  3 74  0  0
23  0    512 14775152 2385324 100171112    0    0     0    44 15482 3027 24  3 74  0  0
16  0    512 14776256 2385324 100171104    0    0     0     8 14764 2511 22  4 74  0  0
16  0    512 14772600 2385324 100171120    0    0     0     4 11215 2325 22  6 72  0  0
17  0    512 14774960 2385324 100171128    0    0     0   104 7797 2024 21  5 74  0  0
procs -----------memory---------- ---swap-- -----io---- -system-- ------cpu-----
 r  b   swpd   free   buff  cache   si   so    bi    bo   in   cs us sy id wa st
17  0    512 14769548 2385324 100171136    0    0     0  1556 7691 2119 20  6 73  0  0
17  0    512 14774308 2385332 100171264    0    0     0    64 13159 3162 23  3 74  0  0
16  0    512 14781520 2385332 100171280    0    0     0     4 15055 2995 23  3 74  0  0
16  0    512 14782240 2385332 100171280    0    0     0     4 14770 3924 23  3 73  0  0
18  0    512 14776360 2385332 100171296    0    0     0    16 13996 4209 23  3 74  0  0
16  0    512 14788720 2385336 100171328    0    0     0  1536 11395 5733 24  3 74  0  0
16  0    512 14789268 2385340 100171328    0    0     0    84 14896 3412 23  3 74  0  0
17  0    512 14790732 2385340 100171344    0    0     0     8 15744 2860 23  3 73  0  0
16  0    512 14792704 2385340 100171360    0    0     0   104 16173 2893 23  3 74  0  0
17  0    512 14789412 2385340 100171368    0    0     0     4 17359 2337 23  5 72  0  0
19  0    512 14791196 2385340 100171376    0    0     0    28 15461 2880 23  3 74  0  0
19  0    512 14784504 2385340 100171376    0    0     0  1716 15325 3100 23  3 74  0  0
24  0    512 14790552 2385344 100171392    0    0     0   140 16362 3001 23  3 74  0  0
16  0    512 14792964 2385344 100171408    0    0     0     4 16788 2591 23  3 74  0  0
21  0    512 14790752 2385344 100171536    0    0     0     8 15241 2357 23  3 74  0  0
16  0    512 14789560 2385344 100171544    0    0     0     4 9803 2505 24  3 73  0  0
17  0    512 14790168 2385344 100171552    0    0     0  1672 10392 2042 24  2 73  0  0
16  0    512 14798016 2385344 100171568    0    0     0   264 13603 3276 23  2 74  0  0
16  0    512 14797312 2385344 100171568    0    0     0     4 14824 3449 23  3 73  0  0
16  0    512 14802724 2385344 100171576    0    0     0     4 15915 3667 23  3 74  0  0
21  0    512 14798860 2385344 100171600    0    0     0     4 10824 3888 24  3 73  0  0
procs -----------memory---------- ---swap-- -----io---- -system-- ------cpu-----
 r  b   swpd   free   buff  cache   si   so    bi    bo   in   cs us sy id wa st
17  1    512 14804324 2385344 100171680    0    0     0  1472 13269 5454 23  3 73  0  0
16  0    512 14802828 2385344 100171680    0    0     0   100 16280 2625 23  2 74  0  0
16  0    512 14802184 2385344 100171696    0    0     0    92 16572 2645 24  3 73  0  0
18  0    512 14802564 2385344 100171696    0    0     0     0 16299 2327 23  3 75  0  0
16  0    512 14808252 2385344 100171712    0    0     0    20 15436 3017 23  3 73  0  0
16  0    512 14808600 2385344 100171712    0    0     0  1280 15057 3163 23  4 73  0  0
17  0    512 14807028 2385348 100171712    0    0     0   212 15587 2499 23  3 74  0  0
17  0    512 14808060 2385348 100171712    0    0     0    36 17675 2241 23  3 74  0  0
18  0    512 14807700 2385348 100171856    0    0     0     4 16948 2261 23  3 74  0  0
16  0    512 14805148 2385348 100171856    0    0     0     8 16401 2987 23  3 74  0  0
17  0    512 14804716 2385348 100171864    0    0     0  1192 15804 2603 23  3 74  0  0
16  0    512 14798744 2385352 100171872    0    0     0   216 11156 1856 23  4 73  0  0
16  0    512 14796392 2385352 100171872    0    0     0     4 8325 1475 22  4 74  0  0
17  0    512 14749064 2385352 100171880    0    0     0    16 9257 1935 22  4 74  0  0
16  0    512 14721708 2385352 100171888    0    0     0     4 15651 3265 23  3 74  0  0
18  0    512 14712596 2385352 100171888    0    0     0  1304 14887 3426 23  3 74  0  0
17  0    512 14716536 2385352 100171904    0    0     0   124 16182 3483 23  4 73  0  0
16  0    512 14719624 2385360 100171904    0    0     0   124 14582 4397 23  3 74  0  0
16  0    512 14719876 2385360 100171936    0    0     0    72 12454 4512 23  3 74  0  0
16  0    512 14718724 2385360 100171968    0    0     0     4 16417 3591 23  3 74  0  0
17  0    512 14719256 2385360 100171984    0    0     0  1348 16249 2695 23  3 74  0  0
procs -----------memory---------- ---swap-- -----io---- -system-- ------cpu-----
 r  b   swpd   free   buff  cache   si   so    bi    bo   in   cs us sy id wa st
17  0    512 14718972 2385360 100172120    0    0     0   140 15446 3520 24  3 74  0  0
20  0    512 14711612 2385360 100172128    0    0     0     8 16540 2680 23  4 73  0  0
17  0    512 14719604 2385360 100172136    0    0     0    60 17150 2321 23  3 74  0  0
17  0    512 14718000 2385360 100172112    0    0     0     8 15802 3085 23  3 74  0  0
19  0    512 14718076 2385360 100172112    0    0     0  1284 16559 2623 23  3 73  0  0
17  0    512 14716500 2385360 100172128    0    0     0   572 17235 2858 23  3 74  0  0
17  0    512 14711624 2385360 100172128    0    0     0     8 10656 2416 24  3 73  0  0
16  0    512 14709820 2385360 100172136    0    0     0     4 10569 1840 24  2 74  0  0
16  0    512 14710284 2385368 100172152    0    0     0    92 11944 3269 23  3 74  0  0
16  0    512 14711004 2385368 100172160    0    0     0   104 16698 3520 23  3 75  0  0
17  0    512 14712572 2385368 100172168    0    0     0  1572 15379 3911 23  3 74  0  0
17  0    512 14715948 2385368 100172176    0    0     0   688 12759 3790 23  3 74  0  0
16  0    512 14719744 2385368 100172216    0    0     0     4 12233 5401 23  3 73  0  0
18  0    512 14718660 2385372 100172232    0    0     0   108 15865 3251 23  3 74  0  0
20  0    512 14718420 2385372 100172368    0    0     0   140 15152 3024 23  2 74  0  0
16  0    512 14717096 2385372 100172368    0    0     0  1312 16958 2916 23  4 73  0  0
16  0    512 14718608 2385372 100172384    0    0     0    32 15855 3110 23  3 74  0  0
18  0    512 14711784 2385372 100172392    0    0     0     8 16022 2923 23  3 74  0  0
16  0    512 14719592 2385372 100172400    0    0     0   180 16566 3227 23  5 72  0  0
17  0    512 14723376 2385372 100172408    0    0     0     4 15992 2565 23  3 74  0  0
16  0    512 14722964 2385372 100172416    0    0     0  1772 15818 2925 23  4 73  0  0
procs -----------memory---------- ---swap-- -----io---- -system-- ------cpu-----
 r  b   swpd   free   buff  cache   si   so    bi    bo   in   cs us sy id wa st
17  0    512 14722208 2385372 100172424    0    0     0    32 16322 2981 22  3 74  0  0
16  0    512 14719552 2385372 100172424    0    0     0   104 16920 3145 23  3 74  0  0
 3  0    512 14723496 2385372 100172424    0    0     0    92 13562 2749 18  4 78  0  0
19  0    512 14713480 2385376 100172488    0    0     0    24 9555 2188 18  3 79  0  0
16  0    512 14719456 2385376 100172496    0    0     0  1236 10065 2013 24  2 74  0  0
17  0    512 14491460 2385376 100172496    0    0     0     4 9847 2062 23  3 74  0  0
16  0    512 14407876 2385376 100172512    0    0     0   116 14297 4235 21  3 76  0  0
16  0    512 14404252 2385376 100172640    0    0     0    60 14828 4047 23  3 74  0  0
17  0    512 14399848 2385380 100172648    0    0     0   112 16248 3551 23  4 73  0  0
17  0    512 14398204 2385380 100172656    0    0     0  1356 14700 4812 22  3 74  0  0
15  0    512 14395736 2385380 100172704    0    0     0     0 10432 4561 23  3 74  0  0
16  0    512 14393132 2385384 100172704    0    0     0   164 15397 5182 22  3 74  0  0
17  0    512 14382360 2385384 100172720    0    0     0     0 15734 2498 23  3 74  0  0
18  0    512 14386084 2385388 100172720    0    0     0   112 16710 2725 23  3 74  0  0
16  0    512 14385304 2385388 100172728    0    0     0  2032 16464 3260 23  4 73  0  0
16  0    512 14380824 2385388 100172736    0    0     0     4 16068 2933 23  3 74  0  0
16  0    512 14379416 2385388 100172752    0    0     0   188 15570 2556 23  3 74  0  0
17  0    512 14376456 2385388 100172752    0    0     0     4 15247 3076 23  4 74  0  0
19  0    512 14375876 2385396 100172768    0    0     0    48 15988 2809 23  3 74  0  0
18  0    512 14377596 2385396 100172768    0    0     0  1436 13519 2790 23  4 73  0  0
19  0    512 14377216 2385396 100172768    0    0   120     8 10025 2083 24  2 74  0  0
procs -----------memory---------- ---swap-- -----io---- -system-- ------cpu-----
 r  b   swpd   free   buff  cache   si   so    bi    bo   in   cs us sy id wa st
18  0    512 14380084 2385396 100173032    0    0     0   136 9999 2033 24  2 74  0  0
16  0    512 14374584 2385396 100173040    0    0     0    40 12007 4474 21  4 75  0  0
23  0    512 14376104 2385396 100173056    0    0     0     4 14029 3416 22  4 74  0  0
17  0    512 14376948 2385400 100173056    0    0     0    68 12758 3474 21  5 74  0  0
17  0    512 14376004 2385400 100173064    0    0     0  1404 13226 4062 22  5 73  0  0
16  0    512 14375352 2385400 100173088    0    0     0   136 8392 3824 22  4 74  0  0
17  0    512 14369460 2385400 100173176    0    0    44    36 13330 4099 20  6 74  0  0
17  0    512 14356444 2385400 100173184    0    0     0     4 13593 2280 20  6 74  0  0
17  0    512 14364204 2385404 100173184    0    0     0   100 15362 2779 23  3 74  0  0
18  0    512 14367256 2385404 100173200    0    0     0  1568 15742 2601 22  4 74  0  0
19  0    512 14363024 2385404 100173208    0    0     0     4 15180 3120 23  4 73  0  0
16  0    512 14362396 2385404 100173216    0    0     0    40 15874 3120 23  3 73  0  0
16  0    512 14365892 2385404 100173360    0    0     0   104 15970 2470 22  3 74  0  0
16  0    512 14365500 2385408 100173360    0    0     0    56 16352 2699 23  3 74  0  0
17  0    512 14360756 2385408 100173368    0    0     0  1732 16031 2814 23  4 74  0  0
16  0    512 14368996 2385408 100173376    0    0     0     8 16569 2778 22  4 74  0  0
16  0    512 14370268 2385408 100173384    0    0     0    32 16856 2839 23  3 74  0  0
16  0    512 14364472 2385408 100173392    0    0     0   132 14814 2724 23  3 74  0  0
18  0    512 14357852 2385408 100173400    0    0     0     8 9042 2128 23  3 74  0  0
17  0    512 14354424 2385412 100173408    0    0     0  1476 10565 1437 24  3 74  0  0
17  0    512 14198848 2385412 100173424    0    0     0     4 10952 2025 23  3 74  0  0
procs -----------memory---------- ---swap-- -----io---- -system-- ------cpu-----
 r  b   swpd   free   buff  cache   si   so    bi    bo   in   cs us sy id wa st
17  0    512 14193440 2385412 100173424    0    0     0    28 15062 3399 23  4 73  0  0
17  0    512 14189756 2385412 100173432    0    0     0   176 14925 3065 22  3 74  0  0
17  0    512 14182044 2385412 100173440    0    0     0    24 14568 3826 23  3 74  0  0
20  0    512 14182240 2385416 100173448    0    0     0  1460 11439 3593 23  2 74  0  0
17  0    512 14184948 2385416 100173520    0    0     0     8 13802 5898 23  3 74  0  0
17  0    512 14182328 2385416 100173648    0    0     0   112 16279 3795 23  4 73  0  0
16  0    512 14182476 2385416 100173664    0    0     0    60 14939 1954 20  6 74  0  0
16  0    512 14178728 2385416 100173728    0    0     0     8 13687 2609 20  7 73  0  0
16  0    512 14184860 2385416 100173744    0    0     0  1896 13627 2401 19  7 74  0  0
17  0    512 14185368 2385420 100173760    0    0     0   108 12953 2509 20  7 73  0  0
17  0    512 14185020 2385420 100173896    0    0     0    12 15405 3024 23  3 74  0  0
17  0    512 14188220 2385420 100173904    0    0     0    36 15397 2369 23  3 74  0  0
16  0    512 14188088 2385420 100173920    0    0     0     8 16287 2616 23  4 73  0  0
16  0    512 14189024 2385420 100174048    0    0     0   112 15778 2734 23  3 74  0  0
16  0    512 14187456 2385428 100174064    0    0     0  1584 9967 2064 22  4 74  0  0
17  0    512 14194252 2385428 100174072    0    0     0     8 10327 1642 24  2 74  0  0
18  0    512 14190932 2385428 100174072    0    0     0    24 10118 1735 24  3 73  0  0
16  0    512 14196764 2385428 100174080    0    0     0     8 15168 3983 23  4 74  0  0
17  0    512 14186948 2385428 100174096    0    0     0   112 14475 3157 22  4 74  0  0
17  0    512 14192192 2385432 100174104    0    0     0  1572 14645 3418 23  4 74  0  0
18  0    512 14193928 2385432 100174120    0    0     0     4 9612 3152 23  3 74  0  0
procs -----------memory---------- ---swap-- -----io---- -system-- ------cpu-----
 r  b   swpd   free   buff  cache   si   so    bi    bo   in   cs us sy id wa st
17  0    512 14193588 2385432 100174176    0    0     0    32 13915 5382 23  3 74  0  0
15  0    512 14194724 2385432 100174176    0    0     0   112 15401 2836 22  4 73  0  0
16  0    512 14198332 2385432 100174160    0    0     0    40 16371 2526 23  3 73  0  0
16  0    512 14199704 2385440 100174152    0    0     0  1568 16346 2843 22  4 74  0  0
17  0    512 14193536 2385440 100174176    0    0     0     8 16685 2806 23  4 73  0  0
16  0    512 14191964 2385440 100174320    0    0     0   120 12516 2408 19  7 74  0  0
18  0    512 14180492 2385440 100174328    0    0     0    36 11968 2306 18  8 74  0  0
17  0    512 14173124 2385440 100174336    0    0     0     4 13378 2016 20  8 73  0  0
16  0    512 14175208 2385440 100174344    0    0     0  1880 13007 2191 19  7 73  0  0
17  0    512 14176656 2385448 100174344    0    0     0   148 14853 2278 22  4 74  0  0
16  0    512 14176264 2385448 100174352    0    0     0    64 17019 2675 23  3 74  0  0
18  0    512 14183008 2385448 100174368    0    0     0    56 15925 3025 23  4 74  0  0
17  0    512 14186980 2385448 100174368    0    0     0     4 15560 2168 23  3 74  0  0
18  0    512 14185984 2385448 100174376    0    0     0  1452 10444 1824 23  3 74  0  0
16  0    512 14190920 2385448 100174384    0    0     0   284 9723 1769 24  2 74  0  0
19  0    512 14083680 2385448 100174400    0    0     0     4 11141 2299 23  2 75  0  0
17  0    512 14078532 2385448 100174416    0    0     0    28 16033 3663 23  3 74  0  0
16  0    512 14082724 2385448 100174416    0    0     0     4 14260 2971 22  3 75  0  0
16  0    512 14078180 2385452 100174552    0    0     0   184 14921 3816 23  4 73  0  0
16  0    512 14076560 2385456 100174568    0    0     0  1488 11979 3819 23  3 74  0  0
18  0    512 14070884 2385456 100174608    0    0     0    32 12175 5153 23  3 74  0  0
procs -----------memory---------- ---swap-- -----io---- -system-- ------cpu-----
 r  b   swpd   free   buff  cache   si   so    bi    bo   in   cs us sy id wa st
17  0    512 14086432 2385456 100174648    0    0     0     8 17063 3450 23  4 73  0  0
16  0    512 14087648 2385456 100174640    0    0     0   152 16542 2327 23  3 74  0  0
17  0    512 14088116 2385456 100174664    0    0     0     0 16121 2388 23  4 73  0  0
18  0    512 14088364 2385456 100174672    0    0     0  1744 17051 2544 23  4 73  0  0
16  0    512 14087016 2385456 100174784    0    0   120   100 15915 3299 22  3 75  0  0
16  0    512 14088112 2385456 100174800    0    0     0     4 16326 3061 23  3 74  0  0
15  0    512 14090720 2385456 100174800    0    0     0   228 17044 2364 23  4 74  0  0
16  0    512 14098348 2385456 100174808    0    0     0     4 13985 2404 21  5 74  0  0
18  0    512 14084892 2385456 100174816    0    0     0  1432 12774 2088 20  7 73  0  0
16  0    512 14092532 2385456 100174816    0    0     0    36 8223 1526 21  5 74  0  0
16  0    512 14096044 2385456 100174832    0    0     0     8 8804 1943 22  4 74  0  0
19  0    512 14092660 2385456 100174968    0    0     0   164 8937 1914 21  5 74  0  0
16  0    512 14098196 2385456 100174976    0    0     0     8 14499 3576 22  4 74  0  0
16  0    512 14094240 2385456 100174992    0    0     0  1544 15777 3267 23  4 73  0  0
16  0    512 14093296 2385456 100175008    0    0     0     8 16007 3908 23  4 73  0  0
17  0    512 14084660 2385456 100175056    0    0     0   140 10627 3693 23  3 74  0  0
16  0    512 14095844 2385456 100175072    0    0     0    44 15760 4661 22  3 74  0  0
17  0    512 14097936 2385456 100175072    0    0     0    36 16799 2351 24  3 73  0  0
17  0    512 14100540 2385456 100175088    0    0     0  2044 16726 2807 23  4 73  0  0
17  0    512 14105352 2385460 100175096    0    0     0   172 16331 2011 23  3 74  0  0
16  0    512 14102788 2385460 100175104    0    0     0    96 15789 2240 23  4 73  0  0
procs -----------memory---------- ---swap-- -----io---- -system-- ------cpu-----
 r  b   swpd   free   buff  cache   si   so    bi    bo   in   cs us sy id wa st
 1  0    512 14101324 2385460 100175104    0    0     0     0 3626 1464  4  1 95  0  0
 0  0    512 14100124 2385460 100175120    0    0     0    48  241 1824  0  1 99  0  0
 2  0    512 14102664 2385460 100175248    0    0     0   272  192 1312  0  0 99  0  0
 1  0    512 14096108 2385460 100175248    0    0     0  1164  272 1786  0  0 99  0  0
 0  0    512 14103676 2385464 100175264    0    0     0    68  227 1705  0  2 98  0  0
 0  0    512 14103992 2385464 100175264    0    0     0     4  223 1490  0  0 100  0  0
 2  0    512 14100228 2385464 100175272    0    0     0    40  232 1606  0  1 99  0  0
 2  0    512 14099808 2385464 100175280    0    0     0    20  224 1367  0  0 99  0  0
 0  0    512 14102520 2385464 100175288    0    0     0  1600  243 1745  0  1 99  0  0
 1  0    512 14105940 2385464 100175296    0    0     0     0  185 1542  0  1 99  0  0
 0  0    512 14105800 2385468 100175296    0    0     0    40  258 1592  0  1 99  0  0
 1  0    512 14105664 2385468 100175320    0    0     0    28  213 1688  0  1 99  0  0
