procs -----------memory---------- ---swap-- -----io---- -system-- -------cpu-------
 r  b 交换 空闲 缓冲 缓存   si   so    bi    bo   in   cs us sy id wa st gu
 3  2   2816 3406032 6287008 21172324    0    0  4372   122 2870    3  1  0 99  0  0  0
 1  0   2816 3405548 6287016 21172344    0    0     0    20 18343 16842  2  3 95  0  0  0
 1  0   2816 3405548 6287016 21172344    0    0     0     0 18247 16043  2  3 95  0  0  0
 2  0   2816 3405548 6287016 21172344    0    0     0    92 18182 15542  2  3 96  0  0  0
 1  0   2816 3405296 6287016 21172344    0    0     0     0 18197 14710  2  3 96  0  0  0
 1  0   2816 3405296 6287016 21172344    0    0     0     0 17914 14423  1  3 96  0  0  0
 0  0   2816 3405296 6287032 21172344    0    0     0   372 17119 13930  1  2 96  0  0  0
 1  0   2816 3405296 6287032 21172352    0    0     0     0 17076 14176  1  3 96  0  0  0
 0  0   2816 3404316 6287032 21172344    0    0     0     0 15529 13007  1  3 96  0  0  0
 0  0   2816 3403924 6287032 21172344    0    0     0    96 12307 10523  1  2 97  0  0  0
 0  0   2816 3404176 6287032 21172352    0    0     0     0 14860 11972  1  2 96  0  0  0
 0  0   2816 3404176 6287048 21172348    0    0     0   292 17355 14728  2  3 95  0  0  0
 0  0   2816 3403168 6287048 21172352    0    0     0     4 16272 13685  1  2 96  0  0  0
 1  0   2816 3402664 6287048 21172352    0    0     0     0 15754 13677  2  2 96  0  0  0
 2  0   2816 3402664 6287048 21172352    0    0     0     0 17890 14393  1  2 96  0  0  0
 0  0   2816 3402664 6287048 21172344    0    0     0    88 17746 14367  2  3 96  0  0  0
 0  0   2816 3402664 6287048 21172352    0    0     0     0 17728 14294  1  3 96  0  0  0
 0  0   2816 3402152 6287064 21172352    0    0     0    64 18053 14859  2  2 96  0  0  0
 0  0   2816 3402664 6287064 21172344    0    0     0   160 17858 14456  1  3 96  0  0  0
 1  0   2816 3402664 6287064 21172352    0    0     0     0 18425 15367  2  3 95  0  0  0
 0  0   2816 3402664 6287064 21172352    0    0     0     0 17886 14254  1  3 96  0  0  0
procs -----------memory---------- ---swap-- -----io---- -system-- -------cpu-------
 r  b 交换 空闲 缓冲 缓存   si   so    bi    bo   in   cs us sy id wa st gu
 1  0   2816 3402664 6287064 21172344    0    0     0    68 17244 14447  2  3 95  0  0  0
 0  0   2816 3402664 6287064 21172352    0    0     0    16 14536 12584  1  2 96  0  0  0
 0  0   2816 3402664 6287080 21172352    0    0     0    28 12687 11163  1  2 97  0  0  0
 0  0   2816 3402664 6287080 21172352    0    0     0     4 17283 14724  2  3 96  0  0  0
 0  0   2816 3402416 6287080 21172352    0    0     0     0 18003 15568  2  3 95  0  0  0
 0  0   2816 3401904 6287080 21172352    0    0     0     0 17459 14750  1  3 96  0  0  0
 0  0   2816 3402416 6287080 21172352    0    0     0    84 14627 13175  1  2 96  0  0  0
 1  0   2816 3402416 6287080 21172336    0    0     0     0 17877 14761  2  3 95  0  0  0
 1  0   2816 3402164 6287096 21172336    0    0     0    28 17934 14751  1  3 96  0  0  0
 0  0   2816 3402164 6287096 21172336    0    0     0     4 17711 14421  2  3 96  0  0  0
 2  0   2816 3402164 6287096 21172336    0    0     0     0 17959 15544  2  3 95  0  0  0
 0  0   2816 3402164 6287096 21172336    0    0     0     0 17550 14517  2  3 95  0  0  0
 0  0   2816 3402164 6287096 21172340    0    0     0    88 18511 15801  2  3 95  0  0  0
 2  0   2816 3402164 6287104 21172340    0    0     0    32 18261 15642  2  3 95  0  0  0
 0  0   2816 3402164 6287112 21172340    0    0     0    12 18541 16011  2  3 95  0  0  0
 0  0   2816 3402164 6287112 21172340    0    0     0   232 13928 11680  2  3 96  0  0  0
 0  0   2816 3402164 6287112 21172356    0    0     0     0 11744 9781  1  2 97  0  0  0
 1  0   2816 3406624 6287112 21172356    0    0     0     0 17586 14584  2  3 96  0  0  0
 0  0   2816 3411684 6287120 21172348    0    0     0   112 18089 16318  2  3 95  0  0  0
 1  0   2816 3411684 6287120 21172356    0    0     0     0 17540 14966  1  3 96  0  0  0
 1  0   2816 3411684 6287128 21172356    0    0     0    12 14509 12911  1  2 96  0  0  0
procs -----------memory---------- ---swap-- -----io---- -system-- -------cpu-------
 r  b 交换 空闲 缓冲 缓存   si   so    bi    bo   in   cs us sy id wa st gu
 1  0   2816 3411684 6287128 21172344    0    0     0     8 18009 14939  1  3 96  0  0  0
 0  0   2816 3411684 6287128 21172360    0    0     0     0 17887 14881  2  2 96  0  0  0
 0  0   2816 3411432 6287128 21172364    0    0     0    96 17744 14491  2  3 96  0  0  0
 0  0   2816 3411432 6287136 21172364    0    0     0    40 17971 15004  2  3 96  0  0  0
 3  0   2816 3410920 6287136 21172348    0    0     0     0 18198 15599  1  3 96  0  0  0
 0  0   2816 3411432 6287144 21172348    0    0     0    20 18342 15725  1  3 96  0  0  0
 0  0   2816 3411432 6287144 21172364    0    0     0   156 18076 14619  1  3 96  0  0  0
 1  0   2816 3411184 6287144 21172364    0    0     0    96 18621 15913  2  3 96  0  0  0
 1  0   2816 3411184 6287144 21172364    0    0     0     0 14265 11349  1  1 98  0  0  0
 0  0   2816 3411184 6287144 21172364    0    0     0    24 12304 10742  1  2 96  0  0  0
 0  0   2816 3410936 6287144 21172364    0    0     0     8 17082 14167  2  3 96  0  0  0
 0  0   2816 3410936 6287160 21172364    0    0     0    28 17234 14113  2  3 96  0  0  0
 1  0   2816 3410936 6287160 21172364    0    0     0    88 17232 14017  2  3 96  0  0  0
 0  0   2816 3410936 6287160 21172364    0    0     0     0 13896 12091  1  2 96  0  0  0
 1  0   2816 3410684 6287160 21172348    0    0     0     0 17946 14616  1  3 96  0  0  0
 0  0   2816 3410684 6287160 21172364    0    0     0     0 18025 14634  2  3 95  0  0  0
 0  0   2816 3410684 6287160 21172364    0    0     0     0 17802 14559  1  3 96  0  0  0
 0  0   2816 3410684 6287176 21172348    0    0     0    28 17957 14714  2  2 96  0  0  0
 1  0   2816 3410684 6287176 21172364    0    0     0    68 17881 14240  2  3 96  0  0  0
 0  0   2816 3410684 6287176 21172364    0    0     0     0 18127 15501  2  3 95  0  0  0
 0  0   2816 3410684 6287176 21172348    0    0     0     0 18101 15066  2  3 95  0  0  0
procs -----------memory---------- ---swap-- -----io---- -system-- -------cpu-------
 r  b 交换 空闲 缓冲 缓存   si   so    bi    bo   in   cs us sy id wa st gu
 1  0   2816 3410684 6287176 21172364    0    0     0     0 18261 15098  2  3 95  0  0  0
 1  0   2816 3410684 6287176 21172364    0    0     0     0 15805 12993  1  3 96  0  0  0
 2  0   2816 3410684 6287192 21172364    0    0     0    44 12587 10115  1  2 97  0  0  0
 0  0   2816 3410684 6287192 21172364    0    0     0   256 15100 12128  2  2 96  0  0  0
 0  0   2816 3410684 6287192 21172364    0    0     0     0 17379 14115  1  2 96  0  0  0
 0  0   2816 3406588 6287192 21172364    0    0     0     0 17441 14411  1  3 96  0  0  0
 0  0   2816 3406588 6287192 21172356    0    0     0     0 14075 12276  1  2 97  0  0  0
 0  0   2816 3406588 6287192 21172356    0    0     0     4 17542 14190  1  3 96  0  0  0
 1  0   2816 3406588 6287208 21172356    0    0     0   196 17994 15079  2  3 96  0  0  0
 1  0   2816 3405832 6287208 21172356    0    0     0     4 18164 15285  1  3 96  0  0  0
 0  0   2816 3406084 6287208 21172356    0    0     0   132 18038 15258  2  3 96  0  0  0
 0  0   2816 3406084 6287208 21172356    0    0     0     0 17437 13982  1  2 96  0  0  0
 1  0   2816 3406084 6287208 21172372    0    0     0     0 17647 14166  1  2 97  0  0  0
 0  0   2816 3406084 6287208 21172372    0    0     0     0 17914 14432  1  2 96  0  0  0
 2  0   2816 3406084 6287224 21172364    0    0     0    40 18033 14963  1  3 96  0  0  0
 0  0   2816 3406084 6287224 21172372    0    0     0   216 18084 14829  2  2 96  0  0  0
 1  0   2816 3406084 6287224 21172372    0    0     0     0 13814 11189  1  2 97  0  0  0
 0  0   2816 3405584 6287224 21172364    0    0     0     0 12313 10316  1  1 98  0  0  0
 1  0   2816 3405584 6287224 21172372    0    0     0     0 16870 14261  1  2 97  0  0  0
 0  0   2816 3405584 6287224 21172372    0    0     0     0 17494 14569  1  2 97  0  0  0
 2  0   2816 3405584 6287232 21172372    0    0     0    24 17230 14104  1  2 97  0  0  0
procs -----------memory---------- ---swap-- -----io---- -system-- -------cpu-------
 r  b 交换 空闲 缓冲 缓存   si   so    bi    bo   in   cs us sy id wa st gu
 1  0   2816 3405584 6287232 21172368    0    0     0     8 13138 11079  1  2 97  0  0  0
 0  0   2816 3405584 6287240 21172372    0    0     0   172 17868 14529  2  2 96  0  0  0
 1  0   2816 3405584 6287240 21172380    0    0     0     0 17327 13882  1  2 97  0  0  0
 1  0   2816 3405584 6287240 21172372    0    0     0     0 17553 14235  1  2 96  0  0  0
 0  0   2816 3405584 6287240 21172372    0    0     0     0 17886 14548  2  2 96  0  0  0
 1  0   2816 3405584 6287248 21172380    0    0     0    20 17932 14818  1  3 96  0  0  0
 0  0   2816 3405584 6287256 21172380    0    0     0   132 17055 14667  2  3 96  0  0  0
 0  0   2816 3405584 6287256 21172380    0    0     0     0 18263 15773  2  3 96  0  0  0
 1  0   2816 3405584 6287256 21172372    0    0     0     0 18140 15308  1  3 96  0  0  0
 0  0   2816 3405584 6287256 21172388    0    0     0     0 18513 16416  2  3 96  0  0  0
 0  0   2816 3403820 6287256 21172392    0    0     0     8 12673 10733  1  2 97  0  0  0
 2  0   2816 3403820 6287272 21172376    0    0     0    92 13017 10670  1  1 97  0  0  0
 1  0   2816 3403308 6287272 21172392    0    0     0   236 17761 15415  2  3 95  0  0  0
 1  0   2816 3403820 6287272 21172392    0    0     0    88 17243 14281  1  2 96  0  0  0
 0  0   2816 3399724 6287272 21172392    0    0     0     0 17188 13969  1  2 97  0  0  0
 2  0   2816 3399724 6287272 21172376    0    0     0    32 15011 13244  1  2 97  0  0  0
 1  0   2816 3399724 6287272 21172376    0    0     0    20 18030 15023  2  3 96  0  0  0
 1  0   2816 3399724 6287288 21172392    0    0     0    48 17706 14874  2  3 96  0  0  0
 1  0   2816 3399724 6287288 21172376    0    0     0     4 17641 14576  2  3 95  0  0  0
 2  0   2816 3402688 6287288 21172372    0    0     0    96 18490 15913  2  3 95  0  0  0
 0  0   2816 3402688 6287288 21172380    0    0     0     0 17809 14207  2  3 95  0  0  0
procs -----------memory---------- ---swap-- -----io---- -system-- -------cpu-------
 r  b 交换 空闲 缓冲 缓存   si   so    bi    bo   in   cs us sy id wa st gu
 4  0   2816 3402688 6287288 21172380    0    0     0     0 17858 14318  1  3 96  0  0  0
 1  0   2816 3402688 6287288 21172372    0    0     0    40 17882 14468  2  3 96  0  0  0
 2  0   2816 3402440 6287304 21172396    0    0     0   104 18196 14882  2  3 95  0  0  0
 0  0   2816 3402440 6287304 21172388    0    0     0   212 17265 14256  2  3 95  0  0  0
 1  0   2816 3402440 6287304 21172388    0    0     0     0 12420 10045  1  1 98  0  0  0
 0  0   2816 3407072 6287304 21172380    0    0     0     0 12482 9966  1  2 97  0  0  0
 1  0   2816 3406824 6287304 21172388    0    0     0     0 15053 12957  2  2 96  0  0  0
 3  0   2816 3406824 6287304 21172388    0    0     0    32 14831 12184  1  2 97  0  0  0
 0  0   2816 3406824 6287312 21172388    0    0     0    52 15206 12521  1  2 96  0  0  0
 0  0   2816 3406824 6287312 21172388    0    0     0     4 11566 9733  1  2 97  0  0  0
 0  0   2816 3406572 6287320 21172380    0    0     0    96 15388 12280  1  2 97  0  0  0
 0  0   2816 3406572 6287320 21172388    0    0     0     0 16485 13415  1  3 96  0  0  0
 0  0   2816 3406572 6287320 21172388    0    0     0     0 18084 15102  2  3 95  0  0  0
 0  0   2816 3406572 6287320 21172388    0    0     0     0 17729 14484  2  3 95  0  0  0
 0  0   2816 3407332 6287328 21172380    0    0     0    12 17659 14757  1  3 96  0  0  0
 0  0   2816 3407332 6287328 21172380    0    0     0   112 17664 14148  2  3 95  0  0  0
 0  0   2816 3406832 6287336 21172388    0    0     0    20 18162 16065  2  3 95  0  0  0
 1  0   2816 3406832 6287336 21172388    0    0     0     0 17924 14851  2  2 96  0  0  0
 0  0   2816 3406832 6287336 21172380    0    0     0     0 18063 14884  2  3 95  0  0  0
 0  0   2816 3406320 6287336 21172380    0    0     0     0 16795 13596  1  3 96  0  0  0
 2  0   2816 3406832 6287344 21172388    0    0     0    12 11994 9597  1  2 97  0  0  0
procs -----------memory---------- ---swap-- -----io---- -system-- -------cpu-------
 r  b 交换 空闲 缓冲 缓存   si   so    bi    bo   in   cs us sy id wa st gu
 2  0   2816 3406832 6287352 21172392    0    0     0   196 12167 9744  1  2 97  0  0  0
 1  0   2816 3402512 6287352 21172384    0    0     0    88 17088 13997  2  3 96  0  0  0
 0  0   2816 3399280 6287352 21172384    0    0     0     0 16957 13887  2  3 96  0  0  0
 0  0   2816 3399028 6287352 21172388    0    0     0     0 17426 14670  1  3 96  0  0  0
 0  0   2816 3399028 6287352 21172396    0    0     0     0 13289 11462  1  2 97  0  0  0
 0  0   2816 3399028 6287368 21172388    0    0     0   240 17558 15435  2  3 95  0  0  0
 1  0   2816 3398020 6287368 21172388    0    0     0    76 15869 13296  2  2 96  0  0  0
 0  0   2816 3398024 6287368 21172388    0    0     0     0 15815 13254  2  2 96  0  0  0
 1  0   2816 3398024 6287368 21172380    0    0     0     0 15544 12203  2  3 96  0  0  0
 0  0   2816 3398024 6287368 21172380    0    0     0     0 17727 14341  1  3 96  0  0  0
 0  0   2816 3398336 6287368 21172388    0    0     0     8 17843 14631  2  3 95  0  0  0
 0  0   2816 3398336 6287384 21172388    0    0     0    52 17890 14567  2  3 95  0  0  0
 1  0   2816 3398096 6287384 21172388    0    0     0   244 17908 14345  1  2 96  0  0  0
 0  0   2816 3398096 6287384 21172380    0    0     0     0 18127 15035  2  3 95  0  0  0
 0  0   2816 3398096 6287384 21172388    0    0     0     0 15191 12291  1  2 97  0  0  0
 0  0   2816 3398096 6287384 21172388    0    0     0     0 12100 10588  1  2 97  0  0  0
 3  0   2816 3398096 6287392 21172380    0    0     0    44 13275 11087  1  2 97  0  0  0
 1  0   2816 3397584 6287400 21172380    0    0     0    12 16953 13899  1  2 96  0  0  0
 2  0   2816 3398096 6287400 21172380    0    0     0   112 17001 13615  2  3 95  0  0  0
 2  0   2816 3398096 6287400 21172388    0    0     0     0 16924 13687  2  2 96  0  0  0
 0  0   2816 3398096 6287400 21172388    0    0     0     0 13405 11244  1  2 96  0  0  0
procs -----------memory---------- ---swap-- -----io---- -system-- -------cpu-------
 r  b 交换 空闲 缓冲 缓存   si   so    bi    bo   in   cs us sy id wa st gu
 0  0   2816 3398096 6287400 21172388    0    0     0     0 17471 14327  2  3 95  0  0  0
 1  0   2816 3397848 6287400 21172380    0    0     0     8 17846 14429  2  3 96  0  0  0
 0  0   2816 3397848 6287416 21172388    0    0     0    28 17832 14523  1  2 96  0  0  0
 0  0   2816 3397848 6287416 21172388    0    0     0    88 15612 12444  1  2 97  0  0  0
 2  0   2816 3397848 6287416 21172416    0    0    24     0 15474 13727  2  2 96  0  0  0
 0  0   2816 3397848 6287416 21172408    0    0     0     0 14102 11768  1  2 97  0  0  0
 1  0   2816 3397848 6287416 21172408    0    0     0     0 17895 14798  2  2 96  0  0  0
 2  0   2816 3397848 6287416 21172424    0    0     0     0 17840 14737  2  3 96  0  0  0
 0  0   2816 3397848 6287432 21172416    0    0     0    44 17841 14459  1  3 96  0  0  0
 0  0   2816 3397848 6287432 21172416    0    0     0   328 17376 13968  1  2 96  0  0  0
 0  0   2816 3397848 6287432 21172424    0    0     0     0 12713 10672  1  2 97  0  0  0
 0  0   2816 3397848 6287432 21172416    0    0     0     0 12161 9645  1  2 97  0  0  0
 1  0   2816 3398100 6287432 21172416    0    0     0     0 15146 12713  2  2 96  0  0  0
 1  0   2816 3398100 6287440 21172420    0    0     0    44 16423 13379  1  3 96  0  0  0
 2  0   2816 3398100 6287448 21172416    0    0     0    12 16640 14346  1  3 96  0  0  0
 1  0   2816 3397588 6287448 21172416    0    0     0   100 15360 13004  1  2 97  0  0  0
 0  0   2816 3398100 6287448 21172424    0    0     0     0 13407 11470  1  2 97  0  0  0
 1  0   2816 3398100 6287448 21172424    0    0     0     0 17052 13621  1  2 96  0  0  0
 0  0   2816 3398100 6287448 21172424    0    0     0    16 17472 14263  1  2 96  0  0  0
 1  0   2816 3398100 6287448 21172416    0    0     0     0 17399 14202  2  3 96  0  0  0
 0  0   2816 3398100 6287464 21172416    0    0     0    40 17680 14639  1  3 96  0  0  0
procs -----------memory---------- ---swap-- -----io---- -system-- -------cpu-------
 r  b 交换 空闲 缓冲 缓存   si   so    bi    bo   in   cs us sy id wa st gu
 3  0   2816 3397852 6287468 21172420    0    0     0   268 17579 14251  2  2 96  0  0  0
 0  0   2816 3397852 6287468 21172424    0    0     0     0 13100 10764  1  2 97  0  0  0
 1  0   2816 3397852 6287468 21172424    0    0     0     0 13412 10583  1  2 97  0  0  0
 0  0   2816 3397604 6287468 21172424    0    0     0     0 13129 11246  1  2 97  0  0  0
 0  0   2816 3397604 6287476 21172424    0    0     0    28 15502 13284  2  3 96  0  0  0
 0  0   2816 3397604 6287484 21172424    0    0     0    32 16568 13705  1  2 96  0  0  0
 0  0   2816 3397604 6287484 21172424    0    0     0    88 14022 11154  1  2 97  0  0  0
 0  0   2816 3397604 6287484 21172424    0    0     0     0 12669 10543  1  2 96  0  0  0
 1  0   2816 3397604 6287484 21172424    0    0     0     0 14800 11954  1  2 97  0  0  0
 0  0   2816 3397604 6287484 21172424    0    0     0     0 17195 14381  1  3 96  0  0  0
 0  0   2816 3397604 6287484 21172416    0    0     0    20 17242 14202  1  2 96  0  0  0
 0  0   2816 3397604 6287500 21172416    0    0     0    40 15642 12599  1  2 97  0  0  0
 1  0   2816 3397604 6287500 21172416    0    0     0    84 13300 11005  1  2 97  0  0  0
 1  0   2816 3397604 6287500 21172416    0    0     0     0 17869 15545  2  3 95  0  0  0
 1  0   2816 3397092 6287500 21172416    0    0     0     0 17741 14844  2  3 95  0  0  0
 0  0   2816 3397604 6287500 21172416    0    0     0     0 17609 14362  2  2 96  0  0  0
 1  0   2816 3397604 6287500 21172416    0    0     0    12 17724 14216  1  2 97  0  0  0
 2  0   2816 3397604 6287516 21172416    0    0     0    40 17536 14308  2  3 96  0  0  0
 1  0   2816 3397604 6287516 21172416    0    0     0   240 17914 14517  2  2 96  0  0  0
 1  0   2816 3397604 6287516 21172416    0    0     0     0 17291 14318  1  2 96  0  0  0
 1  0   2816 3393284 6287516 21172416    0    0     0     0 17040 13892  2  2 96  0  0  0
procs -----------memory---------- ---swap-- -----io---- -system-- -------cpu-------
 r  b 交换 空闲 缓冲 缓存   si   so    bi    bo   in   cs us sy id wa st gu
 2  0   2816 3393288 6287520 21172412    0    0     0     8 15098 12816  1  2 97  0  0  0
 0  0   2816 3393288 6287524 21172416    0    0     0     4 12359 10028  1  1 98  0  0  0
 0  0   2816 3393288 6287532 21172416    0    0     0   184 11029 10087  1  2 97  0  0  0
 2  0   2816 3395520 6287532 21172416    0    0     0     4 11843 10482  1  2 97  0  0  0
 0  0   2816 3395108 6287532 21172416    0    0     0   136 16700 13941  1  2 97  0  0  0
 1  0   2816 3395108 6287532 21172416    0    0     0     0 16089 12698  1  2 97  0  0  0
 2  0   2816 3395108 6287540 21172416    0    0     0    12 16957 13487  1  3 96  0  0  0
 0  0   2816 3395108 6287540 21172416    0    0     0     4 13253 11199  1  1 98  0  0  0
 0  0   2816 3395108 6287548 21172416    0    0     0    28 17530 14277  2  2 96  0  0  0
 1  0   2816 3395108 6287548 21172416    0    0     0   212 17805 14716  1  2 96  0  0  0
 2  0   2816 3395108 6287548 21172408    0    0     0     0 18009 14643  1  2 97  0  0  0
 2  0   2816 3395108 6287548 21172408    0    0     0     0 17620 14295  1  2 96  0  0  0
 0  0   2816 3395108 6287556 21172408    0    0     0    12 17977 15371  1  2 96  0  0  0
 1  0   2816 3394596 6287564 21172400    0    0     0    28 18125 15474  2  2 96  0  0  0
 1  0   2816 3395108 6287564 21172408    0    0     0     0 17883 14572  1  2 97  0  0  0
 1  0   2816 3395108 6287564 21172408    0    0     0   112 17788 14578  1  3 96  0  0  0
 0  0   2816 3395108 6287564 21172408    0    0     0     0 14996 11940  1  2 97  0  0  0
 0  0   2816 3395108 6287564 21172408    0    0     0     0 11422 9094  1  2 97  0  0  0
 1  0   2816 3395108 6287572 21172408    0    0     0    12 13402 11021  1  2 97  0  0  0
 0  0   2816 3395108 6287580 21172408    0    0     0    16 17024 13830  1  2 96  0  0  0
 0  0   2816 3395108 6287580 21172412    0    0     0     0 17191 13873  1  2 96  0  0  0
procs -----------memory---------- ---swap-- -----io---- -system-- -------cpu-------
 r  b 交换 空闲 缓冲 缓存   si   so    bi    bo   in   cs us sy id wa st gu
 1  0   2816 3395108 6287580 21172412    0    0     0    88 16869 13400  1  2 96  0  0  0
 0  0   2816 3395108 6287580 21172416    0    0     0     0 11901 11759  1  2 97  0  0  0
 1  0   2816 3395108 6287580 21172416    0    0     0     0 17707 15106  2  3 96  0  0  0
 0  0   2816 3395108 6287596 21172416    0    0     0    52 17984 14935  2  3 96  0  0  0
 0  0   2816 3395108 6287596 21172536    0    0     0     0 18594 15653  2  2 96  0  0  0
 1  0   2816 3395108 6287596 21172536    0    0     0     0 17674 14473  2  2 96  0  0  0
 1  0   2816 3395108 6287596 21172544    0    0     0   320 17905 14377  1  3 96  0  0  0
 0  0   2816 3395108 6287596 21172536    0    0     0     0 18103 14925  1  3 96  0  0  0
 0  0   2816 3395108 6287596 21172536    0    0     0    12 17988 14968  2  2 96  0  0  0
 2  0   2816 3395108 6287612 21172544    0    0     0    60 18638 15721  1  3 95  0  0  0
 0  0   2816 3395108 6287612 21172544    0    0     0     0 16970 13575  2  2 96  0  0  0
 1  0   2816 3395108 6287612 21172536    0    0     0     0 15139 12953  1  2 97  0  0  0
 0  0   2816 3395108 6287612 21172544    0    0     0     4 10721 9326  1  1 98  0  0  0
 1  0   2816 3395108 6287612 21172544    0    0     0   112 10729 9130  1  2 97  0  0  0
 0  0   2816 3395108 6287612 21172544    0    0     0    20 16498 13097  1  2 96  0  0  0
 0  0   2816 3395108 6287628 21172536    0    0     0    40 17100 13920  2  2 96  0  0  0
 0  0   2816 3395108 6287628 21172536    0    0     0     0 17040 13562  1  2 96  0  0  0
 3  0   2816 3395108 6287628 21172544    0    0     0     0 13982 11983  2  2 96  0  0  0
 0  0   2816 3395108 6287628 21172560    0    0     0   240 17500 14081  1  2 96  0  0  0
 0  0   2816 3395108 6287628 21172560    0    0     0     0 17896 14778  2  2 96  0  0  0
 2  0   2816 3395108 6287628 21172560    0    0     0    12 17972 14515  2  3 95  0  0  0
procs -----------memory---------- ---swap-- -----io---- -system-- -------cpu-------
 r  b 交换 空闲 缓冲 缓存   si   so    bi    bo   in   cs us sy id wa st gu
 3  0   2816 3394596 6287636 21172544    0    0     0    12 17663 15201  1  3 96  0  0  0
 0  0   2816 3395108 6287644 21172540    0    0     0    16 17686 14618  2  2 96  0  0  0
 0  0   2816 3394856 6287644 21172560    0    0     0     0 17692 14698  1  3 96  0  0  0
 0  0   2816 3394856 6287644 21172560    0    0     0   152 17967 14314  1  3 96  0  0  0
 0  0   2816 3394856 6287644 21172560    0    0     0     0 18047 14777  2  3 95  0  0  0
 1  0   2816 3394856 6287644 21172544    0    0     0     0 14960 11989  1  2 96  0  0  0
 0  0   2816 3394856 6287652 21172560    0    0     0    12 12632 10076  1  2 97  0  0  0
 1  0   2816 3394856 6287660 21172552    0    0     0    16 13974 11309  1  2 97  0  0  0
 0  0   2816 3394856 6287660 21172560    0    0     0     0 17315 14204  1  3 96  0  0  0
 0  0   2816 3394344 6287660 21172544    0    0     0    72 17310 13993  2  3 96  0  0  0
 0  0   2816 3394856 6287660 21172544    0    0     0     0 14542 13233  1  2 96  0  0  0
 0  0   2816 3399512 6287660 21172560    0    0     0     0 14999 12827  2  2 96  0  0  0
 1  0   2816 3399512 6287668 21172560    0    0     0    12 17893 14773  2  3 96  0  0  0
 1  0   2816 3399512 6287676 21172552    0    0     0    28 17521 14218  2  2 96  0  0  0
 1  0   2816 3399512 6287676 21172552    0    0     0     0 17688 14358  2  3 96  0  0  0
 0  0   2816 3399512 6287676 21172552    0    0     0   940 17999 14838  2  3 95  0  0  0
 2  0   2816 3395416 6287676 21172552    0    0     0     0 17853 15244  2  3 95  0  0  0
 0  0   2816 3402328 6287684 21172544    0    0     0   188 18327 15533  2  3 95  0  0  0
 1  0   2816 3401312 6287692 21172548    0    0     0    24 18797 16271  2  3 95  0  0  0
 0  0   2816 3401824 6287692 21172548    0    0     0     0 18076 14610  2  3 96  0  0  0
 0  0   2816 3402080 6287692 21172556    0    0     0   208 18297 15835  2  3 95  0  0  0
procs -----------memory---------- ---swap-- -----io---- -system-- -------cpu-------
 r  b 交换 空闲 缓冲 缓存   si   so    bi    bo   in   cs us sy id wa st gu
 1  0   2816 3402080 6287692 21172556    0    0     0   152 18347 15542  2  3 96  0  0  0
 0  0   2816 3402080 6287700 21172556    0    0     0    64 13454 11650  2  2 96  0  0  0
 0  0   2816 3402080 6287700 21172556    0    0     0     0 11863 9933  1  2 97  0  0  0
 0  0   2816 3402080 6287708 21172556    0    0     0    24 14790 11933  1  2 97  0  0  0
 1  0   2816 3402080 6287708 21172556    0    0     0     0 17100 13680  2  3 96  0  0  0
 1  0   2816 3401828 6287708 21172556    0    0     0     0 17071 14229  2  2 96  0  0  0
 1  0   2816 3401828 6287708 21172556    0    0     0   252 17074 13766  1  2 97  0  0  0
 1  0   2816 3401828 6287716 21172556    0    0     0    24 13063 11473  1  2 97  0  0  0
 0  0   2816 3401828 6287716 21172556    0    0     0    12 17765 14263  2  3 96  0  0  0
 0  0   2816 3401828 6287724 21172556    0    0     0    12 17821 15222  2  2 96  0  0  0
 0  0   2816 3401828 6287724 21172556    0    0     0     0 18015 14928  2  2 96  0  0  0
 0  0   2816 3401828 6287732 21172548    0    0     0   248 18384 15390  2  3 95  0  0  0
 0  0   2816 3401828 6287732 21172556    0    0     0   132 17788 14259  2  2 96  0  0  0
 0  0   2816 3401828 6287732 21172556    0    0     0     0 18026 14531  2  3 95  0  0  0
 0  0   2816 3401828 6287732 21172548    0    0     0     0 18141 14564  2  2 96  0  0  0
 0  0   2816 3401316 6287740 21172548    0    0     0    12 17847 14799  2  3 95  0  0  0
 0  0   2816 3401828 6287748 21172556    0    0     0    44 12346 9767  1  2 98  0  0  0
 1  0   2816 3401828 6287748 21172548    0    0     0     0 12663 10226  1  2 97  0  0  0
 1  0   2816 3401828 6287748 21172548    0    0     0    60 15873 12529  1  3 96  0  0  0
 1  0   2816 3401828 6287748 21172556    0    0     0     0 17243 15105  2  3 95  0  0  0
 1  0   2816 3401828 6287748 21172556    0    0     0     0 17306 14478  2  3 96  0  0  0
procs -----------memory---------- ---swap-- -----io---- -system-- -------cpu-------
 r  b 交换 空闲 缓冲 缓存   si   so    bi    bo   in   cs us sy id wa st gu
 1  0   2816 3401828 6287756 21172556    0    0     0    36 12076 10845  1  1 97  0  0  0
 1  0   2816 3401828 6287764 21172556    0    0     0    28 17773 14863  2  3 95  0  0  0
 0  0   2816 3401828 6287764 21172548    0    0     0     0 17887 14497  1  3 96  0  0  0
 1  0   2816 3401316 6287764 21172548    0    0     0   228 17716 14117  2  3 96  0  0  0
 0  0   2816 3401828 6287764 21172556    0    0     0    84 17861 14730  1  3 96  0  0  0
 1  0   2816 3407136 6287764 21172556    0    0     0     0 17798 14379  2  3 96  0  0  0
 2  0   2816 3406884 6287780 21172556    0    0     0    56 18204 15572  2  3 95  0  0  0
 1  0   2816 3406884 6287780 21172548    0    0     0     0 17857 14451  1  3 96  0  0  0
 2  0   2816 3406636 6287780 21172556    0    0     0     0 18251 15489  2  3 96  0  0  0
 0  0   2816 3406636 6287780 21172556    0    0     0    76 17889 15066  2  3 95  0  0  0
 1  0   2816 3406384 6287780 21172548    0    0     0     0 17906 14705  2  2 96  0  0  0
 2  0   2816 3406384 6287780 21172556    0    0     0     0 16670 13670  1  3 96  0  0  0
 0  0   2816 3406384 6287796 21172556    0    0     0    44 12530 10154  1  2 97  0  0  0
 0  0   2816 3406384 6287796 21172548    0    0     0     0 12455 9901  1  2 97  0  0  0
 0  0   2816 3406384 6287796 21172548    0    0     0     0 16519 13533  1  3 96  0  0  0
 3  0   2816 3406384 6287796 21172548    0    0     0   252 17470 14058  2  3 96  0  0  0
 0  0   2816 3411876 6287796 21172548    0    0     0     0 17419 14783  2  3 96  0  0  0
 0  0   2816 3411876 6287796 21172548    0    0     0    16 13261 11639  1  2 97  0  0  0
 0  0   2816 3411624 6287812 21172548    0    0     0    28 16624 14181  2  3 96  0  0  0
 0  0   2816 3411372 6287812 21172548    0    0     0     0 18121 15248  2  3 95  0  0  0
 1  0   2816 3411372 6287812 21172552    0    0     0     0 17999 15018  2  3 96  0  0  0
procs -----------memory---------- ---swap-- -----io---- -system-- -------cpu-------
 r  b 交换 空闲 缓冲 缓存   si   so    bi    bo   in   cs us sy id wa st gu
 1  0   2816 3411372 6287812 21172552    0    0     0   144 18220 14962  2  3 96  0  0  0
 0  0   2816 3410860 6287812 21172556    0    0     0     0 17831 14563  1  2 96  0  0  0
 2  0   2816 3411372 6287812 21172556    0    0     0     0 17992 14725  1  2 96  0  0  0
 1  0   2816 3409608 6287828 21172556    0    0     0    40 18250 15166  2  2 96  0  0  0
 0  0   2816 3409608 6287828 21172556    0    0     0     0 18009 14476  1  3 96  0  0  0
 0  0   2816 3409608 6287828 21172556    0    0     0     0 18714 15942  1  2 96  0  0  0
 0  0   2816 3409108 6287828 21172556    0    0     0    12 13181 11175  1  2 97  0  0  0
 2  0   2816 3408860 6287828 21172556    0    0     0     0 13352 12792  1  2 97  0  0  0
 0  0   2816 3408860 6287836 21172556    0    0     0    52 15839 13597  1  2 97  0  0  0
 0  0   2816 3408860 6287844 21172556    0    0     0    12 17319 14517  1  2 97  0  0  0
 0  0   2816 3408860 6287844 21172556    0    0     0     0 17772 14688  2  2 96  0  0  0
 0  0   2816 3408860 6287844 21172556    0    0     0   112 12632 11230  1  2 98  0  0  0
 1  0   2816 3408860 6287844 21172556    0    0     0   160 17612 14971  1  2 97  0  0  0
 2  0   2816 3408860 6287844 21172556    0    0     0    12 17946 14819  1  2 96  0  0  0
 1  0   2816 3404288 6287844 21172556    0    0     0     0 15771 13375  1  2 97  0  0  0
 0  0   2816 3404288 6287860 21172556    0    0     0    44 16764 14706  1  2 96  0  0  0
 1  0   2816 3404288 6287860 21172556    0    0     0    68 17524 14109  1  2 96  0  0  0
 1  0   2816 3405296 6287860 21172556    0    0     0   184 18305 15835  2  2 96  0  0  0
 0  0   2816 3405072 6287860 21172556    0    0     0     4 18595 17198  2  3 95  0  0  0
 0  0   2816 3404824 6287860 21172560    0    0     0     0 18567 15916  2  2 96  0  0  0
 0  0   2816 3404312 6287868 21172552    0    0     0    36 17884 15104  1  3 96  0  0  0
procs -----------memory---------- ---swap-- -----io---- -system-- -------cpu-------
 r  b 交换 空闲 缓冲 缓存   si   so    bi    bo   in   cs us sy id wa st gu
 1  0   2816 3404824 6287876 21172560    0    0     0    12 18117 15006  1  2 96  0  0  0
 0  0   2816 3404824 6287876 21172560    0    0     0   116 18372 16666  1  2 97  0  0  0
 0  0   2816 3404068 6287876 21172560    0    0     0     0 13266 12137  1  2 97  0  0  0
 0  0   2816 3404068 6287876 21172560    0    0     0   160 13072 11456  1  2 97  0  0  0
 0  0   2816 3404068 6287876 21172560    0    0     0     0 14755 13402  2  2 96  0  0  0
 1  0   2816 3404068 6287884 21172560    0    0     0    44 17040 14802  1  2 97  0  0  0
 2  0   2816 3404068 6287892 21172560    0    0     0    12 16832 15164  1  3 96  0  0  0
 2  0   2816 3404068 6287892 21172560    0    0     0    56 17621 17569  2  2 96  0  0  0
 0  0   2816 3404068 6287892 21172560    0    0     0     0 13215 11859  1  2 97  0  0  0
 0  0   2816 3404068 6287892 21172560    0    0     0     4 17347 13846  1  3 96  0  0  0
 0  0   2816 3404068 6287892 21172560    0    0     0    16 17976 15017  2  2 96  0  0  0
 1  0   2816 3404068 6287900 21172552    0    0     0    16 17787 14308  1  2 96  0  0  0
 1  0   2816 3404068 6287908 21172560    0    0     0   120 17828 14750  2  2 96  0  0  0
 0  0   2816 3404068 6287908 21172560    0    0     0     0 17528 14161  2  2 96  0  0  0
 2  0   2816 3404068 6287908 21172560    0    0     0     0 17983 14393  2  2 96  0  0  0
 2  0   2816 3404068 6287908 21172560    0    0     0     4 17855 14433  1  2 97  0  0  0
 1  0   2816 3404068 6287908 21172560    0    0     0     0 17965 14793  2  3 96  0  0  0
 0  0   2816 3404068 6287916 21172560    0    0     0    28 17004 15033  2  3 96  0  0  0
 0  0   2816 3404068 6287924 21172560    0    0     0    12 12783 10840  1  2 97  0  0  0
 0  0   2816 3404068 6287924 21172560    0    0     0   108 13436 11934  1  2 97  0  0  0
 0  0   2816 3404068 6287924 21172564    0    0     0     0 16173 14341  2  2 96  0  0  0
procs -----------memory---------- ---swap-- -----io---- -system-- -------cpu-------
 r  b 交换 空闲 缓冲 缓存   si   so    bi    bo   in   cs us sy id wa st gu
 1  0   2816 3404068 6287924 21172564    0    0     0   240 16597 13258  1  2 97  0  0  0
 1  0   2816 3404068 6287924 21172568    0    0     0     0 16820 13852  2  3 96  0  0  0
 0  0   2816 3404068 6287924 21172568    0    0     0     0 12947 11100  1  2 97  0  0  0
 1  0   2816 3402552 6287940 21172568    0    0     0    56 15997 14701  2  2 96  0  0  0
 0  0   2816 3402552 6287940 21172568    0    0     0    56 17191 14455  1  3 96  0  0  0
 1  0   2816 3402552 6287940 21172568    0    0     0     0 16646 13473  1  3 96  0  0  0
 0  0   2816 3402552 6287940 21172568    0    0     0     4 16751 15071  2  2 96  0  0  0
 0  0   2816 3402040 6287940 21172568    0    0     0     0 17525 14519  2  2 96  0  0  0
 1  0   2816 3402552 6287940 21172568    0    0     0    16 18094 14504  1  2 96  0  0  0
 0  0   2816 3402552 6287956 21172568    0    0     0    56 18052 14797  2  2 96  0  0  0
 0  0   2816 3402552 6287956 21172568    0    0     0   128 17808 14300  1  2 96  0  0  0
 2  0   2816 3402552 6287956 21172568    0    0     0     0 18019 14649  2  3 95  0  0  0
 1  0   2816 3402552 6287956 21172568    0    0     0   156 18044 14668  2  3 96  0  0  0
 0  0   2816 3402552 6287956 21172568    0    0     0     0 18080 14814  1  3 96  0  0  0
 0  0   2816 3402552 6287956 21172568    0    0     0    32 17526 14517  1  3 96  0  0  0
 2  0   2816 3402552 6287972 21172568    0    0     0    28 12878 10428  1  2 97  0  0  0
 1  0   2816 3402552 6287972 21172568    0    0     0     0 12493 11105  1  2 97  0  0  0
 1  0   2816 3402552 6287972 21172568    0    0     0   108 14033 11780  1  2 97  0  0  0
 1  0   2816 3402552 6287972 21172568    0    0     0     4 16925 13405  1  3 96  0  0  0
 0  0   2816 3402552 6287972 21172568    0    0     0     0 17464 14430  2  3 95  0  0  0
 2  0   2816 3402552 6287980 21172568    0    0     0    16 17008 13613  2  3 95  0  0  0
procs -----------memory---------- ---swap-- -----io---- -system-- -------cpu-------
 r  b 交换 空闲 缓冲 缓存   si   so    bi    bo   in   cs us sy id wa st gu
 1  0   2816 3402552 6287988 21172568    0    0     0    12 12179 10902  1  2 97  0  0  0
 0  0   2816 3402552 6287988 21172568    0    0     0    64 16933 13634  1  3 96  0  0  0
 0  0   2816 3402552 6287988 21172568    0    0     0     0 17792 14422  2  2 96  0  0  0
 0  0   2816 3402552 6287988 21172568    0    0     0     4 17736 14269  1  3 96  0  0  0
 0  0   2816 3402300 6287988 21172568    0    0     0     0 16925 13913  1  3 96  0  0  0
 0  0   2816 3402300 6287996 21172572    0    0     0    28 16915 15531  2  3 96  0  0  0
 0  0   2816 3402300 6288004 21172572    0    0     0    32 16934 14533  2  3 96  0  0  0
 0  0   2816 3402300 6288004 21172572    0    0     0    84 16270 12957  2  2 96  0  0  0
 0  0   2816 3402300 6288004 21172572    0    0     0     0 15932 13230  2  3 96  0  0  0
 1  0   2816 3402300 6288004 21172572    0    0     0   156 17649 15033  2  3 95  0  0  0
 0  0   2816 3393660 6288004 21172572    0    0     0    20 17516 14927  1  3 96  0  0  0
 2  0   2816 3398160 6288004 21172572    0    0     0     0 12716 10459  1  2 97  0  0  0
 0  0   2816 3398160 6288020 21172564    0    0     0    52 13068 11070  1  2 96  0  0  0
 0  0   2816 3397908 6288020 21172576    0    0     0    52 15469 12158  1  2 96  0  0  0
 0  0   2816 3397908 6288020 21172576    0    0     0   156 17248 14151  2  3 96  0  0  0
 0  0   2816 3397296 6288020 21172576    0    0     0     4 17299 15366  2  3 95  0  0  0
 3  0   2816 3402436 6288020 21172576    0    0     0     0 15070 13057  2  2 96  0  0  0
 1  0   2816 3402436 6288020 21172576    0    0     0    12 13182 11131  1  2 97  0  0  0
 2  0   2816 3402436 6288036 21172576    0    0     0    44 17672 14657  2  2 96  0  0  0
 0  0   2816 3402184 6288036 21172576    0    0     0   140 17536 14483  2  3 96  0  0  0
 0  0   2816 3402184 6288036 21172580    0    0     0     0 17756 14330  2  3 96  0  0  0
procs -----------memory---------- ---swap-- -----io---- -system-- -------cpu-------
 r  b 交换 空闲 缓冲 缓存   si   so    bi    bo   in   cs us sy id wa st gu
 0  0   2816 3402184 6288036 21172580    0    0     0   160 17444 14242  1  3 96  0  0  0
 0  0   2816 3402184 6288036 21172584    0    0     0     0 17905 14636  2  3 96  0  0  0
 0  0   2816 3402184 6288036 21172584    0    0     0    12 17688 14364  2  2 96  0  0  0
 0  0   2816 3398404 6288052 21172588    0    0     0    52 18119 15631  1  3 96  0  0  0
 1  0   2816 3398404 6288052 21172588    0    0     0    92 16552 14626  2  2 96  0  0  0
 0  0   2816 3398404 6288052 21172588    0    0     0     0 15867 13125  1  2 96  0  0  0
 0  0   2816 3398404 6288052 21172588    0    0     0     4 17868 14846  1  3 96  0  0  0
 1  0   2816 3398928 6288052 21172588    0    0     0     0 15980 13451  2  2 96  0  0  0
 0  0   2816 3398928 6288052 21172588    0    0     0    28 12579 10057  1  2 97  0  0  0
 1  0   2816 3398928 6288068 21172588    0    0     0    76 12588 10272  1  2 97  0  0  0
 1  0   2816 3398676 6288068 21172596    0    0     0   116 15318 12438  1  2 97  0  0  0
 0  0   2816 3398172 6288068 21172596    0    0     0     0 17039 14081  2  2 96  0  0  0
 0  0   2816 3398172 6288068 21172596    0    0     0     4 16902 13454  1  3 96  0  0  0
 1  0   2816 3398172 6288068 21172596    0    0     0     0 17176 14007  1  3 96  0  0  0
 1  0   2816 3397676 6288068 21172596    0    0     0    52 12025 11817  1  2 97  0  0  0
 0  0   2816 3397676 6288076 21172596    0    0     0    24 17300 14196  1  3 96  0  0  0
 1  0   2816 3397676 6288076 21172596    0    0     0    96 17446 13963  2  3 95  0  0  0
 0  0   2816 3397676 6288084 21172596    0    0     0    28 18240 15486  2  3 95  0  0  0
 0  0   2816 3397676 6288084 21172596    0    0     0   232 17763 14618  1  3 96  0  0  0
 0  0   2816 3398716 6288084 21172596    0    0     0     0 17613 14527  1  3 96  0  0  0
 0  0   2816 3398604 6288084 21172596    0    0     0    12 17714 14366  1  3 96  0  0  0
procs -----------memory---------- ---swap-- -----io---- -system-- -------cpu-------
 r  b 交换 空闲 缓冲 缓存   si   so    bi    bo   in   cs us sy id wa st gu
 1  0   2816 3398104 6288092 21172596    0    0     0    12 18442 15649  2  3 95  0  0  0
 0  0   2816 3398104 6288100 21172596    0    0     0    80 17682 14163  2  3 95  0  0  0
 0  0   2816 3398104 6288100 21172596    0    0     0     0 17399 14165  2  3 95  0  0  0
 0  0   2816 3398104 6288100 21172588    0    0     0     4 11994 11268  1  2 97  0  0  0
 0  0   2816 3398104 6288100 21172588    0    0     0     0 11067 9213  1  1 98  0  0  0
 0  0   2816 3398104 6288100 21172588    0    0     0     0 12668 10197  1  2 97  0  0  0
 0  0   2816 3398104 6288108 21172588    0    0     0    12 16754 13688  2  3 95  0  0  0
 1  0   2816 3398104 6288108 21172588    0    0     0   140 16968 13580  1  2 96  0  0  0
 0  0   2816 3398104 6288116 21172588    0    0     0    32 17293 14163  2  3 96  0  0  0
 2  0   2816 3398104 6288116 21172588    0    0     0   160 11295 10205  1  1 97  0  0  0
 1  0   2816 3398104 6288116 21172588    0    0     0     0 17367 14131  1  3 96  0  0  0
 1  0   2816 3398104 6288116 21172588    0    0     0     0 17956 14208  1  3 96  0  0  0
 1  0   2816 3398104 6288124 21172588    0    0     0    12 17754 14477  2  3 95  0  0  0
 2  0   2816 3397852 6288132 21172588    0    0     0   124 17908 15653  2  3 96  0  0  0
 0  0   2816 3397852 6288132 21172588    0    0     0     0 18114 14846  1  3 96  0  0  0
 1  0   2816 3397852 6288132 21172588    0    0     0     4 17911 14334  1  3 96  0  0  0
 1  0   2816 3397852 6288132 21172588    0    0     0     0 18030 14609  2  2 96  0  0  0
 0  0   2816 3397852 6288132 21172588    0    0     0     0 18333 14745  2  3 96  0  0  0
 1  0   2816 3397852 6288140 21172588    0    0     0    12 18053 15129  2  2 96  0  0  0
 0  0   2816 3397852 6288140 21172592    0    0     0    56 16536 13427  1  2 97  0  0  0
 0  0   2816 3397852 6288148 21172592    0    0     0    16 12661 10489  1  2 97  0  0  0
procs -----------memory---------- ---swap-- -----io---- -system-- -------cpu-------
 r  b 交换 空闲 缓冲 缓存   si   so    bi    bo   in   cs us sy id wa st gu
 3  0   2816 3397852 6288148 21172596    0    0     0     8 10520 8232  1  2 98  0  0  0
 1  0   2816 3397628 6288148 21172596    0    0     0     0 10188 8614  1  2 98  0  0  0
 1  0   2816 3397628 6288148 21172596    0    0     0     0 16878 14732  2  2 96  0  0  0
 1  0   2816 3397628 6288156 21172596    0    0     0    24 17038 13968  1  2 96  0  0  0
 0  0   2816 3397628 6288164 21172588    0    0     0   140 17084 13829  1  2 97  0  0  0
 0  0   2816 3397628 6288164 21172596    0    0     0     0 14219 12351  1  2 97  0  0  0
 1  0   2816 3397628 6288164 21172596    0    0     0   156 15443 12673  2  2 97  0  0  0
 2  0   2816 3397628 6288164 21172596    0    0     0     0 17940 14893  2  3 96  0  0  0
 2  0   2816 3397376 6288164 21172596    0    0     0    12 18044 14523  1  2 96  0  0  0
 1  0   2816 3397376 6288172 21172600    0    0     0    12 18436 15486  2  2 96  0  0  0
 0  0   2816 3397376 6288180 21172600    0    0     0   108 17746 14252  1  2 96  0  0  0
 1  0   2816 3397376 6288180 21172600    0    0     0   200 18010 14673  1  2 96  0  0  0
 0  0   2816 3397124 6288180 21172600    0    0     0     4 18126 15960  1  2 96  0  0  0
 0  0   2816 3402788 6288180 21172600    0    0     0     0 18308 14967  2  2 96  0  0  0
 0  0   2816 3402788 6288180 21172600    0    0     0     0 17716 14155  2  2 96  0  0  0
 0  0   2816 3402536 6288188 21172600    0    0     0    16 16500 13600  1  3 96  0  0  0
 0  0   2816 3402284 6288196 21172600    0    0     0   148 12461 9865  1  2 97  0  0  0
 1  0   2816 3402284 6288196 21172600    0    0     0     0 12520 10523  1  2 97  0  0  0
 0  0   2816 3402284 6288196 21172600    0    0     0   156 15656 12385  1  2 96  0  0  0
 0  0   2816 3405132 6288196 21172600    0    0     0     0 17413 14397  2  2 96  0  0  0
 0  0   2816 3405132 6288196 21172600    0    0     0     0 17264 13699  2  2 96  0  0  0
procs -----------memory---------- ---swap-- -----io---- -system-- -------cpu-------
 r  b 交换 空闲 缓冲 缓存   si   so    bi    bo   in   cs us sy id wa st gu
 1  0   2816 3405132 6288204 21172600    0    0     0    44 13749 11465  1  2 98  0  0  0
 2  0   2816 3405132 6288212 21172600    0    0     0    96 14624 13472  1  2 97  0  0  0
 2  0   2816 3405132 6288212 21172600    0    0     0     0 17850 14616  2  2 96  0  0  0
 0  0   2816 3405132 6288212 21172600    0    0     0     4 17787 14240  2  3 96  0  0  0
 1  0   2816 3405132 6288212 21172600    0    0     0     0 17845 14673  2  3 95  0  0  0
 0  0   2816 3405132 6288212 21172600    0    0     0     0 18202 15405  2  3 96  0  0  0
 1  0   2816 3404620 6288220 21172592    0    0     0   176 18167 15786  2  2 96  0  0  0
 1  0   2816 3405132 6288228 21172592    0    0     0    48 17868 14781  1  3 96  0  0  0
 0  0   2816 3405132 6288228 21172592    0    0     0     0 18678 15709  2  3 95  0  0  0
 0  0   2816 3405132 6288228 21172592    0    0     0     4 18279 14589  1  2 96  0  0  0
 0  0   2816 3404660 6288228 21172592    0    0     0     0 18723 15566  2  3 95  0  0  0
 0  0   2816 3404408 6288236 21172596    0    0     0    88 18351 16226  2  3 96  0  0  0
 1  0   2816 3404408 6288236 21172596    0    0     0    20 14654 12273  1  2 97  0  0  0
 0  0   2816 3398636 6288244 21172592    0    0     0   148 11487 9564  1  2 97  0  0  0
 0  0   2816 3398616 6288244 21172600    0    0     0     0 12123 10513  1  2 97  0  0  0
 1  0   2816 3398616 6288244 21172600    0    0     0   236 15689 12903  1  3 96  0  0  0
 1  0   2816 3394268 6288244 21172600    0    0     0    20 17572 15140  2  3 95  0  0  0
 0  0   2816 3394268 6288252 21172600    0    0     0    44 17337 14224  1  2 96  0  0  0
 0  0   2816 3394268 6288252 21172600    0    0     0    12 17669 15033  1  3 96  0  0  0
 1  0   2816 3394268 6288260 21172596    0    0     0    88 12426 10672  1  2 97  0  0  0
 1  0   2816 3394268 6288260 21172608    0    0     0     0 17717 14790  2  3 95  0  0  0
procs -----------memory---------- ---swap-- -----io---- -system-- -------cpu-------
 r  b 交换 空闲 缓冲 缓存   si   so    bi    bo   in   cs us sy id wa st gu
 2  0   2816 3394268 6288260 21172608    0    0     0     8 17821 15742  2  3 96  0  0  0
 0  0   2816 3394268 6288260 21172608    0    0     0    32 18155 15296  2  2 96  0  0  0
 0  0   2816 3394268 6288268 21172608    0    0     0    24 18082 14808  2  3 96  0  0  0
 0  0   2816 3394268 6288268 21172608    0    0     0     4 20078 21005  2  2 96  0  0  0
 1  0   2816 3394268 6288276 21172600    0    0     0   128 20710 22418  2  2 95  0  0  0
 0  0   2816 3394660 6288276 21172624    0    0     0     0 21429 24434  2  3 94  0  0  0
 0  0   2816 3394660 6288276 21172624    0    0     0   160 20527 21898  2  3 96  0  0  0
 0  0   2816 3394660 6288276 21172624    0    0     0    24 15750 15503  1  2 97  0  0  0
 0  0   2816 3394660 6288284 21172624    0    0     0    24 15465 17697  1  2 96  0  0  0
 0  0   2816 3401208 6288284 21172608    0    0     0    16 13401 11474  1  2 97  0  0  0
 0  0   2816 3401208 6288292 21172600    0    0     0   128 17815 15955  2  3 95  0  0  0
 0  0   2816 3401208 6288292 21172608    0    0     0     0 17792 15474  2  3 96  0  0  0
 2  0   2816 3401208 6288292 21172608    0    0     0     4 17296 14073  2  3 96  0  0  0
 0  0   2816 3397428 6288292 21172612    0    0     0    44 11830 11148  1  2 97  0  0  0
 0  0   2816 3397428 6288300 21172612    0    0     0    52 17582 13891  1  3 96  0  0  0
 0  0   2816 3397428 6288308 21172604    0    0     0   156 18108 15004  2  3 96  0  0  0
 0  0   2816 3397808 6288308 21172612    0    0     0     0 17684 14297  1  3 96  0  0  0
 0  0   2816 3397808 6288308 21172620    0    0     0     0 18356 14992  1  3 96  0  0  0
 1  0   2816 3397808 6288308 21172620    0    0     0    48 18028 14292  1  3 96  0  0  0
 2  0   2816 3398060 6288308 21172620    0    0     0     0 17912 14674  1  3 95  0  0  0
 1  1   2816 3397808 6288316 21172620    0    0     0   128 18294 15901  2  3 95  0  0  0
procs -----------memory---------- ---swap-- -----io---- -system-- -------cpu-------
 r  b 交换 空闲 缓冲 缓存   si   so    bi    bo   in   cs us sy id wa st gu
 3  0   2816 3397808 6288316 21172620    0    0     0    20 18143 14771  1  3 96  0  0  0
 1  0   2816 3397808 6288316 21172620    0    0     0     0 17599 14360  2  3 95  0  0  0
 0  0   2816 3397808 6288324 21172620    0    0     0    28 18302 15182  2  3 96  0  0  0
 1  0   2816 3397296 6288324 21172620    0    0     0   160 17674 14220  1  2 96  0  0  0
 0  0   2816 3397808 6288324 21172620    0    0     0    12 10667 10164  1  2 97  0  0  0
 1  0   2816 3397556 6288332 21172620    0    0     0   120 12403 10292  1  2 97  0  0  0
 0  0   2816 3397808 6288332 21172620    0    0     0     0 13003 11272  1  2 97  0  0  0
 0  0   2816 3401180 6288332 21172620    0    0     0     0 13058 10410  1  2 97  0  0  0
 0  0   2816 3400928 6288340 21172620    0    0     0   184 17003 14077  2  3 95  0  0  0
 0  0   2816 3400416 6288340 21172620    0    0     0     4 17293 15585  2  3 96  0  0  0
 2  0   2816 3399920 6288340 21172620    0    0     0     0 17029 14268  1  3 96  0  0  0
 0  0   2816 3399920 6288348 21172620    0    0     0   108 13508 11361  1  2 97  0  0  0
 1  0   2816 3399920 6288348 21172620    0    0     0     0 15300 12906  1  2 96  0  0  0
 0  0   2816 3399920 6288348 21172620    0    0     0     0 17525 13941  2  2 96  0  0  0
 0  0   2816 3399920 6288356 21172620    0    0     0    28 17569 14416  2  2 96  0  0  0
 0  0   2816 3399920 6288356 21172620    0    0     0   156 17835 14505  1  3 96  0  0  0
 1  0   2816 3399668 6288356 21172620    0    0     0     0 17897 14992  2  3 96  0  0  0
 0  0   2816 3399668 6288364 21172620    0    0     0    84 17954 14324  1  3 96  0  0  0
 0  0   2816 3399668 6288364 21172620    0    0     0     0 17951 14521  2  3 96  0  0  0
 0  0   2816 3399668 6288372 21172624    0    0     0    32 18082 15840  2  3 95  0  0  0
 0  0   2816 3399668 6288372 21172624    0    0     0     0 17693 14357  1  3 96  0  0  0
procs -----------memory---------- ---swap-- -----io---- -system-- -------cpu-------
 r  b 交换 空闲 缓冲 缓存   si   so    bi    bo   in   cs us sy id wa st gu
 1  0   2816 3399668 6288372 21172628    0    0     0     8 13437 10743  1  2 97  0  0  0
 1  0   2816 3399668 6288372 21172628    0    0     0     0 12562 10236  1  2 97  0  0  0
 0  0   2816 3399668 6288380 21172628    0    0     0   112 12462 9801  1  2 97  0  0  0
 0  0   2816 3399668 6288380 21172628    0    0     0     0 15629 12662  2  2 96  0  0  0
 0  0   2816 3399668 6288388 21172628    0    0     0    32 15567 12781  2  2 96  0  0  0
 0  0   2816 3399668 6288388 21172628    0    0     0     0 15627 12523  1  2 97  0  0  0
 0  0   2816 3399668 6288388 21172628    0    0     0     4 12811 10630  1  2 97  0  0  0
 1  0   2816 3399668 6288388 21172628    0    0     0    12 13013 10856  1  2 97  0  0  0
 2  0   2816 3399668 6288396 21172628    0    0     0   112 15996 14088  1  2 96  0  0  0
 1  0   2816 3399668 6288404 21172628    0    0     0    56 15887 13116  2  2 96  0  0  0
 0  0   2816 3399668 6288404 21172628    0    0     0     0 17877 14515  2  3 95  0  0  0
 0  0   2816 3399668 6288404 21172628    0    0     0     0 18269 15253  2  3 95  0  0  0
 0  0   2816 3399416 6288404 21172628    0    0     0   228 17817 14520  2  3 96  0  0  0
 1  0   2816 3399416 6288404 21172628    0    0     0     0 17776 14552  1  3 96  0  0  0
 0  0   2816 3399416 6288420 21172628    0    0     0   148 17890 14851  2  2 96  0  0  0
 1  0   2816 3399164 6288420 21172628    0    0     0     0 18224 15655  2  2 96  0  0  0
 1  0   2816 3399164 6288420 21172628    0    0     0     0 17486 14114  1  2 97  0  0  0
 2  0   2816 3399164 6288420 21172628    0    0     0     0 17816 14876  2  3 96  0  0  0
 0  0   2816 3399164 6288420 21172628    0    0     0     4 17725 15738  2  2 96  0  0  0
 1  0   2816 3399164 6288420 21172628    0    0     0     0 16362 13364  1  2 96  0  0  0
 0  0   2816 3399164 6288436 21172628    0    0     0    96 12145 9502  1  2 97  0  0  0
procs -----------memory---------- ---swap-- -----io---- -system-- -------cpu-------
 r  b 交换 空闲 缓冲 缓存   si   so    bi    bo   in   cs us sy id wa st gu
 0  0   2816 3399164 6288436 21172628    0    0     0     0 12630 10356  1  2 97  0  0  0
 0  0   2816 3399164 6288436 21172628    0    0     0     0 13566 10618  1  2 97  0  0  0
 0  0   2816 3399164 6288436 21172628    0    0     0     0 17110 13875  1  2 97  0  0  0
 0  0   2816 3399164 6288436 21172628    0    0     0   160 16757 13616  1  2 96  0  0  0
 0  0   2816 3399164 6288436 21172628    0    0     0     0 16766 13548  1  2 96  0  0  0
 0  0   2816 3399164 6288452 21172628    0    0     0   140 11624 10320  1  2 97  0  0  0
 0  0   2816 3399164 6288452 21172628    0    0     0     0 16763 13512  2  2 96  0  0  0
 0  0   2816 3399164 6288452 21172628    0    0     0     0 17792 15408  2  3 96  0  0  0
 3  0   2816 3398652 6288452 21172628    0    0     0     0 16147 12855  1  2 97  0  0  0
 0  0   2816 3399164 6288452 21172628    0    0     0     4 15575 12131  1  2 97  0  0  0
 0  0   2816 3399164 6288460 21172628    0    0     0   120 15349 12463  1  2 97  0  0  0
 0  0   2816 3399164 6288468 21172628    0    0     0    12 15725 12383  1  2 97  0  0  0
 0  0   2816 3399164 6288468 21172628    0    0     0     0 17881 14845  1  3 96  0  0  0
 1  0   2816 3399164 6288468 21172628    0    0     0     0 17787 14148  2  3 96  0  0  0
 1  0   2816 3399164 6288468 21172628    0    0     0     0 18401 15422  2  3 95  0  0  0
 0  0   2816 3399164 6288468 21172628    0    0     0    88 17664 14254  2  2 96  0  0  0
 1  0   2816 3399164 6288476 21172628    0    0     0    20 12496 10541  1  1 97  0  0  0
 0  0   2816 3399164 6288484 21172628    0    0     0    12 13100 12290  1  2 97  0  0  0
 0  0   2816 3399164 6288484 21172628    0    0     0     0 13145 11185  1  2 97  0  0  0
 4  0   2816 3399164 6288484 21172632    0    0     0     0 16798 13845  1  2 97  0  0  0
 4  1   2816 3399164 6288484 21172632    0    0     0   324 17233 14231  1  2 96  0  0  0
procs -----------memory---------- ---swap-- -----io---- -system-- -------cpu-------
 r  b 交换 空闲 缓冲 缓存   si   so    bi    bo   in   cs us sy id wa st gu
 1  0   2816 3399164 6288492 21172636    0    0     0   640 17017 13627  1  2 97  0  0  0
 0  0   2816 3397848 6288492 21172748    0    0   108     0 12703 12276  1  2 97  0  0  0
 1  0   2816 3397988 6288508 21172752    0    0     0   208 15495 12832  1  2 96  0  0  0
 1  0   2816 3397988 6288508 21172752    0    0     0     4 18294 16267  2  2 96  0  0  0
 1  0   2816 3397988 6288508 21172752    0    0     0     0 18054 14814  1  3 96  0  0  0
 0  0   2816 3397988 6288508 21172752    0    0     0   212 17920 15283  1  2 97  0  0  0
 0  0   2816 3397736 6288508 21172752    0    0     0   144 18704 17316  2  2 96  0  0  0
 0  0   2816 3397736 6288516 21172752    0    0     0    72 16116 13946  1  2 96  0  0  0
 0  0   2816 3397736 6288524 21172752    0    0     0    12 14339 11350  1  2 97  0  0  0
 0  0   2816 3397736 6288524 21172752    0    0     0     0 15388 12424  1  2 97  0  0  0
 0  0   2816 3397736 6288524 21172752    0    0     0     0 15112 12072  1  2 97  0  0  0
 1  0   2816 3397736 6288524 21172752    0    0     0     0 17369 14342  2  2 96  0  0  0
 1  0   2816 3397736 6288532 21172752    0    0     0   284 18273 14727  1  3 96  0  0  0
 0  0   2816 3397736 6288532 21172752    0    0     0     0 17976 15049  2  3 96  0  0  0
 1  0   2816 3397736 6288540 21172752    0    0     0    12 17852 14269  2  3 96  0  0  0
 0  0   2816 3397736 6288540 21172752    0    0     0     0 12502 10163  1  2 97  0  0  0
 1  0   2816 3397736 6288540 21172752    0    0     0     0 12550 11043  1  2 97  0  0  0
 0  0   2816 3397736 6288548 21172752    0    0     0   252 12509 10206  1  2 97  0  0  0
 0  0   2816 3397232 6288548 21172804    0    0    52   104 16950 13572  1  3 96  0  0  0
 0  0   2816 3397740 6288548 21172804    0    0     0     0 17135 14059  1  2 96  0  0  0
 0  0   2816 3397740 6288556 21172804    0    0     0    12 16998 13480  1  3 96  0  0  0
procs -----------memory---------- ---swap-- -----io---- -system-- -------cpu-------
 r  b 交换 空闲 缓冲 缓存   si   so    bi    bo   in   cs us sy id wa st gu
 2  0   2816 3397740 6288556 21172804    0    0     0     0 16195 13459  1  2 96  0  0  0
 1  0   2816 3397740 6288564 21172804    0    0     0    64 10949 9542  1  1 98  0  0  0
 0  0   2816 3397740 6288564 21172804    0    0     0   308 17469 14398  2  3 96  0  0  0
 2  0   2816 3397228 6288564 21172804    0    0     0     4 17735 14377  2  3 95  0  0  0
 0  0   2816 3397740 6288564 21172804    0    0     0     0 17920 14751  2  3 95  0  0  0
 0  0   2816 3397740 6288572 21172804    0    0     0    12 18123 15976  2  2 96  0  0  0
 0  0   2816 3397740 6288572 21172804    0    0     0    36 17388 14320  1  2 97  0  0  0
 0  0   2816 3397492 6288572 21172812    0    0     0     0 17586 14120  1  3 96  0  0  0
 2  0   2816 3397492 6288580 21172804    0    0     0    96 17819 14710  2  2 96  0  0  0
 0  0   2816 3397492 6288580 21172804    0    0     0   220 17051 14084  1  3 96  0  0  0
 0  0   2816 3393172 6288580 21172812    0    0     0     0 15747 13162  1  2 96  0  0  0
 0  0   2816 3393172 6288588 21172812    0    0     0    12 11483 9348  1  2 97  0  0  0
 1  0   2816 3393424 6288588 21172812    0    0     0     0 11666 10284  1  2 97  0  0  0
 1  0   2816 3393424 6288588 21172804    0    0     0     0 11128 8999  1  2 97  0  0  0
 0  0   2816 3393424 6288596 21172812    0    0     0   264 14945 12369  2  2 96  0  0  0
 2  0   2816 3393424 6288596 21172812    0    0     0     4 17208 14952  1  2 96  0  0  0
 0  0   2816 3393424 6288596 21172812    0    0     0     0 16878 13845  1  2 96  0  0  0
 0  0   2816 3393424 6288604 21172812    0    0     0    12 13270 10908  1  2 97  0  0  0
 1  0   2816 3393424 6288604 21172812    0    0     0     0 15590 12891  1  2 96  0  0  0
 0  0   2816 3393424 6288604 21172816    0    0     0   132 17600 14049  1  3 95  0  0  0
 0  0   2816 3393424 6288612 21172820    0    0     0    28 18286 15286  2  3 96  0  0  0
procs -----------memory---------- ---swap-- -----io---- -system-- -------cpu-------
 r  b 交换 空闲 缓冲 缓存   si   so    bi    bo   in   cs us sy id wa st gu
 1  0   2816 3393424 6288612 21172820    0    0     0   160 17619 14345  1  3 96  0  0  0
 2  0   2816 3392152 6288612 21172820    0    0     0     0 18277 15174  1  3 96  0  0  0
 0  0   2816 3457848 6288620 21172820    0    0     0    24 12670 10366  1  2 96  0  0  0
 0  0   2816 3457924 6288620 21172820    0    0     0     0 1698 3872  0  0 99  0  0  0
 1  0   2816 3457924 6288620 21172820    0    0     0    68 1959 5271  0  0 99  0  0  0
 0  0   2816 3457924 6288620 21172820    0    0     0     0 2014 4524  0  0 99  0  0  0
 0  0   2816 3457924 6288628 21172812    0    0     0    36 1692 3905  0  0 100  0  0  0
 0  0   2816 3457924 6288628 21172820    0    0     0    12 2046 4695  0  0 99  0  0  0
 0  0   2816 3457924 6288636 21172820    0    0     0    12 1777 4071  0  0 100  0  0  0
 1  0   2816 3457924 6288636 21172820    0    0     0    88 1815 4289  0  0 99  0  0  0
 0  0   2816 3457924 6288636 21172820    0    0     0     0 1776 4059  0  0 99  0  0  0
 1  0   2816 3457924 6288636 21172820    0    0     0    16 2006 4612  0  0 99  0  0  0
 0  0   2816 3457924 6288636 21172820    0    0     0     4 1937 4365  0  0 99  0  0  0
 0  0   2816 3457924 6288644 21172948    0    0     0    20 2372 5533  1  0 99  0  0  0
