procs -----------memory---------- ---swap-- -----io---- -system-- -------cpu-------
 r  b 交换 空闲 缓冲 缓存   si   so    bi    bo   in   cs us sy id wa st gu
 1  0   2560 1249664 6328420 23331688    0    0  4404   118 2788    3  1  0 99  0  0  0
 0  0   2560 1249172 6328428 23331708    0    0     0   140 16990 16798  1  2 97  0  0  0
 0  0   2560 1248416 6328428 23331712    0    0     0   408 17456 17462  1  3 96  0  0  0
 2  0   2560 1252008 6328428 23331712    0    0     0     4 15944 16046  1  2 97  0  0  0
 0  0   2560 1251756 6328428 23331712    0    0     0     0 16712 16309  1  3 96  0  0  0
 1  0   2560 1251756 6328428 23331712    0    0     0     0 16255 15906  1  3 96  0  0  0
 0  0   2560 1251756 6328436 23331712    0    0     0    32 14339 14787  1  2 97  0  0  0
 1  0   2560 1251756 6328444 23331712    0    0     0   132 15902 15171  1  2 97  0  0  0
 0  0   2560 1251756 6328444 23331712    0    0     0   156 16727 16518  1  3 96  0  0  0
 0  0   2560 1251756 6328444 23331712    0    0     0     0 16047 15392  1  3 96  0  0  0
 0  0   2560 1251756 6328444 23331712    0    0     0     0 16986 17313  1  3 97  0  0  0
 0  0   2560 1251756 6328452 23331704    0    0     0    36 16519 16607  1  2 97  0  0  0
 2  0   2560 1251756 6328452 23331712    0    0     0    28 17218 17730  1  2 97  0  0  0
 1  0   2560 1251244 6328460 23331712    0    0     0   116 17986 19251  1  3 97  0  0  0
 0  0   2560 1251756 6328460 23331712    0    0     0     0 17056 18136  2  3 95  0  0  0
 0  0   2560 1251756 6328460 23331712    0    0     0     0 15584 15905  1  2 97  0  0  0
 1  0   2560 1251756 6328460 23331712    0    0     0     8 16333 16720  1  3 96  0  0  0
 1  0   2560 1251532 6328468 23331712    0    0     0    12 16452 16312  1  3 97  0  0  0
 1  0   2560 1251532 6328468 23331712    0    0     0     8 17247 17856  1  2 97  0  0  0
 0  0   2560 1251532 6328468 23331712    0    0     0    84 16712 16170  1  2 97  0  0  0
 0  0   2560 1251284 6328476 23331712    0    0     0    24 17418 18367  1  3 96  0  0  0
procs -----------memory---------- ---swap-- -----io---- -system-- -------cpu-------
 r  b 交换 空闲 缓冲 缓存   si   so    bi    bo   in   cs us sy id wa st gu
 2  0   2560 1251284 6328476 23331712    0    0     0     0 17758 19149  1  3 96  0  0  0
 0  0   2560 1251284 6328476 23331712    0    0     0     0 17389 17840  1  3 96  0  0  0
 1  0   2560 1251284 6328484 23331712    0    0     0    12 17361 17880  1  3 96  0  0  0
 2  0   2560 1251284 6328484 23331712    0    0     0     4 15605 15952  1  2 97  0  0  0
 0  0   2560 1251284 6328492 23331712    0    0     0   384 15911 15372  1  2 97  0  0  0
 1  0   2560 1251284 6328492 23331712    0    0     0     0 16181 15757  1  2 97  0  0  0
 0  0   2560 1248340 6328492 23331712    0    0     0     0 16568 16296  1  2 96  0  0  0
 0  0   2560 1244164 6328492 23331716    0    0     0     4 14220 14524  1  2 96  0  0  0
 0  0   2560 1244164 6328500 23331716    0    0     0    48 16574 16209  1  2 97  0  0  0
 0  0   2560 1244164 6328500 23331716    0    0     0    24 14436 15503  1  2 97  0  0  0
 0  0   2560 1243916 6328500 23331732    0    0     0    80 16477 15518  1  3 97  0  0  0
 1  0   2560 1243916 6328508 23331732    0    0     0    20 16334 16026  1  2 97  0  0  0
 1  0   2560 1243916 6328508 23331728    0    0     0     0 16610 16614  1  3 96  0  0  0
 0  0   2560 1243916 6328508 23331736    0    0     0    40 14389 14055  1  2 97  0  0  0
 0  0   2560 1243916 6328516 23331736    0    0     0    24 15517 14756  1  2 97  0  0  0
 0  0   2560 1243916 6328516 23331728    0    0     0     4 16442 16194  1  2 97  0  0  0
 0  0   2560 1243668 6328516 23331736    0    0     0    84 16552 15975  1  3 97  0  0  0
 0  0   2560 1243668 6328524 23331736    0    0     0   188 16887 16502  1  3 97  0  0  0
 0  0   2560 1243668 6328524 23331736    0    0     0     0 16368 15693  1  2 97  0  0  0
 1  0   2560 1243668 6328524 23331736    0    0     0    12 16820 17245  1  3 96  0  0  0
 1  0   2560 1243668 6328532 23331736    0    0     0    12 16270 15468  1  2 97  0  0  0
procs -----------memory---------- ---swap-- -----io---- -system-- -------cpu-------
 r  b 交换 空闲 缓冲 缓存   si   so    bi    bo   in   cs us sy id wa st gu
 2  0   2560 1243668 6328532 23331740    0    0     0     8 16758 16284  1  3 96  0  0  0
 1  0   2560 1243668 6328540 23331732    0    0     0   172 16002 15994  1  2 97  0  0  0
 1  0   2560 1243668 6328540 23331740    0    0     0     0 13405 13047  1  2 97  0  0  0
 0  0   2560 1243668 6328540 23331744    0    0     0     0 14202 13608  1  2 97  0  0  0
 1  0   2560 1243668 6328540 23331744    0    0     0     0 15428 15188  1  2 97  0  0  0
 1  0   2560 1243668 6328548 23331744    0    0     0    20 15435 14912  1  2 97  0  0  0
 0  0   2560 1249496 6328556 23331724    0    0     0   148 16503 16429  1  3 96  0  0  0
 1  0   2560 1248988 6328556 23331732    0    0     0     0 16466 15739  1  2 97  0  0  0
 0  0   2560 1251960 6328556 23331732    0    0     0     0 16692 17893  1  3 96  0  0  0
 1  0   2560 1251196 6328556 23331732    0    0     0     0 17868 19298  1  3 96  0  0  0
 1  0   2560 1251708 6328556 23331732    0    0     0    48 16846 16601  1  3 97  0  0  0
 0  0   2560 1251708 6328564 23331732    0    0     0    84 16899 17416  1  3 97  0  0  0
 0  0   2560 1247424 6328580 23331752    0    0    24    52 16787 16907  1  3 96  0  0  0
 0  0   2560 1247424 6328580 23331752    0    0     0   128 16094 15156  1  2 97  0  0  0
 0  0   2560 1247424 6328580 23331752    0    0     0   840 13120 12823  1  2 98  0  0  0
 0  0   2560 1247172 6328580 23331752    0    0     0    16 15457 14724  1  2 96  0  0  0
 0  0   2560 1247264 6328588 23331744    0    0     0   216 16284 17158  1  2 96  0  0  0
 1  0   2560 1247740 6328596 23331760    0    0     0    92 16669 16558  1  2 97  0  0  0
 1  0   2560 1247488 6328596 23331760    0    0     0     8 15663 16429  1  2 97  0  0  0
 1  0   2560 1247264 6328596 23331760    0    0     0   320 15270 14400  1  2 97  0  0  0
 0  0   2560 1246648 6328596 23331760    0    0     0     0 15542 15337  1  3 96  0  0  0
procs -----------memory---------- ---swap-- -----io---- -system-- -------cpu-------
 r  b 交换 空闲 缓冲 缓存   si   so    bi    bo   in   cs us sy id wa st gu
 1  0   2560 1250952 6328596 23331748    0    0     0    56 15203 15512  1  3 97  0  0  0
 2  0   2560 1250952 6328604 23331748    0    0     0    60 15291 14946  1  2 97  0  0  0
 1  0   2560 1250952 6328612 23331748    0    0     0    44 15772 16214  1  2 97  0  0  0
 2  0   2560 1250952 6328612 23331748    0    0     0     4 15437 15898  1  2 97  0  0  0
 1  0   2560 1249244 6328612 23331748    0    0     0    96 14010 14331  1  2 97  0  0  0
 0  0   2560 1248180 6328612 23331752    0    0     0   152 16258 15978  1  2 97  0  0  0
 0  0   2560 1248180 6328612 23331744    0    0     0    40 18019 20197  1  2 96  0  0  0
 1  0   2560 1248180 6328620 23331744    0    0     0    32 18497 21869  1  3 96  0  0  0
 0  0   2560 1247932 6328628 23331744    0    0     0    52 18058 20425  1  3 96  0  0  0
 0  0   2560 1247932 6328628 23331744    0    0     0     4 17052 17993  1  3 97  0  0  0
 0  0   2560 1247932 6328644 23331740    0    0     0   336 16092 16344  1  3 96  0  0  0
 1  0   2560 1247932 6328644 23331760    0    0     0     0 16654 16187  1  2 97  0  0  0
 0  0   2560 1247932 6328644 23331764    0    0     0    16 16806 16436  1  2 97  0  0  0
 0  0   2560 1247932 6328644 23331764    0    0     0    48 15017 14646  1  2 97  0  0  0
 0  0   2560 1247932 6328652 23331764    0    0     0    24 12348 11796  0  2 98  0  0  0
 0  0   2560 1247932 6328652 23331764    0    0     0    88 12986 13455  1  2 97  0  0  0
 0  0   2560 1247932 6328660 23331756    0    0     0    64 18424 23070  1  2 97  0  0  0
 0  0   2560 1247932 6328660 23331764    0    0     0   284 19181 25525  1  3 96  0  0  0
 0  0   2560 1247932 6328660 23331764    0    0     0     0 18563 23347  1  3 96  0  0  0
 0  0   2560 1247932 6328660 23331764    0    0     0    12 16750 18063  1  3 97  0  0  0
 0  0   2560 1247932 6328668 23331764    0    0     0    16 17829 21034  1  2 96  0  0  0
procs -----------memory---------- ---swap-- -----io---- -system-- -------cpu-------
 r  b 交换 空闲 缓冲 缓存   si   so    bi    bo   in   cs us sy id wa st gu
 1  0   2560 1247932 6328668 23331768    0    0     0    40 18024 21325  1  2 96  0  0  0
 0  0   2560 1247932 6328676 23331760    0    0     0   348 15794 15339  1  2 97  0  0  0
 0  0   2560 1247932 6328676 23331768    0    0     0     0 16149 15938  1  3 96  0  0  0
 0  0   2560 1247932 6328676 23331768    0    0     0     0 13292 13313  1  2 97  0  0  0
 0  0   2560 1243836 6328676 23331768    0    0     0     4 16083 16280  1  2 97  0  0  0
 5  0   2560 1243324 6328684 23331772    0    0     0    20 12457 13136  1  2 97  0  0  0
 1  0   2560 1243836 6328692 23331764    0    0     0   136 16606 18997  1  3 96  0  0  0
 0  0   2560 1243836 6328692 23331772    0    0     0     0 16097 15394  1  2 97  0  0  0
 1  0   2560 1243836 6328692 23331772    0    0     0     0 16424 17687  1  2 97  0  0  0
 0  0   2560 1243836 6328692 23331780    0    0     0     0 16278 17668  1  2 97  0  0  0
 2  0   2560 1243836 6328692 23331784    0    0     0     8 16588 17287  1  2 98  0  0  0
 0  0   2560 1243836 6328708 23331768    0    0     0    76 17478 19932  1  2 97  0  0  0
 1  0   2560 1243836 6328708 23331784    0    0     0     4 15937 15653  1  2 97  0  0  0
 0  0   2560 1243836 6328708 23331784    0    0     0   112 15950 14861  1  2 98  0  0  0
 0  0   2560 1243836 6328708 23331776    0    0     0   156 15772 15434  1  2 97  0  0  0
 1  0   2560 1243332 6328708 23331784    0    0     0     0 15971 15231  1  2 97  0  0  0
 1  0   2560 1253964 6328716 23331784    0    0     0    12 12711 13641  1  1 98  0  0  0
 1  0   2560 1253964 6328716 23331776    0    0     0     0 15322 15557  1  2 98  0  0  0
 0  0   2560 1253964 6328724 23331784    0    0     0    36 14866 14226  1  2 97  0  0  0
 0  0   2560 1253712 6328724 23331784    0    0     0   108 15483 15101  1  2 97  0  0  0
 0  0   2560 1253712 6328724 23331776    0    0     0     0 15743 15836  1  2 97  0  0  0
procs -----------memory---------- ---swap-- -----io---- -system-- -------cpu-------
 r  b 交换 空闲 缓冲 缓存   si   so    bi    bo   in   cs us sy id wa st gu
 3  0   2560 1253464 6328728 23331764    0    0     0    48 15399 14881  1  2 97  0  0  0
 0  0   2560 1253212 6328732 23331768    0    0     0    52 15622 14920  2  2 96  0  0  0
 1  0   2560 1252972 6328740 23331752    0    0     0    72 15162 14378  1  2 97  0  0  0
 1  0   2560 1252460 6328740 23331768    0    0     0     4 14856 14578  1  2 98  0  0  0
 2  0   2560 1252972 6328740 23331768    0    0     0    52 14494 14211  0  2 98  0  0  0
 1  0   2560 1252724 6328740 23331768    0    0     0     0 13359 15385  0  2 98  0  0  0
 0  0   2560 1252500 6328748 23331760    0    0     0    56 14144 13754  1  2 98  0  0  0
 3  0   2560 1248404 6328748 23331760    0    0     0    36 14551 13706  1  2 97  0  0  0
 0  0   2560 1248480 6328756 23331760    0    0     0    28 15399 15707  1  3 96  0  0  0
 0  0   2560 1248480 6328756 23331760    0    0     0     4 15831 16070  1  2 97  0  0  0
 0  0   2560 1248780 6328756 23331760    0    0     0    96 14944 14796  1  2 97  0  0  0
 0  0   2560 1248780 6328756 23331760    0    0     0   156 15163 15160  1  2 97  0  0  0
 0  0   2560 1244748 6328764 23331764    0    0     0    12 14870 14658  1  2 97  0  0  0
 0  0   2560 1239924 6328764 23331764    0    0     0     0 16334 16311  1  3 96  0  0  0
 0  0   2560 1239924 6328772 23331892    0    0     0    36 17859 20134  1  3 96  0  0  0
 0  0   2560 1239924 6328772 23331892    0    0     0    76 17133 18251  1  3 96  0  0  0
 1  0   2560 1239924 6328772 23331892    0    0     0     0 13552 13067  1  2 98  0  0  0
 3  0   2560 1239416 6328772 23331892    0    0     0   212 15654 16045  1  3 96  0  0  0
 0  0   2560 1239420 6328780 23331892    0    0     0    48 15523 15908  1  2 97  0  0  0
 0  0   2560 1239420 6328780 23331892    0    0     0     8 16274 16329  1  3 97  0  0  0
 0  0   2560 1239420 6328788 23331884    0    0     0    32 16014 15410  1  2 97  0  0  0
procs -----------memory---------- ---swap-- -----io---- -system-- -------cpu-------
 r  b 交换 空闲 缓冲 缓存   si   so    bi    bo   in   cs us sy id wa st gu
 1  0   2560 1239420 6328788 23331896    0    0     0     8 16632 16564  1  2 97  0  0  0
 0  0   2560 1244404 6328796 23331884    0    0     0   184 16453 16286  1  2 97  0  0  0
 1  0   2560 1244916 6328796 23331900    0    0     0   220 16244 16388  1  2 97  0  0  0
 1  0   2560 1244664 6328796 23331900    0    0     0     0 16381 16646  1  3 97  0  0  0
 3  0   2560 1110956 6328796 23331924    0    0     0   148 16939 17036  3  2 95  0  0  0
 2  0   2560 878184 6328796 23332020    0    0     0     4 29230 197573  7  3 89  0  0  0
 1  0   2560 866496 6328816 23332008    0    0     0   876 12984 12715  5  1 93  0  0  0
 0  0   2560 1114004 6328816 23331932    0    0     0   112 13137 12961  2  2 96  0  0  0
 0  0   2560 1121816 6328816 23331940    0    0     0     0 15796 15348  1  3 97  0  0  0
 0  0   2560 1132592 6328816 23331940    0    0     0   116 16352 15287  0  2 97  0  0  0
 0  0   2560 1142904 6328816 23331940    0    0     0     0 16569 16420  1  3 96  0  0  0
 0  0   2560 1153144 6328816 23331940    0    0     0    32 16721 15843  1  2 97  0  0  0
 1  0   2560 1171180 6328832 23331940    0    0     0   160 16790 16447  1  3 97  0  0  0
 0  0   2560 1180368 6328832 23331932    0    0     0    56 16747 16539  1  3 96  0  0  0
 1  0   2560 1187892 6328832 23331940    0    0     0     0 17071 17788  1  3 95  0  0  0
 1  0   2560 1194992 6328832 23331940    0    0     0     0 16677 16259  1  3 97  0  0  0
 0  0   2560 1200724 6328832 23331932    0    0     0     0 16686 16748  1  2 96  0  0  0
 0  0   2560 1206204 6328840 23331940    0    0     0   152 16814 16391  1  3 96  0  0  0
 0  0   2560 1212248 6328848 23331940    0    0     0    20 12562 12479  1  2 98  0  0  0
 0  0   2560 1215480 6328848 23331932    0    0     0   320 14454 14602  1  2 97  0  0  0
 1  0   2560 1218524 6328848 23331924    0    0     0     0 14614 15199  1  3 97  0  0  0
procs -----------memory---------- ---swap-- -----io---- -system-- -------cpu-------
 r  b 交换 空闲 缓冲 缓存   si   so    bi    bo   in   cs us sy id wa st gu
 1  0   2560 883152 6328848 23332032    0    0     0   140 26075 196903  7  4 89  0  0  0
 1  0   2560 865340 6328848 23332032    0    0     0     8 16571 15454  6  2 92  0  0  0
 1  0   2560 840224 6328848 23332060    0    0     0   692 17790 17372  4  4 91  0  0  0
 1  0   2560 745760 6328868 23332112    0    0     0   976 18389 18868  4  5 91  0  0  0
 1  0   2560 565228 6328868 23332112    0    0     0    72 22275 121639  7  3 91  0  0  0
 1  0   2560 565608 6328868 23332104    0    0     0   432 17405 16127  6  2 93  0  0  0
 0  0   2560 1056536 6328868 23332032    0    0     0     0 17077 16619  3  2 95  0  0  0
 1  0   2560 1065720 6328868 23332040    0    0     0    84 16665 16113  1  3 97  0  0  0
 0  0   2560 1078288 6328868 23332032    0    0     0     4 16229 15488  1  2 97  0  0  0
 1  0   2560 1089972 6328884 23332032    0    0     0   196 16541 15948  1  3 96  0  0  0
 0  0   2560 1102644 6328884 23332040    0    0     0   136 15214 14776  1  2 97  0  0  0
 0  0   2560 1115912 6328884 23332032    0    0     0   156 14778 14486  1  2 97  0  0  0
 0  0   2560 1128764 6328884 23332032    0    0     0     0 16199 16599  1  3 96  0  0  0
 0  0   2560 1141244 6328884 23332040    0    0     0     0 16286 16550  1  2 97  0  0  0
 0  0   2560 1153544 6328884 23332040    0    0     0   164 15622 14868  1  2 97  0  0  0
 0  0   2560 1157384 6328900 23332040    0    0     0    32 17051 17038  1  3 96  0  0  0
 0  0   2560 1168240 6328900 23332040    0    0     0   108 16846 16982  1  3 96  0  0  0
 0  0   2560 1181100 6328900 23332040    0    0     0     0 17012 17150  1  3 96  0  0  0
 0  0   2560 1189760 6328900 23332040    0    0     0     0 16959 16865  1  2 97  0  0  0
 1  0   2560 1194396 6328900 23332040    0    0     0     0 17282 17758  1  3 96  0  0  0
 1  0   2560 1202392 6328900 23332040    0    0     0     0 16960 17039  1  3 97  0  0  0
procs -----------memory---------- ---swap-- -----io---- -system-- -------cpu-------
 r  b 交换 空闲 缓冲 缓存   si   so    bi    bo   in   cs us sy id wa st gu
 2  0   2560 1210168 6328912 23332044    0    0     0    20 16939 16614  1  2 96  0  0  0
 1  0   2560 855600 6328920 23332128    0    0     0   208 28615 198481  7  3 90  0  0  0
 1  0   2560 838584 6328920 23332132    0    0     0     0 15313 14992  6  2 92  0  0  0
 1  0   2560 823028 6328920 23332196    0    0     0   636 16604 15540  4  4 92  0  0  0
 1  0   2560 649468 6328920 23332312    0    0    36   784 17787 18305  4  5 91  0  0  0
 1  0   2560 575484 6339452 23318872    0    0 10388  2812 18130 18094  5  3 92  0  0  0
 0  0   2560 1126276 6339452 23318928    0    0     0     8 17495 16086  5  2 93  0  0  0
 1  0   2560 1093784 6339460 23318928    0    0     0   196 17169 16596  2  3 96  0  0  0
 1  0   2560 793332 6339460 23319000    0    0     0   224 29384 200315  7  4 89  0  0  0
 1  0   2560 751024 6339460 23319000    0    0     0   636 17187 15588  6  2 93  0  0  0
 1  0   2560 749676 6339460 23318992    0    0     0  1640 17359 16945  3  6 91  0  0  0
 1  0   2560 541916 6339560 23319080    0    0   132 17548 18302 18328  5  3 91  0  0  0
 3  0   2560 416736 6339604 23319684    0    0    96   484 23186 122994 10  3 87  0  0  0
 1  0   2560 613684 6339604 23319936    0    0     0   128 17184 15825  6  2 92  0  0  0
 0  0   2560 983904 6339604 23319852    0    0     0   152 13553 13687  1  2 96  0  0  0
 1  0   2560 999796 6339604 23319852    0    0     0     0 15935 15818  1  2 97  0  0  0
 0  0   2560 1014492 6339604 23319852    0    0     0     0 16169 15756  1  3 97  0  0  0
 0  0   2560 1030164 6339616 23319852    0    0     0   544 16043 15423  1  3 96  0  0  0
 1  0   2560 1049224 6339624 23319852    0    0     0    32 16742 16584  1  2 97  0  0  0
 2  0   2560 1060784 6339624 23319852    0    0     0    96 16202 15333  1  3 97  0  0  0
 0  0   2560 1086044 6339624 23319852    0    0     0   156 16398 16062  1  3 96  0  0  0
procs -----------memory---------- ---swap-- -----io---- -system-- -------cpu-------
 r  b 交换 空闲 缓冲 缓存   si   so    bi    bo   in   cs us sy id wa st gu
 2  0   2560 1101364 6339624 23319852    0    0     0  4872 17143 17640  1  3 96  0  0  0
 0  0   2560 1114280 6339624 23319852    0    0     0     0 16559 17374  1  3 96  0  0  0
 0  0   2560 1124348 6339632 23319852    0    0     0    92 15904 15388  1  2 97  0  0  0
 0  0   2560 1140732 6339640 23319852    0    0     0    76 15939 16300  1  3 96  0  0  0
 1  0   2560 826188 6339640 23319900    0    0     0   140 29283 201577  7  4 89  0  0  0
 1  0   2560 814416 6339640 23319928    0    0     0  4092 15983 14368  6  2 93  0  0  0
 2  0   2560 766100 6339640 23319924    0    0     0   636 13670 13006  4  4 92  0  0  0
 2  0   2560 692140 6339652 23319924    0    0     0   876 16456 16431  3  6 91  0  0  0
 1  0   2560 460924 6339660 23319924    0    0     0    84 22871 122010  7  3 90  0  0  0
 1  0   2560 461088 6339660 23319924    0    0     0   576 16739 15423  6  2 93  0  0  0
 1  0   2560 1016564 6339660 23319828    0    0     0     4 16453 15509  4  2 94  0  0  0
 0  0   2560 1031416 6339660 23319828    0    0     0     0 16376 16668  1  2 97  0  0  0
 0  0   2560 1052640 6339660 23319832    0    0     0     0 16192 15622  1  2 97  0  0  0
 0  0   2560 1061432 6339668 23319832    0    0     0   116 15843 15451  1  2 97  0  0  0
 1  0   2560 1080368 6339676 23319832    0    0     0    32 13711 14169  1  2 98  0  0  0
 0  0   2560 1095300 6339676 23319832    0    0     0     4 16428 15778  1  2 97  0  0  0
 0  0   2560 1109084 6339676 23319836    0    0     0    96 16065 15372  1  2 97  0  0  0
 0  0   2560 1112172 6339676 23319836    0    0     0   232 16332 15627  1  2 97  0  0  0
 1  0   2560 1119048 6339676 23319836    0    0     0     0 16127 15475  1  2 97  0  0  0
 0  0   2560 1133664 6339692 23319832    0    0     0   104 12953 13332  1  2 97  0  0  0
 0  0   2560 1147036 6339692 23319832    0    0     0  4172 16109 16598  1  2 98  0  0  0
procs -----------memory---------- ---swap-- -----io---- -system-- -------cpu-------
 r  b 交换 空闲 缓冲 缓存   si   so    bi    bo   in   cs us sy id wa st gu
 2  0   2560 1156260 6339692 23319836    0    0     0     8 15980 16910  1  2 97  0  0  0
 0  0   2560 1160132 6339692 23319836    0    0     0    56 16176 15719  1  2 97  0  0  0
 0  0   2560 1166200 6339692 23319840    0    0     0     0 16410 16575  1  2 97  0  0  0
 0  0   2560 1172684 6339700 23319840    0    0     0    80 16507 16255  1  2 97  0  0  0
 0  0   2560 1176092 6339708 23319840    0    0     0  4172 16373 15874  1  2 97  0  0  0
 1  0   2560 1180080 6339708 23319840    0    0     0     0 16171 15368  1  2 98  0  0  0
 1  0   2560 1171016 6339708 23319840    0    0     0     4 15758 15601  1  2 97  0  0  0
 1  0   2560 861316 6339708 23319912    0    0     0   252 28421 200197  7  3 90  0  0  0
 1  0   2560 810384 6339708 23319912    0    0     0   192 16914 15736  6  2 93  0  0  0
 1  0   2560 787656 6339716 23319880    0    0     0   672 17070 15937  4  4 92  0  0  0
 1  0   2560 715716 6339728 23319756    0    0     0   948 15668 16377  4  5 91  0  0  0
 1  0   2560 503776 6339728 23319756    0    0     0     0 17408 121530  6  3 91  0  0  0
 1  0   2560 504188 6339728 23319756    0    0     0   440 15046 14050  6  1 93  0  0  0
 1  0   2560 1010940 6339728 23319692    0    0     0    56 14850 14184  3  2 95  0  0  0
 0  0   2560 1043584 6339728 23319692    0    0     0    20 15338 15434  1  3 97  0  0  0
 0  0   2560 1059568 6339736 23319692    0    0     0   484 14835 14374  1  2 97  0  0  0
 0  0   2560 1070164 6339744 23319332    0    0     0   128 15187 14572  1  2 96  0  0  0
 0  0   2560 1092772 6339744 23319332    0    0     0     0 15250 15200  1  2 97  0  0  0
 1  0   2560 1107200 6339744 23319332    0    0     0   160 15930 16656  1  2 97  0  0  0
 1  0   2560 803960 6339744 23319408    0    0     0   140 27004 198465  8  3 89  0  0  0
 1  0   2560 760128 6339744 23319408    0    0     0   228 16016 15490  6  1 92  0  0  0
procs -----------memory---------- ---swap-- -----io---- -system-- -------cpu-------
 r  b 交换 空闲 缓冲 缓存   si   so    bi    bo   in   cs us sy id wa st gu
 4  0   2560 758376 6339760 23319400    0    0     0   664 16648 15745  4  5 91  0  0  0
 1  0   2560 637188 6339764 23319404    0    0     0   976 16712 17441  4  4 91  0  0  0
 1  0   2560 529812 6344316 23314768    0    0  4536   108 13668 13428  4  3 93  0  0  0
 1  0   2560 500112 6345520 23319004    0    0  1204   440 15267 15367  5  2 93  0  0  0
 0  0   2560 1009232 6345520 23318948    0    0     0     0 16012 14493  5  2 92  0  0  0
 0  0   2560 1031752 6345520 23318916    0    0     0   336 16156 15897  1  2 97  0  0  0
 0  0   2560 1063772 6345668 23318880    0    0     0 24512 16482 15828  1  3 96  0  0  0
 2  0   2560 1081580 6345668 23318880    0    0     0     0 17180 18466  1  3 96  0  0  0
 3  0   2560 952692 6345668 23318952    0    0     0   224 22167 95661  5  3 93  0  0  0
 1  0   2560 840168 6345668 23318952    0    0     0     4 24519 121897  7  3 91  0  0  0
 3  0   2560 777584 6345668 23318952    0    0     0   636 16472 14750  6  2 92  0  0  0
 2  0   2560 741420 6345672 23318956    0    0     0  4264 17532 17791  2  6 91  0  0  0
 1  0   2560 495484 6345692 23318956    0    0     0  1008 24001 127740  7  3 90  0  0  0
 1  0   2560 478216 6345692 23319024    0    0     4     0 16605 16373  4  1 94  0  0  0
 0  0   2560 485768 6345692 23319032    0    0     0   128 15690 15156  1  2 97  0  0  0
 1  0   2560 499152 6352804 23346460    0    0  1628  2932 16654 21080  6  6 88  0  0  0
 2  0   2560 462668 6353568 23347968    0    0   136  3024 13032 13801  4  4 92  0  0  0
15  0   2816 236632 6328816 22159660    0    4     0 31024 18659 16806 49 13 38  0  0  0
11  0   2816 980308 6285548 21035652    0    0    16     0 19331 15990 75  7 18  0  0  0
11  0   2816 907672 6285548 21040644    0    0     0     0 22265 20507 54 10 36  0  0  0
 5  0   2816 1215900 6285548 21048876    0    0     0    52 21686 19711 57  4 39  0  0  0
procs -----------memory---------- ---swap-- -----io---- -system-- -------cpu-------
 r  b 交换 空闲 缓冲 缓存   si   so    bi    bo   in   cs us sy id wa st gu
12  0   2816 2170736 6285548 21067720    0    0     0     8 19145 20517 27  6 68  0  0  0
 8  0   2816 931184 6285560 21071056    0    0     0  1260 22725 17245 63  7 30  0  0  0
 2  0   2816 2374320 6285568 21082076    0    0     0    76 20997 19528 33  3 64  0  0  0
 1  0   2816 2570964 6285568 21092560    0    0     0    68 17598 17698  7  2 91  0  0  0
 1  0   2816 2526312 6285720 21120412    0    0  1904 21508 18358 23173  7  4 89  0  0  0
 1  0   2816 2680528 6285800 21146588    0    0    12 22756 20176 49253  8  7 85  0  0  0
 2  0   2816 2652016 6285852 21153276    0    0     0 18336 18179 25587  7  2 91  0  0  0
 1  0   2816 2465536 6285860 21154336    0    0     0   176 98202 34378 17  3 80  0  0  0
 1  0   2816 2438336 6285860 21154376    0    0     0     0 16810 16415  7  1 93  0  0  0
 1  0   2816 2432808 6285860 21154392    0    0     0     0 17161 15771  7  1 93  0  0  0
 1  0   2816 2441552 6285860 21154392    0    0     0     0 10961 10696  6  1 93  0  0  0
 1  0   2816 2834632 6285860 21161744    0    0     0  4180 16674 16527  7  2 91  0  0  0
 0  0   2816 3422032 6285872 21161688    0    0     0   448 13656 13260  5  2 93  0  0  0
 0  0   2816 3425268 6285880 21161616    0    0     0    56 15549 14970  1  2 97  0  0  0
 1  0   2816 3436348 6285880 21161624    0    0     0   244 16316 16074  1  3 97  0  0  0
 0  0   2816 3440416 6285880 21161624    0    0     0     0 17446 18575  1  3 97  0  0  0
 0  0   2816 3440244 6285880 21161592    0    0     0    84 16484 15996  1  2 97  0  0  0
 0  0   2816 3444328 6285880 21161592    0    0     0     0 17181 17488  1  2 97  0  0  0
 1  0   2816 3445916 6285896 21161584    0    0     0   144 17207 18452  1  3 96  0  0  0
 1  0   2816 3257080 6285896 21161608    0    0     0   140 20443 62900  4  3 94  0  0  0
 1  0   2816 3099956 6285896 21161668    0    0     0    16 26625 154633  7  3 90  0  0  0
procs -----------memory---------- ---swap-- -----io---- -system-- -------cpu-------
 r  b 交换 空闲 缓冲 缓存   si   so    bi    bo   in   cs us sy id wa st gu
 3  0   2816 3041076 6285896 21161668    0    0     0   636 17678 16175  6  2 93  0  0  0
 1  0   2816 3005332 6285896 21161632    0    0     0    88 17623 17463  2  8 90  0  0  0
 1  0   2816 2811516 6285896 21161624    0    0     0   784 12617 12776  6  2 92  0  0  0
 1  0   2816 2731268 6285908 21161628    0    0     0   216 22144 121971  7  3 91  0  0  0
 1  0   2816 2712136 6285920 21161360    0    0     4   528 15420 15099  5  3 92  0  0  0
 1  0   2816 2828204 6285920 21161780    0    0     0 29300 14077 12785  6  2 93  0  0  0
 0  0   2816 3238776 6285920 21161680    0    0     0     0 14350 13772  1  2 96  0  0  0
 0  0   2816 3256572 6285920 21161680    0    0     0   108 15385 15957  1  2 97  0  0  0
 2  0   2816 3267592 6285920 21161704    0    0     0     0 16558 15615  1  2 97  0  0  0
 0  0   2816 3288828 6285932 21161708    0    0     0   564 16808 16807  1  3 96  0  0  0
 1  0   2816 3302740 6285940 21161708    0    0     0 40416 16405 15515  1  2 97  0  0  0
 0  0   2816 3312704 6285940 21161724    0    0     0     0 16082 15542  1  2 97  0  0  0
 0  0   2816 3329032 6285940 21161708    0    0     0     0 16015 15252  1  2 97  0  0  0
 0  0   2816 3344244 6285940 21161708    0    0     0     0 16120 15752  1  2 97  0  0  0
 0  0   2816 3365744 6285940 21161716    0    0     0    84 16644 15864  1  2 97  0  0  0
 1  0   2816 3376348 6285952 21161724    0    0     4 67652 17008 16231  1  3 96  0  0  0
 0  0   2816 3384060 6285960 21161732    0    0     0    16 16498 15487  0  2 97  0  0  0
 1  0   2816 3396824 6285960 21161732    0    0     0     0 16346 16638  1  2 96  0  0  0
 0  0   2816 3407152 6285960 21161732    0    0     0     0 16161 15400  1  3 97  0  0  0
 1  0   2816 3417040 6285960 21161732    0    0     0     0 11385 11405  1  2 97  0  0  0
 1  0   2816 3419120 6285968 21161728    0    0     0  5052 15669 14960  1  2 97  0  0  0
procs -----------memory---------- ---swap-- -----io---- -system-- -------cpu-------
 r  b 交换 空闲 缓冲 缓存   si   so    bi    bo   in   cs us sy id wa st gu
 3  0   2816 3425824 6285968 21161720    0    0     0     8 16276 16344  1  3 96  0  0  0
 0  0   2816 3431100 6285976 21161756    0    0     0    32 16196 15698  1  3 96  0  0  0
 0  0   2816 3432752 6285976 21161748    0    0     0   156 16741 16985  1  2 97  0  0  0
 0  0   2816 3436828 6285976 21161740    0    0     0     0 17134 18405  1  2 97  0  0  0
 0  0   2816 3435456 6285984 21161712    0    0     0   272 18627 22388  1  3 96  0  0  0
 0  0   2816 3440056 6285984 21161716    0    0     0    72 16765 17121  1  3 96  0  0  0
 1  0   2816 3445540 6285984 21161748    0    0     0     4 15663 18299  1  3 97  0  0  0
 0  0   2816 3447336 6285984 21161740    0    0     0     0 14536 14401  1  2 97  0  0  0
 0  0   2816 3449612 6285992 21161740    0    0     0   220 15002 15828  1  2 97  0  0  0
 0  0   2816 3452384 6286000 21161708    0    0     0    56 15543 15554  1  2 97  0  0  0
 0  0   2816 3452384 6286000 21161748    0    0     0   100 15485 15197  1  3 96  0  0  0
 2  0   2816 3452496 6286000 21161748    0    0     0     0 15646 14731  1  3 97  0  0  0
 0  0   2816 3452848 6286000 21161744    0    0     0     4 16146 16010  1  3 96  0  0  0
 0  0   2816 3452544 6286000 21161728    0    0     0    36 16086 15733  1  3 97  0  0  0
 2  0   2816 3452296 6286016 21161728    0    0     0 16036 12323 12031  1  2 97  0  0  0
 0  0   2816 3452296 6286016 21161760    0    0     0     0 13298 12713  1  2 97  0  0  0
 1  0   2816 3452296 6286016 21161736    0    0     0     0 15419 15724  1  2 97  0  0  0
 0  0   2816 3450284 6286016 21161736    0    0     0    96 17923 22533  1  2 97  0  0  0
 0  0   2816 3450036 6286016 21161744    0    0     0     4 15322 14897  1  2 97  0  0  0
 1  0   2816 3450036 6286016 21161728    0    0     0    20 15812 14903  1  2 97  0  0  0
 1  0   2816 3449524 6286024 21160648    0    0     0    68 15697 15234  1  2 97  0  0  0
procs -----------memory---------- ---swap-- -----io---- -system-- -------cpu-------
 r  b 交换 空闲 缓冲 缓存   si   so    bi    bo   in   cs us sy id wa st gu
 2  0   2816 3450036 6286032 21160672    0    0     0    16 15771 14891  1  2 98  0  0  0
 0  0   2816 3450036 6286032 21160680    0    0     0     0 16355 16511  1  2 97  0  0  0
 0  0   2816 3450036 6286032 21160664    0    0     0   100 15865 15162  1  2 97  0  0  0
 0  0   2816 3450036 6286032 21160664    0    0     0     4 17105 18990  1  3 96  0  0  0
 0  0   2816 3450036 6286032 21160664    0    0     0     0 15283 16524  1  2 97  0  0  0
 0  0   2816 3450036 6286040 21160528    0    0     0    16 14002 13725  1  2 97  0  0  0
 0  0   2816 3450036 6286048 21160520    0    0     0    24 14210 15195  1  2 97  0  0  0
 3  0   2816 3449812 6286048 21160532    0    0     0     0 11556 11770  0  2 98  0  0  0
 1  0   2816 3449560 6286048 21160524    0    0     0    96 11901 11661  1  2 98  0  0  0
 0  0   2816 3449560 6286048 21160524    0    0     0   116 11217 11000  1  2 98  0  0  0
 0  0   2816 3449560 6286048 21160516    0    0     0     0 11004 10528  0  2 98  0  0  0
 0  0   2816 3449308 6286064 21160520    0    0     0   308 11438 11354  1  2 98  0  0  0
 1  0   2816 3449308 6286064 21160528    0    0     0     0 11698 11161  1  2 97  0  0  0
 0  0   2816 3448832 6286064 21160528    0    0     0     0 13965 13703  1  2 97  0  0  0
 2  0   2816 3448832 6286064 21160528    0    0     0    68 10782 10780  1  1 98  0  0  0
 0  0   2816 3449084 6286064 21160528    0    0     0     4 14576 14094  1  2 97  0  0  0
 0  0   2816 3449336 6286064 21160528    0    0     0    36 14679 14412  1  2 97  0  0  0
 0  0   2816 3449088 6286080 21160520    0    0     0    44 15711 15366  1  2 97  0  0  0
 0  0   2816 3449088 6286080 21160520    0    0     0     0 15178 14610  1  2 97  0  0  0
 0  0   2816 3449088 6286080 21160520    0    0     0     0 15443 14825  1  2 97  0  0  0
 0  0   2816 3449088 6286080 21160524    0    0     0    88 15134 14175  1  2 98  0  0  0
procs -----------memory---------- ---swap-- -----io---- -system-- -------cpu-------
 r  b 交换 空闲 缓冲 缓存   si   so    bi    bo   in   cs us sy id wa st gu
 2  0   2816 3449088 6286080 21160524    0    0     0     8 14215 13670  1  2 98  0  0  0
 0  0   2816 3449088 6286080 21160516    0    0     0     8 13342 12885  1  2 98  0  0  0
 2  0   2816 3449088 6286096 21160528    0    0     0   208 14244 13917  1  2 97  0  0  0
 1  0   2816 3449088 6286096 21160528    0    0     0     0 14875 13990  1  2 97  0  0  0
 0  0   2816 3449088 6286096 21160528    0    0     0     0 14919 14420  1  2 97  0  0  0
 0  0   2816 3449088 6286096 21160528    0    0     0    72 14794 14590  1  2 97  0  0  0
 1  0   2816 3449088 6286096 21160528    0    0     0     4 15163 14607  1  2 97  0  0  0
 0  0   2816 3449088 6286096 21160528    0    0     0    28 14754 14272  1  3 96  0  0  0
 0  0   2816 3449088 6286104 21160528    0    0     0    12 15066 14673  1  2 97  0  0  0
 0  0   2816 3449088 6286112 21160520    0    0     0    28 13252 12387  1  2 97  0  0  0
 0  0   2816 3449088 6286112 21160528    0    0     0    84 10820 11085  1  2 97  0  0  0
 1  0   2816 3449088 6286112 21160528    0    0     0     0 15670 15026  1  2 97  0  0  0
 0  0   2816 3449088 6286112 21160528    0    0     0     4 15874 15467  1  3 97  0  0  0
 0  0   2816 3455108 6286112 21160528    0    0     0     0 15731 15166  1  2 97  0  0  0
 0  0   2816 3454964 6286120 21160528    0    0     0    24 15835 15328  1  2 97  0  0  0
 0  0   2816 3454964 6286128 21160528    0    0     0    20 16447 16567  1  2 97  0  0  0
 1  0   2816 3454964 6286128 21160528    0    0     0   132 16551 16288  1  3 96  0  0  0
 0  0   2816 3454964 6286128 21160528    0    0     0     0 16331 15484  1  2 98  0  0  0
 0  0   2816 3454460 6286128 21160528    0    0     0     4 16636 16171  1  2 97  0  0  0
 0  0   2816 3454460 6286128 21160528    0    0     0     0 16447 15514  1  2 97  0  0  0
 1  0   2816 3454460 6286144 21160524    0    0     0   876 16919 17719  1  3 96  0  0  0
procs -----------memory---------- ---swap-- -----io---- -system-- -------cpu-------
 r  b 交换 空闲 缓冲 缓存   si   so    bi    bo   in   cs us sy id wa st gu
 2  0   2816 3454460 6286144 21160528    0    0     0     4 18690 21787  1  3 96  0  0  0
 1  0   2816 3456252 6286152 21160528    0    0     0   264 17404 18314  1  3 96  0  0  0
 0  0   2816 3456056 6286152 21160528    0    0     0     0 17094 17293  1  2 97  0  0  0
 1  0   2816 3456056 6286152 21160528    0    0     0     4 16703 16686  1  3 96  0  0  0
 0  0   2816 3456056 6286152 21160528    0    0     0   212 15020 14940  1  2 97  0  0  0
 0  0   2816 3463260 6286160 21160528    0    0     0    12 14369 14663  1  2 96  0  0  0
 0  0   2816 3468324 6286168 21160536    0    0     0    36 12934 12647  1  2 97  0  0  0
 0  0   2816 3468076 6286168 21160536    0    0     0     0 15577 15162  1  2 97  0  0  0
 1  0   2816 3468076 6286168 21160536    0    0     0   124 15983 15018  1  2 97  0  0  0
 0  0   2816 3468076 6286168 21160536    0    0     0     4 16561 15932  1  3 96  0  0  0
 0  0   2816 3468076 6286168 21160536    0    0     0     0 15789 15104  1  2 97  0  0  0
 0  0   2816 3467824 6286176 21160536    0    0     0   164 16438 16103  1  2 97  0  0  0
 1  0   2816 3467060 6286176 21160536    0    0     0    16 16709 16021  1  3 97  0  0  0
 0  0   2816 3466824 6286184 21160600    0    0     0    92 16553 16221  1  3 97  0  0  0
 0  0   2816 3466824 6286184 21160600    0    0     0     0 16614 16675  1  2 97  0  0  0
 0  0   2816 3466824 6286184 21160592    0    0     0     4 16818 16735  1  2 97  0  0  0
 0  0   2816 3466324 6286200 21160568    0    0     0   280 16658 16105  1  3 97  0  0  0
 0  0   2816 3466324 6286208 21160588    0    0     0    12 16486 16029  1  2 97  0  0  0
 0  0   2816 3466324 6286208 21160596    0    0     0     8 16589 15707  1  3 97  0  0  0
 1  0   2816 3466324 6286208 21160596    0    0     0     0 16533 16235  1  3 96  0  0  0
 0  0   2816 3466324 6286208 21160592    0    0     0   108 16527 15720  1  3 96  0  0  0
procs -----------memory---------- ---swap-- -----io---- -system-- -------cpu-------
 r  b 交换 空闲 缓冲 缓存   si   so    bi    bo   in   cs us sy id wa st gu
 0  0   2816 3466324 6286208 21160600    0    0     0     8 14816 14564  1  2 97  0  0  0
 1  0   2816 3465560 6286216 21160592    0    0     0    44 12348 11825  1  2 97  0  0  0
 0  0   2816 3466072 6286224 21160604    0    0     0    24 16282 15493  1  3 97  0  0  0
 2  0   2816 3466072 6286224 21160596    0    0     0     0 16394 16819  1  3 96  0  0  0
 0  0   2816 3466072 6286224 21160616    0    0     0   100 16806 17170  1  2 96  0  0  0
 1  0   2816 3466072 6286224 21160616    0    0     0     0 14875 14680  1  3 96  0  0  0
 0  0   2816 3466072 6286224 21160616    0    0     0    28 16611 15896  1  3 97  0  0  0
 0  0   2816 3466072 6286232 21160600    0    0     0    52 16126 15349  1  2 97  0  0  0
 0  0   2816 3465848 6286240 21160608    0    0     0   244 16201 15642  1  2 97  0  0  0
 0  0   2816 3465848 6286240 21160608    0    0     0     0 16403 15860  1  3 97  0  0  0
 1  0   2816 3465336 6286240 21160608    0    0     0    96 16893 16587  1  2 97  0  0  0
 1  0   2816 3465848 6286240 21160608    0    0     0     0 16661 16113  1  2 97  0  0  0
 3  0   2816 3465848 6286240 21160608    0    0     0     4 16575 16357  1  3 96  0  0  0
 1  0   2816 3465848 6286248 21160616    0    0     0    52 16453 16233  1  3 97  0  0  0
 1  0   2816 3465848 6286256 21160616    0    0     0    12 16715 16635  1  2 97  0  0  0
 0  0   2816 3465848 6286256 21160608    0    0     0     0 16556 16228  1  2 97  0  0  0
 0  0   2816 3465848 6286256 21160608    0    0     0     0 15987 15179  1  2 97  0  0  0
 0  0   2816 3465848 6286256 21160608    0    0     0    96 12764 11959  1  2 97  0  0  0
 0  0   2816 3465848 6286256 21160616    0    0     0    16 14807 14109  1  2 97  0  0  0
 1  0   2816 3465848 6286256 21160616    0    0     0     0 16427 15558  1  3 97  0  0  0
 0  0   2816 3465848 6286272 21160608    0    0     0   200 16723 16697  1  3 96  0  0  0
procs -----------memory---------- ---swap-- -----io---- -system-- -------cpu-------
 r  b 交换 空闲 缓冲 缓存   si   so    bi    bo   in   cs us sy id wa st gu
 4  0   2816 3466156 6286272 21160608    0    0     0     0 16787 16219  1  2 97  0  0  0
 0  0   2816 3465904 6286272 21160616    0    0     0     0 16294 15908  1  3 96  0  0  0
 0  0   2816 3465904 6286272 21160616    0    0     0    60 16558 16481  1  3 97  0  0  0
 0  0   2816 3465904 6286272 21160616    0    0     0     4 16764 16813  1  3 96  0  0  0
 0  0   2816 3465904 6286272 21160608    0    0     0    16 16224 15706  1  2 98  0  0  0
 0  0   2816 3465904 6286288 21160616    0    0     0    28 16357 16150  1  3 97  0  0  0
 0  0   2816 3465904 6286288 21160616    0    0     0     0 16276 15625  1  3 97  0  0  0
 0  0   2816 3465904 6286288 21160616    0    0     0     0 16596 16032  1  2 97  0  0  0
 0  0   2816 3465904 6286288 21160608    0    0     0    96 16610 16042  1  2 97  0  0  0
 0  0   2816 3465904 6286288 21160608    0    0     0     4 16912 16749  1  3 97  0  0  0
 0  0   2816 3465904 6286288 21160616    0    0     0     0 16697 15860  1  2 97  0  0  0
 1  0   2816 3465904 6286296 21160616    0    0     0    12 16444 15938  1  3 97  0  0  0
 0  0   2816 3465904 6286304 21160616    0    0     0    16 16711 16860  1  2 97  0  0  0
 0  0   2816 3465904 6286304 21160608    0    0     0     0 11513 11567  1  2 97  0  0  0
 0  0   2816 3465904 6286304 21160608    0    0     0   108 15146 14562  1  3 96  0  0  0
 0  0   2816 3465904 6286304 21160616    0    0     0     4 15975 15513  1  2 97  0  0  0
 0  0   2816 3465904 6286304 21160616    0    0     0     0 15923 15021  1  3 97  0  0  0
 0  0   2816 3465904 6286320 21160600    0    0     0   204 16686 16175  1  3 96  0  0  0
 0  0   2816 3465904 6286320 21160608    0    0     0     0 16690 16141  1  3 96  0  0  0
 0  0   2816 3461332 6286320 21160616    0    0     0    68 16873 16469  1  2 97  0  0  0
 0  0   2816 3461584 6286320 21160620    0    0     0     0 17015 16518  1  2 97  0  0  0
procs -----------memory---------- ---swap-- -----io---- -system-- -------cpu-------
 r  b 交换 空闲 缓冲 缓存   si   so    bi    bo   in   cs us sy id wa st gu
 2  0   2816 3461584 6286320 21160616    0    0     0     8 16892 16626  1  3 96  0  0  0
 0  0   2816 3461584 6286320 21160616    0    0     0     0 15881 15689  1  3 96  0  0  0
 0  0   2816 3465828 6286336 21160624    0    0     0   252 15498 15512  1  2 97  0  0  0
 1  0   2816 3465828 6286336 21160624    0    0     0   132 16075 15902  2  2 96  0  0  0
 0  0   2816 3465828 6286336 21160632    0    0     0     0 15839 15299  1  2 97  0  0  0
 0  0   2816 3470592 6286336 21160624    0    0     0     0 15609 14628  1  2 97  0  0  0
 0  0   2816 3475740 6286336 21160632    0    0     0     4 15815 15096  1  3 97  0  0  0
 0  0   2816 3475896 6286344 21160624    0    0     0    56 15989 15117  1  2 97  0  0  0
 0  0   2816 3475896 6286352 21160632    0    0     0   168 16227 15920  1  2 97  0  0  0
 0  0   2816 3475644 6286352 21160632    0    0     0    72 11414 11180  1  2 98  0  0  0
 2  0   2816 3475644 6286352 21160624    0    0     0     0 14175 13584  1  2 97  0  0  0
 0  0   2816 3475644 6286352 21160624    0    0     0     0 15324 14965  1  2 97  0  0  0
 0  0   2816 3475392 6286352 21160608    0    0     0     4 15610 15345  1  2 97  0  0  0
 1  0   2816 3475392 6286360 21160608    0    0     0    44 16083 15387  1  2 97  0  0  0
 0  0   2816 3475392 6286368 21160624    0    0     0    12 16364 15681  1  2 97  0  0  0
 0  0   2816 3475392 6286368 21160624    0    0     0    96 15888 14917  1  2 97  0  0  0
 1  0   2816 3475392 6286368 21160624    0    0     0     0 15816 15084  1  2 98  0  0  0
 0  0   2816 3475144 6286368 21160608    0    0     0     0 15443 14763  1  2 97  0  0  0
 0  0   2816 3475144 6286376 21160616    0    0     0    24 16005 15524  2  2 96  0  0  0
 1  0   2816 3475144 6286376 21160624    0    0     0     0 13837 13215  1  2 98  0  0  0
 0  0   2816 3475144 6286384 21160624    0    0     0    80 16080 15573  1  2 97  0  0  0
procs -----------memory---------- ---swap-- -----io---- -system-- -------cpu-------
 r  b 交换 空闲 缓冲 缓存   si   so    bi    bo   in   cs us sy id wa st gu
 2  0   2816 3475144 6286384 21160624    0    0     0     0 15735 15850  1  2 97  0  0  0
 4  0   2816 3475144 6286384 21160608    0    0     0     0 16296 16307  1  2 97  0  0  0
 1  0   2816 3475144 6286384 21160624    0    0     0     0 16114 15520  1  2 97  0  0  0
 1  0   2816 3474892 6286392 21160624    0    0     0    32 16057 15672  1  2 97  0  0  0
 2  0   2816 3474892 6286392 21160624    0    0     0     0 16212 15048  1  2 97  0  0  0
 0  0   2816 3474892 6286400 21160608    0    0     0   240 15834 15278  0  2 98  0  0  0
 0  0   2816 3474892 6286400 21160608    0    0     0    96 12015 11570  1  1 98  0  0  0
 1  0   2816 3470320 6286400 21160624    0    0     0     0 12177 11926  1  1 98  0  0  0
 0  0   2816 3470068 6286408 21160616    0    0     0    32 15155 14872  1  2 97  0  0  0
 1  0   2816 3470068 6286408 21160624    0    0     0     4 14964 14273  1  2 97  0  0  0
 0  0   2816 3470068 6286408 21160608    0    0     0     0 14927 14477  1  2 97  0  0  0
 0  0   2816 3470068 6286416 21160616    0    0     0    12 14916 14532  1  2 97  0  0  0
 0  0   2816 3470068 6286416 21160616    0    0     0   120 15293 14930  1  2 97  0  0  0
 0  0   2816 3469556 6286416 21160616    0    0     0     4 15447 15108  1  2 97  0  0  0
 0  0   2816 3470068 6286416 21160616    0    0     0     0 14548 13638  1  2 97  0  0  0
 0  0   2816 3470068 6286424 21160608    0    0     0    32 14442 13700  1  2 97  0  0  0
 1  0   2816 3470068 6286424 21160616    0    0     0     0 15418 14599  1  2 97  0  0  0
 0  0   2816 3470068 6286432 21160616    0    0     0   236 14830 14705  1  2 97  0  0  0
 0  0   2816 3470068 6286432 21160616    0    0     0     0 14274 13545  1  2 97  0  0  0
 0  0   2816 3470068 6286432 21160620    0    0     0     0 14619 14194  1  2 97  0  0  0
 0  0   2816 3470068 6286432 21160620    0    0     0    12 14082 13880  1  2 97  0  0  0
procs -----------memory---------- ---swap-- -----io---- -system-- -------cpu-------
 r  b 交换 空闲 缓冲 缓存   si   so    bi    bo   in   cs us sy id wa st gu
 2  0   2816 3470068 6286432 21160612    0    0     0     8 14589 14342  1  3 96  0  0  0
 0  0   2816 3470068 6286440 21160612    0    0     0    20 13104 12931  1  2 97  0  0  0
 0  0   2816 3470068 6286448 21160620    0    0     0   176 10007 10279  0  1 98  0  0  0
 0  0   2816 3470068 6286448 21160624    0    0     0     0 13948 12998  1  2 98  0  0  0
 0  0   2816 3470068 6286448 21160624    0    0     0     0 13800 13119  1  2 97  0  0  0
 0  0   2816 3470068 6286448 21160616    0    0     0     0 14532 14014  1  2 97  0  0  0
 1  0   2816 3470068 6286448 21160616    0    0     0     8 15544 15025  1  2 97  0  0  0
 0  0   2816 3470068 6286456 21160616    0    0     0    28 15703 14933  1  2 97  0  0  0
 0  0   2816 3470068 6286464 21160624    0    0     0    84 16243 16065  1  2 97  0  0  0
 0  0   2816 3470068 6286464 21160600    0    0     0     0 16295 16550  1  3 96  0  0  0
 1  0   2816 3470068 6286464 21160600    0    0     0     0 16547 16575  1  3 96  0  0  0
 0  0   2816 3469556 6286464 21160600    0    0     0     0 16357 16528  1  3 97  0  0  0
 0  0   2816 3470068 6286464 21160600    0    0     0     4 16505 16715  1  3 97  0  0  0
 0  0   2816 3470068 6286472 21160600    0    0     0   108 18828 22335  1  3 96  0  0  0
 0  0   2816 3470068 6286480 21160600    0    0     0   196 17014 17825  1  3 96  0  0  0
 0  0   2816 3470068 6286480 21160600    0    0     0   108 16038 15647  1  3 96  0  0  0
 0  0   2816 3461428 6286480 21160600    0    0     0     0 16734 17107  1  2 97  0  0  0
 0  0   2816 3461180 6286480 21160608    0    0     0     0 16618 16825  1  2 97  0  0  0
 3  0   2816 3453116 6286488 21166496    0    0  5800   112 16451 15739  4  1 94  0  0  0
 1  0   2816 3444828 6286488 21170808    0    0  4256   188 15304 17972  6  1 93  0  0  0
 1  0   2816 3444072 6286524 21170920    0    0     0  8120 10904 10835  6  1 93  0  0  0
procs -----------memory---------- ---swap-- -----io---- -system-- -------cpu-------
 r  b 交换 空闲 缓冲 缓存   si   so    bi    bo   in   cs us sy id wa st gu
 1  0   2816 3444072 6286524 21170940    0    0     0    88 16038 15497  5  1 93  0  0  0
 0  0   2816 3445292 6286524 21170956    0    0     0     0 15637 15570  1  2 97  0  0  0
 0  0   2816 3445292 6286524 21170956    0    0     0     0 15633 14860  1  2 97  0  0  0
 1  0   2816 3445752 6286532 21170956    0    0     0  7580 16037 15970  1  3 97  0  0  0
 0  0   2816 3447048 6286532 21170940    0    0     0     0 16056 15214  1  2 97  0  0  0
 0  0   2816 3448180 6286544 21170944    0    0     0  1864 15442 14990  1  3 96  0  0  0
 0  0   2816 3449172 6286544 21170944    0    0     0   136 15974 15510  1  2 97  0  0  0
 2  0   2816 3449808 6286544 21170944    0    0     0     0 16162 16369  1  2 97  0  0  0
 0  0   2816 3449560 6286544 21170936    0    0     0     8 17100 17450  1  2 97  0  0  0
 0  0   2816 3449048 6286552 21170928    0    0     0    40 14671 14820  1  2 97  0  0  0
 0  0   2816 3449392 6286552 21170944    0    0     0     0 15150 14438  1  3 97  0  0  0
 1  0   2816 3449140 6286560 21170944    0    0     0   228 15545 15217  1  2 97  0  0  0
 0  0   2816 3449140 6286560 21170944    0    0     0     0 15003 14408  1  2 97  0  0  0
 0  0   2816 3449140 6286560 21170944    0    0     0     0 15982 15676  1  2 97  0  0  0
 0  0   2816 3449140 6286560 21170936    0    0     0    20 16477 15601  1  3 97  0  0  0
 0  0   2816 3449140 6286560 21171056    0    0   120     4 16204 16051  1  2 97  0  0  0
 0  0   2816 3449144 6286568 21171064    0    0     0    16 15884 15137  1  3 96  0  0  0
 1  0   2816 3449144 6286576 21170960    0    0     0    84 13491 13726  1  2 97  0  0  0
 1  0   2816 3449144 6286576 21170936    0    0     0     0 15197 16121  1  2 97  0  0  0
 0  0   2816 3448632 6286576 21170956    0    0     0     0 16335 18888  1  2 97  0  0  0
 0  0   2816 3449144 6286576 21170956    0    0     0  1776 11591 11524  1  2 98  0  0  0
procs -----------memory---------- ---swap-- -----io---- -system-- -------cpu-------
 r  b 交换 空闲 缓冲 缓存   si   so    bi    bo   in   cs us sy id wa st gu
 1  0   2816 3449144 6286576 21170972    0    0     0     8 15299 15238  1  3 96  0  0  0
 0  0   2816 3449144 6286576 21170972    0    0     0   148 14949 14775  1  2 97  0  0  0
 0  0   2816 3448892 6286592 21170848    0    0     0   276 13798 13516  1  2 97  0  0  0
 0  0   2816 3448644 6286592 21170848    0    0     0     0 14122 13685  1  2 97  0  0  0
 2  0   2816 3448644 6286592 21170848    0    0     0     0 15200 15486  1  3 97  0  0  0
 0  0   2816 3448644 6286592 21170848    0    0     0     0 15283 14949  1  2 97  0  0  0
 0  0   2816 3447636 6286592 21172176    0    0  1328     4 16829 17399  1  3 96  0  0  0
 1  0   2816 3447636 6286600 21172168    0    0     0   112 16097 15926  1  3 97  0  0  0
 1  0   2816 3447636 6286608 21172192    0    0     0    16 15739 15518  1  3 96  0  0  0
 0  0   2816 3447636 6286608 21172192    0    0     0     0 16380 15829  1  2 97  0  0  0
 0  0   2816 3447636 6286608 21172192    0    0     0     0 16292 15883  1  3 96  0  0  0
 0  0   2816 3447636 6286608 21172184    0    0     0     0 16406 15499  1  2 97  0  0  0
 0  0   2816 3447636 6286608 21172192    0    0     0    12 16251 15867  1  3 97  0  0  0
 0  0   2816 3447636 6286616 21172184    0    0     0   132 16527 15772  1  2 96  0  0  0
 0  0   2816 3447636 6286624 21172184    0    0     0   164 16536 15893  1  2 97  0  0  0
 2  0   2816 3447636 6286624 21172192    0    0     0     0 16160 15611  1  2 97  0  0  0
 0  0   2816 3447636 6286624 21172184    0    0     0     0 16349 16232  1  3 96  0  0  0
 1  0   2816 3447124 6286624 21172184    0    0     0     0 16364 16142  1  3 96  0  0  0
 0  0   2816 3447636 6286624 21172192    0    0     0    20 13857 14027  1  2 97  0  0  0
 0  0   2816 3447636 6286632 21172176    0    0     0   104 11679 11256  1  2 98  0  0  0
 0  0   2816 3447636 6286640 21172176    0    0     0    12 15572 15036  1  2 97  0  0  0
procs -----------memory---------- ---swap-- -----io---- -system-- -------cpu-------
 r  b 交换 空闲 缓冲 缓存   si   so    bi    bo   in   cs us sy id wa st gu
 2  0   2816 3447636 6286640 21172192    0    0     0     0 15488 14887  1  2 97  0  0  0
 1  0   2816 3447636 6286640 21172192    0    0     0     0 16453 15946  1  3 97  0  0  0
 0  0   2816 3447636 6286640 21172192    0    0     0     0 16365 15902  1  2 97  0  0  0
 0  0   2816 3447636 6286648 21172184    0    0     0   116 16720 16645  1  2 97  0  0  0
 0  0   2816 3447636 6286648 21172192    0    0     0     0 16069 15205  1  2 97  0  0  0
 0  0   2816 3447124 6286656 21172208    0    0     0    12 15410 14933  1  2 97  0  0  0
 2  0   2816 3447636 6286656 21172208    0    0     0     0 15205 15637  1  2 96  0  0  0
 0  0   2816 3447636 6286656 21172192    0    0     0     0 15569 15458  1  2 97  0  0  0
 3  0   2816 3447636 6286656 21172192    0    0     0     0 15501 14774  1  3 97  0  0  0
 0  0   2816 3449860 6286656 21172192    0    0     0     4 15504 14898  1  3 97  0  0  0
 0  0   2816 3449860 6286664 21172200    0    0     0   164 15022 14440  1  2 97  0  0  0
 0  0   2816 3449860 6286672 21172208    0    0     0   164 15844 15173  1  2 97  0  0  0
 0  0   2816 3449860 6286672 21172208    0    0     0     0 16239 15407  1  3 97  0  0  0
 0  0   2816 3445764 6286672 21172208    0    0     0     0 16814 16457  1  2 97  0  0  0
 0  0   2816 3445764 6286672 21172208    0    0    40     0 16667 16142  1  2 96  0  0  0
 0  0   2816 3445764 6286672 21172248    0    0     0    84 16041 15686  1  2 97  0  0  0
 0  0   2816 3445764 6286680 21172240    0    0     0   220 15793 15909  1  2 97  0  0  0
 0  0   2816 3445288 6286688 21172232    0    0     0    12 13742 13766  1  2 97  0  0  0
 0  0   2816 3445264 6286688 21172232    0    0     0     0 11337 11320  1  1 98  0  0  0
 1  0   2816 3445264 6286688 21172252    0    0     0     0 14867 14124  1  2 97  0  0  0
 1  0   2816 3445264 6286688 21172252    0    0     0     0 14808 13872  1  2 97  0  0  0
procs -----------memory---------- ---swap-- -----io---- -system-- -------cpu-------
 r  b 交换 空闲 缓冲 缓存   si   so    bi    bo   in   cs us sy id wa st gu
 2  0   2816 3445264 6286696 21172248    0    0     0   232 15526 15064  1  2 97  0  0  0
 0  0   2816 3445264 6286696 21172240    0    0     0     0 15917 15333  1  2 97  0  0  0
 0  0   2816 3445264 6286704 21172256    0    0     0   176 15676 15229  1  2 97  0  0  0
 1  0   2816 3444500 6286704 21172256    0    0     0     0 16150 15640  1  2 97  0  0  0
 0  0   2816 3445012 6286704 21172256    0    0     0     0 16205 15740  1  2 97  0  0  0
 2  0   2816 3445012 6286712 21172232    0    0     0    52 15626 15483  1  2 97  0  0  0
 0  0   2816 3445012 6286712 21172240    0    0     0     4 16542 16347  1  2 97  0  0  0
 0  0   2816 3445012 6286712 21172256    0    0     0    80 15712 15168  1  2 97  0  0  0
 0  0   2816 3445012 6286720 21172256    0    0     0    12 16047 15458  1  2 97  0  0  0
 1  0   2816 3445012 6286720 21172256    0    0     0     0 15492 14838  1  2 97  0  0  0
 0  0   2816 3445012 6286720 21172240    0    0     0     0 15655 15247  1  2 97  0  0  0
 0  0   2816 3445012 6286728 21172240    0    0     0    20 15098 14212  1  2 97  0  0  0
 1  0   2816 3445012 6286728 21172248    0    0     0    92 14924 14516  1  2 96  0  0  0
 0  0   2816 3444500 6286728 21172248    0    0     0     0 11633 11412  1  2 98  0  0  0
 0  0   2816 3444764 6286736 21172256    0    0     0    12 14139 13641  1  2 98  0  0  0
 0  0   2816 3444764 6286736 21172256    0    0     0     0 13759 13993  1  2 98  0  0  0
 0  0   2816 3444540 6286736 21172256    0    0     0     4 14409 14680  1  2 97  0  0  0
 0  0   2816 3444540 6286744 21172320    0    0     0    28 13136 12766  1  1 98  0  0  0
 0  0   2816 3444540 6286744 21172320    0    0     0     4 9871 10034  1  1 98  0  0  0
 1  0   2816 3444540 6286744 21172320    0    0     0    84 10270 10199  1  1 98  0  0  0
 0  0   2816 3444540 6286752 21172312    0    0     0   240 15020 14447  1  2 97  0  0  0
procs -----------memory---------- ---swap-- -----io---- -system-- -------cpu-------
 r  b 交换 空闲 缓冲 缓存   si   so    bi    bo   in   cs us sy id wa st gu
 2  0   2816 3444540 6286752 21172312    0    0     0     0 14608 13895  1  2 97  0  0  0
 0  0   2816 3439932 6286760 21172304    0    0     0    32 15560 15147  1  2 97  0  0  0
 1  0   2816 3440444 6286760 21172312    0    0     0     0 16191 15670  1  2 97  0  0  0
 2  0   2816 3440196 6286760 21172312    0    0     0     4 15251 14923  0  2 98  0  0  0
 0  0   2816 3440196 6286760 21172312    0    0     0    68 13516 13418  1  2 98  0  0  0
 0  0   2816 3440196 6286768 21172312    0    0     0    12 14705 14509  1  2 97  0  0  0
 1  0   2816 3440196 6286768 21172312    0    0     0     0 14481 14070  1  2 97  0  0  0
 0  0   2816 3440196 6286768 21172312    0    0     0     4 14179 13569  1  2 97  0  0  0
 0  0   2816 3440196 6286776 21172304    0    0     0    28 14295 13688  1  2 97  0  0  0
 0  0   2816 3440196 6286776 21172312    0    0     0   116 14771 14530  1  2 97  0  0  0
 0  0   2816 3440196 6286776 21172312    0    0     0     0 15793 14820  1  3 96  0  0  0
 0  0   2816 3440196 6286784 21172312    0    0     0   164 16056 15604  1  2 97  0  0  0
 0  0   2816 3440196 6286784 21172312    0    0     0     0 15732 15033  1  2 97  0  0  0
 0  0   2816 3440196 6286784 21172312    0    0     0    16 15848 15288  1  2 97  0  0  0
 2  0   2816 3440196 6286792 21172304    0    0     0    16 16180 16478  1  2 97  0  0  0
 0  0   2816 3469152 6286792 21172296    0    0     0     4 7564 8900  1  1 98  0  0  0
 1  0   2816 3469604 6286792 21172200    0    0     0    96 1739 4306  0  0 99  0  0  0
 0  0   2816 3469604 6286800 21172200    0    0     0    12 2002 4677  0  0 99  0  0  0
 0  0   2816 3469604 6286800 21172200    0    0     0     0 1639 3945  0  0 99  0  0  0
 0  0   2816 3469352 6286800 21172196    0    0     0     0 1920 4547  0  0 99  0  0  0
 0  0   2816 3469128 6286808 21172188    0    0     0    20 1730 4068  0  0 99  0  0  0
procs -----------memory---------- ---swap-- -----io---- -system-- -------cpu-------
 r  b 交换 空闲 缓冲 缓存   si   so    bi    bo   in   cs us sy id wa st gu
 2  0   2816 3468616 6286808 21172200    0    0     0     8 1802 4416  0  0 99  0  0  0
 0  0   2816 3469128 6286808 21172200    0    0     0    64 1645 3792  0  0 100  0  0  0
 0  0   2816 3469128 6286816 21172200    0    0     0    24 1859 4323  0  0 99  0  0  0
 0  0   2816 3469156 6286816 21172200    0    0     0     0 1953 5293  1  0 99  0  0  0
 0  0   2816 3469156 6286816 21172200    0    0     0     4 2585 6078  1  0 99  0  0  0
 0  0   2816 3469156 6286824 21172200    0    0     0    40 2094 4998  1  0 99  0  0  0
