procs -----------memory---------- ---swap-- -----io---- -system-- ------cpu-----
 r  b   swpd   free   buff  cache   si   so    bi    bo   in   cs us sy id wa st
15  0    512 24229744 2375408 99233808    0    0    66    98    6    3  3  1 96  0  0
16  0    512 24219532 2375408 99239160    0    0  2916 52272 16296 11919 21  4 75  0  0
18  0    512 24222284 2375408 99244952    0    0  2344   140 15696 13001 21  5 74  0  0
17  0    512 24211812 2375412 99248336    0    0  1936    40 14768 12027 19  5 76  0  0
16  0    512 24201912 2375412 99252560    0    0  1896  1208 15273 12561 19  5 76  0  0
18  0    512 24197612 2375412 99256720    0    0  1176    16 15917 11723 19  6 75  0  0
17  0    512 24191912 2375412 99259480    0    0  1400    20 14543 12033 18  5 77  0  0
17  0    512 24183640 2375412 99263248    0    0  1336   148 14248 12526 19  6 76  0  0
16  0    512 24181308 2375412 99266976    0    0  2220    52 14868 12188 18  6 76  0  0
14  0    512 24175864 2375412 99271312    0    0  1496  1520 13939 12062 18  6 76  0  0
19  0    512 24169932 2375412 99274504    0    0  1744     4 12861 10923 20  4 76  0  0
17  0    512 24154504 2375412 99278128    0    0  1608   112 15535 12131 21  4 75  0  0
16  0    512 24155648 2375412 99281664    0    0  1660     8 16113 12730 20  5 75  0  0
17  0    512 24153512 2375416 99285824    0    0  1508    44 16737 12432 20  5 75  0  0
16  0    512 24149360 2375416 99289216    0    0  1088  1400 16020 12988 21  4 74  0  0
20  0    512 24130672 2375420 99292752    0    0   672 18588 15901 12890 21  4 75  0  0
15  0    512 24111108 2375420 99295360    0    0   740 28652 16487 12803 21  5 75  0  0
16  0    512 24088404 2375420 99305376    0    0  6672  3876 17074 13551 20  4 76  0  0
17  1    512 24071012 2375420 99316808    0    0  7856    40 17235 13263 21  4 75  0  0
16  0    512 24008400 2375468 99347552    0    0 27576 26048 15586 11868 20  6 74  0  0
17  0    512 23986124 2375504 99360960    0    0  8408 40528 12281 10953 17  6 77  0  0
procs -----------memory---------- ---swap-- -----io---- -system-- ------cpu-----
 r  b   swpd   free   buff  cache   si   so    bi    bo   in   cs us sy id wa st
17  0    512 23972580 2375540 99374312    0    0  8280 30552 10816 10322 20  5 75  0  0
16  0    512 23956684 2375588 99382528    0    0  3420 32676 14693 12565 21  4 75  0  0
16  0    512 23946628 2375600 99391120    0    0  2728 29840 16537 12893 21  4 75  0  0
20  0    512 23942472 2375616 99399280    0    0  2112 16620 15979 12389 20  5 75  0  0
16  0    512 23934976 2375640 99406384    0    0  2412 30752 16301 12461 20  5 75  0  0
17  0    512 23924208 2375656 99415208    0    0  1012 20428 15065 13310 21  4 75  0  0
19  0    512 23910848 2375688 99422360    0    0  2528 33472 16224 12362 21  4 75  0  0
17  0    512 23906992 2375708 99430352    0    0   976 24292 15917 12619 20  4 75  0  0
16  0    512 23893716 2375732 99438752    0    0  1656 25964 17017 12656 21  4 75  0  0
17  0    512 23990572 2375744 99332544    0    0   892 86268 13600 10446 17  5 78  0  0
16  0    512 23972924 2375756 99340040    0    0  2440 22268 15080 12181 20  4 75  0  0
17  0    512 23954904 2375776 99346408    0    0  1276 16632 10724 9693 19  5 76  0  0
16  0    512 23948788 2375804 99352736    0    0  1728 26676 14774 12109 21  4 75  0  0
16  0    512 23940340 2375832 99361168    0    0  1160 31200 15779 12473 21  4 74  0  0
18  0    512 23936104 2375880 99366936    0    0   648 40812 15080 12329 20  4 76  0  0
18  0    512 23933532 2375884 99373320    0    0   792 22204 14946 12152 20  5 75  0  0
16  0    512 23931808 2375888 99379808    0    0   740 26212 15854 12286 21  4 75  0  0
18  0    512 23923928 2375932 99387664    0    0  1044 36880 15744 12694 21  4 75  0  0
17  0    512 23918900 2375976 99394544    0    0  1032 28580 15939 11877 21  4 74  0  0
16  0    512 23908396 2375992 99401920    0    0   784 24168 15347 12519 21  4 75  0  0
17  0    512 23901764 2376004 99408272    0    0   808 20756 15421 12376 21  5 74  0  0
procs -----------memory---------- ---swap-- -----io---- -system-- ------cpu-----
 r  b   swpd   free   buff  cache   si   so    bi    bo   in   cs us sy id wa st
17  0    512 23897648 2376024 99414392    0    0   804 20200 15595 12443 20  4 75  0  0
17  0    512 23877956 2376048 99420864    0    0   332 18684 11475 9999 20  4 76  0  0
16  0    512 23880800 2376084 99426664    0    0   592 35084 15131 11955 20  5 76  0  0
16  0    512 23808080 2376152 99439208    0    0  9528 69228 14310 13245 21  4 75  0  0
16  0    512 23845504 2376184 99290744    0    0 77776 16160 15389 14080 20  5 75  0  0
15  1    512 24130224 2376264 98973928    0    0 72024 52388 17007 13088 20  6 75  0  0
16  0    512 24043872 2376300 99004944    0    0 65596 68908 16556 14055 21  5 74  0  0
15  1    512 23945732 2376388 99044336    0    0 68724 102500 15888 13617 20  5 75  0  0
16  0    512 23943972 2376436 98974624    0    0 63204 70000 15552 14004 20  5 75  0  0
16  0    512 23835088 2376544 99044000    0    0 60152 95784 15523 13977 20  4 75  0  0
24  0    512 23774280 2376676 99018320    0    0 64644 100576 15368 13150 18  5 76  1  0
16  0    512 23823972 2376696 98959072    0    0 53780 55664 12142 11207 22  5 73  0  0
16  0    512 23828856 2376760 98978576    0    0 62612 76408 14238 12668 21  4 75  0  0
16  0    512 23793032 2376836 99061056    0    0 70672 66796 14953 12723 21  4 75  0  0
16  0    512 23741616 2376940 99133408    0    0 63284 98816 14949 13646 21  4 74  0  0
17  0    512 23746520 2376992 99115056    0    0 56652 67336 15394 13487 20  5 75  0  0
17  0    512 23980776 2377056 98876352    0    0 50404 46644 15517 13254 17  5 77  0  0
17  0    512 23915296 2377156 98939840    0    0 75816 100384 15992 13401 19  4 76  0  0
16  0    512 23944348 2377196 98923296    0    0 72776 80076 16427 13439 20  4 76  0  0
16  0    512 23886544 2377208 98982448    0    0 52588 93036 17867 13977 20  5 75  0  0
21  0    512 23831532 2377220 99043264    0    0 54880 26600 15996 13902 20  5 75  0  0
procs -----------memory---------- ---swap-- -----io---- -system-- ------cpu-----
 r  b   swpd   free   buff  cache   si   so    bi    bo   in   cs us sy id wa st
17  0    512 23779720 2377232 99099528    0    0 50116 25252 16489 13439 20  4 75  0  0
15  0    512 23809736 2377256 99065800    0    0 34352 21840 13523 11409 21  5 74  0  0
16  0    512 23821268 2377280 99105496    0    0 38564 26524 15793 12961 21  4 75  0  0
16  0    512 23797376 2377296 99145936    0    0 34840 28016 15307 12817 20  5 75  1  0
16  0    512 23769072 2377312 99184608    0    0 33476 26616 16599 12807 21  4 75  0  0
17  0    512 23738824 2377340 99224784    0    0 35076 26524 16514 13232 20  4 75  0  0
18  0    512 23704476 2377356 99264544    0    0 32532 26488 17535 13396 21  5 74  0  0
16  0    512 23678404 2377376 99298432    0    0 28400 26492 16018 12819 20  4 76  0  0
16  0    512 23663180 2377392 99321936    0    0 18220 28496 17078 13278 21  5 75  0  0
17  0    512 23911696 2377404 99025264    0    0 22592 14760 15730 13195 19  4 76  0  0
20  0    512 23895656 2377404 99051960    0    0 30328     4 16082 13392 20  4 75  0  0
18  0    512 23796416 2377408 99079352    0    0 25460 13144 16506 13229 20  5 75  0  0
17  0    512 23866704 2377412 99042272    0    0 11920 35020 8775 9198 17  7 75  0  0
16  0    512 23862984 2377416 99063104    0    0 22276  3980 15938 12783 20  4 75  0  0
16  0    512 23844416 2377416 99095904    0    0 28864  1580 17217 13324 20  4 76  0  0
16  0    512 23817660 2377416 99126104    0    0 27880     4 17227 13954 20  4 75  0  0
16  0    512 23803404 2377416 99155952    0    0 26948     8 17178 13833 20  4 76  0  0
17  0    512 23782572 2377416 99181800    0    0 23168    80 18168 14249 21  5 74  0  0
16  0    512 23769656 2377420 99203840    0    0 20220   100 17924 13972 20  5 75  0  0
16  0    512 23751492 2377420 99225976    0    0 21176  1332 17262 13377 20  4 75  0  0
16  0    512 23738484 2377420 99247984    0    0 18648     4 16540 13894 20  4 76  0  0
procs -----------memory---------- ---swap-- -----io---- -system-- ------cpu-----
 r  b   swpd   free   buff  cache   si   so    bi    bo   in   cs us sy id wa st
19  0    512 23719592 2377420 99269872    0    0 18876     8 17069 13831 20  4 76  0  0
16  0    512 23712092 2377424 99285744    0    0 14228   168 16113 13680 20  4 75  0  0
15  0    512 23693404 2377428 99302016    0    0 13408  5828 14213 12363 18  6 76  0  0
16  0    512 23671172 2377428 99314352    0    0 10908  1480 11936 11514 15  7 78  0  0
16  0    512 23651948 2377428 99325616    0    0  9984     8 12090 11293 20  4 76  0  0
21  0    512 23641052 2377428 99340448    0    0 10524     4 15335 12517 21  4 75  0  0
17  0    512 23872776 2377444 99109104    0    0  9904 56344 12594 10255 15  4 81  0  0
18  0    512 23860064 2377444 99121024    0    0 10776     8 16677 13042 20  4 75  0  0
16  0    512 23857776 2377444 99131608    0    0  9264  1420 17176 13703 21  5 74  0  0
16  0    512 23843820 2377444 99146000    0    0 12904   108 16730 13886 21  4 75  0  0
17  0    512 23834700 2377444 99159024    0    0 10164     4 17048 13093 20  4 75  0  0
16  0    512 23831932 2377452 99170464    0    0  9696   204 16471 13667 21  4 75  0  0
17  0    512 23820012 2377452 99183808    0    0 10148     8 17960 13674 20  5 75  0  0
17  0    512 23810852 2377452 99194848    0    0  8680    40 17127 13432 20  5 75  0  0
16  0    512 23799908 2377452 99206896    0    0  9192  1388 17795 13515 20  5 74  0  0
17  0    512 23796868 2377452 99218064    0    0  9100    76 16691 13159 20  4 76  0  0
18  0    512 23784584 2377456 99225472    0    0  5020    20 12632 11026 21  4 75  0  0
17  0    512 23787280 2377456 99233824    0    0  6444     8 15384 12687 21  4 75  0  0
16  0    512 23785040 2377464 99241264    0    0  6152  8256 15385 13442 20  4 76  0  0
17  0    512 23775560 2377468 99251744    0    0  7448 40284 16596 13280 21  5 74  0  0
17  0    512 23758528 2377472 99268368    0    0 11620  3876 17076 13633 20  4 76  0  0
procs -----------memory---------- ---swap-- -----io---- -system-- ------cpu-----
 r  b   swpd   free   buff  cache   si   so    bi    bo   in   cs us sy id wa st
17  0    512 23741660 2377472 99282176    0    0 11880     4 16803 13726 21  4 75  0  0
16  0    512 23731360 2377472 99296848    0    0 10908     4 15538 13621 20  4 76  0  0
17  0    512 23715404 2377472 99306928    0    0  7988    36 16771 13179 21  4 75  0  0
19  0    512 23710416 2377472 99318104    0    0  8288  1704 16127 13394 21  4 75  0  0
16  0    512 23701420 2377476 99328384    0    0  8844    20 17148 13577 20  5 75  0  0
16  0    512 23692216 2377476 99338288    0    0  7196     8 17330 13701 21  4 75  0  0
18  0    512 23681632 2377476 99347120    0    0  6548  8532 17532 12723 21  4 76  0  0
16  0    512 23674952 2377476 99353504    0    0  4524    28 12266 10849 21  4 75  0  0
17  0    512 23665488 2377480 99361640    0    0  6512  1300 15114 12651 21  4 75  0  0
17  0    512 23654144 2377480 99370496    0    0  5792    40 15706 13217 21  5 74  0  0
16  0    512 23648344 2377480 99377216    0    0  4184     4 16903 13035 20  5 75  0  0
18  0    512 23631964 2377480 99383608    0    0  4908 50140 16491 12603 20  4 75  0  0
16  0    512 23632920 2377480 99392552    0    0  5972    28 17452 13554 20  4 75  0  0
15  1    512 23627576 2377480 99400072    0    0  4796  1456 16900 13017 21  4 75  0  0
16  0    512 23622160 2377480 99407552    0    0  5012    24 16065 13051 21  4 75  0  0
16  0    512 23615472 2377480 99413584    0    0  3836     4 16515 13003 21  5 74  0  0
16  0    512 23606992 2377480 99419104    0    0  3612     8 16200 12666 20  4 76  0  0
17  0    512 23599600 2377480 99425616    0    0  4156     4 15696 13328 20  4 76  0  0
18  0    512 23585928 2377480 99432224    0    0  3924   452 16508 13110 21  4 75  0  0
16  0    512 23579736 2377484 99437264    0    0  2308  1276 11880 10851 21  3 76  0  0
20  0    512 23567460 2377484 99441728    0    0  2680     8 16089 12220 21  4 74  0  0
procs -----------memory---------- ---swap-- -----io---- -system-- ------cpu-----
 r  b   swpd   free   buff  cache   si   so    bi    bo   in   cs us sy id wa st
17  0    512 23566976 2377484 99446208    0    0  2944     4 15981 12454 21  5 75  0  0
16  0    512 23560572 2377484 99451200    0    0  2052   112 16219 12976 20  4 75  0  0
20  0    512 23554076 2377484 99455424    0    0  2732    32 15814 12690 20  4 76  0  0
16  0    512 23550596 2377492 99460704    0    0  2244  9516 15452 12475 20  4 76  0  0
17  0    512 23541316 2377496 99465032    0    0  1960 38808 16779 12659 21  4 75  0  0
17  0    512 23520036 2377508 99477752    0    0  6908  3868 17195 13838 21  5 75  0  0
17  0    512 23497196 2377548 99495480    0    0 13936 31516 16772 13413 21  4 75  0  0
16  0    512 23482416 2377576 99511448    0    0 11204 39108 15432 13207 21  4 75  0  0
16  0    512 23457536 2377592 99524688    0    0  7692 37988 15774 12743 20  4 76  0  0
17  0    512 23427640 2377604 99537088    0    0  6532 35428 15924 13024 21  4 75  0  0
17  0    512 23403568 2377636 99546432    0    0  3392 18852 13901 11918 21  4 76  0  0
16  0    512 23396380 2377648 99554464    0    0  2848 20360 11736 11078 22  4 74  0  0
15  0    512 23390740 2377660 99562336    0    0  4148 27004 14609 12129 21  3 75  0  0
16  0    512 23374944 2377668 99571344    0    0  3480 20048 15520 12482 21  4 75  0  0
16  0    512 23367544 2377716 99580512    0    0  2948 30040 15920 12868 21  4 75  0  0
16  0    512 23348548 2377732 99589136    0    0  2772 27124 15824 13454 21  4 75  0  0
17  0    512 23344100 2377776 99598480    0    0  3712 28392 15736 13358 22  5 74  0  0
19  0    512 23336312 2377796 99607024    0    0  2408 18708 16248 12110 21  4 76  0  0
16  0    512 23329644 2377820 99614880    0    0  3172 25028 15919 13409 21  5 75  0  0
17  0    512 23438168 2377852 99501728    0    0  1632 85464 14761 10905 17  4 79  0  0
16  0    512 23431584 2377884 99510288    0    0  2676 29576 17242 12940 21  4 75  0  0
procs -----------memory---------- ---swap-- -----io---- -system-- ------cpu-----
 r  b   swpd   free   buff  cache   si   so    bi    bo   in   cs us sy id wa st
17  0    512 23422984 2377900 99518400    0    0  3484 28520 15811 13030 21  4 75  0  0
17  0    512 23413472 2377940 99526368    0    0  2024 42120 16979 13076 21  5 74  0  0
16  0    512 23408728 2377952 99533664    0    0  1904 21512 16250 13071 21  4 76  0  0
17  0    512 23383328 2377976 99539712    0    0  1344 23392 12083 9794 21  3 76  0  0
17  0    512 23371268 2377988 99547696    0    0  1864 29568 14399 12264 22  4 74  0  0
16  0    512 23363732 2377996 99555088    0    0  1444 20736 15596 12534 21  4 75  0  0
22  0    512 23355104 2378016 99561752    0    0  1968 29548 16274 12797 21  5 74  0  0
15  0    512 23347588 2378032 99569472    0    0  1600 19852 17244 13047 21  5 74  0  0
19  0    512 23340240 2378040 99576400    0    0  1428 22236 16848 13108 22  4 74  0  0
17  0    512 23332452 2378064 99584472    0    0  1356 27188 15848 12940 22  4 75  0  0
17  0    512 23318992 2378092 99592264    0    0  3352 32404 16866 13368 21  4 75  0  0
16  0    512 23257196 2378096 99599968    0    0  1140 61272 14959 12232 20  4 75  0  0
18  0    512 23219236 2378156 99521824    0    0 34176 30144 15173 17593 20  6 74  0  0
16  0    512 23582204 2378184 99075888    0    0 78232 17940 16443 14629 20  5 74  0  0
16  0    512 23493876 2378200 99136336    0    0 72728 34748 16449 14348 20  4 75  0  0
17  0    512 23452332 2378284 99125872    0    0 63896 79736 13529 11607 20  4 75  0  0
16  0    512 23459904 2378340 99102696    0    0 61672 89808 12778 12009 21  3 75  0  0
20  0    512 23409340 2378400 99155080    0    0 56264 77820 14421 12612 21  4 74  1  0
14  0    512 23425412 2378532 99143216    0    0 75868 96200 15697 13854 20  5 74  0  0
16  2    512 23454324 2378628 99100280    0    0 70028 103516 15367 14114 20  4 75  0  0
17  0    512 23445212 2378760 99066768    0    0 79540 111936 16900 13686 21  4 75  0  0
procs -----------memory---------- ---swap-- -----io---- -system-- ------cpu-----
 r  b   swpd   free   buff  cache   si   so    bi    bo   in   cs us sy id wa st
17  0    512 23444256 2378912 99067632    0    0 80280 140948 15526 13897 20  4 76  0  0
16  0    512 23452476 2379008 99011792    0    0 100208 82880 16106 14298 20  5 75  0  0
17  0    512 23285252 2379052 99122592    0    0 102920 80972 15612 13870 20  5 75  0  0
17  0    512 23274440 2379176 99092032    0    0 94828 93264 15288 14250 19  5 76  0  0
17  0    512 23198160 2379180 99148000    0    0 69720 26588 16296 13791 21  4 75  0  0
17  0    512 23124512 2379208 99208776    0    0 55040 26496 16227 13774 20  4 76  0  0
15  0    512 23062132 2379228 99269960    0    0 54032 26496 15982 13645 21  5 75  0  0
16  0    512 23062692 2379240 99268240    0    0 28336 19588 10588 9646 20  3 76  0  0
16  0    512 23042520 2379264 99282496    0    0 44260 91692 15275 12923 21  6 73  0  0
16  0    512 22995740 2379284 99332768    0    0 47344 26508 16613 13566 21  4 75  0  0
18  0    512 22960072 2379304 99381744    0    0 41904 26512 15986 13819 21  4 75  0  0
16  0    512 22914784 2379316 99431784    0    0 43456 28536 16709 14044 21  4 75  0  0
16  0    512 22886228 2379344 99469920    0    0 31312 28128 16178 13569 21  4 74  0  0
16  1    512 22858852 2379352 99501264    0    0 26968 26564 16314 13132 21  4 75  0  0
17  0    512 22827376 2379388 99532200    0    0 25180 28588 15990 13109 21  5 74  0  0
16  0    512 22811280 2379404 99560784    0    0 21056 27556 15921 13062 21  5 74  0  0
16  0    512 22785288 2379428 99591904    0    0 27768 25576 15947 13431 21  4 75  0  0
12  0    512 22757056 2379448 99626032    0    0 26160 29224 16037 12963 21  4 75  0  0
17  0    512 22735784 2379464 99655008    0    0 23968 26496 16439 13094 21  5 75  0  0
17  0    512 22713168 2379472 99684224    0    0 22964 27160 15243 13145 21  5 75  0  0
17  0    512 22695000 2379484 99703936    0    0 14424 51864 11080 9533 22  3 75  0  0
procs -----------memory---------- ---swap-- -----io---- -system-- ------cpu-----
 r  b   swpd   free   buff  cache   si   so    bi    bo   in   cs us sy id wa st
19  0    512 22662588 2379504 99732992    0    0 20440 41376 14181 12518 21  4 75  0  0
17  0    512 22646340 2379524 99760720    0    0 22192 25992 16084 13577 21  5 74  0  0
15  0    512 22986560 2379548 99332784    0    0 33340  3828 15655 14270 19  5 75  0  0
16  0    512 22973240 2379548 99361984    0    0 31756     4 16246 13644 20  4 75  0  0
17  0    512 22946324 2379548 99392928    0    0 28804   128 16213 13773 20  5 74  0  0
19  0    512 22931848 2379548 99423584    0    0 27920     4 16831 13454 21  4 75  0  0
16  0    512 22914764 2379548 99451360    0    0 24932  1388 16707 13924 21  4 75  0  0
16  0    512 22890668 2379556 99478112    0    0 24612  1224 15942 13317 20  4 75  0  0
18  0    512 22868536 2379556 99501328    0    0 21768     8 16413 13692 21  4 75  0  0
18  0    512 22849772 2379556 99527808    0    0 22828   248 16714 13784 20  5 75  0  0
20  0    512 22837344 2379556 99549896    0    0 19648     4 16243 13360 21  5 75  0  0
17  0    512 22821208 2379556 99570104    0    0 18060   248 16733 13866 20  5 75  0  0
12  0    512 22792512 2379556 99590960    0    0 18544  7508 15723 13167 20  5 75  0  0
16  0    512 22736640 2379556 99609416    0    0 16644     8 16760 13370 20  4 75  0  0
17  0    512 22533492 2379556 99622360    0    0  8796 40444 12448 10339 20  5 75  0  0
17  0    512 22719752 2379560 99414424    0    0 11160 14796 13809 10779 19  4 76  0  0
17  0    512 22704528 2379560 99427408    0    0 11472     4 12312 10434 17  4 79  0  0
17  0    512 22699104 2379564 99438880    0    0 10892  1552 14524 11720 19  5 76  0  0
16  0    512 22694424 2379564 99454000    0    0 12792     8 16070 12958 20  4 76  0  0
16  0    512 22676552 2379576 99469456    0    0 12400   544 16949 13307 20  5 75  0  0
17  0    512 22662688 2379576 99483168    0    0 11368     4 16919 12494 19  4 77  0  0
procs -----------memory---------- ---swap-- -----io---- -system-- ------cpu-----
 r  b   swpd   free   buff  cache   si   so    bi    bo   in   cs us sy id wa st
17  0    512 22653568 2379576 99495216    0    0  9708     4 16464 13243 20  5 75  0  0
17  0    512 22643772 2379576 99509792    0    0 11824  1540 17519 13215 20  4 76  0  0
16  0    512 22633216 2379576 99522064    0    0 10376     4 16663 13040 20  5 75  0  0
15  0    512 22624800 2379580 99535056    0    0 10676    20 16546 12828 20  4 76  0  0
17  0    512 22606424 2379580 99547840    0    0 10684     8 15941 13045 20  3 76  0  0
17  0    512 22601416 2379584 99559168    0    0  9088  8232 15779 13654 21  5 74  0  0
17  0    512 22595904 2379584 99567792    0    0  5656 38228 12421 10834 21  4 75  0  0
16  0    512 22580096 2379604 99579784    0    0  6660  5796 12631 11726 21  4 76  0  0
12  0    512 22564592 2379604 99595512    0    0 14180     4 14055 12663 19  4 76  0  0
16  0    512 22537592 2379604 99605616    0    0  8216     4 11584 11559 15  6 79  0  0
18  0    512 22532860 2379604 99615888    0    0  8820     4 12763 11996 17  6 77  0  0
15  0    512 22509876 2379604 99627312    0    0 10492 11028 15573 12841 19  6 74  0  0
17  0    512 22505448 2379608 99639488    0    0 10128    68 17002 13463 20  4 76  0  0
20  0    512 22493472 2379608 99651760    0    0  8668     4 17491 13343 20  4 75  0  0
16  0    512 22471980 2379608 99662832    0    0  9016     4 16441 12768 20  5 75  0  0
16  0    512 22451712 2379608 99675960    0    0 10132  1208 16888 13434 20  5 75  0  0
17  0    512 22440284 2379608 99685264    0    0  6548 39400 16511 12738 20  5 75  0  0
14  0    512 22431104 2379616 99693648    0    0  6420    52 16218 13173 20  5 74  0  0
17  0    512 22408716 2379616 99703464    0    0  7208     4 17353 13075 21  5 74  0  0
20  0    512 22404192 2379616 99711736    0    0  6808     4 15850 12992 20  4 76  0  0
16  0    512 22395432 2379616 99719536    0    0  5164    28 16849 13437 21  4 75  0  0
procs -----------memory---------- ---swap-- -----io---- -system-- ------cpu-----
 r  b   swpd   free   buff  cache   si   so    bi    bo   in   cs us sy id wa st
17  0    512 22387860 2379616 99727720    0    0  6532  1404 16318 13025 20  4 76  0  0
17  0    512 22357360 2379616 99735320    0    0  4484    52 15998 13158 20  5 75  0  0
17  0    512 22185716 2379616 99739632    0    0  3112     4 9995 9428 20  5 75  0  0
17  0    512 22173844 2379616 99745968    0    0  4160     8 14950 12654 21  4 75  0  0
16  0    512 22158164 2379616 99752752    0    0  4024   132 16135 12720 20  5 75  0  0
16  0    512 22153940 2379616 99758224    0    0  4420  9768 15393 12767 20  4 76  0  0
18  0    512 22137660 2379620 99764976    0    0  3468    52 16158 13090 20  4 75  0  0
19  0    512 22134384 2379620 99770816    0    0  3444   120 15955 12862 20  6 74  0  0
16  0    512 22125636 2379620 99775200    0    0  3136     4 14520 12790 20  5 75  0  0
20  0    512 22112704 2379620 99781192    0    0  3372     8 15532 12809 20  5 75  0  0
16  0    512 22096040 2379620 99786144    0    0  2872 25152 13274 11600 17  6 78  0  0
17  0    512 22073304 2379620 99790936    0    0  2992   252 13744 11907 17  7 76  0  0
19  0    512 22066568 2379620 99795264    0    0  2088   240 13244 11620 17  6 77  0  0
14  0    512 22050836 2379620 99799392    0    0  1820     8 14951 12263 19  5 75  0  0
16  0    512 22041248 2379628 99803880    0    0  2548 45096 14818 12434 21  4 75  0  0
17  0    512 22012204 2379644 99821384    0    0 11504 20640 15460 12193 21  4 76  0  0
16  0    512 21991644 2379684 99840928    0    0 14372 44012 16254 12972 21  4 75  0  0
16  0    512 21977932 2379700 99856488    0    0 10988 33388 15564 12677 20  4 76  0  0
16  0    512 21958556 2379704 99865504    0    0  4728 15684 10098 9258 21  5 74  0  0
16  0    512 21941320 2379728 99875912    0    0  4852 32016 13846 10970 20  5 75  0  0
17  0    512 21933264 2379736 99886080    0    0  4456 25240 15240 11928 21  5 74  0  0
procs -----------memory---------- ---swap-- -----io---- -system-- ------cpu-----
 r  b   swpd   free   buff  cache   si   so    bi    bo   in   cs us sy id wa st
18  0    512 21927820 2379744 99895408    0    0  2800 24012 14318 11916 20  4 76  0  0
17  0    512 21905540 2379768 99905624    0    0  3904 23648 15811 12041 21  4 75  0  0
17  0    512 21903452 2379792 99914240    0    0  4336 32260 15971 12565 21  4 75  0  0
17  0    512 21891700 2379804 99923840    0    0  3536 30852 15139 12497 21  5 74  0  0
16  0    512 21881456 2379820 99933944    0    0  2520 28096 16888 12182 21  4 75  0  0
15  0    512 21868128 2379828 99940208    0    0  2108 22228 15779 12415 21  4 75  0  0
16  0    512 21851716 2379884 99948784    0    0  2784 31772 15886 12693 21  4 75  0  0
16  0    512 21832712 2379892 99957600    0    0  2848 18676 15565 12583 20  5 75  0  0
19  0    512 21798148 2379924 99965632    0    0  2700 29412 13184 11143 18  5 76  0  0
16  0    512 21784848 2379956 99975840    0    0  2836 28476 13704 11441 19  6 75  0  0
16  0    512 21773740 2379992 99981656    0    0  1988 33560 12569 11022 17  6 77  0  0
14  0    512 21867116 2380028 99868736    0    0  1452 63148 10794 9949 14  5 81  0  0
 8  0    512 21851212 2380040 99874592    0    0  1120 31644 10556 10680 15  7 78  0  0
18  0    512 21837844 2380076 99879608    0    0  1880 33424 10679 9734 15  7 78  0  0
17  0    512 21818720 2380108 99888256    0    0  1076 20480 10384 10064 15  8 77  0  0
16  0    512 21812060 2380128 99893152    0    0  1296 24572 9928 9889 15  8 77  0  0
16  0    512 21756968 2380136 99898320    0    0  1032 18700 10878 9970 16  7 77  0  0
17  0    512 21518736 2380136 99905336    0    0  1368 15208 12293 10758 20  4 76  0  0
17  0    512 21411044 2380148 99910992    0    0   968 14552 10182 8689 20  5 75  0  0
16  0    512 21405312 2380164 99916736    0    0  1352 29856 14297 11522 21  4 75  0  0
16  0    512 21390156 2380168 99926448    0    0  3724 28772 14944 12160 21  6 73  0  0
procs -----------memory---------- ---swap-- -----io---- -system-- ------cpu-----
 r  b   swpd   free   buff  cache   si   so    bi    bo   in   cs us sy id wa st
17  0    512 21390704 2380196 99931920    0    0  1192 28964 15033 11709 21  4 75  0  0
16  0    512 21367248 2380220 99952240    0    0 19932 17936 15693 12648 19  5 75  0  0
17  0    512 21888132 2380252 99376008    0    0 76088 22612 15316 12444 19  5 76  0  0
17  0    512 21822292 2380280 99425696    0    0 60248 18460 14662 11134 19  5 76  0  0
19  0    512 21738360 2380392 99494016    0    0 60056 80784 14546 12011 18  6 75  1  0
16  0    512 21624104 2380496 99566104    0    0 64108 126076 14257 12871 20  5 75  0  0
16  0    512 21501168 2380564 99606640    0    0 68060 91760 14787 14353 21  5 75  0  0
19  0    512 21448752 2380648 99608392    0    0 88652 106112 15468 13471 20  4 75  0  0
16  0    512 21293264 2380744 99706960    0    0 86364 88144 16629 14368 21  5 74  0  0
16  0    512 21276256 2380824 99636216    0    0 62168 65988 15782 13760 21  4 75  0  0
18  0    512 21239100 2380968 99594424    0    0 65384 131532 16265 13848 21  6 73  0  0
16  0    512 21272344 2381020 99482224    0    0 56892 60400 15777 13242 20  5 75  0  0
15  0    512 21177340 2381068 99550208    0    0 56872 87900 15961 12954 20  4 75  1  0
17  0    512 21107832 2381092 99593216    0    0 35744 20184 10566 9901 21  4 75  0  0
18  0    512 21328316 2381092 99347576    0    0 46216     8 13074 12196 19  5 76  0  0
21  0    512 21292180 2381092 99392368    0    0 50816  1704 17255 13791 21  4 74  0  0
16  0    512 21305784 2381092 99440032    0    0 46768    36 15921 13872 21  6 74  0  0
16  0    512 21384792 2381092 99482952    0    0 39956     4 16127 13312 20  5 75  0  0
16  0    512 21433764 2381100 99522088    0    0 36624  1360 16900 14025 20  5 75  0  0
18  0    512 21410216 2381100 99560032    0    0 36332   128 17900 13472 20  4 76  0  0
17  0    512 21397072 2381100 99594080    0    0 32744  1700 17093 14417 20  5 75  0  0
procs -----------memory---------- ---swap-- -----io---- -system-- ------cpu-----
 r  b   swpd   free   buff  cache   si   so    bi    bo   in   cs us sy id wa st
18  0    512 21385716 2381100 99624608    0    0 28424    28 16046 13384 21  4 75  0  0
16  0    512 21371536 2381100 99652016    0    0 23716     8 16371 13457 20  5 75  0  0
15  0    512 21356676 2381100 99675952    0    0 23380 62360 17170 13273 20  4 76  0  0
17  0    512 21347704 2381100 99698760    0    0 19804   256 15988 13278 20  4 75  0  0
17  0    512 21332672 2381100 99722928    0    0 20736  1324 17535 13128 20  4 76  0  0
17  0    512 21312392 2381100 99742712    0    0 16988    24 16643 13542 20  4 76  0  0
15  0    512 21312976 2381100 99757056    0    0 12372     4 16355 13022 21  5 74  0  0
16  0    512 21297712 2381104 99770144    0    0 11120  2832 14682 12454 18  6 76  0  0
11  0    512 21292112 2381104 99785840    0    0 14104   100 15416 13047 19  5 76  0  0
17  0    512 21285512 2381108 99796104    0    0  6484  1264 10642 8799 21  4 75  0  0
16  0    512 21279308 2381108 99788712    0    0 10932    32 15273 12528 21  5 74  0  0
16  0    512 21271908 2381108 99800512    0    0  9676     4 15706 12039 21  4 75  0  0
19  0    512 21253716 2381116 99811376    0    0  9000  4384 17446 13261 21  5 74  0  0
16  0    512 21242724 2381116 99822688    0    0  8688 43132 16700 13086 22  4 75  0  0
18  0    512 21231372 2381124 99841360    0    0 13280  5176 16753 13065 20  4 76  0  0
17  0    512 21217592 2381124 99858840    0    0 14616   108 17718 13895 21  4 75  0  0
16  0    512 21210960 2381124 99870000    0    0 10200     8 16792 13812 20  4 76  0  0
17  0    512 21206444 2381124 99883120    0    0 10816     8 16497 13897 21  5 74  0  0
18  0    512 21197856 2381128 99897120    0    0 10380   116 16275 13844 21  4 75  0  0
16  0    512 21193420 2381132 99906992    0    0  8496    16 17465 13837 21  4 75  0  0
16  0    512 21189724 2381132 99919200    0    0  8504  1340 16455 14044 20  4 76  0  0
procs -----------memory---------- ---swap-- -----io---- -system-- ------cpu-----
 r  b   swpd   free   buff  cache   si   so    bi    bo   in   cs us sy id wa st
18  0    512 21178776 2381132 99928752    0    0  7180    32 15991 13140 21  4 75  0  0
13  0    512 21174540 2381132 99938176    0    0  7304  4384 17628 13608 21  4 75  0  0
20  0    512 21173360 2381136 99947472    0    0  6660   188 15960 12790 20  5 75  0  0
16  0    512 21168852 2381140 99955944    0    0  6672    28 15688 13357 20  4 76  0  0
16  0    512 21174948 2381140 99961568    0    0  2548  1336 9454 8885 22  3 75  0  0
16  0    512 21175192 2381140 99967160    0    0  4684    32 16085 12819 22  4 75  0  0
16  0    512 21174532 2381140 99973472    0    0  4388 50332 17032 12679 21  4 75  0  0
17  0    512 21174308 2381140 99981080    0    0  5080   168 15926 13210 21  5 74  0  0
16  0    512 21291640 2381144 99864560    0    0  2788  4480 14860 12152 18  4 78  0  0
19  0    512 21287348 2381144 99869496    0    0  3344  1564 16304 13673 20  4 75  0  0
16  0    512 21295316 2381144 99876360    0    0  2732    32 17369 12886 20  4 76  0  0
16  0    512 21292024 2381148 99880848    0    0  3212   112 17210 13001 20  4 76  0  0
16  0    512 21287604 2381148 99885608    0    0  2552    60 17136 12843 20  4 75  0  0
15  0    512 21286516 2381152 99890672    0    0  3096   136 17630 13463 21  5 74  0  0
16  0    512 21280592 2381152 99896104    0    0  2504  1532 17146 13382 20  5 75  0  0
16  0    512 21277144 2381152 99901424    0    0  2548   148 16312 13018 20  4 76  0  0
17  0    512 21267940 2381152 99906072    0    0  2568     8 17393 12935 20  4 76  0  0
17  0    512 21269992 2381152 99910816    0    0  2572     4 16308 12920 21  3 76  0  0
17  0    512 21267652 2381160 99915552    0    0  1900 12340 16393 13350 21  4 75  0  0
16  0    512 21259580 2381164 99919328    0    0  2328 35928 16375 13365 21  5 74  0  0
17  0    512 21245684 2381172 99932896    0    0  8536  4064 12384 10679 21  3 76  0  0
procs -----------memory---------- ---swap-- -----io---- -system-- ------cpu-----
 r  b   swpd   free   buff  cache   si   so    bi    bo   in   cs us sy id wa st
19  0    512 21234648 2381172 99942192    0    0  7092     8 14551 12309 21  4 74  0  0
16  0    512 21224536 2381172 99949392    0    0  5464    20 16588 13013 21  4 75  0  0
16  0    512 21214296 2381172 99956480    0    0  5196     8 16625 13756 21  4 75  0  0
17  0    512 21203820 2381172 99965424    0    0  5752  1604 16890 13629 21  5 74  0  0
17  0    512 21188420 2381176 99971856    0    0  4636    20 16282 13346 20  4 76  0  0
16  0    512 21189548 2381176 99978608    0    0  4288 16672 16099 13539 20  5 75  0  0
17  0    512 21187860 2381176 99984216    0    0  2984     4 16672 13145 21  4 76  0  0
16  0    512 21184940 2381176 99989624    0    0  2556     4 16894 13217 20  4 75  0  0
16  0    512 21175556 2381176 99995440    0    0  3772   172 17131 12967 19  4 76  0  0
16  0    512 21166180 2381180 100000584    0    0  2616  1276 16081 13282 20  5 74  0  0
17  0    512 21159768 2381180 100005152    0    0  1784 35224 17176 13309 21  4 75  0  0
16  0    512 21150548 2381184 100010880    0    0  3304   132 17798 13110 21  5 75  0  0
16  0    512 21144496 2381184 100015376    0    0  2356     8 18128 13236 21  4 75  0  0
18  0    512 21137288 2381184 100020720    0    0  2616    28 17442 13175 21  4 75  0  0
18  0    512 21131784 2381184 100025472    0    0  2916  1560 15702 13880 20  5 75  0  0
17  0    512 21122768 2381184 100029376    0    0  1600    36 16953 13395 21  5 74  0  0
18  0    512 21110416 2381184 100033168    0    0  1008   228 9978 8755 22  4 75  0  0
17  0    512 21104860 2381184 100035776    0    0  1112     8 16414 12636 20  4 76  0  0
17  0    512 21099356 2381184 100039024    0    0  1288    20 15394 12407 21  5 75  0  0
17  0    512 21097680 2381184 100042704    0    0  1364  1432 15414 12355 21  4 75  0  0
17  0    512 21083712 2381184 100046488    0    0  1112    28 15931 12732 21  5 74  0  0
procs -----------memory---------- ---swap-- -----io---- -system-- ------cpu-----
 r  b   swpd   free   buff  cache   si   so    bi    bo   in   cs us sy id wa st
18  0    512 21089980 2381188 100050144    0    0  1312   136 17300 12921 20  4 76  0  0
16  0    512 21086140 2381188 100053472    0    0   684     4 16042 13814 21  4 75  0  0
17  0    512 21083848 2381188 100056424    0    0  1240    20 15971 12998 21  4 75  0  0
16  0    512 21084396 2381188 100059872    0    0  1196  5344 15926 13093 20  4 76  0  0
17  0    512 21079328 2381188 100062992    0    0   896 51176 16864 12875 21  5 74  0  0
16  0    512 21063636 2381196 100079312    0    0 11648 23164 16031 12771 19  5 76  0  0
16  0    512 21046092 2381252 100096736    0    0 12192 40344 15936 13607 21  4 74  0  0
17  0    512 21030912 2381272 100112344    0    0  9052 36296 15621 12951 21  4 75  0  0
19  0    512 21018692 2381276 100121048    0    0  3908 24708 16096 12780 20  4 76  0  0
16  0    512 21009496 2381304 100133296    0    0  5900 72100 16395 13669 20  4 75  0  0
17  0    512 21001944 2381312 100140744    0    0  1844 20784 16638 12768 21  5 74  0  0
16  0    512 20992960 2381332 100148640    0    0  2208 16648 15573 12834 21  4 75  0  0
16  0    512 20988056 2381340 100155928    0    0  2628 25144 10105 8724 22  3 75  0  0
17  0    512 20981192 2381360 100161808    0    0  1616 19420 14310 12736 22  4 74  0  0
16  0    512 20975728 2381380 100169280    0    0  1884 28976 15023 12087 21  4 75  0  0
18  0    512 20947968 2381404 100177400    0    0  1412 29600 16530 12482 21  4 75  0  0
16  0    512 20947988 2381412 100184816    0    0  1516 24872 15958 12811 21  5 74  0  0
16  0    512 20945020 2381432 100192512    0    0  1724 18840 15915 12845 21  3 75  0  0
 1  0    512 20935984 2381444 100200480    0    0  1744 18680 16163 12879 21  4 75  0  0
17  0    512 20932788 2381472 100205776    0    0  1636 34068 15351 12802 21  4 75  0  0
16  0    512 20920104 2381496 100215168    0    0  2040 38588 16105 13034 20  4 75  0  0
procs -----------memory---------- ---swap-- -----io---- -system-- ------cpu-----
 r  b   swpd   free   buff  cache   si   so    bi    bo   in   cs us sy id wa st
 6  0    512 20956736 2381532 100170416    0    0  1376 57036 15642 12032 20  4 76  0  0
17  0    512 21018536 2381548 100106064    0    0   404 18832 15716 11949 20  4 76  0  0
16  0    512 21013904 2381584 100112632    0    0   960 27240 15304 12963 21  4 75  0  0
17  0    512 21000448 2381596 100120176    0    0  1188 29108 15647 12079 21  4 75  0  0
16  0    512 21002132 2381612 100126480    0    0   776 27320 16144 13232 21  4 75  0  0
16  0    512 20998568 2381624 100131880    0    0   524 20540 15452 12573 21  4 75  0  0
16  0    512 20992772 2381648 100138288    0    0   712 18736 17063 12422 22  4 73  0  0
15  0    512 20985856 2381656 100143984    0    0   668 18748 17256 13076 21  4 74  0  0
18  0    512 20975600 2381664 100151256    0    0   972 27004 15215 12100 20  4 75  0  0
17  0    512 20966228 2381664 100155368    0    0   344 11400 8730 7201 21  3 76  0  0
18  0    512 20948016 2381684 100163304    0    0  2948 31756 14839 11993 21  4 75  0  0
17  0    512 20948400 2381700 100168824    0    0   452 28124 14154 11808 21  3 76  0  0
17  0    512 20867552 2381744 100197072    0    0 26480 67392 15830 13531 21  5 74  0  0
16  0    512 20974660 2381780 100019856    0    0 81940 48392 15136 13651 20  5 75  0  0
16  0    512 21235084 2381812 99724296    0    0 81264 55172 16084 14639 20  5 75  0  0
16  0    512 21193868 2381916 99717424    0    0 87088 97848 17347 14311 20  5 75  0  0
16  0    512 21075292 2382032 99801616    0    0 75240 109696 15625 13597 21  4 75  0  0
18  0    512 20988884 2382088 99837088    0    0 55008 67504 15101 13076 20  5 74  1  0
16  0    512 20970592 2382172 99801280    0    0 71756 112576 17128 13708 20  5 75  0  0
17  0    512 21001136 2382256 99711552    0    0 73492 86560 15551 14392 20  5 75  0  0
17  0    512 20843096 2382300 99812544    0    0 87160 75140 14870 13010 20  4 75  0  0
procs -----------memory---------- ---swap-- -----io---- -system-- ------cpu-----
 r  b   swpd   free   buff  cache   si   so    bi    bo   in   cs us sy id wa st
17  0    512 20692504 2382376 99890392    0    0 63596 90168 15030 13971 20  4 75  0  0
16  0    512 20726752 2382440 99770608    0    0 60284 85492 14733 13634 20  5 75  0  0
16  0    512 20604436 2382480 99829424    0    0 46704 77020 15177 13287 21  5 74  0  0
17  0    512 20535884 2382512 99831808    0    0 49112 65944 14977 13350 20  5 75  0  0
18  0    512 20462608 2382576 99866976    0    0 31152 39608 9824 9138 21  3 76  0  0
19  0    512 20547748 2382652 99766336    0    0 48948 83488 12749 10972 19  4 77  0  0
12  4    512 20578752 2382700 99744616    0    0 66296 61400 15232 12517 21  4 75  0  0
26  0    512 20700224 2382772 99619952    0    0 62472 78672 15058 12680 20  5 75  1  0
16  0    512 20668072 2382860 99651664    0    0 55040 53456 15618 13460 20  5 74  0  0
16  0    512 20631620 2382888 99698080    0    0 42084 24468 15685 13270 20  4 76  0  0
16  0    512 20590132 2382904 99746248    0    0 43716 24600 15566 13711 20  5 75  0  0
16  1    512 20560888 2382904 99788232    0    0 36888 25288 15777 13046 21  4 75  0  0
16  0    512 20523716 2382924 99833688    0    0 39824 88672 16322 13684 21  5 75  0  0
18  0    512 20492132 2382952 99870080    0    0 31748 29100 16392 13826 21  5 74  0  0
17  0    512 20450620 2382976 99909032    0    0 30504 26488 17094 13003 20  4 76  0  0
15  1    512 20429052 2382996 99943160    0    0 27700 26560 16676 13521 21  4 74  0  0
17  0    512 20406372 2383032 99971752    0    0 24288 26552 17159 12960 20  4 76  0  0
16  0    512 20382140 2383056 99998824    0    0 20504 26484 16761 12957 21  4 75  0  0
15  1    512 20358040 2383068 100026176    0    0 21516 27624 17153 13139 21  4 75  0  0
15  0    512 20333952 2383088 100053616    0    0 19920 27732 16919 12734 21  5 74  0  0
17  0    512 20314452 2383104 100076712    0    0 18376 26532 15467 12657 21  4 75  0  0
procs -----------memory---------- ---swap-- -----io---- -system-- ------cpu-----
 r  b   swpd   free   buff  cache   si   so    bi    bo   in   cs us sy id wa st
17  0    512 20295236 2383132 100098048    0    0 15240 61380 15670 12669 21  4 75  0  0
16  0    512 20287500 2383148 100114400    0    0  9284 37144 9185 8867 22  3 75  0  0
16  0    512 20301220 2383172 100078832    0    0 14684 23112 13487 11586 21  4 76  0  0
17  0    512 20284912 2383192 100102024    0    0 19044 24676 15756 12208 21  4 74  0  0
16  0    512 20266620 2383216 100126256    0    0 19956 28528 15034 13315 21  5 74  0  0
16  0    512 20249828 2383244 100147488    0    0 14912 26500 15269 13197 20  4 76  0  0
16  0    512 20233732 2383308 100165104    0    0 12608 64316 16530 13060 20  4 75  0  0
 4  0    512 20218300 2383364 100186064    0    0 15852 86636 15649 12411 20  4 76  0  0
16  0    512 20196136 2383408 100204736    0    0 20192 74524 16561 13103 21  4 75  0  0
17  1    512 20751152 2383408 99552288    0    0 39396   936 16168 13164 19  6 74  0  0
16  0    512 20730328 2383408 99594224    0    0 43572    32 17333 13102 20  5 76  0  0
15  0    512 20701112 2383408 99626680    0    0 30784    24 14437 12243 18  4 78  0  0
15  0    512 20676480 2383408 99661104    0    0 32216   124 14997 13236 18  4 77  0  0
16  0    512 20652168 2383408 99690872    0    0 28916  1488 15029 13020 19  5 77  0  0
20  0    512 20618312 2383412 99728040    0    0 32636  1100 15390 12964 19  4 76  0  0
 1  0    512 20583440 2383412 99761168    0    0 31736    28 15594 13139 19  5 76  0  0
16  0    512 20552980 2383412 99792240    0    0 28772  6260 16771 13870 20  5 75  0  0
17  0    512 20520540 2383412 99821216    0    0 28480   176 16648 12972 20  4 76  0  0
17  0    512 20489300 2383412 99848528    0    0 24572  1260 16232 13080 19  4 76  0  0
16  0    512 20592296 2383420 99749856    0    0 20488 53624 13849 10930 16  4 80  0  0
18  0    512 20560872 2383420 99772032    0    0 19728    28 14740 12018 18  5 76  0  0
procs -----------memory---------- ---swap-- -----io---- -system-- ------cpu-----
 r  b   swpd   free   buff  cache   si   so    bi    bo   in   cs us sy id wa st
11  0    512 20471636 2383420 99795616    0    0 20848     8 15168 12940 19  5 75  0  0
16  0    512 20404584 2383420 99809408    0    0 11716   100 10227 8936 22  3 75  0  0
16  0    512 20465188 2383424 99717216    0    0 18432  1216 14901 12348 20  4 76  0  0
16  0    512 20450356 2383432 99733296    0    0 17324   848 14410 12430 19  4 76  0  0
16  0    512 20427908 2383432 99748704    0    0 12492    28 12554 11608 17  6 77  0  0
16  0    512 20423668 2383432 99762208    0    0 11748     8 12598 11999 17  7 76  0  0
17  0    512 20412412 2383432 99778104    0    0 13340    20 14537 11840 18  5 76  0  0
16  0    512 20392292 2383432 99792856    0    0 14080  1804 14285 13112 19  6 75  0  0
17  0    512 20383092 2383436 99807632    0    0 12788    24 15978 12552 20  4 76  0  0
16  0    512 20369816 2383444 99825032    0    0 13612 28740 15618 13443 21  4 75  0  0
16  0    512 20349996 2383464 99843480    0    0 13472 22324 15630 13511 21  4 75  0  0
16  0    512 20325792 2383464 99866992    0    0 21780     4 17722 13863 20  5 75  0  0
16  0    512 20307248 2383464 99887104    0    0 18592    68 16976 13738 20  5 76  0  0
23  0    512 20280304 2383464 99909840    0    0 18652  1412 16969 13179 20  4 76  0  0
17  0    512 20275004 2383464 99923824    0    0 13152     0 16602 12849 20  4 76  0  0
16  0    512 20261900 2383464 99941696    0    0 14872  9280 16789 13542 20  4 75  0  0
17  0    512 20249216 2383464 99957472    0    0 13636    16 16813 13029 20  5 75  0  0
16  0    512 20235440 2383464 99971040    0    0 10896     4 16906 13369 20  4 76  0  0
17  0    512 20220292 2383464 99984736    0    0 10532  1420 16580 12988 20  4 76  0  0
16  0    512 20209660 2383464 99998224    0    0 10404    92 15818 13405 20  4 76  0  0
19  0    512 20194412 2383472 100008720    0    0  8652 37852 12884 10669 21  4 75  0  0
procs -----------memory---------- ---swap-- -----io---- -system-- ------cpu-----
 r  b   swpd   free   buff  cache   si   so    bi    bo   in   cs us sy id wa st
17  0    512 20187512 2383472 100016280    0    0  7448     4 11488 10290 20  4 76  0  0
15  0    512 20180344 2383472 100025616    0    0  7544     8 15999 12454 21  5 74  0  0
16  0    512 20168668 2383472 100035040    0    0  6496  1512 15260 12202 21  4 75  0  0
16  0    512 20159800 2383472 100043368    0    0  7880   128 15410 12770 20  4 76  0  0
16  0    512 20145220 2383480 100056688    0    0  8600    56 17054 13532 21  4 74  0  0
16  0    512 20139768 2383480 100064616    0    0  5992     8 16527 12866 21  3 76  0  0
19  0    512 20127280 2383480 100073832    0    0  7528     4 16816 12610 20  6 74  0  0
16  0    512 20119848 2383480 100082704    0    0  6100  1304 15461 11653 19  5 76  0  0
17  0    512 20096220 2383480 100090944    0    0  7160   172 15405 12534 19  5 76  0  0
17  0    512 20087832 2383480 100100240    0    0  6460  8264 16192 12473 19  5 76  0  0
16  0    512 20072708 2383480 100109088    0    0  5792     4 16095 12524 19  5 76  0  0
16  0    512 20064200 2383480 100114080    0    0  5048     8 15353 12540 19  6 75  0  0
18  0    512 20057532 2383480 100121912    0    0  4532  1556 14757 12096 19  5 76  0  0
16  0    512 20043472 2383480 100128448    0    0  4440     4 15221 12284 20  5 75  0  0
19  0    512 20032480 2383488 100137008    0    0  6448 23008 16630 12672 20  4 76  0  0
18  0    512 20022136 2383488 100143792    0    0  4176     8 16465 13151 20  5 75  0  0
16  0    512 20022388 2383492 100151304    0    0  4944 24616 16857 13429 20  5 75  0  0
19  0    512 20011700 2383504 100161048    0    0  5720 27224 15796 13206 21  4 75  0  0
17  0    512 19991792 2383568 100181232    0    0 14440 39216 16472 13793 21  5 73  0  0
16  0    512 19980108 2383612 100194704    0    0  9376 31620 10654 9968 22  3 75  0  0
17  0    512 19970784 2383652 100209056    0    0  9880 35896 12439 11112 21  4 75  0  0
procs -----------memory---------- ---swap-- -----io---- -system-- ------cpu-----
 r  b   swpd   free   buff  cache   si   so    bi    bo   in   cs us sy id wa st
18  0    512 19956268 2383672 100224112    0    0  8652 42192 15357 12059 21  4 75  0  0
16  0    512 19934692 2383700 100235704    0    0  6556 36168 15748 12280 21  4 74  0  0
17  0    512 19923816 2383744 100247392    0    0  5752 34444 15653 13281 20  5 75  0  0
17  0    512 19903120 2383760 100258304    0    0  3720 22548 16353 13270 21  4 74  0  0
16  0    512 19900164 2383800 100268776    0    0  5484 32860 15994 13047 21  4 75  0  0
16  0    512 19890064 2383836 100278224    0    0  4484 27816 16130 12872 21  4 75  0  0
16  0    512 19881624 2383844 100288416    0    0  4348 18668 16161 12518 21  4 75  0  0
18  0    512 19874168 2383880 100298896    0    0  4168 31416 15797 13273 21  4 75  0  0
25  0    512 19862148 2383892 100308192    0    0  3136 20236 15946 12447 22  5 74  0  0
21  0    512 19855732 2383920 100317712    0    0  4052 30172 15607 13144 21  4 75  0  0
17  0    512 19833948 2383940 100329632    0    0  5032 27848 15400 12467 21  4 75  0  0
16  0    512 19827724 2383968 100339456    0    0  4260 38884 17086 12516 21  4 75  0  0
 1  0    512 19824364 2383992 100347920    0    0  2780 23848 15753 12168 20  5 75  0  0
17  0    512 19812024 2384012 100356688    0    0  3468 37608 15909 12108 20  6 74  0  0
17  0    512 19915488 2384048 100245552    0    0  2668 73844 12779 10242 17  6 78  0  0
18  0    512 19904876 2384060 100251304    0    0  2144 23452 13046 11677 18  5 77  0  0
16  0    512 19897588 2384072 100258944    0    0  1724 16600 13555 10959 19  5 76  0  0
16  0    512 19879804 2384080 100265792    0    0  2096 22016 12851 11166 18  6 76  0  0
16  0    512 19879312 2384092 100272576    0    0  1668 21768 11751 10800 17  6 77  0  0
18  0    512 19857140 2384112 100279776    0    0  1708 23060 11153 10155 19  6 75  0  0
20  0    512 19863224 2384140 100286448    0    0  4280 27756 7959 7763 20  5 74  0  0
procs -----------memory---------- ---swap-- -----io---- -system-- ------cpu-----
 r  b   swpd   free   buff  cache   si   so    bi    bo   in   cs us sy id wa st
23  0    512 19859208 2384148 100293440    0    0  1472 16944 11937 10873 21  3 76  0  0
16  0    512 19836300 2384208 100307192    0    0  9940 38048 14980 12440 21  5 74  0  0
16  0    512 20346748 2384248 99732648    0    0 80100 26120 15348 12547 20  5 75  0  0
16  0    512 20290284 2384312 99786192    0    0 74028 26696 16574 13607 20  4 75  0  0
17  0    512 20242144 2384348 99828528    0    0 64228 29852 16573 13292 20  5 74  0  0
17  0    512 20127116 2384412 99892720    0    0 56544 105876 14409 12625 20  5 75  0  0
15  0    512 20077004 2384548 99944224    0    0 68748 134908 15785 13727 21  5 74  0  0
17  0    512 20000684 2384620 100023152    0    0 78896 106592 15257 13777 21  4 75  0  0
16  0    512 20019608 2384692 99990736    0    0 66216 73736 14504 13467 20  5 74  1  0
20  0    512 19940524 2384748 100065744    0    0 65100 67612 14558 13645 20  5 75  0  0
16  0    512 19887020 2384840 100070256    0    0 71980 114736 15393 14109 20  5 74  0  0
16  0    512 19870416 2384880 100074960    0    0 65976 37108 15692 14276 21  4 75  0  0
16  0    512 19797396 2384896 100145504    0    0 63496 24020 15838 14178 20  5 75  0  0
16  0    512 19712236 2384924 100221120    0    0 67320 33716 16022 14239 21  4 75  0  0
18  0    512 19903952 2384976 99948416    0    0 55208 49952 16863 13567 20  4 75  0  0
20  0    512 19894488 2384976 99987256    0    0 44296     4 15754 14238 20  6 74  0  0
 0  0    512 19869820 2384976 100019648    0    0 29392   112 10553 10025 13  2 84  0  0
 0  0    512 19871384 2384976 100022976    0    0     0  1412  318 1928  0  1 99  0  0
 0  0    512 19883204 2384976 100022976    0    0     0   884  211 1707  0  1 99  0  0
 1  0    512 19886992 2384976 100023120    0    0     0     4  227 1617  0  1 99  0  0
 4  0    512 19888948 2384984 100023280    0    0     0  1256  223 1766  0  1 99  0  0
procs -----------memory---------- ---swap-- -----io---- -system-- ------cpu-----
 r  b   swpd   free   buff  cache   si   so    bi    bo   in   cs us sy id wa st
 2  0    512 19898020 2384984 100023504    0    0     0    52  209 1651  0  1 98  0  0
 0  0    512 19898788 2384984 100023504    0    0     0  1056  231 1605  0  0 99  0  0
 1  0    512 19902984 2384984 100023512    0    0     0     4  159 1444  0  0 99  0  0
 0  0    512 19907296 2384984 100023512    0    0     0    16  186 1342  0  0 99  0  0
 0  0    512 19907568 2384984 100023520    0    0     0    24  207 1717  0  1 99  0  0
 0  0    512 19915780 2384988 100023648    0    0     0   152  204 1636  0  1 98  0  0
 0  0    512 19917008 2384988 100023664    0    0     0 47140  604 1539  0  0 99  0  0
 0  0    512 19914876 2384988 100023680    0    0     0     4  197 1675  0  1 99  0  0
 1  0    512 19915760 2384988 100023696    0    0     0     8  227 1566  0  0 99  0  0
 0  0    512 19918192 2384988 100023736    0    0     0   148  191 1556  0  1 99  0  0
