procs -----------memory---------- ---swap-- -----io---- -system-- -------cpu-------
 r  b 交换 空闲 缓冲 缓存   si   so    bi    bo   in   cs us sy id wa st gu
 0  1   2304 844684 5454692 24544340    0    0  5404   211 4445    3  1  1 99  0  0  0
 1  0   2304 845552 5454700 24544348    0    0     0    24 27050 30885  2  3 95  0  0  0
 1  0   2304 846404 5454700 24544348    0    0     0     0 26804 30858  1  4 95  0  0  0
 0  0   2304 847928 5454708 24544348    0    0     0    96 27649 32120  2  3 95  0  0  0
 1  0   2304 850708 5454708 24544348    0    0     0     0 27071 32363  1  4 95  0  0  0
 1  0   2304 849760 5454708 24544348    0    0     0     0 27805 33296  2  4 94  0  0  0
 2  0   2304 845780 5454716 24544348    0    0     0   340 27572 34254  2  3 95  0  0  0
 0  0   2304 845780 5454716 24544348    0    0     0     0 28428 33939  1  4 95  0  0  0
 0  0   2304 845268 5454716 24544348    0    0     0    12 27938 34190  1  4 95  0  0  0
 0  0   2304 845528 5454724 24544348    0    0     0   132 27531 33109  1  4 94  0  0  0
 0  0   2304 845528 5454724 24544352    0    0     0     0 27458 33158  2  4 95  0  0  0
 0  0   2304 844768 5454732 24544352    0    0     0    52 27825 33530  2  4 94  0  0  0
 2  0   2304 845280 5454732 24544352    0    0     0     0 25812 29815  1  4 95  0  0  0
 2  0   2304 845280 5454732 24544352    0    0     0   228 27391 33401  1  4 95  0  0  0
 0  0   2304 845280 5454732 24544352    0    0     0     8 28096 33688  1  4 95  0  0  0
 0  0   2304 845280 5454740 24544352    0    0     0    72 28250 33953  1  5 94  0  0  0
 0  0   2304 845280 5454748 24544352    0    0     0    80 27800 34745  1  4 95  0  0  0
 1  0   2304 845280 5454748 24544352    0    0     0     0 28620 34310  2  4 94  0  0  0
 0  0   2304 845280 5454748 24544352    0    0     0     0 28689 34952  1  4 95  0  0  0
 0  0   2304 845280 5454748 24544352    0    0     0     0 28652 35050  2  4 95  0  0  0
 1  0   2304 845080 5454748 24544352    0    0     0     0 28190 34969  2  4 94  0  0  0
procs -----------memory---------- ---swap-- -----io---- -system-- -------cpu-------
 r  b 交换 空闲 缓冲 缓存   si   so    bi    bo   in   cs us sy id wa st gu
 2  0   2304 844568 5454756 24544352    0    0     0   104 27900 34262  1  4 95  0  0  0
 1  0   2304 845080 5454764 24544352    0    0     0    32 27307 33664  2  4 94  0  0  0
 1  0   2304 845080 5454764 24544352    0    0     0     0 26680 31480  1  4 94  0  0  0
 1  0   2304 845080 5454764 24544352    0    0     0   152 27586 34183  1  4 95  0  0  0
 1  0   2304 845080 5454764 24544352    0    0     0     0 28750 35215  2  4 94  0  0  0
 1  0   2304 845080 5454764 24544352    0    0     0     0 29783 37031  2  4 94  0  0  0
 0  0   2304 845080 5454780 24544352    0    0     0   172 28458 35327  2  5 94  0  0  0
 1  0   2304 845080 5454780 24544352    0    0     0     0 29664 36188  2  5 94  0  0  0
 0  0   2304 845136 5454780 24544352    0    0     0     0 29202 35948  2  4 94  0  0  0
 0  0   2304 850020 5454780 24544352    0    0     0     0 29799 36990  2  4 94  0  0  0
 0  0   2304 849508 5454780 24544352    0    0     0     0 28574 34438  2  4 94  0  0  0
 1  0   2304 849772 5454780 24544352    0    0     0    56 29285 35823  2  5 94  0  0  0
 1  0   2304 849772 5454796 24544352    0    0     0    32 26302 31061  2  4 94  0  0  0
 0  0   2304 849520 5454796 24544352    0    0     0     0 28221 33684  2  4 94  0  0  0
 0  0   2304 849520 5454796 24544352    0    0     0     0 28487 35079  1  4 94  0  0  0
 0  0   2304 844668 5454796 24544352    0    0     0     0 28731 36440  2  4 94  0  0  0
 0  0   2304 844668 5454796 24544352    0    0     0     0 28501 34651  1  4 94  0  0  0
 1  0   2304 844920 5454796 24544352    0    0     0   148 28238 35695  2  4 94  0  0  0
 0  0   2304 844920 5454804 24544352    0    0     0    16 27737 34470  2  4 94  0  0  0
 0  0   2304 844920 5454812 24544344    0    0     0    16 28855 35886  2  4 94  0  0  0
 1  0   2304 844920 5454812 24544352    0    0     0     0 28654 35575  2  5 93  0  0  0
procs -----------memory---------- ---swap-- -----io---- -system-- -------cpu-------
 r  b 交换 空闲 缓冲 缓存   si   so    bi    bo   in   cs us sy id wa st gu
 1  0   2304 844920 5454812 24544352    0    0     0     0 28937 35843  2  4 95  0  0  0
 0  0   2304 844920 5454812 24544356    0    0     0    80 28665 35778  1  4 94  0  0  0
 1  0   2304 844920 5454812 24544356    0    0     0     0 26743 32019  2  5 94  0  0  0
 2  0   2304 844920 5454820 24544356    0    0     0    20 29400 36302  2  4 94  0  0  0
 1  0   2304 844920 5454828 24544356    0    0     0   184 29673 37462  2  4 94  0  0  0
 1  0   2304 844920 5454828 24544356    0    0     0     0 28947 35319  2  4 95  0  0  0
 0  0   2304 844920 5454828 24544356    0    0     0     0 28491 34723  1  4 94  0  0  0
 1  0   2304 844920 5454828 24544356    0    0     0    84 29072 35599  1  4 94  0  0  0
 1  0   2304 844920 5454836 24544356    0    0     0    20 29147 36064  1  4 95  0  0  0
 0  0   2304 844920 5454836 24544356    0    0     0     4 29328 36266  2  4 95  0  0  0
 2  0   2304 844408 5454844 24544356    0    0     0    32 29612 36131  1  4 95  0  0  0
 1  0   2304 844920 5454844 24544360    0    0     0     0 28594 35423  2  4 94  0  0  0
 0  0   2304 844920 5454844 24544360    0    0     0   156 29531 36056  2  4 94  0  0  0
 0  0   2304 844920 5454844 24544360    0    0     0    84 27692 32978  2  4 94  0  0  0
 0  0   2304 844920 5454852 24544360    0    0     0    12 28620 35844  2  4 94  0  0  0
 0  0   2304 844920 5454852 24544360    0    0     0    16 28282 34673  2  4 94  0  0  0
 0  0   2304 844920 5454860 24544360    0    0     0    36 28509 35426  2  4 94  0  0  0
 1  0   2304 844920 5454860 24544360    0    0     0     0 28250 35215  2  4 95  0  0  0
 1  0   2304 844920 5454860 24544360    0    0     0     0 28565 35202  1  4 94  0  0  0
 0  0   2304 844920 5454860 24544360    0    0     0    96 27921 34268  1  4 95  0  0  0
 0  0   2304 844920 5454868 24544360    0    0     0    12 28482 34944  2  4 94  0  0  0
procs -----------memory---------- ---swap-- -----io---- -system-- -------cpu-------
 r  b 交换 空闲 缓冲 缓存   si   so    bi    bo   in   cs us sy id wa st gu
 0  0   2304 844920 5454868 24544360    0    0     0    28 27922 35028  1  4 94  0  0  0
 2  0   2304 844920 5454876 24544360    0    0     0    16 28746 35379  2  4 94  0  0  0
 0  0   2304 844920 5454876 24544364    0    0     0   700 29194 36132  2  4 94  0  0  0
 0  0   2304 844044 5454876 24544364    0    0     0     0 28246 36206  2  4 94  0  0  0
 3  0   2304 843560 5454884 24544356    0    0     0   272 26275 31337  1  4 94  0  0  0
 0  0   2304 843820 5454892 24544364    0    0     0    12 28280 35713  2  4 94  0  0  0
 0  0   2304 843596 5454892 24544368    0    0     0    12 28759 35204  2  4 94  0  0  0
 0  0   2304 843624 5454892 24544368    0    0     0   292 28084 34667  2  4 94  0  0  0
 1  0   2304 843624 5454892 24544368    0    0     0     0 28854 35463  2  4 94  0  0  0
 0  0   2304 842872 5454892 24544368    0    0     0     4 29437 35892  2  4 95  0  0  0
 1  0   2304 842868 5454900 24544368    0    0     0   168 29382 36357  2  4 94  0  0  0
 0  0   2304 842868 5454908 24544368    0    0     0    12 28322 35060  1  5 93  0  0  0
 0  0   2304 842868 5454908 24544368    0    0     0     4 29910 36356  1  5 94  0  0  0
 1  0   2304 842868 5454908 24544368    0    0     0   152 29406 37008  1  4 94  0  0  0
 1  0   2304 842868 5454908 24544368    0    0     0     0 28312 34987  2  4 94  0  0  0
 0  0   2304 842868 5454908 24544368    0    0     0    28 27673 33353  1  4 94  0  0  0
 0  0   2304 842868 5454908 24544368    0    0     0    96 28141 33427  1  4 95  0  0  0
 0  0   2304 842868 5454924 24544368    0    0     0    40 28908 34955  2  4 94  0  0  0
 0  0   2304 842868 5454924 24544368    0    0     0     4 28735 34980  1  4 94  0  0  0
 2  0   2304 842868 5454924 24544368    0    0     0     0 28903 35408  1  4 94  0  0  0
 1  0   2304 843124 5454948 24544372    0    0     0   404 28820 35585  2  4 95  0  0  0
procs -----------memory---------- ---swap-- -----io---- -system-- -------cpu-------
 r  b 交换 空闲 缓冲 缓存   si   so    bi    bo   in   cs us sy id wa st gu
 0  0   2304 843124 5454948 24544376    0    0     0   284 21296 25837  2  3 95  0  0  0
 0  0   2304 843124 5454948 24544376    0    0     0   132 28282 35066  1  4 95  0  0  0
 0  0   2304 843124 5454956 24544376    0    0     0    12 29474 37427  2  4 94  0  0  0
 0  0   2304 843124 5454956 24544376    0    0     0     8 28956 36129  2  4 95  0  0  0
 1  0   2304 843124 5454956 24544376    0    0     0     4 28183 34794  1  4 95  0  0  0
 0  0   2304 843124 5454964 24544376    0    0     0    24 27715 34248  2  4 94  0  0  0
 0  0   2304 843124 5454964 24544376    0    0     0     0 23245 27893  1  3 95  0  0  0
 0  0   2304 847980 5454964 24544376    0    0     0    84 25696 29863  1  4 95  0  0  0
 2  0   2304 847468 5454972 24544376    0    0     0    20 23573 27397  2  4 94  0  0  0
 0  0   2304 847732 5454972 24544376    0    0     0     4 22948 25411  2  4 94  0  0  0
 1  0   2304 867244 5454980 24544376    0    0     0    24 22001 23636  1  3 95  0  0  0
 0  0   2304 867604 5454980 24544376    0    0     0     0 1880 4598  0  0 99  0  0  0
 0  0   2304 867604 5454980 24544380    0    0     0     0 2038 5254  1  0 99  0  0  0
 0  0   2304 867604 5454980 24544380    0    0     0   108 1733 4142  0  0 99  0  0  0
 0  0   2304 867604 5454988 24544380    0    0     0    12 2291 5204  0  0 99  0  0  0
 0  0   2304 867604 5454988 24544380    0    0     0     4 1792 4054  0  0 100  0  0  0
 0  0   2304 867604 5454988 24544380    0    0     0     0 1951 4445  0  0 100  0  0  0
 0  0   2304 867604 5454996 24544380    0    0     0    36 1847 4304  0  0 99  0  0  0
 0  0   2304 867604 5454996 24544380    0    0     0     0 1816 4294  0  0 99  0  0  0
 1  0   2304 867604 5454996 24544380    0    0     0    96 1795 4330  0  0 99  0  0  0
 0  0   2304 867604 5455004 24544380    0    0     0    12 1865 4390  0  0 99  0  0  0
procs -----------memory---------- ---swap-- -----io---- -system-- -------cpu-------
 r  b 交换 空闲 缓冲 缓存   si   so    bi    bo   in   cs us sy id wa st gu
 0  0   2304 867604 5455004 24544380    0    0     0     4 1856 4414  0  0 99  0  0  0
 0  0   2304 867352 5455004 24544380    0    0     0   176 2143 5412  0  1 99  0  0  0
 0  0   2304 867604 5455012 24544380    0    0     0    28 1736 4196  0  0 99  0  0  0
 0  0   2304 867604 5455012 24544380    0    0     0     0 1805 4224  0  0 99  0  0  0
 0  0   2304 867604 5455012 24544380    0    0     0    96 1905 4402  1  0 99  0  0  0
