$ time sysbench --config-file=sysbench.conf oltp_point_select --tables=32 --table-size=10000000 prepare
sysbench 1.0.20 (using system LuaJIT 2.1.1700206165)

Initializing worker threads...

Creating table 'sbtest1'...
Creating table 'sbtest8'...
Creating table 'sbtest16'...Creating table 'sbtest4'...

Creating table 'sbtest9'...
Creating table 'sbtest2'...
Creating table 'sbtest14'...
Creating table 'sbtest3'...
Creating table 'sbtest7'...
Creating table 'sbtest11'...
Creating table 'sbtest6'...
Creating table 'sbtest5'...
Creating table 'sbtest13'...
Creating table 'sbtest12'...
Creating table 'sbtest15'...
Creating table 'sbtest10'...
Creating a secondary index on 'sbtest1'...
Creating a secondary index on 'sbtest16'...
Creating a secondary index on 'sbtest14'...
Creating a secondary index on 'sbtest4'...
Creating a secondary index on 'sbtest9'...
Creating a secondary index on 'sbtest8'...
Creating a secondary index on 'sbtest2'...
Creating a secondary index on 'sbtest3'...
Creating a secondary index on 'sbtest11'...
Creating a secondary index on 'sbtest5'...
Creating a secondary index on 'sbtest13'...
Creating a secondary index on 'sbtest6'...
Creating a secondary index on 'sbtest12'...
Creating a secondary index on 'sbtest7'...
Creating a secondary index on 'sbtest15'...
Creating a secondary index on 'sbtest10'...
Inserting 10000000 records into 'sbtest1'
Inserting 10000000 records into 'sbtest14'
Inserting 10000000 records into 'sbtest16'
Inserting 10000000 records into 'sbtest4'
Inserting 10000000 records into 'sbtest8'
Inserting 10000000 records into 'sbtest9'
Inserting 10000000 records into 'sbtest2'
Inserting 10000000 records into 'sbtest3'
Inserting 10000000 records into 'sbtest11'
Inserting 10000000 records into 'sbtest5'
Inserting 10000000 records into 'sbtest13'
Inserting 10000000 records into 'sbtest6'
Inserting 10000000 records into 'sbtest12'
Inserting 10000000 records into 'sbtest7'
Inserting 10000000 records into 'sbtest15'
Inserting 10000000 records into 'sbtest10'
Creating table 'sbtest26'...                                                                                                          08:02:31 [11/515]
Creating table 'sbtest30'...
Creating table 'sbtest17'...
Creating table 'sbtest20'...
Creating a secondary index on 'sbtest26'...
Creating table 'sbtest25'...
Creating table 'sbtest19'...
Creating a secondary index on 'sbtest30'...
Creating table 'sbtest27'...
Creating table 'sbtest21'...
Creating a secondary index on 'sbtest17'...
Creating a secondary index on 'sbtest20'...
Creating table 'sbtest18'...
Creating table 'sbtest24'...
Creating a secondary index on 'sbtest25'...
Creating a secondary index on 'sbtest21'...
Creating a secondary index on 'sbtest19'...
Creating a secondary index on 'sbtest27'...
Creating a secondary index on 'sbtest18'...
Creating a secondary index on 'sbtest24'...
Inserting 10000000 records into 'sbtest26'
Inserting 10000000 records into 'sbtest30'
Inserting 10000000 records into 'sbtest17'
Inserting 10000000 records into 'sbtest20'
Inserting 10000000 records into 'sbtest25'
Creating table 'sbtest32'...
Creating table 'sbtest29'...
Inserting 10000000 records into 'sbtest19'
Creating table 'sbtest22'...
Creating table 'sbtest31'...
Inserting 10000000 records into 'sbtest21'
Creating a secondary index on 'sbtest32'...
Inserting 10000000 records into 'sbtest27'
Creating a secondary index on 'sbtest29'...
Creating a secondary index on 'sbtest22'...
Creating a secondary index on 'sbtest31'...
Creating table 'sbtest23'...
Inserting 10000000 records into 'sbtest18'
Inserting 10000000 records into 'sbtest24'
Creating table 'sbtest28'...
Inserting 10000000 records into 'sbtest32'
Inserting 10000000 records into 'sbtest29'
Creating a secondary index on 'sbtest23'...
Creating a secondary index on 'sbtest28'...
Inserting 10000000 records into 'sbtest22'
Inserting 10000000 records into 'sbtest31'
Inserting 10000000 records into 'sbtest23'
Inserting 10000000 records into 'sbtest28'

real    222m49.810s
user    11m2.274s
sys     0m35.653s
