procs -----------memory---------- ---swap-- -----io---- -system-- -------cpu-------
 r  b 交换 空闲 缓冲 缓存   si   so    bi    bo   in   cs us sy id wa st gu
 0  2   2304 779696 5482932 24573808    0    0  4710   189 4223    3  1  1 99  0  0  0
 1  0   2304 779540 5482940 24573800    0    0     8    40 15825 16001  1  2 97  0  0  0
 2  0   2304 779540 5482940 24573800    0    0     0   312 16639 17341  1  2 97  0  0  0
 0  0   2304 779540 5482940 24573800    0    0     0     0 16285 15491  1  2 97  0  0  0
 1  0   2304 779540 5482940 24573800    0    0     0     0 16462 16325  1  3 97  0  0  0
 0  0   2304 776648 5482940 24573800    0    0     0     0 15846 15922  1  2 97  0  0  0
 2  0   2304 776636 5482956 24573800    0    0     0   416 16682 16608  1  2 97  0  0  0
 1  0   2304 780596 5482956 24573800    0    0     0     0 17246 16945  1  2 97  0  0  0
 1  0   2304 780348 5482956 24573800    0    0     0     0 17315 17404  1  2 97  0  0  0
 0  0   2304 780096 5482956 24573800    0    0     0     0 16932 16356  1  2 97  0  0  0
 1  0   2304 780096 5482956 24573800    0    0     0     0 11640 11376  0  2 98  0  0  0
 1  0   2304 779584 5482964 24573800    0    0     0    56 16045 15253  1  2 97  0  0  0
 0  0   2304 780096 5482972 24573800    0    0     0    36 16456 16556  1  2 97  0  0  0
 0  0   2304 780096 5482972 24573800    0    0     0   136 17052 16519  1  3 96  0  0  0
 0  0   2304 779144 5482972 24573800    0    0     0     0 17196 16876  1  3 97  0  0  0
 0  0   2304 778024 5482972 24573800    0    0     0     0 16995 16988  1  2 97  0  0  0
 0  0   2304 777884 5482980 24573804    0    0     0    44 16810 16788  1  2 97  0  0  0
 0  0   2304 777884 5482980 24573808    0    0     0     0 16143 15226  1  2 98  0  0  0
 0  0   2304 777884 5482988 24573808    0    0     0   224 17116 16440  1  2 97  0  0  0
 0  0   2304 777884 5482988 24573808    0    0     0     8 16767 15772  1  3 97  0  0  0
 0  0   2304 777372 5482988 24573808    0    0     0     0 16958 16186  1  2 97  0  0  0
procs -----------memory---------- ---swap-- -----io---- -system-- -------cpu-------
 r  b 交换 空闲 缓冲 缓存   si   so    bi    bo   in   cs us sy id wa st gu
 4  0   2304 777884 5482988 24573808    0    0     0     0 16365 15555  1  2 97  0  0  0
 0  0   2304 777884 5482996 24573808    0    0     0    44 17219 17780  1  2 96  0  0  0
 1  0   2304 777636 5482996 24573808    0    0     0     0 16729 15990  1  3 97  0  0  0
 0  0   2304 777636 5483004 24573808    0    0     0    20 16777 16084  1  2 97  0  0  0
 0  0   2304 777636 5483004 24573808    0    0     0   128 13341 13002  1  2 98  0  0  0
 1  0   2304 777636 5483004 24573808    0    0     0     0 14890 14314  1  2 97  0  0  0
 1  0   2304 777636 5483012 24573808    0    0     0    56 15680 15002  1  3 97  0  0  0
 1  0   2304 777636 5483012 24573936    0    0     0     0 16522 16286  1  3 96  0  0  0
 0  0   2304 777636 5483012 24573936    0    0     0     0 16204 15211  1  2 97  0  0  0
 2  0   2304 777636 5483020 24573936    0    0     0    20 17210 16682  1  3 96  0  0  0
 0  0   2304 777636 5483020 24573936    0    0     0     8 16572 15910  1  3 96  0  0  0
 1  0   2304 777636 5483028 24573936    0    0     0   200 16456 17013  1  3 96  0  0  0
 0  0   2304 777636 5483028 24573936    0    0     0     0 16070 15380  1  3 97  0  0  0
 1  0   2304 777636 5483028 24573936    0    0     0     0 16722 16507  1  3 97  0  0  0
 0  0   2304 777636 5483028 24573936    0    0     0     0 15848 15043  1  3 97  0  0  0
 1  0   2304 777636 5483036 24573936    0    0     0   160 16129 15903  1  3 96  0  0  0
 1  0   2304 777636 5483036 24573936    0    0     0    16 16012 15354  1  2 97  0  0  0
 1  0   2304 777124 5483044 24573936    0    0     0    20 16001 15563  1  3 96  0  0  0
 2  0   2304 777636 5483044 24573936    0    0     0     0 16054 15119  1  3 96  0  0  0
 1  0   2304 777636 5483044 24573936    0    0     0     0 15308 14750  1  3 97  0  0  0
 1  0   2304 777636 5483044 24573936    0    0     0     0 10959 10279  1  2 98  0  0  0
procs -----------memory---------- ---swap-- -----io---- -system-- -------cpu-------
 r  b 交换 空闲 缓冲 缓存   si   so    bi    bo   in   cs us sy id wa st gu
 1  0   2304 777636 5483052 24573940    0    0     0    16 15926 16188  1  2 97  0  0  0
 0  0   2304 777636 5483052 24573940    0    0     0   144 15347 14639  1  2 97  0  0  0
 0  0   2304 783300 5483060 24573940    0    0     0    16 15806 15303  1  2 97  0  0  0
 1  0   2304 783388 5483060 24573940    0    0     0     0 16039 15837  1  2 96  0  0  0
 0  0   2304 783388 5483060 24573940    0    0     0     0 16430 15960  1  2 97  0  0  0
 0  0   2304 782876 5483060 24573940    0    0     0     0 15779 14757  1  2 97  0  0  0
 0  0   2304 783388 5483064 24573940    0    0     0    20 16303 15871  1  3 97  0  0  0
 2  0   2304 783024 5483064 24573940    0    0     0     8 15943 15311  1  3 97  0  0  0
 1  0   2304 782884 5483072 24573940    0    0     0    12 15680 15041  1  3 97  0  0  0
 0  0   2304 782884 5483072 24573940    0    0     0     0 16197 15557  1  2 97  0  0  0
 0  0   2304 782632 5483072 24573940    0    0     0     0 13270 15039  1  2 97  0  0  0
 0  0   2304 782632 5483072 24573940    0    0     0     0 14554 13940  1  2 97  0  0  0
 0  0   2304 782884 5483080 24573940    0    0     0    24 15809 15143  1  2 97  0  0  0
 1  0   2304 782884 5483080 24573940    0    0     0   112 15658 15109  1  2 97  0  0  0
 1  0   2304 782372 5483088 24573940    0    0     0   196 16286 15468  1  3 96  0  0  0
 0  0   2304 782884 5483088 24573944    0    0     0     0 11188 11401  1  2 98  0  0  0
 0  0   2304 782884 5483088 24573944    0    0     0     0 11282 11290  1  2 97  0  0  0
 1  0   2304 782884 5483088 24573944    0    0     0     8 13683 12586  1  2 97  0  0  0
 0  0   2304 782884 5483096 24573944    0    0     0    16 12716 12274  1  1 98  0  0  0
 1  0   2304 782884 5483104 24573944    0    0     0    56 12961 12316  1  2 97  0  0  0
 1  0   2304 782884 5483104 24573944    0    0     0   156 14452 15202  1  2 97  0  0  0
procs -----------memory---------- ---swap-- -----io---- -system-- -------cpu-------
 r  b 交换 空闲 缓冲 缓存   si   so    bi    bo   in   cs us sy id wa st gu
 1  0   2304 782884 5483104 24573944    0    0     0     0 13058 12522  1  2 97  0  0  0
 0  0   2304 782884 5483104 24573944    0    0     0     0 14046 13504  1  2 97  0  0  0
 0  0   2304 782008 5483104 24573944    0    0     0     0 15119 14491  1  3 97  0  0  0
 0  0   2304 782128 5483112 24573944    0    0     0   140 14958 14372  1  2 97  0  0  0
 0  0   2304 782128 5483120 24573944    0    0     0    36 14855 14125  1  2 97  0  0  0
 0  0   2304 782128 5483120 24573944    0    0     0     0 15024 14367  1  2 97  0  0  0
 0  0   2304 781624 5483120 24573944    0    0     0     0 15905 15290  1  2 97  0  0  0
 1  0   2304 781880 5483120 24573944    0    0     0     0 16210 15895  1  2 97  0  0  0
 0  0   2304 781880 5483120 24573944    0    0     0     0 15804 14824  1  2 97  0  0  0
 0  0   2304 781880 5483136 24573944    0    0     0    56 17123 17697  1  2 96  0  0  0
 2  0   2304 781880 5483136 24573944    0    0     0   136 14782 14002  1  2 97  0  0  0
 0  0   2304 781880 5483136 24573944    0    0     0     0 11962 11740  1  2 98  0  0  0
 0  0   2304 781368 5483136 24573944    0    0     0     0 15852 15876  1  2 97  0  0  0
 0  0   2304 781880 5483136 24573944    0    0     0     0 15601 15418  1  3 96  0  0  0
 0  0   2304 781628 5483136 24573944    0    0     0   152 16021 15165  1  3 97  0  0  0
 0  0   2304 781628 5483152 24573944    0    0     0    44 15630 15437  1  2 97  0  0  0
 0  0   2304 781628 5483152 24573944    0    0     0     4 14796 13988  1  2 97  0  0  0
 0  0   2304 781628 5483152 24573944    0    0     0     0 15051 14749  1  2 97  0  0  0
 0  0   2304 781376 5483152 24573944    0    0     0     0 14513 13746  1  3 97  0  0  0
 0  0   2304 781376 5483152 24573944    0    0     0     0 14590 15576  1  2 97  0  0  0
 0  0   2304 781376 5483152 24573944    0    0     0    12 14866 14238  1  2 97  0  0  0
procs -----------memory---------- ---swap-- -----io---- -system-- -------cpu-------
 r  b 交换 空闲 缓冲 缓存   si   so    bi    bo   in   cs us sy id wa st gu
 3  0   2304 780864 5483160 24573948    0    0     0    16 14376 13828  1  2 97  0  0  0
 0  0   2304 781376 5483160 24573948    0    0     0   112 14383 13839  1  2 97  0  0  0
 0  0   2304 781376 5483168 24573948    0    0     0    16 16336 15779  1  3 96  0  0  0
 0  0   2304 781124 5483168 24573948    0    0     0     0 16245 15502  1  2 97  0  0  0
 0  0   2304 781124 5483168 24573948    0    0     0     0 16192 15715  1  3 97  0  0  0
 0  0   2304 781124 5483168 24573948    0    0     0     0 16298 15468  1  2 97  0  0  0
 0  0   2304 781124 5483176 24573948    0    0     0    20 16818 16000  1  2 97  0  0  0
 0  0   2304 781124 5483184 24573948    0    0     0    60 16161 15494  2  2 96  0  0  0
 1  0   2304 780872 5483184 24573948    0    0     0   160 11053 12337  1  2 97  0  0  0
 0  0   2304 780872 5483184 24573948    0    0     0     0 12695 12806  1  2 97  0  0  0
