sysbench --config-file=sysbench.conf oltp_point_select --tables=32 --table-size=1000000 --db-ps-mode=auto --rand-type=uniform run
sysbench 1.0.20 (using system LuaJIT 2.1.0-beta3)

Running the test with following options:
Number of threads: 8
Report intermediate results every 10 second(s)
Initializing random number generator from current time


Initializing worker threads...

Threads started!

[ 10s ] thds: 8 tps: 141061.20 qps: 141061.20 (r/w/o: 141061.20/0.00/0.00) lat (ms,95%): 0.11 err/s: 0.00 reconn/s: 0.00
[ 20s ] thds: 8 tps: 136048.48 qps: 136048.48 (r/w/o: 136048.48/0.00/0.00) lat (ms,95%): 0.12 err/s: 0.00 reconn/s: 0.00
[ 30s ] thds: 8 tps: 137189.33 qps: 137189.33 (r/w/o: 137189.33/0.00/0.00) lat (ms,95%): 0.12 err/s: 0.00 reconn/s: 0.00
[ 40s ] thds: 8 tps: 144293.47 qps: 144293.47 (r/w/o: 144293.47/0.00/0.00) lat (ms,95%): 0.11 err/s: 0.00 reconn/s: 0.00
[ 50s ] thds: 8 tps: 141434.16 qps: 141434.16 (r/w/o: 141434.16/0.00/0.00) lat (ms,95%): 0.11 err/s: 0.00 reconn/s: 0.00
[ 60s ] thds: 8 tps: 140010.81 qps: 140010.81 (r/w/o: 140010.81/0.00/0.00) lat (ms,95%): 0.11 err/s: 0.00 reconn/s: 0.00
[ 70s ] thds: 8 tps: 141558.78 qps: 141558.78 (r/w/o: 141558.78/0.00/0.00) lat (ms,95%): 0.11 err/s: 0.00 reconn/s: 0.00
[ 80s ] thds: 8 tps: 137721.29 qps: 137721.29 (r/w/o: 137721.29/0.00/0.00) lat (ms,95%): 0.12 err/s: 0.00 reconn/s: 0.00
[ 90s ] thds: 8 tps: 136516.33 qps: 136516.33 (r/w/o: 136516.33/0.00/0.00) lat (ms,95%): 0.12 err/s: 0.00 reconn/s: 0.00
[ 100s ] thds: 8 tps: 141883.34 qps: 141883.34 (r/w/o: 141883.34/0.00/0.00) lat (ms,95%): 0.11 err/s: 0.00 reconn/s: 0.00
[ 110s ] thds: 8 tps: 139652.92 qps: 139652.92 (r/w/o: 139652.92/0.00/0.00) lat (ms,95%): 0.12 err/s: 0.00 reconn/s: 0.00
[ 120s ] thds: 8 tps: 147854.10 qps: 147854.10 (r/w/o: 147854.10/0.00/0.00) lat (ms,95%): 0.11 err/s: 0.00 reconn/s: 0.00
[ 130s ] thds: 8 tps: 143667.73 qps: 143667.73 (r/w/o: 143667.73/0.00/0.00) lat (ms,95%): 0.11 err/s: 0.00 reconn/s: 0.00
[ 140s ] thds: 8 tps: 141229.46 qps: 141229.46 (r/w/o: 141229.46/0.00/0.00) lat (ms,95%): 0.11 err/s: 0.00 reconn/s: 0.00
[ 150s ] thds: 8 tps: 136302.77 qps: 136302.77 (r/w/o: 136302.77/0.00/0.00) lat (ms,95%): 0.12 err/s: 0.00 reconn/s: 0.00
[ 160s ] thds: 8 tps: 144642.77 qps: 144642.77 (r/w/o: 144642.77/0.00/0.00) lat (ms,95%): 0.11 err/s: 0.00 reconn/s: 0.00
[ 170s ] thds: 8 tps: 139830.54 qps: 139830.54 (r/w/o: 139830.54/0.00/0.00) lat (ms,95%): 0.12 err/s: 0.00 reconn/s: 0.00
[ 180s ] thds: 8 tps: 142741.69 qps: 142741.69 (r/w/o: 142741.69/0.00/0.00) lat (ms,95%): 0.11 err/s: 0.00 reconn/s: 0.00
[ 190s ] thds: 8 tps: 144974.71 qps: 144974.71 (r/w/o: 144974.71/0.00/0.00) lat (ms,95%): 0.11 err/s: 0.00 reconn/s: 0.00
[ 200s ] thds: 8 tps: 145420.26 qps: 145420.36 (r/w/o: 145420.36/0.00/0.00) lat (ms,95%): 0.11 err/s: 0.00 reconn/s: 0.00
[ 210s ] thds: 8 tps: 138972.48 qps: 138972.38 (r/w/o: 138972.38/0.00/0.00) lat (ms,95%): 0.11 err/s: 0.00 reconn/s: 0.00
[ 220s ] thds: 8 tps: 140177.07 qps: 140177.07 (r/w/o: 140177.07/0.00/0.00) lat (ms,95%): 0.11 err/s: 0.00 reconn/s: 0.00
[ 230s ] thds: 8 tps: 143314.03 qps: 143314.03 (r/w/o: 143314.03/0.00/0.00) lat (ms,95%): 0.11 err/s: 0.00 reconn/s: 0.00
[ 240s ] thds: 8 tps: 143115.33 qps: 143115.33 (r/w/o: 143115.33/0.00/0.00) lat (ms,95%): 0.11 err/s: 0.00 reconn/s: 0.00
[ 250s ] thds: 8 tps: 141987.08 qps: 141987.08 (r/w/o: 141987.08/0.00/0.00) lat (ms,95%): 0.11 err/s: 0.00 reconn/s: 0.00
[ 260s ] thds: 8 tps: 146020.92 qps: 146020.92 (r/w/o: 146020.92/0.00/0.00) lat (ms,95%): 0.11 err/s: 0.00 reconn/s: 0.00
[ 270s ] thds: 8 tps: 147996.78 qps: 147996.78 (r/w/o: 147996.78/0.00/0.00) lat (ms,95%): 0.11 err/s: 0.00 reconn/s: 0.00
[ 280s ] thds: 8 tps: 148811.41 qps: 148811.41 (r/w/o: 148811.41/0.00/0.00) lat (ms,95%): 0.11 err/s: 0.00 reconn/s: 0.00
[ 290s ] thds: 8 tps: 144941.61 qps: 144941.61 (r/w/o: 144941.61/0.00/0.00) lat (ms,95%): 0.11 err/s: 0.00 reconn/s: 0.00                     [117/332]
[ 300s ] thds: 8 tps: 146181.51 qps: 146181.51 (r/w/o: 146181.51/0.00/0.00) lat (ms,95%): 0.11 err/s: 0.00 reconn/s: 0.00
[ 310s ] thds: 8 tps: 146120.82 qps: 146120.82 (r/w/o: 146120.82/0.00/0.00) lat (ms,95%): 0.11 err/s: 0.00 reconn/s: 0.00
[ 320s ] thds: 8 tps: 148010.85 qps: 148010.85 (r/w/o: 148010.85/0.00/0.00) lat (ms,95%): 0.11 err/s: 0.00 reconn/s: 0.00
[ 330s ] thds: 8 tps: 149340.02 qps: 149340.02 (r/w/o: 149340.02/0.00/0.00) lat (ms,95%): 0.11 err/s: 0.00 reconn/s: 0.00
[ 340s ] thds: 8 tps: 148299.57 qps: 148299.57 (r/w/o: 148299.57/0.00/0.00) lat (ms,95%): 0.11 err/s: 0.00 reconn/s: 0.00
[ 350s ] thds: 8 tps: 147570.81 qps: 147570.81 (r/w/o: 147570.81/0.00/0.00) lat (ms,95%): 0.11 err/s: 0.00 reconn/s: 0.00
[ 360s ] thds: 8 tps: 148399.63 qps: 148399.63 (r/w/o: 148399.63/0.00/0.00) lat (ms,95%): 0.11 err/s: 0.00 reconn/s: 0.00
[ 370s ] thds: 8 tps: 146131.15 qps: 146131.15 (r/w/o: 146131.15/0.00/0.00) lat (ms,95%): 0.11 err/s: 0.00 reconn/s: 0.00
[ 380s ] thds: 8 tps: 145286.23 qps: 145286.23 (r/w/o: 145286.23/0.00/0.00) lat (ms,95%): 0.11 err/s: 0.00 reconn/s: 0.00
[ 390s ] thds: 8 tps: 144520.87 qps: 144520.87 (r/w/o: 144520.87/0.00/0.00) lat (ms,95%): 0.11 err/s: 0.00 reconn/s: 0.00
[ 400s ] thds: 8 tps: 145504.17 qps: 145504.17 (r/w/o: 145504.17/0.00/0.00) lat (ms,95%): 0.11 err/s: 0.00 reconn/s: 0.00
[ 410s ] thds: 8 tps: 145975.90 qps: 145975.90 (r/w/o: 145975.90/0.00/0.00) lat (ms,95%): 0.11 err/s: 0.00 reconn/s: 0.00
[ 420s ] thds: 8 tps: 150355.32 qps: 150355.32 (r/w/o: 150355.32/0.00/0.00) lat (ms,95%): 0.11 err/s: 0.00 reconn/s: 0.00
[ 430s ] thds: 8 tps: 145867.29 qps: 145867.29 (r/w/o: 145867.29/0.00/0.00) lat (ms,95%): 0.11 err/s: 0.00 reconn/s: 0.00
[ 440s ] thds: 8 tps: 143845.77 qps: 143845.77 (r/w/o: 143845.77/0.00/0.00) lat (ms,95%): 0.11 err/s: 0.00 reconn/s: 0.00
[ 450s ] thds: 8 tps: 148946.48 qps: 148946.48 (r/w/o: 148946.48/0.00/0.00) lat (ms,95%): 0.11 err/s: 0.00 reconn/s: 0.00
[ 460s ] thds: 8 tps: 144450.88 qps: 144450.88 (r/w/o: 144450.88/0.00/0.00) lat (ms,95%): 0.11 err/s: 0.00 reconn/s: 0.00
[ 470s ] thds: 8 tps: 142364.71 qps: 142364.71 (r/w/o: 142364.71/0.00/0.00) lat (ms,95%): 0.11 err/s: 0.00 reconn/s: 0.00
[ 480s ] thds: 8 tps: 144222.11 qps: 144222.11 (r/w/o: 144222.11/0.00/0.00) lat (ms,95%): 0.11 err/s: 0.00 reconn/s: 0.00
[ 490s ] thds: 8 tps: 143281.26 qps: 143281.36 (r/w/o: 143281.36/0.00/0.00) lat (ms,95%): 0.11 err/s: 0.00 reconn/s: 0.00
[ 500s ] thds: 8 tps: 143765.67 qps: 143765.57 (r/w/o: 143765.57/0.00/0.00) lat (ms,95%): 0.11 err/s: 0.00 reconn/s: 0.00
[ 510s ] thds: 8 tps: 143593.94 qps: 143593.94 (r/w/o: 143593.94/0.00/0.00) lat (ms,95%): 0.11 err/s: 0.00 reconn/s: 0.00
[ 520s ] thds: 8 tps: 142794.40 qps: 142794.40 (r/w/o: 142794.40/0.00/0.00) lat (ms,95%): 0.11 err/s: 0.00 reconn/s: 0.00
[ 530s ] thds: 8 tps: 144027.40 qps: 144027.40 (r/w/o: 144027.40/0.00/0.00) lat (ms,95%): 0.11 err/s: 0.00 reconn/s: 0.00
[ 540s ] thds: 8 tps: 138039.38 qps: 138039.38 (r/w/o: 138039.38/0.00/0.00) lat (ms,95%): 0.11 err/s: 0.00 reconn/s: 0.00
[ 550s ] thds: 8 tps: 139649.86 qps: 139649.86 (r/w/o: 139649.86/0.00/0.00) lat (ms,95%): 0.11 err/s: 0.00 reconn/s: 0.00
[ 560s ] thds: 8 tps: 138092.29 qps: 138092.29 (r/w/o: 138092.29/0.00/0.00) lat (ms,95%): 0.11 err/s: 0.00 reconn/s: 0.00
[ 570s ] thds: 8 tps: 139513.03 qps: 139513.03 (r/w/o: 139513.03/0.00/0.00) lat (ms,95%): 0.11 err/s: 0.00 reconn/s: 0.00
[ 580s ] thds: 8 tps: 143523.97 qps: 143523.97 (r/w/o: 143523.97/0.00/0.00) lat (ms,95%): 0.11 err/s: 0.00 reconn/s: 0.00
[ 590s ] thds: 8 tps: 141278.16 qps: 141278.16 (r/w/o: 141278.16/0.00/0.00) lat (ms,95%): 0.11 err/s: 0.00 reconn/s: 0.00
[ 600s ] thds: 8 tps: 137881.13 qps: 137881.13 (r/w/o: 137881.13/0.00/0.00) lat (ms,95%): 0.11 err/s: 0.00 reconn/s: 0.00
SQL statistics:
    queries performed:
        read:                            85962126
        write:                           0
        other:                           0
        total:                           85962126
    transactions:                        85962126 (143269.58 per sec.)
    queries:                             85962126 (143269.58 per sec.)
    ignored errors:                      0      (0.00 per sec.)
    reconnects:                          0      (0.00 per sec.)

General statistics:
    total time:                          600.0024s
    total number of events:              85962126

Latency (ms):
         min:                                    0.02
         avg:                                    0.06
         max:                                    9.33
         95th percentile:                        0.11
         sum:                              4780232.50

Threads fairness:
    events (avg/stddev):           10745265.7500/18893.43
    execution time (avg/stddev):   597.5291/0.04
