sysbench --config-file=sysbench.conf oltp_update_index --tables=32 --table-size=1000000 --db-ps-mode=auto --rand-type=uniform run
sysbench 1.0.20 (using system LuaJIT 2.1.0-beta3)

Running the test with following options:
Number of threads: 16
Report intermediate results every 10 second(s)
Initializing random number generator from current time


Initializing worker threads...

Threads started!

[ 10s ] thds: 16 tps: 42160.80 qps: 42160.80 (r/w/o: 0.00/42062.51/98.29) lat (ms,95%): 0.52 err/s: 0.00 reconn/s: 0.00
[ 20s ] thds: 16 tps: 42038.65 qps: 42038.65 (r/w/o: 0.00/41933.75/104.90) lat (ms,95%): 0.52 err/s: 0.00 reconn/s: 0.00
[ 30s ] thds: 16 tps: 40249.17 qps: 40249.17 (r/w/o: 0.00/40149.37/99.80) lat (ms,95%): 0.57 err/s: 0.00 reconn/s: 0.00
[ 40s ] thds: 16 tps: 41765.50 qps: 41765.50 (r/w/o: 0.00/41659.59/105.90) lat (ms,95%): 0.53 err/s: 0.00 reconn/s: 0.00
[ 50s ] thds: 16 tps: 42512.86 qps: 42512.86 (r/w/o: 0.00/42414.56/98.30) lat (ms,95%): 0.53 err/s: 0.00 reconn/s: 0.00
[ 60s ] thds: 16 tps: 41287.57 qps: 41287.57 (r/w/o: 0.00/41184.77/102.80) lat (ms,95%): 0.54 err/s: 0.00 reconn/s: 0.00
[ 70s ] thds: 16 tps: 41384.33 qps: 41384.43 (r/w/o: 0.00/41287.03/97.40) lat (ms,95%): 0.53 err/s: 0.00 reconn/s: 0.00
[ 80s ] thds: 16 tps: 41766.87 qps: 41766.77 (r/w/o: 0.00/41672.37/94.40) lat (ms,95%): 0.53 err/s: 0.00 reconn/s: 0.00
[ 90s ] thds: 16 tps: 42165.12 qps: 42165.12 (r/w/o: 0.00/42062.52/102.60) lat (ms,95%): 0.52 err/s: 0.00 reconn/s: 0.00
[ 100s ] thds: 16 tps: 40774.00 qps: 40774.00 (r/w/o: 0.00/40677.00/97.00) lat (ms,95%): 0.55 err/s: 0.00 reconn/s: 0.00
[ 110s ] thds: 16 tps: 41875.96 qps: 41875.96 (r/w/o: 0.00/41767.56/108.40) lat (ms,95%): 0.53 err/s: 0.00 reconn/s: 0.00
[ 120s ] thds: 16 tps: 40718.81 qps: 40718.81 (r/w/o: 0.00/40622.21/96.60) lat (ms,95%): 0.54 err/s: 0.00 reconn/s: 0.00
[ 130s ] thds: 16 tps: 41940.33 qps: 41940.33 (r/w/o: 0.00/41840.13/100.20) lat (ms,95%): 0.53 err/s: 0.00 reconn/s: 0.00
[ 140s ] thds: 16 tps: 40565.39 qps: 40565.39 (r/w/o: 0.00/40466.59/98.80) lat (ms,95%): 0.54 err/s: 0.00 reconn/s: 0.00
[ 150s ] thds: 16 tps: 42242.05 qps: 42242.05 (r/w/o: 0.00/42132.55/109.50) lat (ms,95%): 0.52 err/s: 0.00 reconn/s: 0.00
[ 160s ] thds: 16 tps: 40445.10 qps: 40445.10 (r/w/o: 0.00/40345.10/100.00) lat (ms,95%): 0.55 err/s: 0.00 reconn/s: 0.00
[ 170s ] thds: 16 tps: 40567.58 qps: 40567.58 (r/w/o: 0.00/40464.68/102.90) lat (ms,95%): 0.54 err/s: 0.00 reconn/s: 0.00
[ 180s ] thds: 16 tps: 39980.81 qps: 39980.81 (r/w/o: 0.00/39884.01/96.80) lat (ms,95%): 0.57 err/s: 0.00 reconn/s: 0.00
[ 190s ] thds: 16 tps: 40047.71 qps: 40047.71 (r/w/o: 0.00/39952.81/94.90) lat (ms,95%): 0.55 err/s: 0.00 reconn/s: 0.00
[ 200s ] thds: 16 tps: 39957.01 qps: 39957.01 (r/w/o: 0.00/39860.61/96.40) lat (ms,95%): 0.55 err/s: 0.00 reconn/s: 0.00
[ 210s ] thds: 16 tps: 41175.29 qps: 41175.29 (r/w/o: 0.00/41074.29/101.00) lat (ms,95%): 0.54 err/s: 0.00 reconn/s: 0.00
[ 220s ] thds: 16 tps: 40218.21 qps: 40218.21 (r/w/o: 0.00/40116.40/101.80) lat (ms,95%): 0.55 err/s: 0.00 reconn/s: 0.00
[ 230s ] thds: 16 tps: 40127.47 qps: 40127.47 (r/w/o: 0.00/40030.47/97.00) lat (ms,95%): 0.55 err/s: 0.00 reconn/s: 0.00
[ 240s ] thds: 16 tps: 40734.70 qps: 40734.70 (r/w/o: 0.00/40631.40/103.30) lat (ms,95%): 0.55 err/s: 0.00 reconn/s: 0.00
[ 250s ] thds: 16 tps: 41245.88 qps: 41245.88 (r/w/o: 0.00/41148.18/97.70) lat (ms,95%): 0.54 err/s: 0.00 reconn/s: 0.00
[ 260s ] thds: 16 tps: 39923.43 qps: 39923.43 (r/w/o: 0.00/39829.33/94.10) lat (ms,95%): 0.55 err/s: 0.00 reconn/s: 0.00
[ 270s ] thds: 16 tps: 41015.96 qps: 41015.96 (r/w/o: 0.00/40914.77/101.20) lat (ms,95%): 0.54 err/s: 0.00 reconn/s: 0.00
[ 280s ] thds: 16 tps: 41524.69 qps: 41524.69 (r/w/o: 0.00/41427.09/97.60) lat (ms,95%): 0.53 err/s: 0.00 reconn/s: 0.00
[ 290s ] thds: 16 tps: 40644.25 qps: 40644.25 (r/w/o: 0.00/40546.85/97.40) lat (ms,95%): 0.54 err/s: 0.00 reconn/s: 0.00
[ 300s ] thds: 16 tps: 40762.05 qps: 40762.05 (r/w/o: 0.00/40667.45/94.60) lat (ms,95%): 0.54 err/s: 0.00 reconn/s: 0.00
[ 310s ] thds: 16 tps: 41473.53 qps: 41473.53 (r/w/o: 0.00/41371.63/101.90) lat (ms,95%): 0.54 err/s: 0.00 reconn/s: 0.00
[ 320s ] thds: 16 tps: 40097.15 qps: 40097.15 (r/w/o: 0.00/40000.55/96.60) lat (ms,95%): 0.55 err/s: 0.00 reconn/s: 0.00
[ 330s ] thds: 16 tps: 39453.48 qps: 39453.48 (r/w/o: 0.00/39362.58/90.90) lat (ms,95%): 0.56 err/s: 0.00 reconn/s: 0.00
[ 340s ] thds: 16 tps: 40511.55 qps: 40511.55 (r/w/o: 0.00/40413.25/98.30) lat (ms,95%): 0.54 err/s: 0.00 reconn/s: 0.00
[ 350s ] thds: 16 tps: 41185.80 qps: 41185.80 (r/w/o: 0.00/41081.70/104.10) lat (ms,95%): 0.53 err/s: 0.00 reconn/s: 0.00
[ 360s ] thds: 16 tps: 39953.88 qps: 39953.88 (r/w/o: 0.00/39860.98/92.90) lat (ms,95%): 0.56 err/s: 0.00 reconn/s: 0.00
[ 370s ] thds: 16 tps: 41622.25 qps: 41622.25 (r/w/o: 0.00/41519.25/103.00) lat (ms,95%): 0.53 err/s: 0.00 reconn/s: 0.00
[ 380s ] thds: 16 tps: 42317.85 qps: 42317.85 (r/w/o: 0.00/42214.05/103.80) lat (ms,95%): 0.52 err/s: 0.00 reconn/s: 0.00
[ 390s ] thds: 16 tps: 40507.68 qps: 40507.68 (r/w/o: 0.00/40412.68/95.00) lat (ms,95%): 0.55 err/s: 0.00 reconn/s: 0.00
[ 400s ] thds: 16 tps: 40717.31 qps: 40717.31 (r/w/o: 0.00/40617.71/99.60) lat (ms,95%): 0.53 err/s: 0.00 reconn/s: 0.00
[ 410s ] thds: 16 tps: 42461.44 qps: 42461.44 (r/w/o: 0.00/42360.04/101.40) lat (ms,95%): 0.52 err/s: 0.00 reconn/s: 0.00
[ 420s ] thds: 16 tps: 38882.61 qps: 38882.61 (r/w/o: 0.00/38784.71/97.90) lat (ms,95%): 0.56 err/s: 0.00 reconn/s: 0.00
[ 430s ] thds: 16 tps: 40820.94 qps: 40820.94 (r/w/o: 0.00/40721.64/99.30) lat (ms,95%): 0.55 err/s: 0.00 reconn/s: 0.00
[ 440s ] thds: 16 tps: 39890.10 qps: 39890.10 (r/w/o: 0.00/39791.40/98.70) lat (ms,95%): 0.55 err/s: 0.00 reconn/s: 0.00
[ 450s ] thds: 16 tps: 40164.34 qps: 40164.34 (r/w/o: 0.00/40068.44/95.90) lat (ms,95%): 0.54 err/s: 0.00 reconn/s: 0.00
[ 460s ] thds: 16 tps: 39893.27 qps: 39893.27 (r/w/o: 0.00/39793.47/99.80) lat (ms,95%): 0.56 err/s: 0.00 reconn/s: 0.00
[ 470s ] thds: 16 tps: 38551.61 qps: 38551.61 (r/w/o: 0.00/38460.21/91.40) lat (ms,95%): 0.59 err/s: 0.00 reconn/s: 0.00
[ 480s ] thds: 16 tps: 40140.28 qps: 40140.28 (r/w/o: 0.00/40039.28/101.00) lat (ms,95%): 0.56 err/s: 0.00 reconn/s: 0.00
[ 490s ] thds: 16 tps: 38474.55 qps: 38474.55 (r/w/o: 0.00/38371.55/103.00) lat (ms,95%): 0.58 err/s: 0.00 reconn/s: 0.00
[ 500s ] thds: 16 tps: 40434.05 qps: 40434.05 (r/w/o: 0.00/40337.65/96.40) lat (ms,95%): 0.56 err/s: 0.00 reconn/s: 0.00
[ 510s ] thds: 16 tps: 38222.84 qps: 38222.84 (r/w/o: 0.00/38130.04/92.80) lat (ms,95%): 0.59 err/s: 0.00 reconn/s: 0.00
[ 520s ] thds: 16 tps: 37566.02 qps: 37566.02 (r/w/o: 0.00/37471.42/94.60) lat (ms,95%): 0.60 err/s: 0.00 reconn/s: 0.00
[ 530s ] thds: 16 tps: 40888.18 qps: 40888.28 (r/w/o: 0.00/40790.18/98.10) lat (ms,95%): 0.55 err/s: 0.00 reconn/s: 0.00
[ 540s ] thds: 16 tps: 38314.58 qps: 38314.48 (r/w/o: 0.00/38223.98/90.50) lat (ms,95%): 0.59 err/s: 0.00 reconn/s: 0.00
[ 550s ] thds: 16 tps: 38341.25 qps: 38341.25 (r/w/o: 0.00/38252.75/88.50) lat (ms,95%): 0.58 err/s: 0.00 reconn/s: 0.00
[ 560s ] thds: 16 tps: 41610.06 qps: 41610.06 (r/w/o: 0.00/41514.06/96.00) lat (ms,95%): 0.54 err/s: 0.00 reconn/s: 0.00
[ 570s ] thds: 16 tps: 40640.45 qps: 40640.45 (r/w/o: 0.00/40540.05/100.40) lat (ms,95%): 0.54 err/s: 0.00 reconn/s: 0.00
[ 580s ] thds: 16 tps: 39821.46 qps: 39821.46 (r/w/o: 0.00/39722.36/99.10) lat (ms,95%): 0.55 err/s: 0.00 reconn/s: 0.00
[ 590s ] thds: 16 tps: 41731.39 qps: 41731.39 (r/w/o: 0.00/41634.09/97.30) lat (ms,95%): 0.54 err/s: 0.00 reconn/s: 0.00
[ 600s ] thds: 16 tps: 40942.92 qps: 40942.92 (r/w/o: 0.00/40843.42/99.50) lat (ms,95%): 0.54 err/s: 0.00 reconn/s: 0.00
SQL statistics:
    queries performed:
        read:                            0
        write:                           24315340
        other:                           59193
        total:                           24374533
    transactions:                        24374533 (40624.10 per sec.)
    queries:                             24374533 (40624.10 per sec.)
    ignored errors:                      0      (0.00 per sec.)
    reconnects:                          0      (0.00 per sec.)

General statistics:
    total time:                          600.0015s
    total number of events:              24374533

Latency (ms):
         min:                                    0.05
         avg:                                    0.39
         max:                                  141.02
         95th percentile:                        0.55
         sum:                              9589686.88

Threads fairness:
    events (avg/stddev):           1523408.3125/1102.14
    execution time (avg/stddev):   599.3554/0.02

