$ time sysbench --config-file=sysbench.conf oltp_point_select --tables=32 --table-size=1000000 --db-ps-mode=auto --rand-type=uniform run
sysbench 1.0.20 (using system LuaJIT 2.1.1700206165)

Running the test with following options:
Number of threads: 16
Report intermediate results every 10 second(s)
Initializing random number generator from current time


Initializing worker threads...

Threads started!

[ 10s ] thds: 16 tps: 10516.88 qps: 10516.88 (r/w/o: 10516.88/0.00/0.00) lat (ms,95%): 2.97 err/s: 0.00 reconn/s: 0.00
[ 20s ] thds: 16 tps: 10674.16 qps: 10674.16 (r/w/o: 10674.16/0.00/0.00) lat (ms,95%): 3.02 err/s: 0.00 reconn/s: 0.00
[ 30s ] thds: 16 tps: 10588.47 qps: 10588.47 (r/w/o: 10588.47/0.00/0.00) lat (ms,95%): 2.97 err/s: 0.00 reconn/s: 0.00
[ 40s ] thds: 16 tps: 9973.88 qps: 9973.88 (r/w/o: 9973.88/0.00/0.00) lat (ms,95%): 3.25 err/s: 0.00 reconn/s: 0.00
[ 50s ] thds: 16 tps: 11123.71 qps: 11123.71 (r/w/o: 11123.71/0.00/0.00) lat (ms,95%): 2.71 err/s: 0.00 reconn/s: 0.00
[ 60s ] thds: 16 tps: 11388.59 qps: 11388.59 (r/w/o: 11388.59/0.00/0.00) lat (ms,95%): 2.81 err/s: 0.00 reconn/s: 0.00
[ 70s ] thds: 16 tps: 11419.52 qps: 11419.52 (r/w/o: 11419.52/0.00/0.00) lat (ms,95%): 2.76 err/s: 0.00 reconn/s: 0.00
[ 80s ] thds: 16 tps: 11193.72 qps: 11193.82 (r/w/o: 11193.82/0.00/0.00) lat (ms,95%): 3.07 err/s: 0.00 reconn/s: 0.00
[ 90s ] thds: 16 tps: 11002.94 qps: 11002.84 (r/w/o: 11002.84/0.00/0.00) lat (ms,95%): 2.76 err/s: 0.00 reconn/s: 0.00
[ 100s ] thds: 16 tps: 9788.90 qps: 9788.90 (r/w/o: 9788.90/0.00/0.00) lat (ms,95%): 3.30 err/s: 0.00 reconn/s: 0.00
[ 110s ] thds: 16 tps: 10645.21 qps: 10645.21 (r/w/o: 10645.21/0.00/0.00) lat (ms,95%): 2.91 err/s: 0.00 reconn/s: 0.00
[ 120s ] thds: 16 tps: 10876.84 qps: 10876.84 (r/w/o: 10876.84/0.00/0.00) lat (ms,95%): 2.81 err/s: 0.00 reconn/s: 0.00
[ 130s ] thds: 16 tps: 10901.95 qps: 10901.95 (r/w/o: 10901.95/0.00/0.00) lat (ms,95%): 2.81 err/s: 0.00 reconn/s: 0.00
[ 140s ] thds: 16 tps: 10633.63 qps: 10633.63 (r/w/o: 10633.63/0.00/0.00) lat (ms,95%): 3.30 err/s: 0.00 reconn/s: 0.00
[ 150s ] thds: 16 tps: 10779.61 qps: 10779.61 (r/w/o: 10779.61/0.00/0.00) lat (ms,95%): 2.91 err/s: 0.00 reconn/s: 0.00
[ 160s ] thds: 16 tps: 11033.24 qps: 11033.24 (r/w/o: 11033.24/0.00/0.00) lat (ms,95%): 2.71 err/s: 0.00 reconn/s: 0.00
[ 170s ] thds: 16 tps: 10566.02 qps: 10566.02 (r/w/o: 10566.02/0.00/0.00) lat (ms,95%): 2.97 err/s: 0.00 reconn/s: 0.00
[ 180s ] thds: 16 tps: 9924.78 qps: 9924.78 (r/w/o: 9924.78/0.00/0.00) lat (ms,95%): 3.19 err/s: 0.00 reconn/s: 0.00
[ 190s ] thds: 16 tps: 10919.87 qps: 10919.87 (r/w/o: 10919.87/0.00/0.00) lat (ms,95%): 2.81 err/s: 0.00 reconn/s: 0.00
[ 200s ] thds: 16 tps: 11192.76 qps: 11192.76 (r/w/o: 11192.76/0.00/0.00) lat (ms,95%): 2.76 err/s: 0.00 reconn/s: 0.00
[ 210s ] thds: 16 tps: 11020.60 qps: 11020.60 (r/w/o: 11020.60/0.00/0.00) lat (ms,95%): 2.81 err/s: 0.00 reconn/s: 0.00
[ 220s ] thds: 16 tps: 10775.44 qps: 10775.44 (r/w/o: 10775.44/0.00/0.00) lat (ms,95%): 2.81 err/s: 0.00 reconn/s: 0.00
[ 230s ] thds: 16 tps: 10763.35 qps: 10763.35 (r/w/o: 10763.35/0.00/0.00) lat (ms,95%): 2.91 err/s: 0.00 reconn/s: 0.00
[ 240s ] thds: 16 tps: 10422.55 qps: 10422.55 (r/w/o: 10422.55/0.00/0.00) lat (ms,95%): 3.02 err/s: 0.00 reconn/s: 0.00
[ 250s ] thds: 16 tps: 11188.68 qps: 11188.68 (r/w/o: 11188.68/0.00/0.00) lat (ms,95%): 2.66 err/s: 0.00 reconn/s: 0.00
[ 260s ] thds: 16 tps: 11041.67 qps: 11041.67 (r/w/o: 11041.67/0.00/0.00) lat (ms,95%): 2.76 err/s: 0.00 reconn/s: 0.00
[ 270s ] thds: 16 tps: 10916.20 qps: 10916.20 (r/w/o: 10916.20/0.00/0.00) lat (ms,95%): 2.76 err/s: 0.00 reconn/s: 0.00
[ 280s ] thds: 16 tps: 10936.00 qps: 10936.00 (r/w/o: 10936.00/0.00/0.00) lat (ms,95%): 2.81 err/s: 0.00 reconn/s: 0.00
[ 290s ] thds: 16 tps: 10719.19 qps: 10719.29 (r/w/o: 10719.29/0.00/0.00) lat (ms,95%): 2.86 err/s: 0.00 reconn/s: 0.00
[ 300s ] thds: 16 tps: 10611.65 qps: 10611.55 (r/w/o: 10611.55/0.00/0.00) lat (ms,95%): 2.97 err/s: 0.00 reconn/s: 0.00
[ 310s ] thds: 16 tps: 10114.37 qps: 10114.37 (r/w/o: 10114.37/0.00/0.00) lat (ms,95%): 3.19 err/s: 0.00 reconn/s: 0.00
[ 320s ] thds: 16 tps: 11014.97 qps: 11014.97 (r/w/o: 11014.97/0.00/0.00) lat (ms,95%): 2.71 err/s: 0.00 reconn/s: 0.00
[ 330s ] thds: 16 tps: 10941.09 qps: 10941.09 (r/w/o: 10941.09/0.00/0.00) lat (ms,95%): 2.76 err/s: 0.00 reconn/s: 0.00
[ 340s ] thds: 16 tps: 10929.14 qps: 10929.14 (r/w/o: 10929.14/0.00/0.00) lat (ms,95%): 2.76 err/s: 0.00 reconn/s: 0.00
[ 350s ] thds: 16 tps: 11108.83 qps: 11108.83 (r/w/o: 11108.83/0.00/0.00) lat (ms,95%): 2.76 err/s: 0.00 reconn/s: 0.00
[ 360s ] thds: 16 tps: 10954.86 qps: 10954.86 (r/w/o: 10954.86/0.00/0.00) lat (ms,95%): 3.43 err/s: 0.00 reconn/s: 0.00
[ 370s ] thds: 16 tps: 10853.21 qps: 10853.21 (r/w/o: 10853.21/0.00/0.00) lat (ms,95%): 2.76 err/s: 0.00 reconn/s: 0.00
[ 380s ] thds: 16 tps: 10018.45 qps: 10018.45 (r/w/o: 10018.45/0.00/0.00) lat (ms,95%): 3.19 err/s: 0.00 reconn/s: 0.00
[ 390s ] thds: 16 tps: 10817.03 qps: 10817.03 (r/w/o: 10817.03/0.00/0.00) lat (ms,95%): 2.86 err/s: 0.00 reconn/s: 0.00
[ 400s ] thds: 16 tps: 10601.06 qps: 10601.06 (r/w/o: 10601.06/0.00/0.00) lat (ms,95%): 2.91 err/s: 0.00 reconn/s: 0.00
[ 410s ] thds: 16 tps: 10926.42 qps: 10926.42 (r/w/o: 10926.42/0.00/0.00) lat (ms,95%): 2.86 err/s: 0.00 reconn/s: 0.00
[ 420s ] thds: 16 tps: 10721.24 qps: 10721.24 (r/w/o: 10721.24/0.00/0.00) lat (ms,95%): 2.97 err/s: 0.00 reconn/s: 0.00
[ 430s ] thds: 16 tps: 10677.48 qps: 10677.48 (r/w/o: 10677.48/0.00/0.00) lat (ms,95%): 2.91 err/s: 0.00 reconn/s: 0.00
[ 440s ] thds: 16 tps: 10855.03 qps: 10855.03 (r/w/o: 10855.03/0.00/0.00) lat (ms,95%): 2.86 err/s: 0.00 reconn/s: 0.00
[ 450s ] thds: 16 tps: 9882.73 qps: 9882.73 (r/w/o: 9882.73/0.00/0.00) lat (ms,95%): 3.30 err/s: 0.00 reconn/s: 0.00
[ 460s ] thds: 16 tps: 11024.85 qps: 11024.85 (r/w/o: 11024.85/0.00/0.00) lat (ms,95%): 2.71 err/s: 0.00 reconn/s: 0.00
[ 470s ] thds: 16 tps: 11031.35 qps: 11031.35 (r/w/o: 11031.35/0.00/0.00) lat (ms,95%): 2.91 err/s: 0.00 reconn/s: 0.00
[ 480s ] thds: 16 tps: 10874.16 qps: 10874.16 (r/w/o: 10874.16/0.00/0.00) lat (ms,95%): 3.02 err/s: 0.00 reconn/s: 0.00
[ 490s ] thds: 16 tps: 10875.78 qps: 10875.78 (r/w/o: 10875.78/0.00/0.00) lat (ms,95%): 3.02 err/s: 0.00 reconn/s: 0.00
[ 500s ] thds: 16 tps: 10458.65 qps: 10458.65 (r/w/o: 10458.65/0.00/0.00) lat (ms,95%): 3.62 err/s: 0.00 reconn/s: 0.00
[ 510s ] thds: 16 tps: 9980.92 qps: 9980.92 (r/w/o: 9980.92/0.00/0.00) lat (ms,95%): 3.36 err/s: 0.00 reconn/s: 0.00
[ 520s ] thds: 16 tps: 10571.75 qps: 10571.75 (r/w/o: 10571.75/0.00/0.00) lat (ms,95%): 2.97 err/s: 0.00 reconn/s: 0.00
[ 530s ] thds: 16 tps: 10753.23 qps: 10753.23 (r/w/o: 10753.23/0.00/0.00) lat (ms,95%): 2.86 err/s: 0.00 reconn/s: 0.00
[ 540s ] thds: 16 tps: 10768.59 qps: 10768.59 (r/w/o: 10768.59/0.00/0.00) lat (ms,95%): 2.86 err/s: 0.00 reconn/s: 0.00
[ 550s ] thds: 16 tps: 10908.09 qps: 10908.09 (r/w/o: 10908.09/0.00/0.00) lat (ms,95%): 2.81 err/s: 0.00 reconn/s: 0.00
[ 560s ] thds: 16 tps: 10809.43 qps: 10809.43 (r/w/o: 10809.43/0.00/0.00) lat (ms,95%): 3.02 err/s: 0.00 reconn/s: 0.00
[ 570s ] thds: 16 tps: 10965.75 qps: 10965.75 (r/w/o: 10965.75/0.00/0.00) lat (ms,95%): 3.07 err/s: 0.00 reconn/s: 0.00
[ 580s ] thds: 16 tps: 10448.55 qps: 10448.65 (r/w/o: 10448.65/0.00/0.00) lat (ms,95%): 2.97 err/s: 0.00 reconn/s: 0.00
[ 590s ] thds: 16 tps: 10625.54 qps: 10625.44 (r/w/o: 10625.44/0.00/0.00) lat (ms,95%): 2.97 err/s: 0.00 reconn/s: 0.00
[ 600s ] thds: 16 tps: 10842.78 qps: 10842.78 (r/w/o: 10842.78/0.00/0.00) lat (ms,95%): 3.13 err/s: 0.00 reconn/s: 0.00
SQL statistics:
    queries performed:
        read:                            6448977
        write:                           0
        other:                           0
        total:                           6448977
    transactions:                        6448977 (10748.24 per sec.)
    queries:                             6448977 (10748.24 per sec.)
    ignored errors:                      0      (0.00 per sec.)
    reconnects:                          0      (0.00 per sec.)

General statistics:
    total time:                          600.0024s
    total number of events:              6448977

Latency (ms):
         min:                                    0.65
         avg:                                    1.49
         max:                                   82.55
         95th percentile:                        2.91
         sum:                              9589646.18

Threads fairness:
    events (avg/stddev):           403061.0625/696.31
    execution time (avg/stddev):   599.3529/0.02


real    10m0.089s
user    2m0.261s
sys     3m39.732s
