procs -----------memory---------- ---swap-- -----io---- -system-- -------cpu-------
 r  b 交换 空闲 缓冲 缓存   si   so    bi    bo   in   cs us sy id wa st gu
 1  0   2304 787472 5482484 24573764    0    0  4717   190 4217    3  1  1 99  0  0  0
 1  0   2304 785616 5482484 24573768    0    0     0    52 16351 16115  1  2 97  0  0  0
 0  0   2304 785616 5482484 24573768    0    0     0     0 16835 17158  1  2 97  0  0  0
 0  0   2304 785364 5482492 24573760    0    0     0    40 16647 16509  1  2 97  0  0  0
 0  0   2304 785364 5482492 24573768    0    0     0     0 16501 16304  1  2 97  0  0  0
 0  0   2304 785364 5482492 24573768    0    0     0     0 16714 16516  1  2 97  0  0  0
 0  0   2304 785364 5482496 24573768    0    0     0   204 16963 16896  1  2 97  0  0  0
 1  0   2304 785364 5482496 24573768    0    0     0    96 15375 15140  1  2 97  0  0  0
 2  0   2304 785112 5482496 24573768    0    0     0    20 11638 12421  1  2 98  0  0  0
 0  0   2304 785112 5482504 24573760    0    0     0    20 15015 13936  1  2 98  0  0  0
 0  0   2304 780508 5482504 24573768    0    0     0     0 14142 13851  1  2 97  0  0  0
 0  0   2304 780764 5482512 24573760    0    0     0    20 14684 14188  0  2 97  0  0  0
 0  0   2304 780764 5482512 24573772    0    0     0    12 14730 14527  1  2 97  0  0  0
 2  0   2304 780764 5482512 24573772    0    0     0    56 14508 13782  1  2 97  0  0  0
 1  0   2304 780764 5482512 24573772    0    0     0     4 14618 13901  1  2 97  0  0  0
 0  0   2304 779748 5482512 24573772    0    0     0     0 13818 13242  1  2 97  0  0  0
 1  0   2304 779872 5482520 24573772    0    0     0    32 14580 14263  1  2 97  0  0  0
 0  0   2304 780128 5482528 24573772    0    0     0    12 13984 13216  1  2 98  0  0  0
 0  0   2304 780128 5482528 24573772    0    0     0   132 14324 15064  1  2 97  0  0  0
 0  0   2304 780128 5482528 24573772    0    0     0     0 14016 13124  1  2 97  0  0  0
 0  0   2304 779364 5482528 24573772    0    0     0     0 16112 15582  1  2 97  0  0  0
procs -----------memory---------- ---swap-- -----io---- -system-- -------cpu-------
 r  b 交换 空闲 缓冲 缓存   si   so    bi    bo   in   cs us sy id wa st gu
 1  0   2304 779368 5482528 24573772    0    0     0   184 15975 15126  1  3 96  0  0  0
 0  0   2304 779624 5482536 24573772    0    0     0    28 16290 15927  1  2 97  0  0  0
 0  0   2304 779624 5482544 24573772    0    0     0    12 10245 10100  1  1 98  0  0  0
 0  0   2304 779624 5482544 24573772    0    0     0     4 14621 13986  1  2 97  0  0  0
 0  0   2304 779624 5482544 24573772    0    0     0   108 14925 13789  1  2 97  0  0  0
 0  0   2304 779624 5482544 24573772    0    0     0     0 15711 14900  1  2 97  0  0  0
 1  0   2304 779624 5482544 24573772    0    0     0     0 15767 14921  1  2 97  0  0  0
 0  0   2304 779624 5482544 24573772    0    0     0   160 15960 16466  1  2 96  0  0  0
 0  0   2304 779624 5482560 24573772    0    0     0    40 15440 14498  1  2 97  0  0  0
 0  0   2304 779624 5482560 24573772    0    0     0     4 16198 15897  1  3 96  0  0  0
 0  0   2304 779624 5482560 24573772    0    0     0    68 15629 14664  1  2 97  0  0  0
 0  0   2304 779624 5482560 24573772    0    0     0     0 15869 15524  1  2 97  0  0  0
 0  0   2304 779624 5482560 24573772    0    0     0     0 15422 14465  1  2 97  0  0  0
 0  0   2304 779624 5482560 24573772    0    0     0    12 14385 13937  1  2 97  0  0  0
 0  0   2304 779624 5482568 24573772    0    0     0    12 13899 13272  1  2 97  0  0  0
 1  0   2304 779624 5482576 24573772    0    0     0    20 14189 13284  1  2 97  0  0  0
 0  0   2304 779624 5482576 24573772    0    0     0    96 12945 12284  1  2 97  0  0  0
 0  0   2304 779624 5482576 24573772    0    0     0     0 11404 12507  1  2 97  0  0  0
 0  0   2304 779624 5482576 24573772    0    0     0     0 12723 11980  1  2 97  0  0  0
 0  0   2304 779624 5482576 24573772    0    0     0     0 15372 15079  1  2 97  0  0  0
 0  0   2304 779624 5482584 24573772    0    0     0    12 15807 15274  1  2 97  0  0  0
procs -----------memory---------- ---swap-- -----io---- -system-- -------cpu-------
 r  b 交换 空闲 缓冲 缓存   si   so    bi    bo   in   cs us sy id wa st gu
 1  0   2304 779624 5482592 24573772    0    0     0    32 15669 15271  1  2 97  0  0  0
 1  0   2304 779624 5482592 24573776    0    0     0    64 15310 14376  1  2 97  0  0  0
 1  0   2304 779624 5482592 24573776    0    0     0   200 12912 12986  1  2 98  0  0  0
 0  0   2304 779624 5482592 24573780    0    0     0     0 15505 14410  0  3 97  0  0  0
 1  0   2304 779624 5482592 24573780    0    0     0     0 14964 14318  1  2 98  0  0  0
 1  0   2304 779624 5482600 24573780    0    0     0    12 14948 13860  1  2 97  0  0  0
 2  0   2304 775528 5482608 24573780    0    0     0    44 15183 15526  1  2 97  0  0  0
 0  0   2304 775016 5482608 24573780    0    0     0   156 13662 12972  1  2 97  0  0  0
 1  0   2304 775528 5482608 24573780    0    0     0     0 14119 13722  1  2 97  0  0  0
 0  0   2304 775528 5482608 24573780    0    0     0     0 14433 13643  1  2 97  0  0  0
 1  0   2304 775528 5482608 24573780    0    0     0     0 12112 12082  1  2 97  0  0  0
 1  0   2304 775528 5482624 24573780    0    0     0    72 14625 13722  1  2 97  0  0  0
 2  0   2304 775528 5482624 24573780    0    0     0    16 15899 15249  1  2 97  0  0  0
 0  0   2304 775528 5482624 24573780    0    0     0     0 16348 15337  1  2 97  0  0  0
 0  0   2304 775276 5482624 24573784    0    0     0     0 16669 15822  1  3 96  0  0  0
 1  0   2304 775276 5482624 24573784    0    0     0     0 16682 15829  1  3 96  0  0  0
 0  0   2304 775276 5482624 24573784    0    0     0   172 16729 17219  1  3 96  0  0  0
 1  0   2304 775276 5482640 24573784    0    0     0    40 16431 15264  1  3 97  0  0  0
 0  0   2304 775276 5482640 24573784    0    0     0   148 16791 16415  1  3 96  0  0  0
 1  0   2304 775276 5482640 24573784    0    0     0     0 16498 15466  1  2 97  0  0  0
 1  0   2304 775276 5482640 24573784    0    0     0     0 16439 16111  1  2 97  0  0  0
procs -----------memory---------- ---swap-- -----io---- -system-- -------cpu-------
 r  b 交换 空闲 缓冲 缓存   si   so    bi    bo   in   cs us sy id wa st gu
 1  0   2304 775276 5482640 24573784    0    0     0     0 16693 15610  1  3 96  0  0  0
 1  0   2304 775276 5482640 24573784    0    0     0    16 15930 15480  1  2 97  0  0  0
 0  0   2304 775276 5482656 24573784    0    0     0   172 15612 14775  1  3 96  0  0  0
 0  0   2304 775276 5482656 24573784    0    0     0     4 16487 15633  1  3 97  0  0  0
 0  0   2304 775276 5482656 24573784    0    0     0     0 15961 15035  1  2 98  0  0  0
 0  0   2304 775276 5482656 24573784    0    0     0     0 12005 12880  1  2 97  0  0  0
 1  0   2304 775276 5482656 24573784    0    0     0     0 15102 14434  1  2 97  0  0  0
 1  0   2304 775276 5482656 24573784    0    0     0    92 15902 15399  1  2 97  0  0  0
 3  0   2304 774912 5482672 24573784    0    0     0    28 16540 16252  1  2 96  0  0  0
 1  0   2304 774520 5482672 24573784    0    0     0     4 16785 16546  1  3 96  0  0  0
 0  0   2304 774520 5482672 24573784    0    0     0     0 16001 15099  1  2 97  0  0  0
 2  0   2304 774520 5482672 24573784    0    0     0     0 16123 15564  1  2 97  0  0  0
 0  0   2304 774012 5482672 24573784    0    0     0     0 16318 15878  1  3 96  0  0  0
 0  0   2304 774016 5482672 24573788    0    0     0     0 17239 17030  1  3 97  0  0  0
 0  0   2304 774016 5482688 24573788    0    0     0   144 17015 16493  1  2 97  0  0  0
 0  0   2304 774016 5482688 24573788    0    0     0     4 16282 16851  1  3 96  0  0  0
 3  0   2304 774016 5482688 24573788    0    0     0     0 15908 15143  1  2 97  0  0  0
 0  0   2304 774016 5482688 24573788    0    0     0     0 16730 16266  1  3 96  0  0  0
 0  0   2304 774016 5482688 24573788    0    0     0     0 16720 16042  1  2 97  0  0  0
 0  0   2304 774016 5482688 24573788    0    0     0   176 13852 13698  1  2 97  0  0  0
 0  0   2304 774016 5482704 24573788    0    0     0   160 14746 13950  1  2 97  0  0  0
procs -----------memory---------- ---swap-- -----io---- -system-- -------cpu-------
 r  b 交换 空闲 缓冲 缓存   si   so    bi    bo   in   cs us sy id wa st gu
 2  0   2304 774016 5482704 24573792    0    0     0     4 15950 14994  1  2 97  0  0  0
 0  0   2304 774016 5482704 24573792    0    0     0     0 16108 15174  1  2 97  0  0  0
 1  0   2304 774016 5482704 24573792    0    0     0     0 16279 15859  1  3 97  0  0  0
 0  0   2304 774016 5482704 24573792    0    0     0     0 16399 15599  1  2 97  0  0  0
 0  0   2304 774016 5482704 24573792    0    0     0   176 16708 16908  1  3 96  0  0  0
 2  0   2304 774016 5482720 24573792    0    0     0   176 16135 15384  1  2 97  0  0  0
 0  0   2304 774016 5482720 24573792    0    0     0     8 16181 15743  1  2 97  0  0  0
 1  0   2304 774016 5482720 24573792    0    0     0     0 15940 14882  1  3 97  0  0  0
 0  0   2304 774016 5482720 24573792    0    0     0     0 16413 16174  1  3 97  0  0  0
 0  0   2304 774016 5482720 24573792    0    0     0     0 16257 15276  1  2 98  0  0  0
 0  0   2304 774016 5482720 24573792    0    0     0    16 16231 15448  1  2 97  0  0  0
 0  0   2304 773504 5482736 24573792    0    0     0    40 16227 15721  1  2 97  0  0  0
 0  0   2304 774016 5482736 24573796    0    0     0    12 16282 15653  1  2 97  0  0  0
 1  0   2304 774016 5482736 24573796    0    0     0     0 14755 14126  1  2 98  0  0  0
 0  0   2304 774016 5482736 24573796    0    0     0     0 13209 13669  2  2 96  0  0  0
 1  0   2304 774016 5482736 24573796    0    0     0     0 16033 15252  1  2 97  0  0  0
 0  0   2304 793660 5482744 24573796    0    0     0   180 6138 7464  1  1 98  0  0  0
 0  0   2304 793800 5482752 24573796    0    0     0    12 1975 4844  0  0 99  0  0  0
 0  0   2304 793800 5482752 24573796    0    0     0     4 2307 5532  1  0 99  0  0  0
