procs -----------memory---------- ---swap-- -----io---- -system-- -------cpu-------
 r  b 交换 空闲 缓冲 缓存   si   so    bi    bo   in   cs us sy id wa st gu
 0  1   2304 802024 5477920 24572428    0    0  4800   192 4216    3  1  1 99  0  0  0
 0  0   2304 801496 5477928 24572432    0    0     0    56 5448 7854  1  1 99  0  0  0
 0  0   2304 800740 5477928 24572432    0    0     0     0 5413 7247  0  1 99  0  0  0
 0  0   2304 800228 5477928 24572432    0    0     0     0 5299 6888  0  1 99  0  0  0
 0  0   2304 800740 5477936 24572432    0    0     0   288 5682 7369  1  1 99  0  0  0
 1  0   2304 800488 5477936 24572432    0    0     0   368 5656 7548  0  1 98  0  0  0
 0  0   2304 800488 5477944 24572432    0    0     0    40 5465 7524  1  1 99  0  0  0
 0  0   2304 800488 5477944 24572432    0    0     0     4 5175 6526  0  1 99  0  0  0
 1  0   2304 800488 5477944 24572432    0    0     0     0 5581 6643  1  1 98  0  0  0
 0  0   2304 800236 5477952 24572424    0    0     0    64 5595 6867  0  1 99  0  0  0
 0  0   2304 799984 5477952 24572432    0    0     0     0 5807 7366  1  1 99  0  0  0
 0  0   2304 799984 5477952 24572436    0    0     0   148 5277 7237  1  1 99  0  0  0
 0  0   2304 799984 5477960 24572436    0    0     0    12 5523 6891  0  1 99  0  0  0
 0  0   2304 799472 5477960 24572436    0    0     0     4 4342 5353  0  1 99  0  0  0
 0  0   2304 799984 5477960 24572436    0    0     0     0 4222 5743  0  0 99  0  0  0
 0  0   2304 799984 5477968 24572436    0    0     0    32 4337 5626  0  1 99  0  0  0
 1  0   2304 799984 5477968 24572436    0    0     0   224 4297 6212  1  1 98  0  0  0
 0  0   2304 799984 5477968 24572436    0    0     0     0 4184 5723  0  0 99  0  0  0
 1  0   2304 799984 5477976 24572436    0    0     0    12 4315 5999  1  1 99  0  0  0
 0  0   2304 799984 5477976 24572436    0    0     0     4 4023 5280  0  1 99  0  0  0
 0  0   2304 799984 5477976 24572436    0    0     0     0 4819 7227  1  1 99  0  0  0
procs -----------memory---------- ---swap-- -----io---- -system-- -------cpu-------
 r  b 交换 空闲 缓冲 缓存   si   so    bi    bo   in   cs us sy id wa st gu
 1  0   2304 799984 5477984 24572428    0    0     0    32 4312 6303  0  1 99  0  0  0
 1  0   2304 797976 5477984 24572436    0    0     0     0 4520 6071  1  1 99  0  0  0
 0  0   2304 797976 5477984 24572436    0    0     0    96 5326 6242  0  1 99  0  0  0
 0  0   2304 797976 5477992 24572436    0    0     0    12 5318 6522  1  1 99  0  0  0
 0  0   2304 797976 5477992 24572436    0    0     0     4 5216 6147  1  1 99  0  0  0
 0  0   2304 797976 5477992 24572436    0    0     0    80 5501 6974  1  1 99  0  0  0
 0  0   2304 797976 5477992 24572436    0    0     0     0 5346 6158  0  1 99  0  0  0
 0  0   2304 797976 5478000 24572436    0    0     0    16 5467 6793  0  1 99  0  0  0
 0  0   2304 797976 5478000 24572436    0    0     0    52 5341 6318  0  1 99  0  0  0
 0  0   2304 797976 5478008 24572440    0    0     0    12 5582 7342  1  1 99  0  0  0
 0  0   2304 797976 5478008 24572440    0    0     0     4 5400 6967  0  1 99  0  0  0
 1  0   2304 797976 5478008 24572440    0    0     0     0 5460 6637  1  1 99  0  0  0
 0  0   2304 797976 5478008 24572440    0    0     0     0 5268 6278  0  1 99  0  0  0
 0  0   2304 797976 5478008 24572440    0    0     0     0 5243 6341  0  1 99  0  0  0
 0  0   2304 797724 5478016 24572440    0    0     0   276 5100 6376  0  1 99  0  0  0
 0  0   2304 797724 5478020 24572440    0    0     0    12 5465 6958  1  1 98  0  0  0
 1  0   2304 797724 5478020 24572440    0    0     0     4 5240 6157  0  1 99  0  0  0
 1  0   2304 797724 5478020 24572444    0    0     0     0 5113 6403  0  1 99  0  0  0
 0  0   2304 797724 5478020 24572444    0    0     0     0 5186 6229  0  1 99  0  0  0
 0  1   2304 797724 5478024 24572440    0    0     0   132 5189 6664  0  1 99  0  0  0
 1  0   2304 797724 5478028 24572444    0    0     0     4 5385 7123  0  1 99  0  0  0
procs -----------memory---------- ---swap-- -----io---- -system-- -------cpu-------
 r  b 交换 空闲 缓冲 缓存   si   so    bi    bo   in   cs us sy id wa st gu
 1  0   2304 797212 5478036 24572444    0    0     0    12 4031 5489  0  1 99  0  0  0
 0  0   2304 797724 5478036 24572448    0    0     0     8 5693 6604  0  1 99  0  0  0
 1  0   2304 797724 5478036 24572448    0    0     0     0 5875 7132  0  1 99  0  0  0
 0  0   2304 797724 5478036 24572448    0    0     0     0 5629 6701  0  1 99  0  0  0
 0  0   2304 797724 5478044 24572448    0    0     0    84 5642 7136  1  1 99  0  0  0
 0  0   2304 797724 5478044 24572448    0    0     0     0 5528 6444  0  1 99  0  0  0
 0  0   2304 792868 5478052 24572448    0    0     0    20 5816 7273  1  1 99  0  0  0
 0  0   2304 792872 5478052 24572448    0    0     0     4 5565 6489  1  1 99  0  0  0
 0  0   2304 792872 5478052 24572448    0    0     0     0 6350 8566  1  1 98  0  0  0
 0  0   2304 792872 5478060 24572448    0    0     0   152 5652 7486  1  1 98  0  0  0
 1  0   2304 792360 5478060 24572448    0    0     0   196 5444 6440  0  1 99  0  0  0
 1  0   2304 792872 5478060 24572448    0    0     0     8 5559 6397  0  1 99  0  0  0
 0  0   2304 792872 5478068 24572448    0    0     0    12 5448 6552  1  1 99  0  0  0
 0  0   2304 792872 5478068 24572448    0    0     0     4 5426 6275  0  1 99  0  0  0
 0  0   2304 792872 5478068 24572448    0    0     0     0 5267 6928  1  1 99  0  0  0
 0  0   2304 792620 5478076 24572448    0    0     0    96 5682 6599  0  1 99  0  0  0
 1  0   2304 792620 5478076 24572448    0    0     0     0 5911 7238  0  1 99  0  0  0
 0  0   2304 792620 5478076 24572448    0    0     0    40 5526 6477  0  1 99  0  0  0
 0  0   2304 792620 5478084 24572448    0    0     0    12 5762 7219  1  1 99  0  0  0
 0  0   2304 792620 5478084 24572448    0    0     0     4 5660 7545  0  1 99  0  0  0
 0  0   2304 792620 5478084 24572448    0    0     0     0 5731 6824  1  1 99  0  0  0
procs -----------memory---------- ---swap-- -----io---- -system-- -------cpu-------
 r  b 交换 空闲 缓冲 缓存   si   so    bi    bo   in   cs us sy id wa st gu
 2  0   2304 792620 5478084 24572448    0    0     0    84 5716 6367  0  1 99  0  0  0
 0  0   2304 792620 5478092 24572448    0    0     0    28 5598 6537  0  1 99  0  0  0
 0  0   2304 792620 5478092 24572448    0    0     0   164 5752 6567  1  1 99  0  0  0
 0  0   2304 792620 5478100 24572448    0    0     0    12 5713 7055  1  1 98  0  0  0
 0  0   2304 792620 5478100 24572448    0    0     0     4 5594 6568  1  1 99  0  0  0
 0  0   2304 792620 5478100 24572448    0    0     0     0 5880 7122  0  1 99  0  0  0
 1  0   2304 792620 5478100 24572448    0    0     0    56 5765 6653  0  1 99  0  0  0
 0  0   2304 792620 5478108 24572440    0    0     0    28 5888 7284  0  1 98  0  0  0
 0  0   2304 792620 5478108 24572448    0    0     0     0 5867 7796  1  1 98  0  0  0
 0  0   2304 792620 5478116 24572448    0    0     0    12 6139 7503  1  1 98  0  0  0
 0  0   2304 792620 5478116 24572448    0    0     0     4 5634 6483  0  1 99  0  0  0
 0  0   2304 792620 5478116 24572448    0    0     0     0 5705 6740  1  1 98  0  0  0
 0  0   2304 792620 5478116 24572448    0    0     0   100 5344 6028  1  1 98  0  0  0
 0  0   2304 792620 5478124 24572448    0    0     0    32 5723 7001  1  1 98  0  0  0
 0  0   2304 792620 5478124 24572448    0    0     0   168 5707 6615  1  1 98  0  0  0
 0  0   2304 792620 5478132 24572448    0    0     0    12 5706 6955  1  1 98  0  0  0
 0  0   2304 792620 5478132 24572448    0    0     0     4 5652 6549  1  1 99  0  0  0
 0  0   2304 792620 5478132 24572452    0    0     0     0 6376 8416  1  1 98  0  0  0
 1  0   2304 792620 5478140 24572452    0    0     0   136 5617 7152  0  1 99  0  0  0
 0  0   2304 794964 5478140 24572452    0    0     0     0 5992 7406  1  1 98  0  0  0
 0  0   2304 794964 5478140 24572452    0    0     0     0 5526 6366  0  1 99  0  0  0
procs -----------memory---------- ---swap-- -----io---- -system-- -------cpu-------
 r  b 交换 空闲 缓冲 缓存   si   so    bi    bo   in   cs us sy id wa st gu
 1  0   2304 794712 5478148 24572452    0    0     0    12 5634 6630  0  1 99  0  0  0
 0  0   2304 794712 5478148 24572456    0    0     0     8 5801 6638  1  1 99  0  0  0
 0  0   2304 794712 5478156 24572448    0    0     0    20 5835 7127  1  1 98  0  0  0
 0  0   2304 794712 5478156 24572456    0    0     0    96 5512 6375  1  1 98  0  0  0
 0  0   2304 794712 5478156 24572456    0    0     0     0 5758 7022  1  1 98  0  0  0
 2  0   2304 794200 5478156 24572456    0    0     0     0 5428 6260  1  1 99  0  0  0
 0  0   2304 794712 5478164 24572456    0    0     0    20 5743 7413  1  1 98  0  0  0
 0  0   2304 794712 5478164 24572456    0    0     0     4 5470 7067  0  1 99  0  0  0
 0  0   2304 794460 5478164 24572456    0    0     0     0 5789 7027  1  1 99  0  0  0
 0  0   2304 794460 5478164 24572456    0    0     0    84 5608 6374  0  1 99  0  0  0
 0  0   2304 794460 5478172 24572448    0    0     0    28 5636 6712  1  1 98  0  0  0
 0  0   2304 794460 5478172 24572456    0    0     0   192 5591 6483  1  1 99  0  0  0
 0  0   2304 794460 5478180 24572456    0    0     0    12 5888 7093  1  1 99  0  0  0
 0  0   2304 794460 5478180 24572456    0    0     0     4 5585 6503  0  1 99  0  0  0
 0  0   2304 793704 5478180 24572456    0    0     0     0 5924 7041  1  1 98  0  0  0
 0  0   2304 799724 5478180 24572456    0    0     0    56 3798 5561  1  1 99  0  0  0
 0  0   2304 799724 5478188 24572456    0    0     0    28 2363 5628  0  0 99  0  0  0
