procs -----------memory---------- ---swap-- -----io---- -system-- -------cpu-------
 r  b 交换 空闲 缓冲 缓存   si   so    bi    bo   in   cs us sy id wa st gu
 2  0   2304 856408 5452820 24544020    0    0  5457   213 4446    3  1  1 99  0  0  0
 1  0   2304 851532 5452820 24544028    0    0     0   108 26998 32446  2  4 94  0  0  0
 0  0   2304 851532 5452820 24544028    0    0     0     0 26791 31810  2  3 95  0  0  0
 0  0   2304 851532 5452820 24544028    0    0     0     0 25441 30229  2  4 95  0  0  0
 1  0   2304 851532 5452820 24544028    0    0     0     0 25285 29853  2  4 94  0  0  0
 0  0   2304 851532 5452820 24544028    0    0     0     8 25935 30136  2  3 95  0  0  0
 1  0   2304 851532 5452836 24544028    0    0     0   352 25983 30438  1  4 94  0  0  0
 2  0   2304 851532 5452836 24544028    0    0     0     0 25794 30933  1  4 95  0  0  0
 0  0   2304 851532 5452836 24544028    0    0     0   136 25470 30473  2  3 95  0  0  0
 0  0   2304 851532 5452836 24544028    0    0     0     0 23105 26371  1  3 96  0  0  0
 0  0   2304 851532 5452836 24544028    0    0     0     0 23242 26523  2  4 95  0  0  0
 1  0   2304 851532 5452836 24544028    0    0     0    32 21270 23516  1  3 96  0  0  0
 0  0   2304 851532 5452852 24544028    0    0     0    60 22830 25217  1  3 95  0  0  0
 0  0   2304 851532 5452852 24544028    0    0     0     0 22506 25016  1  4 95  0  0  0
 2  0   2304 851532 5452852 24544028    0    0     0     4 24440 27612  1  3 96  0  0  0
 1  0   2304 851532 5452852 24544028    0    0     0     0 27767 32713  1  3 95  0  0  0
 0  0   2304 851532 5452852 24544028    0    0     0     0 28409 34153  1  3 96  0  0  0
 1  0   2304 851532 5452852 24544028    0    0     0    28 29228 36183  1  3 95  0  0  0
 1  0   2304 851532 5452868 24544028    0    0     0   196 28536 36303  1  3 95  0  0  0
 0  0   2304 851532 5452868 24544028    0    0     0     0 28483 34962  1  3 96  0  0  0
 1  0   2304 851532 5452868 24544028    0    0     0   112 28087 34536  1  3 95  0  0  0
procs -----------memory---------- ---swap-- -----io---- -system-- -------cpu-------
 r  b 交换 空闲 缓冲 缓存   si   so    bi    bo   in   cs us sy id wa st gu
 1  0   2304 851532 5452868 24544028    0    0     0     0 29946 37162  1  4 95  0  0  0
 3  0   2304 851532 5452868 24544028    0    0     0     0 28810 35439  1  4 95  0  0  0
 1  0   2304 851532 5452868 24544028    0    0     0    16 29266 36537  1  4 95  0  0  0
 1  0   2304 851532 5452876 24544028    0    0     0    16 28847 35734  1  4 95  0  0  0
 0  0   2304 851532 5452884 24544028    0    0     0    12 29170 35782  1  4 95  0  0  0
 1  0   2304 851532 5452884 24544028    0    0     0    72 28202 34451  2  4 95  0  0  0
 0  0   2304 851532 5452884 24544032    0    0     0     0 29112 36062  2  4 94  0  0  0
 1  0   2304 851532 5452884 24544032    0    0     0     0 27483 33831  1  4 95  0  0  0
 0  0   2304 851532 5452884 24544032    0    0     0     0 26527 30632  1  4 95  0  0  0
 1  0   2304 851532 5452892 24544032    0    0     0    16 29070 34533  2  3 94  0  0  0
 0  0   2304 851528 5452900 24544032    0    0     0   256 29279 35820  1  4 95  0  0  0
 2  0   2304 851528 5452900 24544032    0    0     0   100 30073 36799  2  4 95  0  0  0
 0  0   2304 851528 5452900 24544032    0    0     0     0 29910 36988  2  4 94  0  0  0
 0  0   2304 851528 5452900 24544032    0    0     0     0 29099 35242  1  4 95  0  0  0
 0  0   2304 851528 5452900 24544032    0    0     0     0 29369 35853  1  4 94  0  0  0
 0  0   2304 851304 5452908 24544032    0    0     0    24 29065 35492  1  4 95  0  0  0
 2  0   2304 851304 5452916 24544032    0    0     0    40 28967 35795  1  4 94  0  0  0
 0  0   2304 851304 5452916 24544032    0    0     0   160 29426 36738  2  4 94  0  0  0
 1  0   2304 851304 5452916 24544032    0    0     0     0 29643 36136  2  4 94  0  0  0
 1  0   2304 851304 5452916 24544032    0    0     0   152 28749 35585  2  4 94  0  0  0
 0  0   2304 851304 5452916 24544032    0    0     0     0 28670 35367  1  4 95  0  0  0
procs -----------memory---------- ---swap-- -----io---- -system-- -------cpu-------
 r  b 交换 空闲 缓冲 缓存   si   so    bi    bo   in   cs us sy id wa st gu
 2  0   2304 851304 5452924 24544036    0    0     0    16 29745 35827  1  4 95  0  0  0
 0  0   2304 851052 5452932 24544036    0    0     0    40 26233 31011  1  4 95  0  0  0
 3  0   2304 850548 5452932 24544036    0    0     0     4 28201 33605  1  4 95  0  0  0
 1  0   2304 850548 5452932 24544036    0    0     0     0 29157 35462  1  5 94  0  0  0
 0  0   2304 850548 5452932 24544036    0    0     0     0 28787 35135  2  5 94  0  0  0
 2  0   2304 848784 5452932 24544036    0    0     0     0 28621 35179  2  4 94  0  0  0
 0  0   2304 848784 5452948 24544036    0    0     0   204 29716 37216  1  4 94  0  0  0
 0  0   2304 848536 5452948 24544036    0    0     0     0 27981 35099  2  4 94  0  0  0
 0  0   2304 848024 5452948 24544036    0    0     0   124 28790 35198  2  4 94  0  0  0
 1  0   2304 848536 5452948 24544036    0    0     0     0 27976 34063  1  4 95  0  0  0
 0  0   2304 848536 5452948 24544036    0    0     0     0 28534 34692  1  5 94  0  0  0
 1  0   2304 848536 5452948 24544036    0    0     0    12 29418 36415  1  4 95  0  0  0
 1  0   2304 848536 5452964 24544036    0    0     0    44 29950 35987  2  4 94  0  0  0
 0  0   2304 848536 5452964 24544036    0    0     0     0 29641 36448  2  4 94  0  0  0
 2  0   2304 848536 5452964 24544036    0    0     0     4 28999 35705  2  4 94  0  0  0
 1  0   2304 848536 5452964 24544036    0    0     0     0 28924 35080  2  4 94  0  0  0
 1  0   2304 848536 5452964 24544036    0    0     0     0 27519 33059  1  4 94  0  0  0
 2  0   2304 848536 5452964 24544036    0    0     0    16 29255 34612  2  4 95  0  0  0
 0  0   2304 848024 5452972 24544036    0    0     0    16 29019 35664  1  4 94  0  0  0
 1  0   2304 848536 5452980 24544036    0    0     0   188 29283 35702  1  4 94  0  0  0
 0  0   2304 848536 5452980 24544036    0    0     0     0 28634 35388  2  4 94  0  0  0
procs -----------memory---------- ---swap-- -----io---- -system-- -------cpu-------
 r  b 交换 空闲 缓冲 缓存   si   so    bi    bo   in   cs us sy id wa st gu
 1  0   2304 848536 5452980 24544036    0    0     0     0 29070 35854  2  4 95  0  0  0
 0  0   2304 848536 5452980 24544036    0    0     0     0 28381 34997  1  4 95  0  0  0
 0  0   2304 848312 5452980 24544036    0    0     0     0 29072 36057  2  4 95  0  0  0
 3  0   2304 848312 5452988 24544036    0    0     0    24 29971 35990  1  4 95  0  0  0
 0  0   2304 848564 5452988 24544040    0    0     0     0 28693 35710  2  4 94  0  0  0
 0  0   2304 848564 5452996 24544040    0    0     0   180 28915 35829  1  4 94  0  0  0
 0  0   2304 848564 5452996 24544040    0    0     0     0 28796 35392  1  4 94  0  0  0
 0  0   2304 848564 5452996 24544040    0    0     0   152 29497 35778  2  4 94  0  0  0
 0  0   2304 848564 5452996 24544040    0    0     0     4 29576 36634  2  4 94  0  0  0
 2  0   2304 848564 5453004 24544040    0    0     0    12 27125 31133  2  4 94  0  0  0
 1  0   2304 848564 5453012 24544040    0    0     0    48 29249 34764  1  4 94  0  0  0
 1  0   2304 848564 5453012 24544040    0    0     0     4 28335 34472  1  4 95  0  0  0
 0  0   2304 848564 5453012 24544040    0    0     0     0 28660 35243  2  4 95  0  0  0
 2  0   2304 848564 5453012 24544040    0    0     0     0 28379 34705  1  4 94  0  0  0
 1  0   2304 848564 5453012 24544040    0    0     0     4 28992 35957  2  5 94  0  0  0
 0  0   2304 848564 5453028 24544040    0    0     0   188 27041 34443  2  4 94  0  0  0
 0  0   2304 848564 5453028 24544040    0    0     0     0 28812 36048  1  4 95  0  0  0
 2  0   2304 848564 5453028 24544040    0    0     0   124 28948 35759  2  4 94  0  0  0
 1  0   2304 848564 5453028 24544040    0    0     0     0 29722 36352  1  4 95  0  0  0
 1  0   2304 848564 5453028 24544040    0    0     0     0 29178 35255  1  4 95  0  0  0
 1  0   2304 848564 5453028 24544040    0    0     0    12 28699 35292  2  4 95  0  0  0
procs -----------memory---------- ---swap-- -----io---- -system-- -------cpu-------
 r  b 交换 空闲 缓冲 缓存   si   so    bi    bo   in   cs us sy id wa st gu
 2  0   2304 848564 5453036 24544040    0    0     0    12 28931 35602  1  4 94  0  0  0
 0  0   2304 848564 5453044 24544044    0    0     0    16 28578 35702  1  4 95  0  0  0
 1  0   2304 848564 5453044 24544044    0    0     0     4 28583 35272  2  4 94  0  0  0
 0  0   2304 848312 5453044 24544044    0    0     0     0 27418 32635  2  4 94  0  0  0
 1  0   2304 848312 5453044 24544044    0    0     0     0 27773 34922  1  4 94  0  0  0
 0  0   2304 849168 5453044 24544044    0    0     0   752 29975 36980  2  4 94  0  0  0
