procs -----------memory---------- ---swap-- -----io---- -system-- -------cpu-------
 r  b 交换 空闲 缓冲 缓存   si   so    bi    bo   in   cs us sy id wa st gu
 1  1   2304 781196 5481280 24573296    0    0  4736   190 4201    3  1  1 99  0  0  0
 0  0   2304 781192 5481280 24573308    0    0     0     0 13667 14348  1  2 97  0  0  0
 0  0   2304 780940 5481280 24573308    0    0     0     0 13075 13251  1  2 97  0  0  0
 0  0   2304 781192 5481280 24573308    0    0     0     0 11929 12133  1  2 97  0  0  0
 0  0   2304 781192 5481280 24573308    0    0     0    12 12763 12852  1  2 98  0  0  0
 0  0   2304 781192 5481280 24573308    0    0     0   100 13632 13640  1  2 97  0  0  0
 0  0   2304 781348 5481296 24573308    0    0     0   388 13648 14414  1  2 97  0  0  0
 0  0   2304 781348 5481296 24573308    0    0     0     0 13357 13421  1  2 97  0  0  0
 0  0   2304 781348 5481296 24573312    0    0     0     0 12848 12245  1  2 98  0  0  0
 0  0   2304 780836 5481296 24573312    0    0     0     0 13143 12456  1  2 98  0  0  0
 1  0   2304 781348 5481296 24573312    0    0     0    56 12748 12050  1  2 97  0  0  0
 0  0   2304 781348 5481312 24573304    0    0     0   248 12968 12682  1  2 98  0  0  0
 1  0   2304 781348 5481312 24573304    0    0     0    12 12645 11859  1  1 98  0  0  0
 0  0   2304 781348 5481312 24573312    0    0     0     0 13121 12351  1  2 97  0  0  0
 0  0   2304 781096 5481312 24573312    0    0     0     0 11219 10878  1  2 98  0  0  0
 0  0   2304 781096 5481312 24573312    0    0     0     0 12662 11907  1  2 97  0  0  0
 0  0   2304 781096 5481312 24573312    0    0     0    96 12582 12470  1  2 97  0  0  0
 0  0   2304 781348 5481328 24573312    0    0     0    28 11014 10762  1  2 97  0  0  0
 1  0   2304 781348 5481328 24573312    0    0     0     4 12774 11928  1  1 98  0  0  0
 0  0   2304 781348 5481328 24573312    0    0     0     0 12229 11789  1  2 98  0  0  0
 0  0   2304 781600 5481328 24573312    0    0     0     0 12771 12156  1  2 98  0  0  0
procs -----------memory---------- ---swap-- -----io---- -system-- -------cpu-------
 r  b 交换 空闲 缓冲 缓存   si   so    bi    bo   in   cs us sy id wa st gu
 1  0   2304 781600 5481328 24573312    0    0     0     0 13298 13368  1  2 97  0  0  0
 0  0   2304 781600 5481336 24573308    0    0     0   184 12984 12468  1  2 98  0  0  0
 0  0   2304 777528 5481344 24573316    0    0     0   204 12836 12339  1  2 98  0  0  0
 1  0   2304 777528 5481344 24573316    0    0     0     4 12589 11739  1  2 98  0  0  0
 1  0   2304 777528 5481344 24573316    0    0     0     0 12813 12332  1  2 97  0  0  0
 1  0   2304 781304 5481344 24573316    0    0     0     0 12787 12705  1  2 97  0  0  0
 0  0   2304 781304 5481344 24573316    0    0     0     0 12744 12373  1  2 97  0  0  0
 0  0   2304 781304 5481352 24573308    0    0     0    32 12619 12102  1  2 98  0  0  0
 0  0   2304 781304 5481360 24573316    0    0     0    64 11391 11076  1  2 98  0  0  0
 1  0   2304 781304 5481360 24573316    0    0     0     4 12648 11882  0  2 98  0  0  0
 0  0   2304 781304 5481360 24573316    0    0     0     0 13057 12783  1  2 97  0  0  0
 2  0   2304 781304 5481360 24573316    0    0     0     0 12943 12610  1  2 97  0  0  0
 1  0   2304 781304 5481360 24573316    0    0     0    12 12518 11596  1  2 97  0  0  0
 0  0   2304 781304 5481360 24573316    0    0     0     0 12678 11967  1  2 98  0  0  0
 1  0   2304 781304 5481376 24573316    0    0     0   144 12879 12117  0  2 98  0  0  0
 0  0   2304 780792 5481376 24573316    0    0     0     4 13050 13083  1  2 98  0  0  0
 0  0   2304 781304 5481376 24573316    0    0     0   160 12456 12325  0  2 98  0  0  0
 0  0   2304 781304 5481376 24573316    0    0     0     0 12614 12149  1  2 97  0  0  0
 0  0   2304 781304 5481376 24573316    0    0     0     0 12626 12046  1  1 98  0  0  0
 0  0   2304 781304 5481376 24573316    0    0     0     0 12682 11943  0  1 98  0  0  0
 0  0   2304 781304 5481392 24573316    0    0     0   100 12794 12597  1  1 98  0  0  0
procs -----------memory---------- ---swap-- -----io---- -system-- -------cpu-------
 r  b 交换 空闲 缓冲 缓存   si   so    bi    bo   in   cs us sy id wa st gu
 2  0   2304 781304 5481392 24573316    0    0     0     4 11398 11056  0  1 98  0  0  0
 0  0   2304 781304 5481392 24573320    0    0     0     0 12971 12265  1  1 98  0  0  0
 0  0   2304 782312 5481392 24573320    0    0     0     0 12867 11964  1  2 97  0  0  0
 0  0   2304 782312 5481392 24573320    0    0     0     0 13186 12345  1  2 98  0  0  0
 0  0   2304 781808 5481392 24573320    0    0     0   112 12772 12712  0  2 98  0  0  0
 1  0   2304 781808 5481408 24573320    0    0     0    28 13572 13053  1  2 97  0  0  0
 0  0   2304 781808 5481408 24573320    0    0     0     8 13118 12064  0  2 98  0  0  0
 0  0   2304 781808 5481408 24573320    0    0     0     0 13796 13389  1  2 98  0  0  0
 0  0   2304 781808 5481408 24573320    0    0     0     0 13164 12301  0  2 97  0  0  0
 1  0   2304 781808 5481408 24573324    0    0     0     0 13170 13260  1  2 98  0  0  0
 0  0   2304 781556 5481416 24573324    0    0     0   240 12765 12093  1  2 97  0  0  0
 2  0   2304 781556 5481424 24573324    0    0     0    20 11657 11859  1  2 98  0  0  0
 0  0   2304 781052 5481424 24573324    0    0     0    12 12891 12390  1  2 97  0  0  0
 0  0   2304 781052 5481424 24573324    0    0     0     0 12678 12013  1  3 97  0  0  0
 0  0   2304 781052 5481424 24573324    0    0     0     0 12579 12519  1  2 97  0  0  0
 0  0   2304 781052 5481424 24573324    0    0     0     0 11543 11312  1  2 98  0  0  0
 1  0   2304 781052 5481424 24573324    0    0     0   228 12496 11944  1  2 97  0  0  0
 1  0   2304 781052 5481440 24573324    0    0     0    52 13045 12506  1  3 96  0  0  0
 1  0   2304 781052 5481440 24573324    0    0     0     4 12796 11868  1  2 97  0  0  0
 0  0   2304 781052 5481440 24573324    0    0     0     0 13013 12717  1  2 97  0  0  0
 0  0   2304 781052 5481440 24573324    0    0     0     0 12750 12518  1  2 97  0  0  0
procs -----------memory---------- ---swap-- -----io---- -system-- -------cpu-------
 r  b 交换 空闲 缓冲 缓存   si   so    bi    bo   in   cs us sy id wa st gu
 1  0   2304 781052 5481440 24573324    0    0     0     0 12627 11706  1  2 98  0  0  0
 0  0   2304 780540 5481440 24573324    0    0     0   136 12898 12054  1  2 97  0  0  0
 1  0   2304 781052 5481456 24573316    0    0     0    44 12501 11832  1  2 97  0  0  0
 0  0   2304 781052 5481456 24573316    0    0     0     4 9559 10308  1  2 98  0  0  0
 1  0   2304 781052 5481456 24573324    0    0     0   160 12031 11777  1  2 97  0  0  0
 0  0   2304 781052 5481456 24573324    0    0     0     0 10673 10346  1  2 98  0  0  0
 1  0   2304 781052 5481456 24573324    0    0     0     0 9999 10110  1  2 98  0  0  0
 0  0   2304 781052 5481456 24573324    0    0     0     0 9299 9458  1  1 98  0  0  0
 2  0   2304 780296 5481472 24573324    0    0     0   112 9975 10075  1  1 98  0  0  0
 0  0   2304 780296 5481472 24573324    0    0     0     4 10155 10333  1  2 98  0  0  0
 1  0   2304 780296 5481472 24573324    0    0     0     0 9488 9355  0  1 98  0  0  0
 1  0   2304 779784 5481472 24573324    0    0     0     0 9337 9084  1  2 98  0  0  0
 1  0   2304 780296 5481472 24573324    0    0     0     0 10023 9916  1  2 98  0  0  0
 0  0   2304 780296 5481472 24573324    0    0     0   112 10138 10577  1  2 98  0  0  0
 1  0   2304 780296 5481488 24573324    0    0     0    28 9593 10001  1  1 98  0  0  0
 0  0   2304 780296 5481488 24573324    0    0     0     4 9122 9304  1  2 98  0  0  0
 2  0   2304 780296 5481488 24573324    0    0     0     0 9929 10340  1  2 97  0  0  0
 1  0   2304 780296 5481488 24573324    0    0     0     0 9517 10129  1  1 98  0  0  0
