procs -----------memory---------- ---swap-- -----io---- -system-- -------cpu-------
 r  b 交换 空闲 缓冲 缓存   si   so    bi    bo   in   cs us sy id wa st gu
 0  0   2560 1096352 6328032 23460888    0    0  4439   114 2622    3  1  0 99  0  0  0
 1  0   2560 1096104 6328032 23460948    0    0     0   124 29458 37862  2  4 95  0  0  0
 2  0   2560 1096104 6328032 23460948    0    0     0     0 29674 37926  2  5 94  0  0  0
 1  0   2560 1096296 6328044 23460948    0    0     0    76 28345 36735  2  4 94  0  0  0
 1  0   2560 1096944 6328044 23460948    0    0     0    92 30306 38723  2  4 94  0  0  0
 0  0   2560 1099064 6328044 23460932    0    0     0     0 30158 39149  1  4 94  0  0  0
 0  0   2560 1098812 6328052 23460932    0    0     0    36 29663 38193  2  4 94  0  0  0
 0  0   2560 1094716 6328052 23460940    0    0     0     0 28783 36392  2  4 94  0  0  0
 1  0   2560 1100288 6328052 23460932    0    0     0   156 29314 37552  2  5 94  0  0  0
 0  0   2560 1100288 6328060 23460932    0    0     0    24 27022 31966  2  4 94  0  0  0
 1  0   2560 1100288 6328060 23460944    0    0     0     0 28052 34165  2  4 95  0  0  0
 0  0   2560 1100288 6328068 23460928    0    0     0    92 29530 37824  2  4 95  0  0  0
 0  0   2560 1100288 6328068 23460928    0    0     0     0 29008 36494  2  4 94  0  0  0
 0  0   2560 1100288 6328068 23460912    0    0     0    56 28577 36094  1  5 94  0  0  0
 1  0   2560 1095500 6328068 23460932    0    0     0    52 30041 37581  1  5 94  0  0  0
 0  0   2560 1095252 6328076 23460932    0    0     0    76 29047 36483  2  4 94  0  0  0
 0  0   2560 1095252 6328076 23460932    0    0     0     0 29446 37069  2  4 95  0  0  0
 1  0   2560 1095252 6328084 23460924    0    0     0   208 29682 38818  2  4 94  0  0  0
 0  0   2560 1095000 6328084 23460924    0    0     0     0 30370 40263  2  4 94  0  0  0
 0  0   2560 1094748 6328084 23460932    0    0     0   148 29624 37530  2  4 94  0  0  0
 0  0   2560 1094748 6328084 23460924    0    0     0     0 21910 28211  2  3 95  0  0  0
procs -----------memory---------- ---swap-- -----io---- -system-- -------cpu-------
 r  b 交换 空闲 缓冲 缓存   si   so    bi    bo   in   cs us sy id wa st gu
 1  0   2560 1094748 6328092 23460924    0    0     0    28 25280 30347  2  4 94  0  0  0
 1  0   2560 1094748 6328092 23460924    0    0     0    36 28637 36195  2  4 94  0  0  0
 0  0   2560 1094748 6328100 23460924    0    0     0    16 26417 32194  1  4 94  0  0  0
 2  0   2560 1094748 6328100 23460916    0    0     0   152 29234 36881  2  4 94  0  0  0
 1  0   2560 1094748 6328108 23460908    0    0     0    52 29157 37134  2  4 94  0  0  0
 0  0   2560 1094748 6328108 23460908    0    0     0    56 30085 37548  2  4 94  0  0  0
 0  0   2560 1094748 6328108 23460916    0    0     0     4 29781 37434  1  4 94  0  0  0
 1  0   2560 1094748 6328108 23460916    0    0     0     0 29588 37768  2  4 94  0  0  0
 3  0   2560 1094748 6328116 23460908    0    0     0    60 27238 33699  2  4 95  0  0  0
 0  0   2560 1094748 6328124 23460900    0    0     0   120 29299 38089  1  4 94  0  0  0
 0  0   2560 1094748 6328124 23460916    0    0     0     0 30454 40992  2  4 94  0  0  0
 0  0   2560 1094500 6328124 23460916    0    0     0     0 25053 29287  1  4 95  0  0  0
 0  0   2560 1094500 6328124 23460916    0    0     0     4 26090 29891  1  4 94  0  0  0
 1  0   2560 1094500 6328132 23460916    0    0     0   244 24921 28781  2  4 94  0  0  0
 1  0   2560 1120568 6328140 23460916    0    0   128   240 26059 31655  2  4 94  0  0  0
 1  0   2560 1120576 6328148 23460968    0    0     0    52 25537 30085  2  4 94  0  0  0
 0  0   2560 1120588 6328148 23460968    0    0     0     0 22632 25395  2  5 94  0  0  0
 0  0   2560 1119832 6328148 23460968    0    0     0     0 19411 20984  1  4 95  0  0  0
 0  0   2560 1119832 6328148 23460968    0    0     0     4 18625 18530  1  2 96  0  0  0
 1  0   2560 1119832 6328148 23460968    0    0     0   568 18080 18427  1  2 96  0  0  0
 0  0   2560 1125012 6328156 23460968    0    0     0   172 18678 19709  1  3 96  0  0  0
procs -----------memory---------- ---swap-- -----io---- -system-- -------cpu-------
 r  b 交换 空闲 缓冲 缓存   si   so    bi    bo   in   cs us sy id wa st gu
 4  0   2560 1121232 6328164 23460976    0    0     0    12 19790 20934  2  3 95  0  0  0
 1  0   2560 1121232 6328164 23460976    0    0     0     0 17970 19239  1  3 96  0  0  0
 0  0   2560 1121232 6328164 23460976    0    0     0     0 19416 20560  1  3 96  0  0  0
 1  0   2560 1121232 6328164 23460976    0    0     0     8 18630 19142  1  3 96  0  0  0
 2  0   2560 1121232 6328164 23460976    0    0     0   104 20338 23910  1  3 96  0  0  0
 2  0   2560 1124648 6328180 23460976    0    0     0   256 19050 19840  1  3 96  0  0  0
 0  0   2560 1124648 6328180 23460976    0    0     0     0 19064 21295  2  2 96  0  0  0
 0  0   2560 1124648 6328180 23460976    0    0     0     0 20997 23895  1  3 96  0  0  0
 0  0   2560 1124648 6328180 23460976    0    0     0     0 18448 18828  1  3 96  0  0  0
 0  0   2560 1124648 6328180 23460976    0    0     0     4 18258 19269  1  2 97  0  0  0
 1  0   2560 1124648 6328196 23460968    0    0     0   292 20355 21946  1  3 96  0  0  0
 1  0   2560 1124648 6328196 23460976    0    0     0     0 25831 29801  1  3 95  0  0  0
 2  0   2560 1124648 6328196 23460980    0    0     0     0 28950 35888  2  3 95  0  0  0
 0  0   2560 1124648 6328196 23460980    0    0     0     0 30629 38353  1  3 95  0  0  0
 0  0   2560 1124648 6328196 23460980    0    0     0     0 30131 37041  1  4 95  0  0  0
 1  0   2560 1124648 6328204 23460972    0    0     0    68 29657 37508  1  3 96  0  0  0
 0  0   2560 1123392 6328212 23460980    0    0     0   112 29499 37624  2  3 95  0  0  0
 0  1   2560 1123392 6328212 23460980    0    0     0    40 29626 36214  1  3 95  0  0  0
 0  0   2560 1123392 6328212 23460980    0    0     0   188 29922 36839  1  4 95  0  0  0
 3  0   2560 1123392 6328212 23460980    0    0     0     0 29898 37150  1  3 95  0  0  0
 0  0   2560 1123392 6328212 23460980    0    0     0     0 29897 36983  1  4 95  0  0  0
procs -----------memory---------- ---swap-- -----io---- -system-- -------cpu-------
 r  b 交换 空闲 缓冲 缓存   si   so    bi    bo   in   cs us sy id wa st gu
 1  0   2560 1123392 6328228 23460980    0    0     0    68 28647 35272  1  3 95  0  0  0
 1  0   2560 1123392 6328228 23460980    0    0     0     0 24818 28108  1  4 95  0  0  0
 0  0   2560 1123140 6328228 23460980    0    0     0    88 27275 32976  1  4 95  0  0  0
 1  0   2560 1121376 6328228 23460984    0    0     0     0 30271 37723  2  4 95  0  0  0
 1  0   2560 1117056 6328228 23460984    0    0     0     0 30467 37621  1  4 95  0  0  0
 0  0   2560 1125356 6328228 23460976    0    0     0    32 30472 38982  2  4 94  0  0  0
 1  0   2560 1125104 6328236 23460980    0    0     0    52 30054 38563  2  4 95  0  0  0
 0  0   2560 1125104 6328244 23460972    0    0     0    48 29540 37408  2  3 95  0  0  0
 1  0   2560 1125104 6328244 23460980    0    0     0     0 29611 37546  1  5 94  0  0  0
 1  0   2560 1120820 6328244 23460984    0    0     0    96 30208 38174  2  4 94  0  0  0
 0  0   2560 1120820 6328244 23460984    0    0     0    60 29288 36153  2  4 94  0  0  0
 0  0   2560 1120820 6328244 23460984    0    0     0     0 30935 41115  1  5 94  0  0  0
 0  0   2560 1120820 6328252 23460984    0    0     0    76 32098 44649  2  4 94  0  0  0
 2  0   2560 1120060 6328260 23460976    0    0     0    40 28215 34759  1  4 95  0  0  0
 0  0   2560 1120572 6328260 23460984    0    0     0   208 29743 36396  2  4 94  0  0  0
 1  0   2560 1120320 6328260 23460984    0    0     0     0 30167 38121  2  5 94  0  0  0
 0  0   2560 1120320 6328260 23460984    0    0     0     0 29844 36948  1  4 94  0  0  0
 0  0   2560 1120320 6328260 23460992    0    0     0    36 29278 36488  2  4 94  0  0  0
 1  0   2560 1120320 6328268 23460992    0    0     0    20 29602 36437  2  4 94  0  0  0
 0  0   2560 1120320 6328268 23460992    0    0     0    24 29283 35557  1  4 95  0  0  0
 1  0   2560 1120320 6328276 23460992    0    0     0   116 29360 36443  2  3 95  0  0  0
procs -----------memory---------- ---swap-- -----io---- -system-- -------cpu-------
 r  b 交换 空闲 缓冲 缓存   si   so    bi    bo   in   cs us sy id wa st gu
 3  0   2560 1120320 6328276 23460996    0    0     0     0 29522 36828  2  4 94  0  0  0
 0  0   2560 1120320 6328276 23460996    0    0     0     0 29773 36663  1  4 94  0  0  0
 0  0   2560 1119808 6328276 23460984    0    0     0     8 28846 36466  2  4 94  0  0  0
 0  0   2560 1120320 6328284 23460984    0    0     0    60 27798 33467  1  4 95  0  0  0
 0  0   2560 1120320 6328284 23460984    0    0     0     0 29423 36896  2  4 94  0  0  0
 1  0   2560 1120096 6328292 23460984    0    0     0   148 30433 37814  1  4 94  0  0  0
 1  0   2560 1120096 6328292 23460984    0    0     0     0 29747 36993  2  4 94  0  0  0
 1  0   2560 1120096 6328292 23460984    0    0     0    84 30500 38814  2  4 94  0  0  0
 0  0   2560 1120096 6328300 23460984    0    0     0    20 29097 37000  1  4 94  0  0  0
 1  0   2560 1120096 6328300 23460984    0    0     0     4 29706 37172  2  4 95  0  0  0
 1  0   2560 1120096 6328308 23460984    0    0     0   212 29103 36646  2  4 94  0  0  0
 3  0   2560 1120096 6328308 23460984    0    0     0    84 29325 37594  2  4 94  0  0  0
 1  0   2560 1085868 6328308 23460988    0    0     0    68 28565 34944  2  4 94  0  0  0
 1  0   2560 755852 6328308 23461064    0    0     0   128 42561 216012  8  4 88  0  0  0
 1  0   2560 724888 6328320 23461064    0    0     0   156 31627 34263  6  3 91  0  0  0
 1  0   2560 604828 6328320 23411536    0    0     0 20636 33760 37982  5  4 91  0  0  0
 2  0   2560 444312 6328328 23461204    0    0     0 85816 34104 40242  6  5 89  0  0  0
 1  0   2560 193992 6328328 23461204    0    0     0   100 39536 138126  7  4 89  0  0  0
 1  0   2560 199376 6328328 23461280    0    0     0   436 33602 37648  6  3 91  0  0  0
 0  0   2560 864300 6328328 23461204    0    0     0     0 31456 35630  5  3 92  0  0  0
 2  0   2560 882828 6328340 23461204    0    0     0   344 29881 37793  1  4 95  0  0  0
procs -----------memory---------- ---swap-- -----io---- -system-- -------cpu-------
 r  b 交换 空闲 缓冲 缓存   si   so    bi    bo   in   cs us sy id wa st gu
 1  0   2560 897216 6328340 23461204    0    0     0     4 29726 37542  2  4 94  0  0  0
 2  0   2560 905768 6328348 23461204    0    0     0   128 30262 37595  2  4 94  0  0  0
 2  0   2560 923000 6328348 23461204    0    0     0   156 29568 37114  2  4 94  0  0  0
 0  0   2560 939888 6328348 23461204    0    0     0     0 30275 38599  2  4 94  0  0  0
 1  0   2560 953644 6328348 23461208    0    0     0     0 29304 37564  1  4 94  0  0  0
 1  0   2560 968616 6328356 23461208    0    0     0    40 27661 32468  1  4 94  0  0  0
 1  0   2560 979320 6328364 23461208    0    0     0    52 30237 38198  2  4 94  0  0  0
 1  0   2560 983920 6328364 23461208    0    0     0     0 29611 36488  2  5 94  0  0  0
 1  0   2560 1002160 6328372 23461208    0    0     0   144 29043 36238  1  4 95  0  0  0
 2  0   2560 1016800 6328372 23461204    0    0     0     0 29754 36563  2  4 95  0  0  0
 1  0   2560 980600 6328372 23461220    0    0     0   136 30833 36617  3  3 94  0  0  0
 1  0   2560 697012 6328372 23461276    0    0     0     4 43595 219156  7  4 88  0  0  0
 1  0   2560 652868 6328380 23461308    0    0     0    60 32755 35057  6  3 91  0  0  0
 1  1   2560 394800 6328392 23433104    0    0     0 20848 33456 41081  5  5 90  0  0  0
 1  0   2560 270372 6328392 23461272    0    0     0 85692 33933 39844  6  4 90  0  0  0
 1  0   2560 146464 6328424 23461640    0    0   152   224 37561 146667  9  4 87  0  0  0
 1  0   2560 370600 6328424 23461640    0    0     0   440 31116 34292  6  3 91  0  0  0
 1  0   2560 810120 6328424 23461556    0    0     0    28 28301 34049  2  4 95  0  0  0
 0  0   2560 829192 6328424 23461556    0    0     0     4 29028 36288  2  4 94  0  0  0
 1  0   2560 858508 6328444 23461568    0    0     0   740 29663 37162  2  5 94  0  0  0
 1  0   2560 869544 6328444 23461568    0    0     0     0 29803 37422  2  4 94  0  0  0
procs -----------memory---------- ---swap-- -----io---- -system-- -------cpu-------
 r  b 交换 空闲 缓冲 缓存   si   so    bi    bo   in   cs us sy id wa st gu
 0  0   2560 897932 6328444 23461572    0    0     0    56 29376 37262  1  4 95  0  0  0
 0  0   2560 906776 6328444 23461576    0    0     0     0 30058 38145  1  4 94  0  0  0
 0  0   2560 939540 6328444 23461572    0    0     0   864 30245 39498  2  4 95  0  0  0
 1  0   2560 950752 6328452 23461572    0    0     0    64 29644 37024  1  4 94  0  0  0
 2  0   2560 965124 6328460 23461572    0    0     0    40 30224 38967  1  4 94  0  0  0
 1  0   2560 980348 6328460 23461572    0    0     0   148 29930 38769  2  4 94  0  0  0
 1  0   2560 996172 6328460 23461576    0    0     0     0 29391 36745  1  4 94  0  0  0
 2  0   2560 1008360 6328460 23461576    0    0     0   108 27745 32949  1  5 94  0  0  0
 0  0   2560 1018208 6328468 23461576    0    0     0    64 28041 35026  2  4 94  0  0  0
 0  0   2560 1028248 6328468 23461576    0    0     0     4 29337 37154  2  4 94  0  0  0
 2  0   2560 1033452 6328476 23461576    0    0     0    48 30017 38168  1  4 95  0  0  0
 0  0   2560 1044272 6328476 23461580    0    0     0   228 29863 37301  2  4 94  0  0  0
 0  0   2560 1059156 6328476 23461580    0    0     0     0 29483 37940  1  5 94  0  0  0
 0  0   2560 1063892 6328476 23461580    0    0     0     0 29289 36566  2  4 94  0  0  0
 1  0   2560 1071356 6328484 23461580    0    0     0    12 29569 37012  2  4 94  0  0  0
 3  0   2560 1069228 6328484 23461584    0    0     0     4 30036 38598  2  5 93  0  0  0
 0  0   2560 1074588 6328492 23461584    0    0     0    56 28866 36047  2  4 94  0  0  0
 0  0   2560 1083320 6328492 23461584    0    0     0    84 29573 36500  2  4 94  0  0  0
 0  0   2560 1087372 6328492 23461584    0    0     0   428 27529 33229  2  4 94  0  0  0
 1  0   2560 1091196 6328492 23461584    0    0     0     0 28994 34004  2  4 94  0  0  0
 0  0   2560 1095300 6328500 23461584    0    0     0    84 29312 36280  2  5 94  0  0  0
procs -----------memory---------- ---swap-- -----io---- -system-- -------cpu-------
 r  b 交换 空闲 缓冲 缓存   si   so    bi    bo   in   cs us sy id wa st gu
 1  0   2560 1097348 6328500 23461584    0    0     0    32 28660 35737  1  5 94  0  0  0
 2  0   2560 1098144 6328508 23461592    0    0     0    28 29023 37224  2  4 94  0  0  0
 0  0   2560 1106404 6328508 23461580    0    0     0    96 30462 37516  1  4 94  0  0  0
 0  0   2560 1110928 6328508 23461580    0    0     0     0 29868 36708  2  4 94  0  0  0
 0  0   2560 1112472 6328508 23461580    0    0     0    84 29756 37879  1  4 94  0  0  0
 1  0   2560 1115032 6328516 23461580    0    0     0    44 29551 37287  2  4 94  0  0  0
 2  0   2560 1108988 6328516 23461584    0    0     0     4 29725 37240  2  4 94  0  0  0
 0  0   2560 1112564 6328524 23461580    0    0     0   212 30083 37942  1  4 95  0  0  0
 2  0   2560 1112312 6328524 23461580    0    0     0    68 29190 36384  2  4 94  0  0  0
 0  0   2560 1107268 6328524 23461580    0    0     0     0 27501 33151  2  4 95  0  0  0
 1  0   2560 1107268 6328524 23461580    0    0     0    52 29674 36596  1  4 95  0  0  0
 0  0   2560 1112960 6328532 23461580    0    0     0    36 29998 38713  1  4 95  0  0  0
 0  0   2560 1112708 6328532 23461580    0    0     0    12 29961 37085  2  4 94  0  0  0
 2  0   2560 1113680 6328540 23461580    0    0     0   216 30819 38339  1  4 94  0  0  0
 1  0   2560 1113428 6328540 23461580    0    0     0   124 30701 38895  1  4 95  0  0  0
 1  0   2560 1114104 6328540 23461580    0    0     0     0 30260 37671  1  4 95  0  0  0
 0  0   2560 1114104 6328540 23461580    0    0     0    24 29189 35482  1  3 96  0  0  0
 1  0   2560 1116624 6328548 23461580    0    0     0    12 30034 36799  1  3 96  0  0  0
 1  0   2560 1116624 6328556 23461572    0    0     0    68 30217 37322  1  3 95  0  0  0
 2  0   2560 1116112 6328556 23461580    0    0     0     0 30230 37965  1  4 95  0  0  0
 0  0   2560 1116372 6328556 23461580    0    0     0   208 25956 31075  1  3 96  0  0  0
procs -----------memory---------- ---swap-- -----io---- -system-- -------cpu-------
 r  b 交换 空闲 缓冲 缓存   si   so    bi    bo   in   cs us sy id wa st gu
 1  0   2560 1111864 6328556 23461584    0    0    16     0 27718 33243  2  3 95  0  0  0
 0  0   2560 1111836 6328556 23461604    0    0     0     4 26972 32367  1  3 95  0  0  0
 0  0   2560 1111836 6328564 23461604    0    0     0    48 29316 36422  1  4 95  0  0  0
 1  0   2560 1111588 6328576 23461596    0    0     0    40 28990 36408  1  3 95  0  0  0
 2  0   2560 1111588 6328576 23461604    0    0     0     0 30319 38026  1  4 95  0  0  0
 1  0   2560 1111588 6328576 23461604    0    0     0    96 28956 36702  1  4 95  0  0  0
 2  0   2560 1111588 6328576 23461604    0    0     0     0 28607 35707  1  4 95  0  0  0
 1  0   2560 1111588 6328576 23461604    0    0     0    28 28411 35234  1  4 95  0  0  0
 1  0   2560 1120700 6328584 23461604    0    0     0    32 29679 37441  1  4 95  0  0  0
 2  0   2560 1120448 6328592 23461608    0    0     0    60 29391 36986  1  3 95  0  0  0
 0  0   2560 1120196 6328592 23461612    0    0     0     0 30049 39458  1  3 95  0  0  0
 2  0   2560 1120196 6328592 23461612    0    0     0    72 23670 29529  1  3 96  0  0  0
 1  0   2560 1120196 6328592 23461612    0    0     0   228 27749 32343  2  3 95  0  0  0
 1  0   2560 1119948 6328600 23461604    0    0     0   104 28550 36178  1  4 94  0  0  0
 0  0   2560 1119948 6328608 23461608    0    0     0   128 27511 32845  1  4 95  0  0  0
 0  0   2560 1119948 6328608 23461612    0    0     0     4 26081 30548  2  4 95  0  0  0
 2  0   2560 1119948 6328608 23461612    0    0     0     0 27523 32936  1  4 95  0  0  0
 1  0   2560 1119436 6328608 23461612    0    0     0    88 26065 30666  1  4 95  0  0  0
 2  0   2560 1115852 6328608 23461612    0    0     0    32 27001 32161  2  4 94  0  0  0
 0  0   2560 1115956 6328616 23461612    0    0     0    16 26812 31895  1  4 94  0  0  0
 3  0   2560 1116432 6328616 23461612    0    0     0     0 27663 33980  2  4 94  0  0  0
procs -----------memory---------- ---swap-- -----io---- -system-- -------cpu-------
 r  b 交换 空闲 缓冲 缓存   si   so    bi    bo   in   cs us sy id wa st gu
 1  0   2560 1116528 6328616 23461612    0    0     0     4 26734 30949  1  4 94  0  0  0
 0  0   2560 1116528 6328624 23461604    0    0     0    20 26844 31531  2  4 94  0  0  0
 0  0   2560 1116528 6328624 23461612    0    0     0   176 26747 31818  2  4 94  0  0  0
 0  0   2560 1116528 6328624 23461612    0    0     0     4 26394 31725  2  4 94  0  0  0
 1  0   2560 1116528 6328632 23461612    0    0     0    12 22785 25338  1  4 95  0  0  0
 1  0   2560 1111908 6328632 23461612    0    0     0     0 26215 30172  2  4 94  0  0  0
 0  0   2560 1111740 6328632 23461616    0    0     0     8 29910 35991  1  4 94  0  0  0
 0  0   2560 1111740 6328640 23461616    0    0     0    32 30378 37740  2  4 94  0  0  0
 0  0   2560 1111740 6328640 23461616    0    0     0   160 29669 36572  2  4 93  0  0  0
 2  0   2560 1111740 6328640 23461624    0    0     0     4 30238 37943  2  4 94  0  0  0
 0  0   2560 1111740 6328648 23461624    0    0     0    48 29500 36230  2  4 94  0  0  0
 0  0   2560 1111740 6328648 23461624    0    0     0     0 29169 36250  2  4 94  0  0  0
 1  0   2560 1111228 6328648 23461624    0    0     0    20 29787 37456  2  4 94  0  0  0
 0  0   2560 1111740 6328656 23461616    0    0     0    16 30353 37587  1  4 94  0  0  0
 2  0   2560 1111740 6328656 23461624    0    0     0   188 29593 36169  2  4 94  0  0  0
 2  0   2560 1111740 6328656 23461624    0    0     0     0 29619 36560  2  4 94  0  0  0
 1  0   2560 1111740 6328664 23461624    0    0     0    24 27199 32085  1  4 95  0  0  0
 1  0   2560 1111740 6328664 23461624    0    0     0     0 28834 34074  1  4 94  0  0  0
 1  0   2560 1111740 6328664 23461624    0    0     0     8 29953 36890  1  4 95  0  0  0
 0  0   2560 1111740 6328664 23461624    0    0     0    80 30433 38847  2  5 94  0  0  0
 0  0   2560 1111516 6328672 23461624    0    0     0    20 29657 37372  2  4 94  0  0  0
procs -----------memory---------- ---swap-- -----io---- -system-- -------cpu-------
 r  b 交换 空闲 缓冲 缓存   si   so    bi    bo   in   cs us sy id wa st gu
 0  0   2560 1111516 6328672 23461628    0    0     0    12 30097 37205  1  5 94  0  0  0
 1  0   2560 1111516 6328680 23461628    0    0     0    12 30288 37973  1  4 94  0  0  0
 0  0   2560 1111516 6328680 23461628    0    0     0     0 29561 36933  2  4 94  0  0  0
 0  0   2560 1111516 6328680 23461628    0    0     0     8 29627 36694  2  4 94  0  0  0
 1  0   2560 1111516 6328688 23461628    0    0     0   180 28059 35336  1  5 94  0  0  0
 0  0   2560 1111516 6328688 23461628    0    0     0   756 28528 35002  2  4 94  0  0  0
 2  0   2560 1114728 6328688 23461628    0    0     0     0 28593 37275  2  4 94  0  0  0
 0  0   2560 1114120 6328704 23461628    0    0     0   228 25971 30695  2  4 94  0  0  0
 0  0   2560 1114372 6328704 23461636    0    0     0     4 29049 36372  2  5 94  0  0  0
 0  0   2560 1114372 6328704 23461636    0    0     0    16 29222 35756  2  4 94  0  0  0
 3  0   2560 1114372 6328704 23461636    0    0     0   204 30159 37239  2  4 94  0  0  0
 1  0   2560 1118636 6328704 23461636    0    0     0   176 29188 37515  2  4 94  0  0  0
 0  0   2560 1118636 6328712 23461628    0    0     0    72 29392 37206  2  4 94  0  0  0
 0  0   2560 1118636 6328720 23461636    0    0     0    12 29341 36238  2  4 94  0  0  0
 0  0   2560 1118636 6328720 23461636    0    0     0     0 30323 37344  2  4 94  0  0  0
 1  0   2560 1118388 6328720 23461636    0    0     0     4 29429 36754  1  5 94  0  0  0
 1  0   2560 1118388 6328720 23461636    0    0     0     0 29451 37032  2  4 94  0  0  0
 0  0   2560 1118388 6328720 23461636    0    0     0   204 29447 36297  2  4 94  0  0  0
 0  0   2560 1118388 6328728 23461636    0    0     0    16 29431 37702  1  5 94  0  0  0
 1  0   2560 1118388 6328736 23461636    0    0     0    12 27965 33047  2  4 94  0  0  0
 2  0   2560 1118388 6328736 23461636    0    0     0     0 29297 35861  1  4 95  0  0  0
procs -----------memory---------- ---swap-- -----io---- -system-- -------cpu-------
 r  b 交换 空闲 缓冲 缓存   si   so    bi    bo   in   cs us sy id wa st gu
 0  0   2560 1118388 6328736 23461636    0    0     0     4 28459 35960  2  4 94  0  0  0
 0  0   2560 1117880 6328736 23461636    0    0     0     0 29745 36541  2  4 94  0  0  0
 1  0   2560 1118136 6328744 23461640    0    0     0   364 29788 37057  1  4 94  0  0  0
 0  0   2560 1123128 6328744 23461640    0    0     0     0 29297 36744  2  4 94  0  0  0
 1  1   2560 1118396 6328760 23461632    0    0     0    84 29541 37159  2  4 94  0  0  0
 0  0   2560 1117592 6328760 23461644    0    0     0     0 30064 38465  1  4 95  0  0  0
 1  0   2560 1117340 6328760 23461644    0    0     0     4 29881 38245  2  5 94  0  0  0
 0  0   2560 1117340 6328760 23461644    0    0     0   464 30492 39528  2  3 95  0  0  0
 1  0   2560 1117340 6328760 23461644    0    0     0     0 29497 36961  2  4 95  0  0  0
 1  0   2560 1116584 6328760 23461644    0    0     0     0 28461 35021  1  5 94  0  0  0
 1  0   2560 1116336 6328776 23461644    0    0     0   108 28766 34851  2  4 94  0  0  0
 0  0   2560 1116336 6328776 23461644    0    0     0     0 28960 36534  2  4 95  0  0  0
 0  0   2560 1116336 6328776 23461644    0    0     0     4 28578 35815  1  5 94  0  0  0
 2  0   2560 1116336 6328776 23461644    0    0     0   152 29775 37232  2  4 95  0  0  0
 1  0   2560 1116336 6328776 23461644    0    0     0    96 28666 36282  1  5 94  0  0  0
 0  0   2560 1112016 6328776 23461644    0    0     0    40 29793 38174  2  5 93  0  0  0
 1  0   2560 1112016 6328792 23461644    0    0     0    28 29582 36973  1  4 95  0  0  0
 4  0   2560 1112016 6328792 23461644    0    0     0     0 29286 38988  2  4 94  0  0  0
 2  0   2560 1112016 6328792 23461644    0    0     0     4 29592 36823  1  4 94  0  0  0
 2  0   2560 1112016 6328792 23461644    0    0     0     0 30269 37564  2  4 94  0  0  0
 1  0   2560 1111504 6328792 23461644    0    0     0   100 29891 37254  2  4 94  0  0  0
procs -----------memory---------- ---swap-- -----io---- -system-- -------cpu-------
 r  b 交换 空闲 缓冲 缓存   si   so    bi    bo   in   cs us sy id wa st gu
 1  0   2560 1112016 6328796 23461644    0    0     0     0 28407 34638  2  4 94  0  0  0
 0  0   2560 1112016 6328800 23461648    0    0     0    12 28918 34075  1  4 94  0  0  0
 3  0   2560 1112016 6328808 23461648    0    0     0    32 30030 36821  2  4 94  0  0  0
 1  0   2560 1112016 6328808 23461648    0    0     0     8 29614 36243  1  5 94  0  0  0
 3  0   2560 1112016 6328808 23461648    0    0     0     0 28944 36306  1  4 94  0  0  0
 1  0   2560 1112016 6328808 23461648    0    0     0   208 28441 36258  2  4 94  0  0  0
 1  0   2560 1115276 6328808 23461648    0    0     0     0 29830 38540  2  4 94  0  0  0
 1  0   2560 1115024 6328816 23461648    0    0     0    40 29260 35944  2  4 94  0  0  0
 0  0   2560 1115024 6328816 23461648    0    0     0     0 29472 36700  1  4 94  0  0  0
 0  0   2560 1114512 6328824 23461640    0    0     0    20 28926 36120  1  5 94  0  0  0
 2  0   2560 1115024 6328824 23461652    0    0     0     0 29266 36372  2  4 94  0  0  0
 1  0   2560 1115024 6328824 23461652    0    0     0   128 29607 36767  1  4 95  0  0  0
 0  0   2560 1115024 6328824 23461652    0    0     0    12 27444 33521  2  4 94  0  0  0
 0  0   2560 1115024 6328832 23461652    0    0     0    12 28978 34641  2  4 94  0  0  0
 0  0   2560 1115024 6328832 23461652    0    0     0     0 30019 36896  1  4 94  0  0  0
 0  0   2560 1114772 6328840 23461652    0    0     0    32 30084 37338  2  4 94  0  0  0
 1  0   2560 1114772 6328840 23461652    0    0     0     0 29573 37755  2  4 94  0  0  0
 2  0   2560 1114548 6328840 23461652    0    0     0    56 29721 37363  2  4 94  0  0  0
 1  0   2560 1114548 6328840 23461652    0    0     0     0 29377 36735  2  4 94  0  0  0
 0  0   2560 1114036 6328848 23461652    0    0     0    12 29625 37114  2  3 95  0  0  0
 0  0   2560 1114548 6328848 23461652    0    0     0    12 30337 37447  2  4 95  0  0  0
procs -----------memory---------- ---swap-- -----io---- -system-- -------cpu-------
 r  b 交换 空闲 缓冲 缓存   si   so    bi    bo   in   cs us sy id wa st gu
 0  0   2560 1114548 6328848 23461652    0    0     0     4 29791 36796  1  4 94  0  0  0
 0  0   2560 1114300 6328856 23461652    0    0     0   216 29390 36583  1  4 95  0  0  0
 2  0   2560 1114300 6328856 23461652    0    0     0    84 28577 35790  1  4 95  0  0  0
 1  0   2560 1118396 6328856 23461652    0    0     0     0 28045 33122  1  4 95  0  0  0
 1  0   2560 1118396 6328864 23461652    0    0     0    12 29406 35812  1  4 95  0  0  0
 2  0   2560 1118396 6328864 23461652    0    0     0     0 30712 39547  1  3 95  0  0  0
 1  0   2560 1118396 6328872 23461644    0    0     0    36 29214 35890  1  4 95  0  0  0
 1  0   2560 1118396 6328872 23461652    0    0     0   196 29821 36447  1  3 96  0  0  0
 1  0   2560 1118144 6328872 23461652    0    0     0   112 29533 37753  2  3 95  0  0  0
 0  0   2560 1117632 6328872 23461652    0    0     0     0 29225 36594  1  4 95  0  0  0
 0  0   2560 1118144 6328880 23461652    0    0     0    12 29396 35557  1  3 95  0  0  0
 3  0   2560 1118144 6328880 23461652    0    0     0     0 29123 36086  1  4 95  0  0  0
 0  0   2560 1118144 6328888 23461648    0    0     0    40 29337 36546  1  4 95  0  0  0
 1  0   2560 1118144 6328888 23461652    0    0     0     0 28833 36574  1  4 95  0  0  0
 1  0   2560 1118144 6328888 23461652    0    0     0   212 29051 36923  2  3 95  0  0  0
 1  0   2560 1120304 6328888 23461652    0    0     0     0 27791 34192  1  3 96  0  0  0
 0  0   2560 1120304 6328896 23461652    0    0     0    12 29196 35816  1  3 95  0  0  0
 0  0   2560 1120304 6328896 23461652    0    0     0    20 28825 36360  1  3 95  0  0  0
 0  0   2560 1120304 6328904 23461652    0    0     0    20 29262 37280  1  3 95  0  0  0
 2  0   2560 1119792 6328904 23461652    0    0     0     0 28732 35964  1  3 95  0  0  0
 0  0   2560 1120304 6328904 23461656    0    0     0   136 28501 35857  1  3 95  0  0  0
procs -----------memory---------- ---swap-- -----io---- -system-- -------cpu-------
 r  b 交换 空闲 缓冲 缓存   si   so    bi    bo   in   cs us sy id wa st gu
 0  0   2560 1120304 6328908 23461652    0    0     0     0 29698 37152  1  3 95  0  0  0
 1  0   2560 1120304 6328912 23461656    0    0     0    12 29137 36532  1  3 96  0  0  0
 0  0   2560 1120056 6328912 23461660    0    0     0     0 29330 37241  2  4 94  0  0  0
 0  0   2560 1120056 6328912 23461660    0    0     0     8 28023 35237  1  4 95  0  0  0
 0  0   2560 1120056 6328920 23461660    0    0     0    28 29423 37750  2  3 95  0  0  0
 1  0   2560 1120056 6328920 23461660    0    0     0     4 28890 36620  2  4 95  0  0  0
 1  0   2560 1119556 6328920 23461660    0    0     0     0 26419 30971  1  3 95  0  0  0
 0  0   2560 1119556 6328928 23461660    0    0     0   256 28239 35134  2  4 94  0  0  0
 2  0   2560 1119044 6328928 23461660    0    0     0     0 25807 32162  1  4 95  0  0  0
 2  0   2560 1119556 6328928 23461660    0    0     0     4 28909 35879  2  4 95  0  0  0
 0  0   2560 1119304 6328936 23461668    0    0     0    44 29672 36472  2  4 95  0  0  0
 1  0   2560 1119304 6328936 23461668    0    0     0   116 28487 35493  2  3 95  0  0  0
 1  0   2560 1119304 6328936 23461668    0    0     0    12 29856 36882  1  4 94  0  0  0
 1  0   2560 1119304 6328944 23461668    0    0     0    12 29812 36637  1  4 95  0  0  0
 0  0   2560 1119304 6328944 23461668    0    0     0     0 30210 38298  1  4 94  0  0  0
 2  0   2560 1119304 6328944 23461668    0    0     0    36 29781 36200  2  4 94  0  0  0
 1  0   2560 1119304 6328952 23461668    0    0     0    28 29295 36057  1  4 94  0  0  0
 0  0   2560 1119304 6328952 23461668    0    0     0   112 30058 37590  2  4 94  0  0  0
 0  0   2560 1118792 6328952 23461668    0    0     0     0 25721 29404  2  3 95  0  0  0
 2  0   2560 1119304 6328960 23461668    0    0     0    12 27150 32046  1  4 94  0  0  0
 1  0   2560 1119304 6328960 23461668    0    0     0     0 27825 33149  2  4 94  0  0  0
procs -----------memory---------- ---swap-- -----io---- -system-- -------cpu-------
 r  b 交换 空闲 缓冲 缓存   si   so    bi    bo   in   cs us sy id wa st gu
 3  0   2560 1119304 6328968 23461668    0    0     0    48 26482 30631  2  4 94  0  0  0
 1  0   2560 1119304 6328968 23461668    0    0     0     0 27151 32050  2  3 95  0  0  0
 0  0   2560 1119304 6328968 23461668    0    0     0   204 27088 32000  2  5 93  0  0  0
 2  0   2560 1119304 6328968 23461668    0    0     0     0 27834 34002  2  4 94  0  0  0
 1  0   2560 1119304 6328976 23461668    0    0     0    12 27230 31696  2  4 94  0  0  0
 1  0   2560 1119304 6328976 23461668    0    0     0    16 27935 32589  2  4 94  0  0  0
 0  0   2560 1119304 6328984 23461660    0    0     0    20 27631 32745  2  4 95  0  0  0
 0  0   2560 1118792 6328984 23461668    0    0     0     0 27083 32060  2  4 94  0  0  0
 0  0   2560 1119304 6328984 23461668    0    0     0    84 26693 31888  2  5 94  0  0  0
 0  0   2560 1119304 6328984 23461668    0    0     0     4 26160 31318  1  4 94  0  0  0
 0  0   2560 1119808 6328992 23461668    0    0     0    16 27007 32768  2  4 94  0  0  0
 1  0   2560 1119808 6328992 23461668    0    0     0     0 23547 26423  2  4 95  0  0  0
 0  0   2560 1119808 6328992 23461668    0    0     0     4 29246 35577  1  4 95  0  0  0
 0  0   2560 1119808 6329000 23461668    0    0     0   128 29682 37589  2  4 94  0  0  0
 0  0   2560 1119808 6329000 23461668    0    0     0     0 28826 35627  1  4 95  0  0  0
 0  0   2560 1119808 6329000 23461668    0    0     0     4 29127 35505  3  4 93  0  0  0
 0  0   2560 1119808 6329008 23461668    0    0     0    12 30218 37797  1  4 95  0  0  0
 3  0   2560 1119296 6329008 23461668    0    0     0     0 30419 38213  2  4 94  0  0  0
 5  0   2560 1119808 6329008 23461668    0    0     0     4 29220 36300  2  4 94  0  0  0
 2  0   2560 1119808 6329016 23461668    0    0     0   180 29293 36214  1  4 95  0  0  0
 0  0   2560 1119808 6329016 23461672    0    0     0   136 28902 36486  1  4 94  0  0  0
procs -----------memory---------- ---swap-- -----io---- -system-- -------cpu-------
 r  b 交换 空闲 缓冲 缓存   si   so    bi    bo   in   cs us sy id wa st gu
 2  0   2560 1115488 6329020 23461668    0    0     0     0 28610 36260  1  4 94  0  0  0
 1  0   2560 1115488 6329024 23461672    0    0     0    12 29266 36846  2  4 94  0  0  0
 2  0   2560 1111392 6329024 23461672    0    0     0     0 27019 33923  2  4 94  0  0  0
 0  0   2560 1111392 6329024 23461672    0    0     0    12 28953 34773  2  4 95  0  0  0
 1  0   2560 1111392 6329032 23461672    0    0     0   184 30662 38836  2  4 94  0  0  0
 2  0   2560 1111944 6329032 23461672    0    0     0   108 30745 39012  2  4 94  0  0  0
 0  0   2560 1115712 6329040 23461660    0    0     0    64 29853 37393  1  4 95  0  0  0
 1  0   2560 1115460 6329040 23461660    0    0     0     0 30169 37113  2  4 94  0  0  0
 0  0   2560 1115460 6329040 23461664    0    0     0     0 29649 36415  1  4 95  0  0  0
 2  0   2560 1115460 6329048 23461656    0    0     0    68 30420 37907  2  4 94  0  0  0
 0  0   2560 1115460 6329048 23461664    0    0     0     0 30778 38984  2  4 95  0  0  0
 0  0   2560 1115212 6329056 23461664    0    0     0   360 30303 37215  1  4 95  0  0  0
 2  0   2560 1114456 6329056 23461664    0    0     0     0 29892 38333  1  4 94  0  0  0
 0  0   2560 1114456 6329056 23461664    0    0     0     0 29539 37005  1  4 95  0  0  0
 1  0   2560 1114456 6329056 23461664    0    0     0    44 27718 34258  2  4 94  0  0  0
 0  0   2560 1114456 6329064 23461664    0    0     0    44 29875 36397  1  3 95  0  0  0
 2  0   2560 1114456 6329064 23461664    0    0     0    56 29755 37275  2  4 94  0  0  0
 0  0   2560 1113944 6329072 23461664    0    0     0   108 29607 37268  2  4 94  0  0  0
 0  0   2560 1114456 6329072 23461664    0    0     0     0 29497 37655  2  4 94  0  0  0
 1  0   2560 1114456 6329072 23461664    0    0     0     0 29571 36870  1  4 95  0  0  0
 1  0   2560 1114456 6329072 23461664    0    0     0    24 29423 37831  2  4 94  0  0  0
procs -----------memory---------- ---swap-- -----io---- -system-- -------cpu-------
 r  b 交换 空闲 缓冲 缓存   si   so    bi    bo   in   cs us sy id wa st gu
 2  0   2560 1114456 6329072 23461664    0    0     0     4 29041 36865  1  4 94  0  0  0
 0  0   2560 1114204 6329080 23461664    0    0     0    96 29534 38271  1  4 95  0  0  0
 0  0   2560 1114204 6329088 23461664    0    0     0    12 29594 37675  2  4 95  0  0  0
 1  0   2560 1113952 6329088 23461664    0    0     0     0 29073 37049  2  4 95  0  0  0
 0  0   2560 1113952 6329088 23461664    0    0     0   228 30224 38145  2  4 94  0  0  0
 0  0   2560 1113952 6329088 23461664    0    0     0     0 27663 33719  2  4 94  0  0  0
 1  0   2560 1113440 6329088 23461664    0    0     0     4 29332 35130  1  4 94  0  0  0
 0  0   2560 1113952 6329096 23461664    0    0     0    28 29872 36396  2  4 94  0  0  0
 2  0   2560 1113952 6329104 23461664    0    0     0   148 29552 36187  1  4 95  0  0  0
 1  0   2560 1113728 6329104 23461664    0    0     0     0 29762 37476  2  4 95  0  0  0
 1  0   2560 1113480 6329104 23461664    0    0     0     0 29740 37278  2  4 94  0  0  0
 0  0   2560 1113480 6329104 23461664    0    0     0     0 30682 39121  2  4 94  0  0  0
 0  0   2560 1109196 6329104 23461668    0    0     0    20 29716 37408  2  4 94  0  0  0
 0  0   2560 1109196 6329112 23461668    0    0     0    20 30070 36958  2  4 95  0  0  0
 1  0   2560 1109196 6329120 23461668    0    0     0   108 30299 38077  1  4 94  0  0  0
 1  0   2560 1109196 6329120 23461668    0    0     0     0 30472 37577  1  5 94  0  0  0
 1  0   2560 1109196 6329120 23461668    0    0     0     0 30061 37349  2  4 94  0  0  0
 1  0   2560 1109196 6329120 23461668    0    0     0     0 27915 34261  1  4 95  0  0  0
 0  0   2560 1109196 6329120 23461668    0    0     0     8 29152 34730  1  4 95  0  0  0
 1  0   2560 1109196 6329128 23461668    0    0     0   184 29881 37441  1  4 95  0  0  0
 0  0   2560 1109196 6329136 23461672    0    0     0   168 29204 36969  1  5 94  0  0  0
procs -----------memory---------- ---swap-- -----io---- -system-- -------cpu-------
 r  b 交换 空闲 缓冲 缓存   si   so    bi    bo   in   cs us sy id wa st gu
 1  0   2560 1109196 6329136 23461672    0    0     0     0 30224 38610  1  4 94  0  0  0
 1  0   2560 1109196 6329144 23461672    0    0     0    52 29799 37368  1  4 95  0  0  0
 0  0   2560 1109196 6329144 23461672    0    0     0     0 29466 36650  1  4 94  0  0  0
 3  0   2560 1109196 6329144 23461672    0    0     0    20 30264 38464  2  4 94  0  0  0
 2  0   2560 1074000 6329144 23461672    0    0     0   188 30594 36840  3  4 93  0  0  0
 1  0   2560 746732 6329152 23461744    0    0     0   148 45034 219686  8  4 88  0  0  0
 0  0   2560 671296 6329164 23461752    0    0     0   160 34262 36650  6  3 91  0  0  0
 2  0   2560 524236 6329164 23427532    0    0     0 20620 33690 40544  4  5 91  0  0  0
 1  0   2560 287840 6329164 23461844    0    0     0 85596 31385 36637  6  4 90  0  0  0
 1  0   2560 189944 6329168 23461844    0    0     4     4 35047 139882  7  3 90  0  0  0
 2  0   2560 183856 6329168 23461872    0    0     0   548 31820 35406  7  2 91  0  0  0
 1  0   2560 859208 6329176 23461768    0    0     0    44 31754 36536  4  4 92  0  0  0
 0  0   2560 869308 6329188 23461768    0    0     0   524 29261 36691  1  4 95  0  0  0
 1  0   2560 878440 6329188 23461768    0    0     0     0 29567 37598  2  4 95  0  0  0
 3  0   2560 885188 6329188 23461768    0    0     0     0 29775 37857  1  4 94  0  0  0
 1  0   2560 895532 6329188 23461768    0    0     0     4 30076 37479  1  4 95  0  0  0
 1  0   2560 917424 6329188 23461768    0    0     0   176 28648 36174  1  4 95  0  0  0
 1  0   2560 938548 6329196 23461768    0    0     0   164 29897 37013  2  3 95  0  0  0
 2  0   2560 954368 6329204 23461768    0    0     0    12 29861 37488  1  4 95  0  0  0
 0  0   2560 971348 6329204 23461768    0    0     0     0 29603 37216  1  3 95  0  0  0
 1  0   2560 980608 6329204 23461772    0    0     0     0 30007 38871  1  3 96  0  0  0
procs -----------memory---------- ---swap-- -----io---- -system-- -------cpu-------
 r  b 交换 空闲 缓冲 缓存   si   so    bi    bo   in   cs us sy id wa st gu
 1  0   2560 994912 6329204 23461772    0    0     0     4 27021 31764  1  4 95  0  0  0
 3  0   2560 1003200 6329204 23461772    0    0     0   204 28972 36057  1  4 95  0  0  0
 0  0   2560 1006272 6329212 23461772    0    0     0   140 29862 37854  2  3 95  0  0  0
 0  0   2560 1015304 6329220 23461772    0    0     0    12 29731 37115  1  4 95  0  0  0
 2  0   2560 1022420 6329220 23461772    0    0     0     0 28938 35047  1  4 95  0  0  0
 0  0   2560 1028828 6329220 23461772    0    0     0     0 29456 36556  1  3 96  0  0  0
 1  0   2560 1034836 6329220 23461776    0    0     0     4 29495 36331  1  4 95  0  0  0
 1  0   2560 1040176 6329220 23461776    0    0     0    16 28816 35915  1  4 95  0  0  0
 1  0   2560 1044248 6329228 23461776    0    0     0   268 29795 37048  1  3 95  0  0  0
 0  0   2560 1062052 6329236 23461776    0    0     0    12 29769 37908  2  4 95  0  0  0
 0  0   2560 1068728 6329236 23461776    0    0     0     0 29307 36562  1  4 95  0  0  0
 1  0   2560 1069532 6329236 23461776    0    0     0     0 29572 36924  1  4 95  0  0  0
 0  0   2560 1075528 6329236 23461776    0    0     0     4 27963 33230  2  3 95  0  0  0
 1  0   2560 1079280 6329236 23461776    0    0     0    20 29505 35988  1  4 95  0  0  0
 1  0   2560 1060548 6329244 23461776    0    0     0   788 30203 36557  2  4 94  0  0  0
 1  0   2560 732072 6329252 23461852    0    0     0   168 43172 217447  8  4 88  0  0  0
 2  0   2560 692500 6329252 23461852    0    0     0     0 33866 35594  6  2 91  0  0  0
 1  0   2560 661124 6329252 23461848    0    0     0   636 34745 39715  4  5 91  0  0  0
 1  0   2560 389636 6329252 23461852    0    0     0   784 39684 138467  7  4 88  0  0  0
 2  0   2560 399952 6329252 23461856    0    0     0   440 33973 38210  6  3 91  0  0  0
 2  0   2560 568528 6329272 23461880    0    0     0   336 33751 37054  6  3 91  0  0  0
procs -----------memory---------- ---swap-- -----io---- -system-- -------cpu-------
 r  b 交换 空闲 缓冲 缓存   si   so    bi    bo   in   cs us sy id wa st gu
 0  0   2560 951888 6329272 23461828    0    0     0     0 30460 37297  2  4 94  0  0  0
 1  0   2560 962148 6329272 23461828    0    0     0   224 30208 38331  2  4 95  0  0  0
 0  0   2560 972704 6329272 23461828    0    0     0     0 29529 36888  1  4 95  0  0  0
 1  0   2560 984080 6329272 23461828    0    0     0     8 27972 34168  2  4 94  0  0  0
 1  0   2560 994824 6329280 23461832    0    0     0   276 29453 36379  2  4 94  0  0  0
 1  0   2560 1003180 6329288 23461832    0    0     0   284 30251 37556  1  5 94  0  0  0
 0  0   2560 1015392 6329288 23461832    0    0     0     0 29932 38052  2  4 94  0  0  0
 1  0   2560 1024552 6329288 23461832    0    0     0     0 30291 37963  2  4 94  0  0  0
 0  0   2560 1033720 6329288 23461836    0    0     0     0 30662 39759  2  4 94  0  0  0
 1  0   2560 1040740 6329288 23461836    0    0     0    20 29614 36479  2  4 94  0  0  0
 1  0   2560 1051196 6329296 23461836    0    0     0   128 29285 37012  1  4 95  0  0  0
 1  0   2560 1059764 6329304 23461836    0    0     0    68 28900 36891  2  4 94  0  0  0
 0  0   2560 1065552 6329304 23461836    0    0     0     0 29500 36734  1  5 94  0  0  0
 0  0   2560 1069072 6329304 23461836    0    0     0     0 29206 36393  1  4 95  0  0  0
 2  0   2560 1075188 6329304 23461836    0    0     0     0 28845 36152  2  4 94  0  0  0
 0  0   2560 1078520 6329304 23461848    0    0     0     4 27544 33276  1  4 94  0  0  0
 0  0   2560 1080908 6329312 23461844    0    0     0    56 28890 34840  2  4 94  0  0  0
 1  0   2560 1083156 6329320 23461848    0    0     0   276 29618 36578  1  4 94  0  0  0
 0  0   2560 1083564 6329320 23461848    0    0     0     0 30133 38366  1  4 94  0  0  0
 0  0   2560 1086432 6329320 23461848    0    0     0     0 29748 36879  2  4 94  0  0  0
 2  0   2560 1086432 6329320 23461848    0    0     0     0 28955 35722  2  4 95  0  0  0
procs -----------memory---------- ---swap-- -----io---- -system-- -------cpu-------
 r  b 交换 空闲 缓冲 缓存   si   so    bi    bo   in   cs us sy id wa st gu
 0  0   2560 1089028 6329320 23461848    0    0     0    28 29438 37080  1  4 94  0  0  0
 3  0   2560 1094948 6329328 23461832    0    0     0    32 29248 36888  2  5 94  0  0  0
 1  0   2560 1094696 6329336 23461832    0    0     0   164 29260 36416  2  4 94  0  0  0
 1  0   2560 1094696 6329336 23461832    0    0     0     0 29595 36423  2  4 94  0  0  0
 0  0   2560 1092932 6329336 23461836    0    0     0     0 30057 37737  1  4 95  0  0  0
 1  0   2560 1092684 6329336 23461836    0    0     0     0 29216 36519  2  4 94  0  0  0
 0  0   2560 1092684 6329344 23461828    0    0     0   140 28046 33797  2  4 94  0  0  0
 1  0   2560 1092436 6329344 23461836    0    0     0     0 29186 36536  2  4 94  0  0  0
 1  0   2560 1092184 6329352 23461836    0    0     0    96 30079 37724  1  5 94  0  0  0
 0  0   2560 1092184 6329352 23461836    0    0     0     0 28578 36103  2  4 94  0  0  0
 0  0   2560 1092184 6329352 23461836    0    0     0     0 29981 37835  2  4 95  0  0  0
 1  0   2560 1091932 6329352 23461836    0    0     0    24 29333 36939  2  4 94  0  0  0
 0  0   2560 1091932 6329360 23461836    0    0     0    36 29255 36459  1  4 94  0  0  0
 1  0   2560 1091420 6329360 23461836    0    0     0   188 29527 37115  1  4 94  0  0  0
 0  0   2560 1091932 6329368 23461836    0    0     0   120 28907 35931  1  3 95  0  0  0
 0  0   2560 1091932 6329368 23461836    0    0     0     0 30377 38205  2  4 95  0  0  0
 0  0   2560 1091708 6329368 23461836    0    0     0     0 29077 36960  2  4 94  0  0  0
 2  0   2560 1092636 6329368 23461836    0    0     0     4 29804 39068  2  4 94  0  0  0
 0  0   2560 1092636 6329368 23461836    0    0     0     4 29646 36620  2  5 93  0  0  0
 0  0   2560 1092636 6329376 23461836    0    0     0   184 27610 32349  2  4 94  0  0  0
 0  0   2560 1091628 6329384 23461840    0    0     0    60 29978 37211  2  4 94  0  0  0
procs -----------memory---------- ---swap-- -----io---- -system-- -------cpu-------
 r  b 交换 空闲 缓冲 缓存   si   so    bi    bo   in   cs us sy id wa st gu
 0  0   2560 1091628 6329384 23461840    0    0     0     0 30342 39998  1  4 95  0  0  0
 1  0   2560 1091628 6329384 23461840    0    0     0     0 28335 34188  2  4 95  0  0  0
 1  0   2560 1091628 6329384 23461840    0    0     0     0 29012 35690  1  4 95  0  0  0
 0  0   2560 1091628 6329384 23461840    0    0     0     8 29636 36317  1  4 95  0  0  0
 1  0   2560 1091628 6329384 23461840    0    0     0   176 24265 30424  2  3 95  0  0  0
 0  0   2560 1091628 6329400 23461840    0    0     0   212 29155 36446  1  4 94  0  0  0
 1  0   2560 1091636 6329400 23461840    0    0     0     0 29793 39614  1  4 95  0  0  0
 1  0   2560 1091636 6329400 23461840    0    0     0     0 29720 37914  1  4 94  0  0  0
 0  0   2560 1091636 6329400 23461840    0    0     0     0 30075 37925  1  4 94  0  0  0
 0  0   2560 1091636 6329400 23461844    0    0     0     4 30726 39899  2  4 94  0  0  0
 1  0   2560 1091636 6329408 23461844    0    0     0    48 27207 33957  2  4 94  0  0  0
 1  0   2560 1096892 6329424 23461840    0    0     0   156 28953 35062  1  4 94  0  0  0
 0  0   2560 1096892 6329424 23461840    0    0     0     0 27500 33550  2  5 94  0  0  0
 1  0   2560 843948 6329424 23461912    0    0     0   140 33291 112434  5  4 91  0  0  0
 1  0   2560 718708 6329424 23461912    0    0     0     0 36977 137263  7  3 90  0  0  0
 1  0   2560 673080 6329424 23388948    0    0     0 20632 34177 39106  5  3 91  0  0  0
 1  0   2560 372404 6329444 23457264    0    0     0   364 32918 41154  5  6 89  0  0  0
 1  0   2560 169364 6329444 23461944    0    0     0 85596 39987 145532  8  4 88  0  0  0
 1  0   2560 127428 6329584 23467820    0    0  2896    68 32751 36895  7  3 90  0  0  0
 1  0   2560 240436 6323416 23322808    0    0  2344   320 33993 43976  6  5 89  0  0  0
 3  0   2560 220764 6327552 23331188    0    0  1600   320 32812 42391  4  6 90  0  0  0
procs -----------memory---------- ---swap-- -----io---- -system-- -------cpu-------
 r  b 交换 空闲 缓冲 缓存   si   so    bi    bo   in   cs us sy id wa st gu
 3  0   2560 282772 6327624 23331980    0    0    68  9116 37210 44104  9  3 87  0  0  0
 1  0   2560 1023724 6327632 23331648    0    0     0    52 30733 35000  5  4 91  0  0  0
 0  0   2560 1042572 6327632 23331664    0    0     0   252 28953 36069  2  4 94  0  0  0
 1  0   2560 1057752 6327632 23331664    0    0     0     0 25882 31141  2  4 94  0  0  0
 1  0   2560 1077200 6327632 23331664    0    0     0     0 28628 33631  2  4 94  0  0  0
 1  0   2560 1088880 6327644 23331664    0    0     0   304 29344 38056  1  5 94  0  0  0
 2  0   2560 1108184 6327644 23331664    0    0     0    36 28498 34361  2  4 94  0  0  0
 1  0   2560 1128996 6327652 23331656    0    0     0    16 27919 33145  1  4 95  0  0  0
 2  0   2560 1145616 6327652 23331656    0    0     0    80 27083 31982  2  4 94  0  0  0
 2  0   2560 1160844 6327652 23331656    0    0     0     0 27483 32427  1  4 94  0  0  0
 0  0   2560 1173528 6327652 23331656    0    0     0     0 27567 32211  2  4 94  0  0  0
 0  0   2560 1187172 6327660 23331648    0    0     0    16 27151 32358  2  4 94  0  0  0
 1  0   2560 1196296 6327660 23331648    0    0     0     4 27184 32426  2  4 94  0  0  0
 2  0   2560 1202588 6327660 23331656    0    0     0     0 28289 33713  2  4 95  0  0  0
 1  0   2560 1211840 6327668 23331656    0    0     0   292 27553 33071  1  5 94  0  0  0
 1  0   2560 1218076 6327668 23331656    0    0     0     0 27759 34201  2  5 94  0  0  0
 0  0   2560 1222636 6327668 23331656    0    0     0     0 26543 31050  2  5 94  0  0  0
 0  0   2560 1227340 6327676 23331656    0    0     0    12 24130 27023  1  4 95  0  0  0
 0  0   2560 1230860 6327676 23331656    0    0     0     4 20991 23062  1  4 95  0  0  0
 1  0   2560 1236276 6327676 23331664    0    0     0    12 26847 31799  1  4 94  0  0  0
 1  0   2560 1239628 6327684 23331660    0    0     0  8836 29546 36703  2  4 94  0  0  0
procs -----------memory---------- ---swap-- -----io---- -system-- -------cpu-------
 r  b 交换 空闲 缓冲 缓存   si   so    bi    bo   in   cs us sy id wa st gu
 1  0   2560 1240944 6327684 23331660    0    0     0     0 28856 36500  2  4 94  0  0  0
 0  0   2560 1241440 6327684 23331660    0    0     0     0 30096 37590  2  4 94  0  0  0
 1  0   2560 1244156 6327692 23331452    0    0     0    12 29078 36545  1  4 95  0  0  0
 0  0   2560 1243652 6327692 23331452    0    0     0     8 30181 37337  1  3 95  0  0  0
 0  0   2560 1246220 6327692 23331452    0    0     0    92 30228 38059  1  4 95  0  0  0
 1  0   2560 1246420 6327700 23331452    0    0     0    28 29057 35816  1  4 95  0  0  0
 0  0   2560 1246128 6327700 23331452    0    0     0     0 30489 37710  1  4 95  0  0  0
 1  0   2560 1247680 6327700 23331456    0    0     0     0 30437 38649  1  4 95  0  0  0
 0  0   2560 1247836 6327708 23331456    0    0     0    48 29941 36702  1  4 95  0  0  0
 0  1   2560 1247556 6327708 23331448    0    0     0   908 28471 35296  1  4 95  0  0  0
 0  0   2560 1250344 6327716 23331456    0    0     0  4656 28143 34277  1  3 96  0  0  0
 1  0   2560 1250868 6327716 23331448    0    0     0    28 27132 31889  2  3 95  0  0  0
 1  0   2560 1251580 6327716 23331448    0    0     0     0 29463 37122  1  4 95  0  0  0
 0  0   2560 1251688 6327724 23331460    0    0     0   236 30407 38618  1  3 95  0  0  0
 2  0   2560 1250812 6327732 23331452    0    0     0   172 29148 38333  1  4 95  0  0  0
 1  0   2560 1251324 6327732 23331452    0    0     0     8 29109 36120  1  3 95  0  0  0
 3  0   2560 1251328 6327732 23331460    0    0     0   248 29616 37649  1  3 95  0  0  0
 2  0   2560 1256336 6327732 23331468    0    0     0   100 29225 38343  2  3 95  0  0  0
 0  0   2560 1256084 6327740 23331468    0    0     0    44 29078 37325  2  4 94  0  0  0
 0  0   2560 1255932 6327740 23331468    0    0     0     0 29834 37383  1  4 95  0  0  0
 0  0   2560 1255944 6327748 23331460    0    0     0   208 29643 36851  1  3 96  0  0  0
procs -----------memory---------- ---swap-- -----io---- -system-- -------cpu-------
 r  b 交换 空闲 缓冲 缓存   si   so    bi    bo   in   cs us sy id wa st gu
 0  0   2560 1256196 6327748 23331460    0    0     0     0 29810 37257  1  4 95  0  0  0
 0  0   2560 1251424 6327748 23331472    0    0     0    96 30474 38252  1  4 95  0  0  0
 1  0   2560 1251424 6327756 23331480    0    0     0   200 28476 34963  1  4 95  0  0  0
 0  0   2560 1251424 6327756 23331480    0    0     0     0 28223 34556  1  4 95  0  0  0
 3  0   2560 1251424 6327756 23331472    0    0     0     0 30080 36597  1  3 95  0  0  0
 1  0   2560 1251176 6327764 23331472    0    0     0    44 29721 37257  2  4 94  0  0  0
 0  0   2560 1251376 6327764 23331472    0    0     0    28 29491 37269  1  4 95  0  0  0
 0  0   2560 1251376 6327780 23331476    0    0     0   284 29783 38260  3  4 94  0  0  0
 0  0   2560 1251628 6327780 23331480    0    0     0   120 28611 36862  2  5 94  0  0  0
 0  0   2560 1251628 6327780 23331488    0    0     0     0 30071 37669  1  4 95  0  0  0
 0  0   2560 1251628 6327780 23331488    0    0     0     0 29462 36444  1  4 95  0  0  0
 0  0   2560 1251628 6327788 23331488    0    0     0    28 29476 36906  2  5 94  0  0  0
 2  0   2560 1256024 6327796 23331488    0    0     0    64 29429 37283  1  4 95  0  0  0
 0  0   2560 1256324 6327796 23331468    0    0     0   416 30060 37992  1  4 95  0  0  0
 0  0   2560 1256324 6327796 23331468    0    0     0    52 29031 36571  1  4 95  0  0  0
 0  0   2560 1256072 6327796 23331468    0    0     0     0 27568 33940  2  4 95  0  0  0
 1  0   2560 1256072 6327796 23331460    0    0     0     0 29726 36895  2  4 94  0  0  0
 1  0   2560 1256072 6327812 23331460    0    0     0   164 29760 37637  2  5 94  0  0  0
 0  0   2560 1256072 6327812 23331468    0    0     0     0 29972 37243  2  4 95  0  0  0
 0  0   2560 1255820 6327812 23331472    0    0     0   152 29762 37106  2  4 94  0  0  0
 1  0   2560 1255820 6327812 23331472    0    0     0    84 29701 36747  1  4 94  0  0  0
procs -----------memory---------- ---swap-- -----io---- -system-- -------cpu-------
 r  b 交换 空闲 缓冲 缓存   si   so    bi    bo   in   cs us sy id wa st gu
 2  0   2560 1251500 6327812 23331464    0    0     0     0 30314 37658  1  4 94  0  0  0
 0  0   2560 1251500 6327812 23331472    0    0     0   100 29648 37453  1  5 94  0  0  0
 0  0   2560 1251500 6327828 23331472    0    0     0    36 29578 38043  2  4 94  0  0  0
 1  0   2560 1251500 6327828 23331472    0    0     0     0 29243 36560  2  4 94  0  0  0
 1  0   2560 1251500 6327828 23331464    0    0     0     0 29285 36515  1  4 94  0  0  0
 0  0   2560 1251500 6327828 23331464    0    0     0    84 28909 36247  2  4 94  0  0  0
 0  0   2560 1251500 6327828 23331472    0    0     0     0 29624 37005  1  4 94  0  0  0
 0  0   2560 1251500 6327836 23331464    0    0     0    24 27808 33536  2  4 94  0  0  0
 0  0   2560 1251500 6327844 23331476    0    0     0    32 27698 34311  1  5 94  0  0  0
 2  0   2560 1251500 6327844 23331468    0    0     0     0 29758 37317  1  4 95  0  0  0
 0  0   2560 1251500 6327844 23331476    0    0     0   152 29525 37659  2  4 94  0  0  0
 0  0   2560 1251500 6327844 23331476    0    0     0    72 28711 36675  1  4 95  0  0  0
 1  0   2560 1251000 6327844 23331492    0    0     0    12 29897 38738  2  4 94  0  0  0
 1  0   2560 1251000 6327860 23331492    0    0     0    52 29437 37078  2  4 94  0  0  0
 2  0   2560 1251000 6327860 23331492    0    0     0     4 29170 36852  2  4 94  0  0  0
 0  0   2560 1251000 6327860 23331476    0    0     0     0 29530 37707  2  4 94  0  0  0
 0  0   2560 1251000 6327860 23331476    0    0     0     0 29715 38064  2  4 94  0  0  0
 1  0   2560 1251000 6327860 23331476    0    0     0    88 29909 37481  2  4 94  0  0  0
 3  0   2560 1250488 6327860 23331484    0    0     0    12 29629 37437  2  4 95  0  0  0
 0  0   2560 1251000 6327868 23331484    0    0     0    36 28377 35481  1  4 94  0  0  0
 0  0   2560 1251000 6327876 23331484    0    0     0    24 27462 34069  2  4 94  0  0  0
procs -----------memory---------- ---swap-- -----io---- -system-- -------cpu-------
 r  b 交换 空闲 缓冲 缓存   si   so    bi    bo   in   cs us sy id wa st gu
 1  0   2560 1251000 6327876 23331476    0    0     0     0 28649 34424  2  4 94  0  0  0
 0  0   2560 1246996 6327876 23331484    0    0     0     0 29953 38048  1  5 94  0  0  0
 1  0   2560 1246968 6327876 23331488    0    0     0    96 29546 36639  2  4 95  0  0  0
 0  0   2560 1246968 6327876 23331488    0    0     0    20 30011 37327  1  5 94  0  0  0
 2  0   2560 1246968 6327884 23331488    0    0     0    56 29792 36830  1  4 94  0  0  0
 0  0   2560 1246968 6327884 23331488    0    0     0     4 28762 35407  1  4 94  0  0  0
 0  0   2560 1246968 6327884 23331496    0    0     0     0 29635 36266  2  4 94  0  0  0
 0  0   2560 1246968 6327892 23331504    0    0     0   184 28954 36355  1  4 94  0  0  0
 0  0   2560 1246968 6327892 23331496    0    0     0    84 28833 35625  2  4 94  0  0  0
 0  0   2560 1238300 6327892 23331496    0    0     0    44 29773 37272  2  4 94  0  0  0
 1  0   2560 1238300 6327900 23331496    0    0     0    24 28458 35745  1  4 95  0  0  0
 0  0   2560 1238300 6327900 23331500    0    0     0     4 30471 38844  2  4 95  0  0  0
 0  0   2560 1238300 6327900 23331500    0    0     0     4 27607 33094  2  4 94  0  0  0
 1  0   2560 1238300 6327908 23331508    0    0     0   236 29184 34921  1  4 94  0  0  0
 1  0   2560 1239220 6327908 23331508    0    0     0   108 30279 37132  2  4 94  0  0  0
 0  0   2560 1239220 6327908 23331508    0    0     0    12 29148 36446  1  4 95  0  0  0
 2  0   2560 1239220 6327916 23331500    0    0     0    12 28906 35581  1  5 94  0  0  0
 0  0   2560 1239220 6327916 23331500    0    0     0     4 28929 36177  2  4 94  0  0  0
 0  0   2560 1239220 6327924 23331500    0    0     0    44 29283 36257  2  4 94  0  0  0
 0  0   2560 1239220 6327924 23331512    0    0     0     0 28616 36226  2  4 94  0  0  0
 2  0   2560 1239220 6327924 23331512    0    0     0   236 28491 35583  2  4 94  0  0  0
procs -----------memory---------- ---swap-- -----io---- -system-- -------cpu-------
 r  b 交换 空闲 缓冲 缓存   si   so    bi    bo   in   cs us sy id wa st gu
 0  0   2560 1239220 6327924 23331504    0    0     0     0 29310 37938  2  4 94  0  0  0
 1  0   2560 1239220 6327932 23331512    0    0     0    12 28565 36193  1  4 95  0  0  0
 1  0   2560 1239220 6327932 23331512    0    0     0    28 29237 36775  2  4 94  0  0  0
 0  0   2560 1267008 6327940 23331504    0    0     0    16 23110 28247  2  3 96  0  0  0
 0  0   2560 1266948 6327940 23331448    0    0     0     0 1977 4548  0  0 99  0  0  0
 0  0   2560 1266948 6327940 23331448    0    0     0    84 1731 3874  0  0 99  0  0  0
 0  0   2560 1266948 6327940 23331452    0    0     0     0 1860 4400  0  0 99  0  0  0
 0  0   2560 1266948 6327948 23331452    0    0     0    24 1961 4431  0  0 99  0  0  0
 0  0   2560 1267200 6327948 23331452    0    0     0     4 2525 5684  0  0 99  0  0  0
 0  0   2560 1267200 6327956 23331452    0    0     0    32 2923 6159  1  1 99  0  0  0
