$ time sysbench --config-file=sysbench.conf oltp_point_select --tables=32 --table-size=1000000 --db-ps-mode=auto --rand-type=uniform run
sysbench 1.0.20 (using system LuaJIT 2.1.1700206165)

Running the test with following options:
Number of threads: 32
Report intermediate results every 10 second(s)
Initializing random number generator from current time


Initializing worker threads...

Threads started!

[ 10s ] thds: 32 tps: 13863.47 qps: 13863.47 (r/w/o: 13863.47/0.00/0.00) lat (ms,95%): 6.32 err/s: 0.00 reconn/s: 0.00
[ 20s ] thds: 32 tps: 13996.50 qps: 13996.50 (r/w/o: 13996.50/0.00/0.00) lat (ms,95%): 6.21 err/s: 0.00 reconn/s: 0.00
[ 30s ] thds: 32 tps: 14944.65 qps: 14944.65 (r/w/o: 14944.65/0.00/0.00) lat (ms,95%): 5.67 err/s: 0.00 reconn/s: 0.00
[ 40s ] thds: 32 tps: 15245.16 qps: 15245.16 (r/w/o: 15245.16/0.00/0.00) lat (ms,95%): 5.37 err/s: 0.00 reconn/s: 0.00
[ 50s ] thds: 32 tps: 15198.00 qps: 15198.00 (r/w/o: 15198.00/0.00/0.00) lat (ms,95%): 5.47 err/s: 0.00 reconn/s: 0.00
[ 60s ] thds: 32 tps: 15059.54 qps: 15059.54 (r/w/o: 15059.54/0.00/0.00) lat (ms,95%): 5.67 err/s: 0.00 reconn/s: 0.00
[ 70s ] thds: 32 tps: 15130.10 qps: 15130.10 (r/w/o: 15130.10/0.00/0.00) lat (ms,95%): 5.67 err/s: 0.00 reconn/s: 0.00
[ 80s ] thds: 32 tps: 15119.67 qps: 15119.67 (r/w/o: 15119.67/0.00/0.00) lat (ms,95%): 5.57 err/s: 0.00 reconn/s: 0.00
[ 90s ] thds: 32 tps: 15292.16 qps: 15292.16 (r/w/o: 15292.16/0.00/0.00) lat (ms,95%): 5.67 err/s: 0.00 reconn/s: 0.00
[ 100s ] thds: 32 tps: 14919.65 qps: 14919.65 (r/w/o: 14919.65/0.00/0.00) lat (ms,95%): 5.99 err/s: 0.00 reconn/s: 0.00
[ 110s ] thds: 32 tps: 14979.54 qps: 14979.54 (r/w/o: 14979.54/0.00/0.00) lat (ms,95%): 5.67 err/s: 0.00 reconn/s: 0.00
[ 120s ] thds: 32 tps: 14269.83 qps: 14269.83 (r/w/o: 14269.83/0.00/0.00) lat (ms,95%): 5.77 err/s: 0.00 reconn/s: 0.00
[ 130s ] thds: 32 tps: 14525.12 qps: 14525.12 (r/w/o: 14525.12/0.00/0.00) lat (ms,95%): 5.77 err/s: 0.00 reconn/s: 0.00
[ 140s ] thds: 32 tps: 11167.70 qps: 11167.70 (r/w/o: 11167.70/0.00/0.00) lat (ms,95%): 7.84 err/s: 0.00 reconn/s: 0.00
[ 150s ] thds: 32 tps: 13637.17 qps: 13637.17 (r/w/o: 13637.17/0.00/0.00) lat (ms,95%): 6.21 err/s: 0.00 reconn/s: 0.00
[ 160s ] thds: 32 tps: 15496.48 qps: 15496.48 (r/w/o: 15496.48/0.00/0.00) lat (ms,95%): 5.28 err/s: 0.00 reconn/s: 0.00
[ 170s ] thds: 32 tps: 15572.72 qps: 15572.72 (r/w/o: 15572.72/0.00/0.00) lat (ms,95%): 5.37 err/s: 0.00 reconn/s: 0.00
[ 180s ] thds: 32 tps: 15831.60 qps: 15831.60 (r/w/o: 15831.60/0.00/0.00) lat (ms,95%): 5.18 err/s: 0.00 reconn/s: 0.00
[ 190s ] thds: 32 tps: 15856.58 qps: 15856.58 (r/w/o: 15856.58/0.00/0.00) lat (ms,95%): 5.18 err/s: 0.00 reconn/s: 0.00
[ 200s ] thds: 32 tps: 15902.31 qps: 15902.31 (r/w/o: 15902.31/0.00/0.00) lat (ms,95%): 5.18 err/s: 0.00 reconn/s: 0.00
[ 210s ] thds: 32 tps: 15357.51 qps: 15357.51 (r/w/o: 15357.51/0.00/0.00) lat (ms,95%): 5.37 err/s: 0.00 reconn/s: 0.00
[ 220s ] thds: 32 tps: 15615.61 qps: 15615.61 (r/w/o: 15615.61/0.00/0.00) lat (ms,95%): 5.37 err/s: 0.00 reconn/s: 0.00
[ 230s ] thds: 32 tps: 15524.47 qps: 15524.47 (r/w/o: 15524.47/0.00/0.00) lat (ms,95%): 5.37 err/s: 0.00 reconn/s: 0.00
[ 240s ] thds: 32 tps: 15695.50 qps: 15695.50 (r/w/o: 15695.50/0.00/0.00) lat (ms,95%): 5.28 err/s: 0.00 reconn/s: 0.00
[ 250s ] thds: 32 tps: 15780.85 qps: 15780.85 (r/w/o: 15780.85/0.00/0.00) lat (ms,95%): 5.18 err/s: 0.00 reconn/s: 0.00
[ 260s ] thds: 32 tps: 15666.32 qps: 15666.32 (r/w/o: 15666.32/0.00/0.00) lat (ms,95%): 5.18 err/s: 0.00 reconn/s: 0.00
[ 270s ] thds: 32 tps: 14954.82 qps: 14954.82 (r/w/o: 14954.82/0.00/0.00) lat (ms,95%): 5.47 err/s: 0.00 reconn/s: 0.00
[ 280s ] thds: 32 tps: 14082.58 qps: 14082.58 (r/w/o: 14082.58/0.00/0.00) lat (ms,95%): 5.99 err/s: 0.00 reconn/s: 0.00
[ 290s ] thds: 32 tps: 13725.15 qps: 13725.15 (r/w/o: 13725.15/0.00/0.00) lat (ms,95%): 6.21 err/s: 0.00 reconn/s: 0.00
[ 300s ] thds: 32 tps: 15563.59 qps: 15563.59 (r/w/o: 15563.59/0.00/0.00) lat (ms,95%): 5.28 err/s: 0.00 reconn/s: 0.00
[ 310s ] thds: 32 tps: 15887.09 qps: 15887.09 (r/w/o: 15887.09/0.00/0.00) lat (ms,95%): 5.18 err/s: 0.00 reconn/s: 0.00
[ 320s ] thds: 32 tps: 15717.47 qps: 15717.47 (r/w/o: 15717.47/0.00/0.00) lat (ms,95%): 5.28 err/s: 0.00 reconn/s: 0.00
[ 330s ] thds: 32 tps: 15667.53 qps: 15667.53 (r/w/o: 15667.53/0.00/0.00) lat (ms,95%): 5.28 err/s: 0.00 reconn/s: 0.00
[ 340s ] thds: 32 tps: 2311.70 qps: 2311.70 (r/w/o: 2311.70/0.00/0.00) lat (ms,95%): 4.91 err/s: 0.00 reconn/s: 0.00
FATAL: mysql_stmt_execute() returned error 2013 (Lost connection to server during query) for query 'SELECT c FROM sbtest6 WHERE id=?'
FATAL: mysql_stmt_execute() returned error 2013 (Lost connection to server during query) for query 'SELECT c FROM sbtest8 WHERE id=?'
FATAL: mysql_stmt_execute() returned error 2013 (Lost connection to server during query) for query 'SELECT c FROM sbtest10 WHERE id=?'
FATAL: mysql_stmt_execute() returned error 2013 (Lost connection to server during query) for query 'SELECT c FROM sbtest12 WHERE id=?'
FATAL: `thread_run' function failed: ./oltp_common.lua:419: SQL error, errno = 2013, state = 'HY000': Lost connection to server during query
FATAL: mysql_stmt_execute() returned error 2013 (Lost connection to server during query) for query 'SELECT c FROM sbtest19 WHERE id=?'
(last message repeated 2 times)
FATAL: mysql_stmt_execute() returned error 2013 (Lost connection to server during query) for query 'SELECT c FROM sbtest1 WHERE id=?'
FATAL: mysql_stmt_execute() returned error 2013 (Lost connection to server during query) for query 'SELECT c FROM sbtest13 WHERE id=?'
FATAL: mysql_stmt_execute() returned error 2013 (Lost connection to server during query) for query 'SELECT c FROM sbtest23 WHERE id=?'
FATAL: mysql_stmt_execute() returned error 2013 (Lost connection to server during query) for query 'SELECT c FROM sbtest18 WHERE id=?'
FATAL: mysql_stmt_execute() returned error 2013 (Lost connection to server during query) for query 'SELECT c FROM sbtest27 WHERE id=?'
FATAL: mysql_stmt_execute() returned error 2013 (Lost connection to server during query) for query 'SELECT c FROM sbtest25 WHERE id=?'
FATAL: `thread_run' function failed: ./oltp_common.lua:419: SQL error, errno = 2013, state = 'HY000': Lost connection to server during query
FATAL: mysql_stmt_execute() returned error 2013 (Lost connection to server during query) for query 'SELECT c FROM sbtest29 WHERE id=?'
FATAL: mysql_stmt_execute() returned error 2013 (Lost connection to server during query) for query 'SELECT c FROM sbtest32 WHERE id=?'
FATAL: mysql_stmt_execute() returned error 2013 (Lost connection to server during query) for query 'SELECT c FROM sbtest28 WHERE id=?'
FATAL: mysql_stmt_execute() returned error 2013 (Lost connection to server during query) for query 'SELECT c FROM sbtest32 WHERE id=?'
FATAL: mysql_stmt_execute() returned error 2013 (Lost connection to server during query) for query 'SELECT c FROM sbtest27 WHERE id=?'
FATAL: `thread_run' function failed: ./oltp_common.lua:419: SQL error, errno = 2013, state = 'HY000': Lost connection to server during query
FATAL: mysql_stmt_execute() returned error 2013 (Lost connection to server during query) for query 'SELECT c FROM sbtest17 WHERE id=?'
FATAL: mysql_stmt_execute() returned error 2013 (Lost connection to server during query) for query 'SELECT c FROM sbtest10 WHERE id=?'
FATAL: `thread_run' function failed: ./oltp_common.lua:419: SQL error, errno = 2013, state = 'HY000': Lost connection to server during query
(last message repeated 5 times)
FATAL: mysql_stmt_execute() returned error 2013 (Lost connection to server during query) for query 'SELECT c FROM sbtest27 WHERE id=?'
FATAL: `thread_run' function failed: ./oltp_common.lua:419: SQL error, errno = 2013, state = 'HY000': Lost connection to server during query
(last message repeated 1 times)
FATAL: `thread_run' function failed: ./oltp_common.lua:419: SQL error, errno = 2013, state = 'HY000': Lost connection to server during query
FATAL: mysql_stmt_execute() returned error 2013 (Lost connection to server during query) for query 'SELECT c FROM sbtest15 WHERE id=?'
FATAL: `thread_run' function failed: ./oltp_common.lua:419: SQL error, errno = 2013, state = 'HY000': Lost connection to server during query
FATAL: mysql_stmt_execute() returned error 2013 (Lost connection to server during query) for query 'SELECT c FROM sbtest22 WHERE id=?'
(last message repeated 1 times)
FATAL: mysql_stmt_execute() returned error 2013 (Lost connection to server during query) for query 'SELECT c FROM sbtest5 WHERE id=?'
FATAL: `thread_run' function failed: ./oltp_common.lua:419: SQL error, errno = 2013, state = 'HY000': Lost connection to server during query
FATAL: `thread_run' function failed: ./oltp_common.lua:419: SQL error, errno = 2013, state = 'HY000': Lost connection to server during query
FATAL: mysql_stmt_execute() returned error 2013 (Lost connection to server during query) for query 'SELECT c FROM sbtest4 WHERE id=?'
FATAL: mysql_stmt_execute() returned error 2013 (Lost connection to server during query) for query 'SELECT c FROM sbtest27 WHERE id=?'
FATAL: mysql_stmt_execute() returned error 2013 (Lost connection to server during query) for query 'SELECT c FROM sbtest17 WHERE id=?'
FATAL: `thread_run' function failed: ./oltp_common.lua:419: SQL error, errno = 2013, state = 'HY000': Lost connection to server during query
(last message repeated 3 times)
FATAL: mysql_stmt_execute() returned error 2013 (Lost connection to server during query) for query 'SELECT c FROM sbtest4 WHERE id=?'
FATAL: mysql_stmt_execute() returned error 2013 (Lost connection to server during query) for query 'SELECT c FROM sbtest19 WHERE id=?'
FATAL: `thread_run' function failed: ./oltp_common.lua:419: SQL error, errno = 2013, state = 'HY000': Lost connection to server during query
(last message repeated 1 times)
FATAL: `thread_run' function failed: ./oltp_common.lua:419: SQL error, errno = 2013, state = 'HY000': Lost connection to server during query
FATAL: mysql_stmt_execute() returned error 2013 (Lost connection to server during query) for query 'SELECT c FROM sbtest22 WHERE id=?'
(last message repeated 2 times)
FATAL: mysql_stmt_execute() returned error 2013 (Lost connection to server during query) for query 'SELECT c FROM sbtest8 WHERE id=?'
FATAL: `thread_run' function failed: ./oltp_common.lua:419: SQL error, errno = 2013, state = 'HY000': Lost connection to server during query
(last message repeated 1 times)
FATAL: mysql_stmt_execute() returned error 2013 (Lost connection to server during query) for query 'SELECT c FROM sbtest12 WHERE id=?'
FATAL: `thread_run' function failed: ./oltp_common.lua:419: SQL error, errno = 2013, state = 'HY000': Lost connection to server during query
(last message repeated 1 times)
FATAL: mysql_stmt_execute() returned error 2013 (Lost connection to server during query) for query 'SELECT c FROM sbtest11 WHERE id=?'
FATAL: `thread_run' function failed: ./oltp_common.lua:419: SQL error, errno = 2013, state = 'HY000': Lost connection to server during query

real    5m45.769s
user    1m16.065s
sys     2m13.369s

=======================================================
=======================================================
=======================================================
=======================================================


runtime: traceback stuck. pc=0x4cbc040 sp=0x224cde6708
stack: frame={sp:0x224cde6708, fp:0x224cde6708} stack=[0x224cde0000,0x224cde8000)
0x000000224cde6608:  0x0000000000000000  0x0000000001baa9f8 <runtime.(*mspan).writeHeapBitsSmall+0x0000000000000068>
0x000000224cde6618:  0x000000231c237860  0x000000231cc58008
0x000000224cde6628:  0x000000231c237860  0x00000022a5d8df80
0x000000224cde6638:  0x00000022a5d8e3c0  0x0000000000000010
0x000000224cde6648:  0x0000002491f0e330  0x000000231adf7950
0x000000224cde6658:  0x0000000001bd09d4 <runtime.(*_panic).nextDefer+0x00000000000001dc>  0x0000000000000001
0x000000224cde6668:  0x0000000000000018  0x0000000000000008
0x000000224cde6678:  0x0000000001ba11e0 <runtime.mallocgc+0x0000000000000508>  0x00000025d14b9bd8
0x000000224cde6688:  0x00000022a5d8c1f8  0x0000000001bd08b4 <runtime.(*_panic).nextDefer+0x00000000000000bc>
0x000000224cde6698:  0xc1af80d7b755a457  0x000001392a39c686
0x000000224cde66a8:  0x0000000009ae89a0  0x00000022aef65aa1
0x000000224cde66b8:  0x00000022a5d886f0  0x0000000002d09a08 <github.com/pingcap/tidb/pkg/util/sqlexec.RecordSet.Close-fm+0x0000000000000000>
0x000000224cde66c8:  0x0000000001ba15e8 <runtime.newobject+0x0000000000000038>  0x00000022a59b3340
0x000000224cde66d8:  0x000000224cde66b0  0x0000003f5b5e3180
0x000000224cde66e8:  0x00000022a59b1b80  0x0000000004d886d0 <github.com/pingcap/tidb/pkg/server.(*clientConn).executePreparedStmtAndWriteResult+0x00000
000000008d8>
0x000000224cde66f8:  0x0018000100000610  0x0000000004d8b914 <github.com/pingcap/tidb/pkg/server.(*TiDBContext).ExecuteStmt+0x0000000000000064>
0x000000224cde6708: >0x0000000004cbc040 <github.com/pingcap/tidb/pkg/session.(*session).ExecuteStmt.deferwrap1+0x0000000000000000>  0x0000000009ae0fa0
0x000000224cde6718:  0x0000000000000000  0x0000000000000000
0x000000224cde6728:  0x0000000004d88254 <github.com/pingcap/tidb/pkg/server.(*clientConn).executePreparedStmtAndWriteResult+0x000000000000045c>  0x0000
00231cc34008
0x000000224cde6738:  0x00000000065edd88  0x00000022a5d886f0
0x000000224cde6748:  0x00000000066020d8  0x00000022a5d8e3c0
0x000000224cde6758:  0x0000000004d8820c <github.com/pingcap/tidb/pkg/server.(*clientConn).executePreparedStmtAndWriteResult+0x0000000000000414>  0x0000
00000000000c
0x000000224cde6768:  0x00000000054ca6c0  0x0000000000010001
0x000000224cde6778:  0x0000000004d87a34 <github.com/pingcap/tidb/pkg/server.(*clientConn).executePlanCacheStmt+0x00000000000001cc>  0x00000022de5cc540
0x000000224cde6788:  0x00000000065edd88  0x00000022a5d886f0
0x000000224cde6798:  0x00000000066020d8  0x00000022a5d8e3c0
0x000000224cde67a8:  0x0000000000027601  0x0000000000000000
0x000000224cde67b8:  0x0000000001bbf98c <runtime.(*mheap).alloc+0x000000000000006c>  0x0000000005036a60
0x000000224cde67c8:  0x0000000006603ff8  0x00000022a5d8df80
0x000000224cde67d8:  0x0000000000000000  0x0000000000000010
0x000000224cde67e8:  0x0000000001babe18 <runtime.(*mcentral).grow+0x00000000000000b0>  0x000000224cde67d0
0x000000224cde67f8:  0x0000000000000006  0x0000000001babc3c <runtime.(*mcentral).cacheSpan+0x00000000000004b4>
fatal error: traceback stuck

goroutine 0 gp=0x3f59100380 m=13 mp=0x3f58809008 [idle]:
time.Now()
        /home/debian/go1.22.7/src/time/time.go:1132 +0x20 fp=0x224cde6298 sp=0x224cde6290 pc=0x1c365e0
time.Now()
        /home/debian/go1.22.7/src/time/time.go:1132 +0x20 fp=0x224cde62a0 sp=0x224cde6298 pc=0x1c365e0
github.com/pingcap/tidb/pkg/session.(*session).ExecuteStmt(0x9ae0fa0, {0x0?, 0x0?}, {0x4d88254, 0x231cc34008})
        /home/debian/rvspoc-S2427-tidb/pkg/session/session.go:2058 +0x448 fp=0x224cde6708 sp=0x224cde62a0 pc=0x4cbb330
github.com/pingcap/tidb/pkg/parser/ast.(*node).Text.func1()
        /home/debian/rvspoc-S2427-tidb/pkg/parser/ast/base.go:56 fp=0x224cde6708 sp=0x224cde6708 pc=0x1fd03a0
github.com/pingcap/tidb/pkg/session.(*session).ExecuteStmt.deferwrap1()
        /home/debian/rvspoc-S2427-tidb/pkg/session/session.go:2007 fp=0x224cde6708 sp=0x224cde6708 pc=0x4cbc040
runtime: traceback stuck. pc=0x4cbc040 sp=0x224cde6708
stack: frame={sp:0x224cde6708, fp:0x224cde6708} stack=[0x3f5911a000,0x3f59122000)

fatal error: traceback stuck
panic during panic

goroutine 0 gp=0x3f59100380 m=13 mp=0x3f58809008 [idle]:
time.Now()
        /home/debian/go1.22.7/src/time/time.go:1132 +0x20 fp=0x224cde6298 sp=0x224cde6290 pc=0x1c365e0
time.Now()
        /home/debian/go1.22.7/src/time/time.go:1132 +0x20 fp=0x224cde62a0 sp=0x224cde6298 pc=0x1c365e0
github.com/pingcap/tidb/pkg/session.(*session).ExecuteStmt(0x9ae0fa0, {0x0?, 0x0?}, {0x4d88254, 0x231cc34008})
        /home/debian/rvspoc-S2427-tidb/pkg/session/session.go:2058 +0x448 fp=0x224cde6708 sp=0x224cde62a0 pc=0x4cbb330
github.com/pingcap/tidb/pkg/parser/ast.(*node).Text.func1()
        /home/debian/rvspoc-S2427-tidb/pkg/parser/ast/base.go:56 fp=0x224cde6708 sp=0x224cde6708 pc=0x1fd03a0
github.com/pingcap/tidb/pkg/session.(*session).ExecuteStmt.deferwrap1()
        /home/debian/rvspoc-S2427-tidb/pkg/session/session.go:2007 fp=0x224cde6708 sp=0x224cde6708 pc=0x4cbc040
runtime: traceback stuck. pc=0x4cbc040 sp=0x224cde6708
stack: frame={sp:0x224cde6708, fp:0x224cde6708} stack=[0x3f5911a000,0x3f59122000)

fatal error: traceback stuck
stack trace unavailable

