Linux 6.1.72+ (rvbox12) 	09/08/2024 	_riscv64_	(64 CPU)

avg-cpu:  %user   %nice %system %iowait  %steal   %idle
           3.50    0.00    0.80    0.01    0.00   95.69

Device             tps    MB_read/s    MB_wrtn/s    MB_dscd/s    MB_read    MB_wrtn    MB_dscd
nvme0n1         139.28         4.17         6.17         4.47     400517     592615     429156
zram0             0.00         0.00         0.00         0.00          1          0          0


avg-cpu:  %user   %nice %system %iowait  %steal   %idle
          22.50    0.00    3.67    0.00    0.00   73.83

Device             tps    MB_read/s    MB_wrtn/s    MB_dscd/s    MB_read    MB_wrtn    MB_dscd
nvme0n1           4.98         0.00         0.06         0.00          0          0          0
zram0             0.00         0.00         0.00         0.00          0          0          0


avg-cpu:  %user   %nice %system %iowait  %steal   %idle
          22.70    0.00    3.29    0.00    0.00   74.01

Device             tps    MB_read/s    MB_wrtn/s    MB_dscd/s    MB_read    MB_wrtn    MB_dscd
nvme0n1           1.99         0.00         0.01         0.00          0          0          0
zram0             0.00         0.00         0.00         0.00          0          0          0


avg-cpu:  %user   %nice %system %iowait  %steal   %idle
          22.70    0.00    3.75    0.00    0.00   73.55

Device             tps    MB_read/s    MB_wrtn/s    MB_dscd/s    MB_read    MB_wrtn    MB_dscd
nvme0n1         172.14         0.00         0.87         0.00          0          1          0
zram0             0.00         0.00         0.00         0.00          0          0          0


avg-cpu:  %user   %nice %system %iowait  %steal   %idle
          22.69    0.00    3.54    0.00    0.00   73.78

Device             tps    MB_read/s    MB_wrtn/s    MB_dscd/s    MB_read    MB_wrtn    MB_dscd
nvme0n1           1.99         0.00         0.01         0.00          0          0          0
zram0             0.00         0.00         0.00         0.00          0          0          0


avg-cpu:  %user   %nice %system %iowait  %steal   %idle
          21.98    0.00    3.89    0.00    0.00   74.14

Device             tps    MB_read/s    MB_wrtn/s    MB_dscd/s    MB_read    MB_wrtn    MB_dscd
nvme0n1           1.00         0.00         0.00         0.00          0          0          0
zram0             0.00         0.00         0.00         0.00          0          0          0


avg-cpu:  %user   %nice %system %iowait  %steal   %idle
          22.82    0.00    4.01    0.00    0.00   73.17

Device             tps    MB_read/s    MB_wrtn/s    MB_dscd/s    MB_read    MB_wrtn    MB_dscd
nvme0n1         175.62         0.00         0.91         0.00          0          1          0
zram0             0.00         0.00         0.00         0.00          0          0          0


avg-cpu:  %user   %nice %system %iowait  %steal   %idle
          22.81    0.00    3.44    0.00    0.00   73.75

Device             tps    MB_read/s    MB_wrtn/s    MB_dscd/s    MB_read    MB_wrtn    MB_dscd
nvme0n1           3.98         0.09         0.05         0.00          0          0          0
zram0             0.00         0.00         0.00         0.00          0          0          0


avg-cpu:  %user   %nice %system %iowait  %steal   %idle
          19.43    0.00    6.85    0.00    0.00   73.72

Device             tps    MB_read/s    MB_wrtn/s    MB_dscd/s    MB_read    MB_wrtn    MB_dscd
nvme0n1         164.68         0.00         0.78         0.00          0          1          0
zram0             0.00         0.00         0.00         0.00          0          0          0


avg-cpu:  %user   %nice %system %iowait  %steal   %idle
          16.99    0.00    9.65    0.00    0.00   73.37

Device             tps    MB_read/s    MB_wrtn/s    MB_dscd/s    MB_read    MB_wrtn    MB_dscd
nvme0n1           3.48         0.00         0.02         0.00          0          0          0
zram0             0.00         0.00         0.00         0.00          0          0          0


avg-cpu:  %user   %nice %system %iowait  %steal   %idle
          20.46    0.00    5.15    0.00    0.00   74.39

Device             tps    MB_read/s    MB_wrtn/s    MB_dscd/s    MB_read    MB_wrtn    MB_dscd
nvme0n1           2.99         0.00         0.05         0.00          0          0          0
zram0             0.00         0.00         0.00         0.00          0          0          0


avg-cpu:  %user   %nice %system %iowait  %steal   %idle
          23.64    0.00    2.85    0.00    0.00   73.52

Device             tps    MB_read/s    MB_wrtn/s    MB_dscd/s    MB_read    MB_wrtn    MB_dscd
nvme0n1         193.53         0.06         1.00         0.00          0          2          0
zram0             0.00         0.00         0.00         0.00          0          0          0


avg-cpu:  %user   %nice %system %iowait  %steal   %idle
          22.51    0.00    3.20    0.00    0.00   74.29

Device             tps    MB_read/s    MB_wrtn/s    MB_dscd/s    MB_read    MB_wrtn    MB_dscd
nvme0n1          10.95         0.00         0.09         0.00          0          0          0
zram0             0.00         0.00         0.00         0.00          0          0          0


avg-cpu:  %user   %nice %system %iowait  %steal   %idle
          22.82    0.00    3.09    0.00    0.00   74.08

Device             tps    MB_read/s    MB_wrtn/s    MB_dscd/s    MB_read    MB_wrtn    MB_dscd
nvme0n1           1.49         0.00         0.01         0.00          0          0          0
zram0             0.00         0.00         0.00         0.00          0          0          0


avg-cpu:  %user   %nice %system %iowait  %steal   %idle
          22.87    0.00    3.55    0.00    0.00   73.59

Device             tps    MB_read/s    MB_wrtn/s    MB_dscd/s    MB_read    MB_wrtn    MB_dscd
nvme0n1         150.75         0.02         0.77         0.00          0          1          0
zram0             0.00         0.00         0.00         0.00          0          0          0


avg-cpu:  %user   %nice %system %iowait  %steal   %idle
          22.76    0.00    3.38    0.00    0.00   73.86

Device             tps    MB_read/s    MB_wrtn/s    MB_dscd/s    MB_read    MB_wrtn    MB_dscd
nvme0n1           3.48         0.00         0.06         0.00          0          0          0
zram0             0.00         0.00         0.00         0.00          0          0          0


avg-cpu:  %user   %nice %system %iowait  %steal   %idle
          23.07    0.00    3.22    0.00    0.00   73.71

Device             tps    MB_read/s    MB_wrtn/s    MB_dscd/s    MB_read    MB_wrtn    MB_dscd
nvme0n1         180.10         0.05         0.93         0.00          0          1          0
zram0             0.00         0.00         0.00         0.00          0          0          0


avg-cpu:  %user   %nice %system %iowait  %steal   %idle
          22.44    0.00    4.17    0.00    0.00   73.38

Device             tps    MB_read/s    MB_wrtn/s    MB_dscd/s    MB_read    MB_wrtn    MB_dscd
nvme0n1           3.48         0.00         0.01         0.00          0          0          0
zram0             0.00         0.00         0.00         0.00          0          0          0


avg-cpu:  %user   %nice %system %iowait  %steal   %idle
          19.71    0.00    6.12    0.00    0.00   74.17

Device             tps    MB_read/s    MB_wrtn/s    MB_dscd/s    MB_read    MB_wrtn    MB_dscd
nvme0n1           2.99         0.00         0.05         0.00          0          0          0
zram0             0.00         0.00         0.00         0.00          0          0          0


avg-cpu:  %user   %nice %system %iowait  %steal   %idle
          21.31    0.00    4.68    0.00    0.00   74.01

Device             tps    MB_read/s    MB_wrtn/s    MB_dscd/s    MB_read    MB_wrtn    MB_dscd
nvme0n1         143.78         0.02         0.70         0.00          0          1          0
zram0             0.00         0.00         0.00         0.00          0          0          0


avg-cpu:  %user   %nice %system %iowait  %steal   %idle
          21.17    0.00    5.02    0.00    0.00   73.81

Device             tps    MB_read/s    MB_wrtn/s    MB_dscd/s    MB_read    MB_wrtn    MB_dscd
nvme0n1           1.49         0.03         0.00         0.00          0          0          0
zram0             0.00         0.00         0.00         0.00          0          0          0


avg-cpu:  %user   %nice %system %iowait  %steal   %idle
          22.62    0.00    3.58    0.00    0.00   73.80

Device             tps    MB_read/s    MB_wrtn/s    MB_dscd/s    MB_read    MB_wrtn    MB_dscd
nvme0n1         159.20         0.00         0.81         0.00          0          1          0
zram0             0.00         0.00         0.00         0.00          0          0          0


avg-cpu:  %user   %nice %system %iowait  %steal   %idle
          23.10    0.00    2.90    0.00    0.00   74.00

Device             tps    MB_read/s    MB_wrtn/s    MB_dscd/s    MB_read    MB_wrtn    MB_dscd
nvme0n1           5.47         0.00         0.02         0.00          0          0          0
zram0             0.00         0.00         0.00         0.00          0          0          0


avg-cpu:  %user   %nice %system %iowait  %steal   %idle
          22.85    0.00    3.51    0.00    0.00   73.63

Device             tps    MB_read/s    MB_wrtn/s    MB_dscd/s    MB_read    MB_wrtn    MB_dscd
nvme0n1          11.94         0.00         0.09         0.00          0          0          0
zram0             0.00         0.00         0.00         0.00          0          0          0


avg-cpu:  %user   %nice %system %iowait  %steal   %idle
          23.46    0.00    2.87    0.00    0.00   73.67

Device             tps    MB_read/s    MB_wrtn/s    MB_dscd/s    MB_read    MB_wrtn    MB_dscd
nvme0n1         152.24         0.00         0.72         0.00          0          1          0
zram0             0.00         0.00         0.00         0.00          0          0          0


avg-cpu:  %user   %nice %system %iowait  %steal   %idle
          23.11    0.00    3.39    0.00    0.00   73.50

Device             tps    MB_read/s    MB_wrtn/s    MB_dscd/s    MB_read    MB_wrtn    MB_dscd
nvme0n1           4.48         0.05         0.02         0.00          0          0          0
zram0             0.00         0.00         0.00         0.00          0          0          0


avg-cpu:  %user   %nice %system %iowait  %steal   %idle
          23.03    0.00    2.81    0.00    0.00   74.17

Device             tps    MB_read/s    MB_wrtn/s    MB_dscd/s    MB_read    MB_wrtn    MB_dscd
nvme0n1           3.48         0.00         0.10         0.00          0          0          0
zram0             0.00         0.00         0.00         0.00          0          0          0


avg-cpu:  %user   %nice %system %iowait  %steal   %idle
          22.15    0.00    3.81    0.00    0.00   74.04

Device             tps    MB_read/s    MB_wrtn/s    MB_dscd/s    MB_read    MB_wrtn    MB_dscd
nvme0n1         154.23         0.00         0.72         0.00          0          1          0
zram0             0.00         0.00         0.00         0.00          0          0          0


avg-cpu:  %user   %nice %system %iowait  %steal   %idle
          23.21    0.00    3.38    0.00    0.00   73.40

Device             tps    MB_read/s    MB_wrtn/s    MB_dscd/s    MB_read    MB_wrtn    MB_dscd
nvme0n1           7.96         0.00         0.08         0.00          0          0          0
zram0             0.00         0.00         0.00         0.00          0          0          0


avg-cpu:  %user   %nice %system %iowait  %steal   %idle
          23.44    0.00    2.61    0.00    0.00   73.95

Device             tps    MB_read/s    MB_wrtn/s    MB_dscd/s    MB_read    MB_wrtn    MB_dscd
nvme0n1         143.78         0.05         0.66         0.00          0          1          0
zram0             0.00         0.00         0.00         0.00          0          0          0


avg-cpu:  %user   %nice %system %iowait  %steal   %idle
          23.36    0.00    2.68    0.01    0.00   73.95

Device             tps    MB_read/s    MB_wrtn/s    MB_dscd/s    MB_read    MB_wrtn    MB_dscd
nvme0n1           7.96         0.06         0.11         0.00          0          0          0
zram0             0.00         0.00         0.00         0.00          0          0          0


avg-cpu:  %user   %nice %system %iowait  %steal   %idle
          23.24    0.00    3.35    0.00    0.00   73.40

Device             tps    MB_read/s    MB_wrtn/s    MB_dscd/s    MB_read    MB_wrtn    MB_dscd
nvme0n1           1.49         0.00         0.01         0.00          0          0          0
zram0             0.00         0.00         0.00         0.00          0          0          0


avg-cpu:  %user   %nice %system %iowait  %steal   %idle
          23.18    0.00    3.15    0.00    0.00   73.67

Device             tps    MB_read/s    MB_wrtn/s    MB_dscd/s    MB_read    MB_wrtn    MB_dscd
nvme0n1         157.71         0.00         0.78         0.00          0          1          0
zram0             0.00         0.00         0.00         0.00          0          0          0


avg-cpu:  %user   %nice %system %iowait  %steal   %idle
          23.04    0.00    3.09    0.00    0.00   73.87

Device             tps    MB_read/s    MB_wrtn/s    MB_dscd/s    MB_read    MB_wrtn    MB_dscd
nvme0n1          14.93         0.02         0.10         0.00          0          0          0
zram0             0.00         0.00         0.00         0.00          0          0          0


avg-cpu:  %user   %nice %system %iowait  %steal   %idle
          21.75    0.00    4.89    0.00    0.00   73.36

Device             tps    MB_read/s    MB_wrtn/s    MB_dscd/s    MB_read    MB_wrtn    MB_dscd
nvme0n1           2.49         0.00         0.01         0.00          0          0          0
zram0             0.00         0.00         0.00         0.00          0          0          0


avg-cpu:  %user   %nice %system %iowait  %steal   %idle
          20.64    0.00    5.54    0.00    0.00   73.82

Device             tps    MB_read/s    MB_wrtn/s    MB_dscd/s    MB_read    MB_wrtn    MB_dscd
nvme0n1         207.96         0.00         1.03         0.00          0          2          0
zram0             0.00         0.00         0.00         0.00          0          0          0


avg-cpu:  %user   %nice %system %iowait  %steal   %idle
          23.15    0.00    2.71    0.00    0.00   74.14

Device             tps    MB_read/s    MB_wrtn/s    MB_dscd/s    MB_read    MB_wrtn    MB_dscd
nvme0n1           1.49         0.00         0.01         0.00          0          0          0
zram0             0.00         0.00         0.00         0.00          0          0          0


avg-cpu:  %user   %nice %system %iowait  %steal   %idle
          23.12    0.00    3.35    0.00    0.00   73.53

Device             tps    MB_read/s    MB_wrtn/s    MB_dscd/s    MB_read    MB_wrtn    MB_dscd
nvme0n1         153.73         0.00         0.79         0.00          0          1          0
zram0             0.00         0.00         0.00         0.00          0          0          0


avg-cpu:  %user   %nice %system %iowait  %steal   %idle
          22.89    0.00    3.09    0.00    0.00   74.03

Device             tps    MB_read/s    MB_wrtn/s    MB_dscd/s    MB_read    MB_wrtn    MB_dscd
nvme0n1           4.48         0.00         0.02         0.00          0          0          0
zram0             0.00         0.00         0.00         0.00          0          0          0


avg-cpu:  %user   %nice %system %iowait  %steal   %idle
          23.01    0.00    3.42    0.00    0.00   73.57

Device             tps    MB_read/s    MB_wrtn/s    MB_dscd/s    MB_read    MB_wrtn    MB_dscd
nvme0n1           1.00         0.00         0.00         0.00          0          0          0
zram0             0.00         0.00         0.00         0.00          0          0          0


avg-cpu:  %user   %nice %system %iowait  %steal   %idle
          23.04    0.00    3.34    0.00    0.00   73.61

Device             tps    MB_read/s    MB_wrtn/s    MB_dscd/s    MB_read    MB_wrtn    MB_dscd
nvme0n1         155.72         0.01         0.78         0.00          0          1          0
zram0             0.00         0.00         0.00         0.00          0          0          0


avg-cpu:  %user   %nice %system %iowait  %steal   %idle
          23.11    0.00    2.95    0.00    0.00   73.94

Device             tps    MB_read/s    MB_wrtn/s    MB_dscd/s    MB_read    MB_wrtn    MB_dscd
nvme0n1           6.47         0.06         0.09         0.00          0          0          0
zram0             0.00         0.00         0.00         0.00          0          0          0


avg-cpu:  %user   %nice %system %iowait  %steal   %idle
          24.14    0.00    2.63    0.00    0.00   73.24

Device             tps    MB_read/s    MB_wrtn/s    MB_dscd/s    MB_read    MB_wrtn    MB_dscd
nvme0n1           3.48         0.00         0.06         0.00          0          0          0
zram0             0.00         0.00         0.00         0.00          0          0          0


avg-cpu:  %user   %nice %system %iowait  %steal   %idle
          23.07    0.00    2.84    0.00    0.00   74.10

Device             tps    MB_read/s    MB_wrtn/s    MB_dscd/s    MB_read    MB_wrtn    MB_dscd
nvme0n1         173.63         0.00         0.86         0.00          0          1          0
zram0             0.00         0.00         0.00         0.00          0          0          0


avg-cpu:  %user   %nice %system %iowait  %steal   %idle
          23.26    0.00    2.59    0.00    0.00   74.15

Device             tps    MB_read/s    MB_wrtn/s    MB_dscd/s    MB_read    MB_wrtn    MB_dscd
nvme0n1           8.46         0.01         0.07         0.00          0          0          0
zram0             0.00         0.00         0.00         0.00          0          0          0


avg-cpu:  %user   %nice %system %iowait  %steal   %idle
          23.13    0.00    3.46    0.00    0.00   73.41

Device             tps    MB_read/s    MB_wrtn/s    MB_dscd/s    MB_read    MB_wrtn    MB_dscd
nvme0n1         151.24         0.00         0.71         0.00          0          1          0
zram0             0.00         0.00         0.00         0.00          0          0          0


avg-cpu:  %user   %nice %system %iowait  %steal   %idle
          22.97    0.00    3.18    0.00    0.00   73.85

Device             tps    MB_read/s    MB_wrtn/s    MB_dscd/s    MB_read    MB_wrtn    MB_dscd
nvme0n1           8.96         0.00         0.10         0.00          0          0          0
zram0             0.00         0.00         0.00         0.00          0          0          0


avg-cpu:  %user   %nice %system %iowait  %steal   %idle
          23.44    0.00    2.89    0.00    0.00   73.67

Device             tps    MB_read/s    MB_wrtn/s    MB_dscd/s    MB_read    MB_wrtn    MB_dscd
nvme0n1           1.49         0.00         0.01         0.00          0          0          0
zram0             0.00         0.00         0.00         0.00          0          0          0


avg-cpu:  %user   %nice %system %iowait  %steal   %idle
          23.27    0.00    3.48    0.00    0.00   73.26

Device             tps    MB_read/s    MB_wrtn/s    MB_dscd/s    MB_read    MB_wrtn    MB_dscd
nvme0n1         160.70         0.00         0.76         0.00          0          1          0
zram0             0.00         0.00         0.00         0.00          0          0          0


avg-cpu:  %user   %nice %system %iowait  %steal   %idle
          23.34    0.00    2.92    0.00    0.00   73.74

Device             tps    MB_read/s    MB_wrtn/s    MB_dscd/s    MB_read    MB_wrtn    MB_dscd
nvme0n1          10.45         0.00         0.09         0.00          0          0          0
zram0             0.00         0.00         0.00         0.00          0          0          0


avg-cpu:  %user   %nice %system %iowait  %steal   %idle
          23.38    0.00    2.92    0.00    0.00   73.71

Device             tps    MB_read/s    MB_wrtn/s    MB_dscd/s    MB_read    MB_wrtn    MB_dscd
nvme0n1         132.84         0.00         0.62         0.00          0          1          0
zram0             0.00         0.00         0.00         0.00          0          0          0


avg-cpu:  %user   %nice %system %iowait  %steal   %idle
          22.74    0.00    3.97    0.00    0.00   73.28

Device             tps    MB_read/s    MB_wrtn/s    MB_dscd/s    MB_read    MB_wrtn    MB_dscd
nvme0n1           6.97         0.00         0.08         0.00          0          0          0
zram0             0.00         0.00         0.00         0.00          0          0          0


avg-cpu:  %user   %nice %system %iowait  %steal   %idle
          23.13    0.00    2.83    0.00    0.00   74.04

Device             tps    MB_read/s    MB_wrtn/s    MB_dscd/s    MB_read    MB_wrtn    MB_dscd
nvme0n1           1.00         0.00         0.00         0.00          0          0          0
zram0             0.00         0.00         0.00         0.00          0          0          0


avg-cpu:  %user   %nice %system %iowait  %steal   %idle
          23.12    0.00    2.88    0.00    0.00   73.99

Device             tps    MB_read/s    MB_wrtn/s    MB_dscd/s    MB_read    MB_wrtn    MB_dscd
nvme0n1         188.06         0.00         0.94         0.00          0          1          0
zram0             0.00         0.00         0.00         0.00          0          0          0


avg-cpu:  %user   %nice %system %iowait  %steal   %idle
          23.01    0.00    3.62    0.00    0.00   73.37

Device             tps    MB_read/s    MB_wrtn/s    MB_dscd/s    MB_read    MB_wrtn    MB_dscd
nvme0n1           1.49         0.00         0.01         0.00          0          0          0
zram0             0.00         0.00         0.00         0.00          0          0          0


avg-cpu:  %user   %nice %system %iowait  %steal   %idle
          23.17    0.00    3.11    0.00    0.00   73.73

Device             tps    MB_read/s    MB_wrtn/s    MB_dscd/s    MB_read    MB_wrtn    MB_dscd
nvme0n1           3.48         0.00         0.05         0.00          0          0          0
zram0             0.00         0.00         0.00         0.00          0          0          0


avg-cpu:  %user   %nice %system %iowait  %steal   %idle
          23.07    0.00    3.30    0.00    0.00   73.63

Device             tps    MB_read/s    MB_wrtn/s    MB_dscd/s    MB_read    MB_wrtn    MB_dscd
nvme0n1         164.68         0.00         0.84         0.00          0          1          0
zram0             0.00         0.00         0.00         0.00          0          0          0


avg-cpu:  %user   %nice %system %iowait  %steal   %idle
          23.37    0.00    2.75    0.00    0.00   73.88

Device             tps    MB_read/s    MB_wrtn/s    MB_dscd/s    MB_read    MB_wrtn    MB_dscd
nvme0n1           1.49         0.00         0.01         0.00          0          0          0
zram0             0.00         0.00         0.00         0.00          0          0          0


avg-cpu:  %user   %nice %system %iowait  %steal   %idle
          23.49    0.00    2.03    0.00    0.00   74.48

Device             tps    MB_read/s    MB_wrtn/s    MB_dscd/s    MB_read    MB_wrtn    MB_dscd
nvme0n1         180.10         0.00         0.89         0.00          0          1          0
zram0             0.00         0.00         0.00         0.00          0          0          0


avg-cpu:  %user   %nice %system %iowait  %steal   %idle
          23.21    0.00    3.42    0.00    0.00   73.37

Device             tps    MB_read/s    MB_wrtn/s    MB_dscd/s    MB_read    MB_wrtn    MB_dscd
nvme0n1           2.99         0.00         0.02         0.00          0          0          0
zram0             0.00         0.00         0.00         0.00          0          0          0


avg-cpu:  %user   %nice %system %iowait  %steal   %idle
          23.30    0.00    2.89    0.00    0.00   73.81

Device             tps    MB_read/s    MB_wrtn/s    MB_dscd/s    MB_read    MB_wrtn    MB_dscd
nvme0n1           3.98         0.00         0.05         0.00          0          0          0
zram0             0.00         0.00         0.00         0.00          0          0          0


avg-cpu:  %user   %nice %system %iowait  %steal   %idle
          23.10    0.00    3.26    0.00    0.00   73.65

Device             tps    MB_read/s    MB_wrtn/s    MB_dscd/s    MB_read    MB_wrtn    MB_dscd
nvme0n1         163.68         0.00         0.80         0.00          0          1          0
zram0             0.00         0.00         0.00         0.00          0          0          0


avg-cpu:  %user   %nice %system %iowait  %steal   %idle
          22.74    0.00    3.82    0.00    0.00   73.44

Device             tps    MB_read/s    MB_wrtn/s    MB_dscd/s    MB_read    MB_wrtn    MB_dscd
nvme0n1           7.96         0.00         0.10         0.00          0          0          0
zram0             0.00         0.00         0.00         0.00          0          0          0


avg-cpu:  %user   %nice %system %iowait  %steal   %idle
          22.89    0.00    3.33    0.00    0.00   73.78

Device             tps    MB_read/s    MB_wrtn/s    MB_dscd/s    MB_read    MB_wrtn    MB_dscd
nvme0n1         109.45         0.00         0.52         0.00          0          1          0
zram0             0.00         0.00         0.00         0.00          0          0          0


avg-cpu:  %user   %nice %system %iowait  %steal   %idle
          22.96    0.00    2.84    0.00    0.00   74.19

Device             tps    MB_read/s    MB_wrtn/s    MB_dscd/s    MB_read    MB_wrtn    MB_dscd
nvme0n1          50.75         0.00         0.31         0.00          0          0          0
zram0             0.00         0.00         0.00         0.00          0          0          0


avg-cpu:  %user   %nice %system %iowait  %steal   %idle
          23.18    0.00    3.58    0.00    0.00   73.24

Device             tps    MB_read/s    MB_wrtn/s    MB_dscd/s    MB_read    MB_wrtn    MB_dscd
nvme0n1           5.97         0.00         0.03         0.00          0          0          0
zram0             0.00         0.00         0.00         0.00          0          0          0


avg-cpu:  %user   %nice %system %iowait  %steal   %idle
          24.01    0.00    2.16    0.00    0.00   73.83

Device             tps    MB_read/s    MB_wrtn/s    MB_dscd/s    MB_read    MB_wrtn    MB_dscd
nvme0n1         186.57         0.00         0.91         0.00          0          1          0
zram0             0.00         0.00         0.00         0.00          0          0          0


avg-cpu:  %user   %nice %system %iowait  %steal   %idle
          23.13    0.00    3.10    0.00    0.00   73.76

Device             tps    MB_read/s    MB_wrtn/s    MB_dscd/s    MB_read    MB_wrtn    MB_dscd
nvme0n1           3.98         0.00         0.02         0.00          0          0          0
zram0             0.00         0.00         0.00         0.00          0          0          0


avg-cpu:  %user   %nice %system %iowait  %steal   %idle
          22.87    0.00    3.67    0.00    0.00   73.46

Device             tps    MB_read/s    MB_wrtn/s    MB_dscd/s    MB_read    MB_wrtn    MB_dscd
nvme0n1           3.48         0.00         0.05         0.00          0          0          0
zram0             0.00         0.00         0.00         0.00          0          0          0


avg-cpu:  %user   %nice %system %iowait  %steal   %idle
          23.15    0.00    2.80    0.01    0.00   74.05

Device             tps    MB_read/s    MB_wrtn/s    MB_dscd/s    MB_read    MB_wrtn    MB_dscd
nvme0n1         169.65         0.00         0.80         0.00          0          1          0
zram0             0.00         0.00         0.00         0.00          0          0          0


avg-cpu:  %user   %nice %system %iowait  %steal   %idle
          23.38    0.00    3.12    0.00    0.00   73.50

Device             tps    MB_read/s    MB_wrtn/s    MB_dscd/s    MB_read    MB_wrtn    MB_dscd
nvme0n1           6.97         0.00         0.10         0.00          0          0          0
zram0             0.00         0.00         0.00         0.00          0          0          0


avg-cpu:  %user   %nice %system %iowait  %steal   %idle
          23.16    0.00    3.58    0.00    0.00   73.27

Device             tps    MB_read/s    MB_wrtn/s    MB_dscd/s    MB_read    MB_wrtn    MB_dscd
nvme0n1         170.15         0.00         0.85         0.00          0          1          0
zram0             0.00         0.00         0.00         0.00          0          0          0


avg-cpu:  %user   %nice %system %iowait  %steal   %idle
          22.92    0.00    2.94    0.00    0.00   74.14

Device             tps    MB_read/s    MB_wrtn/s    MB_dscd/s    MB_read    MB_wrtn    MB_dscd
nvme0n1           3.98         0.00         0.07         0.00          0          0          0
zram0             0.00         0.00         0.00         0.00          0          0          0


avg-cpu:  %user   %nice %system %iowait  %steal   %idle
          23.54    0.00    3.08    0.00    0.00   73.39

Device             tps    MB_read/s    MB_wrtn/s    MB_dscd/s    MB_read    MB_wrtn    MB_dscd
nvme0n1           4.48         0.04         0.02         0.00          0          0          0
zram0             0.00         0.00         0.00         0.00          0          0          0


avg-cpu:  %user   %nice %system %iowait  %steal   %idle
          23.87    0.00    2.37    0.00    0.00   73.76

Device             tps    MB_read/s    MB_wrtn/s    MB_dscd/s    MB_read    MB_wrtn    MB_dscd
nvme0n1         154.23         0.00         0.76         0.00          0          1          0
zram0             0.00         0.00         0.00         0.00          0          0          0


avg-cpu:  %user   %nice %system %iowait  %steal   %idle
          22.89    0.00    2.95    0.00    0.00   74.15

Device             tps    MB_read/s    MB_wrtn/s    MB_dscd/s    MB_read    MB_wrtn    MB_dscd
nvme0n1          11.44         0.00         0.05         0.00          0          0          0
zram0             0.00         0.00         0.00         0.00          0          0          0


avg-cpu:  %user   %nice %system %iowait  %steal   %idle
          23.18    0.00    3.38    0.00    0.00   73.44

Device             tps    MB_read/s    MB_wrtn/s    MB_dscd/s    MB_read    MB_wrtn    MB_dscd
nvme0n1           1.49         0.00         0.01         0.00          0          0          0
zram0             0.00         0.00         0.00         0.00          0          0          0


avg-cpu:  %user   %nice %system %iowait  %steal   %idle
          23.14    0.00    3.53    0.00    0.00   73.33

Device             tps    MB_read/s    MB_wrtn/s    MB_dscd/s    MB_read    MB_wrtn    MB_dscd
nvme0n1         142.29         0.00         0.69         0.00          0          1          0
zram0             0.00         0.00         0.00         0.00          0          0          0


avg-cpu:  %user   %nice %system %iowait  %steal   %idle
          19.94    0.00    3.40    0.00    0.00   76.66

Device             tps    MB_read/s    MB_wrtn/s    MB_dscd/s    MB_read    MB_wrtn    MB_dscd
nvme0n1           3.48         0.00         0.04         0.00          0          0          0
zram0             0.00         0.00         0.00         0.00          0          0          0


avg-cpu:  %user   %nice %system %iowait  %steal   %idle
          22.73    0.00    3.93    0.00    0.00   73.34

Device             tps    MB_read/s    MB_wrtn/s    MB_dscd/s    MB_read    MB_wrtn    MB_dscd
nvme0n1         189.05         0.00         0.99         0.00          0          1          0
zram0             0.00         0.00         0.00         0.00          0          0          0


avg-cpu:  %user   %nice %system %iowait  %steal   %idle
          22.81    0.00    3.06    0.00    0.00   74.13

Device             tps    MB_read/s    MB_wrtn/s    MB_dscd/s    MB_read    MB_wrtn    MB_dscd
nvme0n1           2.49         0.00         0.02         0.00          0          0          0
zram0             0.00         0.00         0.00         0.00          0          0          0


avg-cpu:  %user   %nice %system %iowait  %steal   %idle
          22.88    0.00    2.97    0.00    0.00   74.15

Device             tps    MB_read/s    MB_wrtn/s    MB_dscd/s    MB_read    MB_wrtn    MB_dscd
nvme0n1           7.46         0.06         0.08         0.00          0          0          0
zram0             0.00         0.00         0.00         0.00          0          0          0


avg-cpu:  %user   %nice %system %iowait  %steal   %idle
          23.42    0.00    3.05    0.00    0.00   73.53

Device             tps    MB_read/s    MB_wrtn/s    MB_dscd/s    MB_read    MB_wrtn    MB_dscd
nvme0n1         160.70         0.00         0.77         0.00          0          1          0
zram0             0.00         0.00         0.00         0.00          0          0          0


avg-cpu:  %user   %nice %system %iowait  %steal   %idle
          21.39    0.00    3.79    0.00    0.00   74.82

Device             tps    MB_read/s    MB_wrtn/s    MB_dscd/s    MB_read    MB_wrtn    MB_dscd
nvme0n1           3.98         0.00         0.06         0.00          0          0          0
zram0             0.00         0.00         0.00         0.00          0          0          0


avg-cpu:  %user   %nice %system %iowait  %steal   %idle
          21.88    0.00    4.36    0.00    0.00   73.76

Device             tps    MB_read/s    MB_wrtn/s    MB_dscd/s    MB_read    MB_wrtn    MB_dscd
nvme0n1         170.65         0.00         0.77         0.00          0          1          0
zram0             0.00         0.00         0.00         0.00          0          0          0


avg-cpu:  %user   %nice %system %iowait  %steal   %idle
          22.17    0.00    4.34    0.00    0.00   73.49

Device             tps    MB_read/s    MB_wrtn/s    MB_dscd/s    MB_read    MB_wrtn    MB_dscd
nvme0n1           3.48         0.00         0.06         0.00          0          0          0
zram0             0.00         0.00         0.00         0.00          0          0          0


avg-cpu:  %user   %nice %system %iowait  %steal   %idle
          23.02    0.00    3.30    0.00    0.00   73.68

Device             tps    MB_read/s    MB_wrtn/s    MB_dscd/s    MB_read    MB_wrtn    MB_dscd
nvme0n1           5.97         0.00         0.04         0.00          0          0          0
zram0             0.00         0.00         0.00         0.00          0          0          0


avg-cpu:  %user   %nice %system %iowait  %steal   %idle
          22.95    0.00    3.45    0.00    0.00   73.60

Device             tps    MB_read/s    MB_wrtn/s    MB_dscd/s    MB_read    MB_wrtn    MB_dscd
nvme0n1         173.63         0.00         0.85         0.00          0          1          0
zram0             0.00         0.00         0.00         0.00          0          0          0


avg-cpu:  %user   %nice %system %iowait  %steal   %idle
          22.75    0.00    3.39    0.00    0.00   73.86

Device             tps    MB_read/s    MB_wrtn/s    MB_dscd/s    MB_read    MB_wrtn    MB_dscd
nvme0n1           3.98         0.00         0.02         0.00          0          0          0
zram0             0.00         0.00         0.00         0.00          0          0          0


avg-cpu:  %user   %nice %system %iowait  %steal   %idle
          22.82    0.00    3.24    0.00    0.00   73.94

Device             tps    MB_read/s    MB_wrtn/s    MB_dscd/s    MB_read    MB_wrtn    MB_dscd
nvme0n1           4.48         0.00         0.08         0.00          0          0          0
zram0             0.00         0.00         0.00         0.00          0          0          0


avg-cpu:  %user   %nice %system %iowait  %steal   %idle
          24.00    0.00    2.77    0.01    0.00   73.21

Device             tps    MB_read/s    MB_wrtn/s    MB_dscd/s    MB_read    MB_wrtn    MB_dscd
nvme0n1         136.82         0.05         0.68         0.00          0          1          0
zram0             0.00         0.00         0.00         0.00          0          0          0


avg-cpu:  %user   %nice %system %iowait  %steal   %idle
          22.50    0.00    3.36    0.00    0.00   74.14

Device             tps    MB_read/s    MB_wrtn/s    MB_dscd/s    MB_read    MB_wrtn    MB_dscd
nvme0n1           1.49         0.00         0.01         0.00          0          0          0
zram0             0.00         0.00         0.00         0.00          0          0          0


avg-cpu:  %user   %nice %system %iowait  %steal   %idle
          22.54    0.00    3.36    0.00    0.00   74.10

Device             tps    MB_read/s    MB_wrtn/s    MB_dscd/s    MB_read    MB_wrtn    MB_dscd
nvme0n1         159.20         0.00         0.75         0.00          0          1          0
zram0             0.00         0.00         0.00         0.00          0          0          0


avg-cpu:  %user   %nice %system %iowait  %steal   %idle
          22.26    0.00    4.15    0.00    0.00   73.59

Device             tps    MB_read/s    MB_wrtn/s    MB_dscd/s    MB_read    MB_wrtn    MB_dscd
nvme0n1           2.49         0.00         0.05         0.00          0          0          0
zram0             0.00         0.00         0.00         0.00          0          0          0


avg-cpu:  %user   %nice %system %iowait  %steal   %idle
          21.59    0.00    4.60    0.00    0.00   73.80

Device             tps    MB_read/s    MB_wrtn/s    MB_dscd/s    MB_read    MB_wrtn    MB_dscd
nvme0n1           4.98         0.00         0.05         0.00          0          0          0
zram0             0.00         0.00         0.00         0.00          0          0          0


avg-cpu:  %user   %nice %system %iowait  %steal   %idle
          22.60    0.00    3.54    0.00    0.00   73.86

Device             tps    MB_read/s    MB_wrtn/s    MB_dscd/s    MB_read    MB_wrtn    MB_dscd
nvme0n1         157.21         0.00         0.80         0.00          0          1          0
zram0             0.00         0.00         0.00         0.00          0          0          0


avg-cpu:  %user   %nice %system %iowait  %steal   %idle
          23.04    0.00    3.71    0.00    0.00   73.26

Device             tps    MB_read/s    MB_wrtn/s    MB_dscd/s    MB_read    MB_wrtn    MB_dscd
nvme0n1           1.99         0.00         0.01         0.00          0          0          0
zram0             0.00         0.00         0.00         0.00          0          0          0


avg-cpu:  %user   %nice %system %iowait  %steal   %idle
          23.06    0.00    3.26    0.00    0.00   73.67

Device             tps    MB_read/s    MB_wrtn/s    MB_dscd/s    MB_read    MB_wrtn    MB_dscd
nvme0n1         168.16         0.00         0.85         0.00          0          1          0
zram0             0.00         0.00         0.00         0.00          0          0          0


avg-cpu:  %user   %nice %system %iowait  %steal   %idle
          23.06    0.00    3.31    0.00    0.00   73.62

Device             tps    MB_read/s    MB_wrtn/s    MB_dscd/s    MB_read    MB_wrtn    MB_dscd
nvme0n1           1.49         0.00         0.01         0.00          0          0          0
zram0             0.00         0.00         0.00         0.00          0          0          0


avg-cpu:  %user   %nice %system %iowait  %steal   %idle
          23.22    0.00    3.40    0.01    0.00   73.37

Device             tps    MB_read/s    MB_wrtn/s    MB_dscd/s    MB_read    MB_wrtn    MB_dscd
nvme0n1           5.97         0.00         0.06         0.00          0          0          0
zram0             0.00         0.00         0.00         0.00          0          0          0


avg-cpu:  %user   %nice %system %iowait  %steal   %idle
          22.91    0.00    3.19    0.00    0.00   73.90

Device             tps    MB_read/s    MB_wrtn/s    MB_dscd/s    MB_read    MB_wrtn    MB_dscd
nvme0n1         153.23         0.05         0.73         0.00          0          1          0
zram0             0.00         0.00         0.00         0.00          0          0          0


avg-cpu:  %user   %nice %system %iowait  %steal   %idle
          22.74    0.00    3.51    0.00    0.00   73.75

Device             tps    MB_read/s    MB_wrtn/s    MB_dscd/s    MB_read    MB_wrtn    MB_dscd
nvme0n1           3.48         0.00         0.06         0.00          0          0          0
zram0             0.00         0.00         0.00         0.00          0          0          0


avg-cpu:  %user   %nice %system %iowait  %steal   %idle
          23.12    0.00    2.97    0.00    0.00   73.91

Device             tps    MB_read/s    MB_wrtn/s    MB_dscd/s    MB_read    MB_wrtn    MB_dscd
nvme0n1           5.47         0.00         0.05         0.00          0          0          0
zram0             0.00         0.00         0.00         0.00          0          0          0


avg-cpu:  %user   %nice %system %iowait  %steal   %idle
          22.98    0.00    3.37    0.00    0.00   73.66

Device             tps    MB_read/s    MB_wrtn/s    MB_dscd/s    MB_read    MB_wrtn    MB_dscd
nvme0n1         199.00         0.00         0.96         0.00          0          1          0
zram0             0.00         0.00         0.00         0.00          0          0          0


avg-cpu:  %user   %nice %system %iowait  %steal   %idle
          21.57    0.00    5.52    0.00    0.00   72.91

Device             tps    MB_read/s    MB_wrtn/s    MB_dscd/s    MB_read    MB_wrtn    MB_dscd
nvme0n1           4.98         0.00         0.02         0.00          0          0          0
zram0             0.00         0.00         0.00         0.00          0          0          0


avg-cpu:  %user   %nice %system %iowait  %steal   %idle
          20.54    0.00    5.66    0.00    0.00   73.80

Device             tps    MB_read/s    MB_wrtn/s    MB_dscd/s    MB_read    MB_wrtn    MB_dscd
nvme0n1         153.73         0.00         0.74         0.00          0          1          0
zram0             0.00         0.00         0.00         0.00          0          0          0


avg-cpu:  %user   %nice %system %iowait  %steal   %idle
          21.11    0.00    5.01    0.00    0.00   73.88

Device             tps    MB_read/s    MB_wrtn/s    MB_dscd/s    MB_read    MB_wrtn    MB_dscd
nvme0n1           3.48         0.00         0.13         0.00          0          0          0
zram0             0.00         0.00         0.00         0.00          0          0          0


avg-cpu:  %user   %nice %system %iowait  %steal   %idle
          23.50    0.00    3.19    0.00    0.00   73.32

Device             tps    MB_read/s    MB_wrtn/s    MB_dscd/s    MB_read    MB_wrtn    MB_dscd
nvme0n1           1.49         0.00         0.02         0.00          0          0          0
zram0             0.00         0.00         0.00         0.00          0          0          0


avg-cpu:  %user   %nice %system %iowait  %steal   %idle
          23.47    0.00    2.53    0.00    0.00   73.99

Device             tps    MB_read/s    MB_wrtn/s    MB_dscd/s    MB_read    MB_wrtn    MB_dscd
nvme0n1         164.68         0.00         0.84         0.00          0          1          0
zram0             0.00         0.00         0.00         0.00          0          0          0


avg-cpu:  %user   %nice %system %iowait  %steal   %idle
          22.75    0.00    3.37    0.00    0.00   73.88

Device             tps    MB_read/s    MB_wrtn/s    MB_dscd/s    MB_read    MB_wrtn    MB_dscd
nvme0n1           1.49         0.00         0.01         0.00          0          0          0
zram0             0.00         0.00         0.00         0.00          0          0          0


avg-cpu:  %user   %nice %system %iowait  %steal   %idle
          22.78    0.00    3.30    0.00    0.00   73.93

Device             tps    MB_read/s    MB_wrtn/s    MB_dscd/s    MB_read    MB_wrtn    MB_dscd
nvme0n1          83.58         0.00         0.46         0.00          0          0          0
zram0             0.00         0.00         0.00         0.00          0          0          0


avg-cpu:  %user   %nice %system %iowait  %steal   %idle
          23.02    0.00    3.29    0.00    0.00   73.69

Device             tps    MB_read/s    MB_wrtn/s    MB_dscd/s    MB_read    MB_wrtn    MB_dscd
nvme0n1          69.15         0.00         0.38         0.00          0          0          0
zram0             0.00         0.00         0.00         0.00          0          0          0


avg-cpu:  %user   %nice %system %iowait  %steal   %idle
          22.76    0.00    3.19    0.00    0.00   74.06

Device             tps    MB_read/s    MB_wrtn/s    MB_dscd/s    MB_read    MB_wrtn    MB_dscd
nvme0n1           1.99         0.02         0.01         0.00          0          0          0
zram0             0.00         0.00         0.00         0.00          0          0          0


avg-cpu:  %user   %nice %system %iowait  %steal   %idle
          22.84    0.00    3.79    0.00    0.00   73.37

Device             tps    MB_read/s    MB_wrtn/s    MB_dscd/s    MB_read    MB_wrtn    MB_dscd
nvme0n1         168.66         0.00         0.87         0.00          0          1          0
zram0             0.00         0.00         0.00         0.00          0          0          0


avg-cpu:  %user   %nice %system %iowait  %steal   %idle
          21.87    0.00    4.39    0.00    0.00   73.74

Device             tps    MB_read/s    MB_wrtn/s    MB_dscd/s    MB_read    MB_wrtn    MB_dscd
nvme0n1           1.49         0.00         0.01         0.00          0          0          0
zram0             0.00         0.00         0.00         0.00          0          0          0


avg-cpu:  %user   %nice %system %iowait  %steal   %idle
          21.42    0.00    4.83    0.00    0.00   73.76

Device             tps    MB_read/s    MB_wrtn/s    MB_dscd/s    MB_read    MB_wrtn    MB_dscd
nvme0n1           4.48         0.00         0.07         0.00          0          0          0
zram0             0.00         0.00         0.00         0.00          0          0          0


avg-cpu:  %user   %nice %system %iowait  %steal   %idle
          23.45    0.00    2.90    0.00    0.00   73.65

Device             tps    MB_read/s    MB_wrtn/s    MB_dscd/s    MB_read    MB_wrtn    MB_dscd
nvme0n1         170.65         0.00         0.79         0.00          0          1          0
zram0             0.00         0.00         0.00         0.00          0          0          0


avg-cpu:  %user   %nice %system %iowait  %steal   %idle
          23.31    0.00    2.73    0.00    0.00   73.96

Device             tps    MB_read/s    MB_wrtn/s    MB_dscd/s    MB_read    MB_wrtn    MB_dscd
nvme0n1           6.97         0.00         0.06         0.00          0          0          0
zram0             0.00         0.00         0.00         0.00          0          0          0


avg-cpu:  %user   %nice %system %iowait  %steal   %idle
          22.82    0.00    3.57    0.00    0.00   73.61

Device             tps    MB_read/s    MB_wrtn/s    MB_dscd/s    MB_read    MB_wrtn    MB_dscd
nvme0n1         140.30         0.00         0.65         0.00          0          1          0
zram0             0.00         0.00         0.00         0.00          0          0          0


avg-cpu:  %user   %nice %system %iowait  %steal   %idle
          22.77    0.00    3.36    0.00    0.00   73.87

Device             tps    MB_read/s    MB_wrtn/s    MB_dscd/s    MB_read    MB_wrtn    MB_dscd
nvme0n1           1.49         0.00         0.01         0.00          0          0          0
zram0             0.00         0.00         0.00         0.00          0          0          0


avg-cpu:  %user   %nice %system %iowait  %steal   %idle
          22.99    0.00    3.42    0.00    0.00   73.59

Device             tps    MB_read/s    MB_wrtn/s    MB_dscd/s    MB_read    MB_wrtn    MB_dscd
nvme0n1           4.48         0.00         0.07         0.00          0          0          0
zram0             0.00         0.00         0.00         0.00          0          0          0


avg-cpu:  %user   %nice %system %iowait  %steal   %idle
          22.91    0.00    3.95    0.00    0.00   73.14

Device             tps    MB_read/s    MB_wrtn/s    MB_dscd/s    MB_read    MB_wrtn    MB_dscd
nvme0n1         181.09         0.06         0.87         0.00          0          1          0
zram0             0.00         0.00         0.00         0.00          0          0          0


avg-cpu:  %user   %nice %system %iowait  %steal   %idle
          22.97    0.00    3.16    0.00    0.00   73.87

Device             tps    MB_read/s    MB_wrtn/s    MB_dscd/s    MB_read    MB_wrtn    MB_dscd
nvme0n1           8.96         0.00         0.14         0.00          0          0          0
zram0             0.00         0.00         0.00         0.00          0          0          0


avg-cpu:  %user   %nice %system %iowait  %steal   %idle
          23.30    0.00    2.95    0.00    0.00   73.75

Device             tps    MB_read/s    MB_wrtn/s    MB_dscd/s    MB_read    MB_wrtn    MB_dscd
nvme0n1         145.27         0.00         0.69         0.00          0          1          0
zram0             0.00         0.00         0.00         0.00          0          0          0


avg-cpu:  %user   %nice %system %iowait  %steal   %idle
          22.26    0.00    4.09    0.00    0.00   73.65

Device             tps    MB_read/s    MB_wrtn/s    MB_dscd/s    MB_read    MB_wrtn    MB_dscd
nvme0n1           5.47         0.01         0.07         0.00          0          0          0
zram0             0.00         0.00         0.00         0.00          0          0          0


avg-cpu:  %user   %nice %system %iowait  %steal   %idle
          22.09    0.00    3.93    0.00    0.00   73.97

Device             tps    MB_read/s    MB_wrtn/s    MB_dscd/s    MB_read    MB_wrtn    MB_dscd
nvme0n1           1.49         0.00         0.01         0.00          0          0          0
zram0             0.00         0.00         0.00         0.00          0          0          0


avg-cpu:  %user   %nice %system %iowait  %steal   %idle
          22.54    0.00    3.65    0.00    0.00   73.80

Device             tps    MB_read/s    MB_wrtn/s    MB_dscd/s    MB_read    MB_wrtn    MB_dscd
nvme0n1         167.66         0.00         0.81         0.00          0          1          0
zram0             0.00         0.00         0.00         0.00          0          0          0


avg-cpu:  %user   %nice %system %iowait  %steal   %idle
          23.57    0.00    3.09    0.00    0.00   73.33

Device             tps    MB_read/s    MB_wrtn/s    MB_dscd/s    MB_read    MB_wrtn    MB_dscd
nvme0n1           9.45         0.00         0.10         0.00          0          0          0
zram0             0.00         0.00         0.00         0.00          0          0          0


avg-cpu:  %user   %nice %system %iowait  %steal   %idle
          23.07    0.00    3.12    0.00    0.00   73.81

Device             tps    MB_read/s    MB_wrtn/s    MB_dscd/s    MB_read    MB_wrtn    MB_dscd
nvme0n1           1.49         0.00         0.01         0.00          0          0          0
zram0             0.00         0.00         0.00         0.00          0          0          0


avg-cpu:  %user   %nice %system %iowait  %steal   %idle
          23.27    0.00    3.22    0.00    0.00   73.51

Device             tps    MB_read/s    MB_wrtn/s    MB_dscd/s    MB_read    MB_wrtn    MB_dscd
nvme0n1         196.02         0.00         0.98         0.00          0          1          0
zram0             0.00         0.00         0.00         0.00          0          0          0


avg-cpu:  %user   %nice %system %iowait  %steal   %idle
          23.19    0.00    3.63    0.00    0.00   73.18

Device             tps    MB_read/s    MB_wrtn/s    MB_dscd/s    MB_read    MB_wrtn    MB_dscd
nvme0n1           1.49         0.00         0.01         0.00          0          0          0
zram0             0.00         0.00         0.00         0.00          0          0          0


avg-cpu:  %user   %nice %system %iowait  %steal   %idle
          23.47    0.00    2.85    0.00    0.00   73.68

Device             tps    MB_read/s    MB_wrtn/s    MB_dscd/s    MB_read    MB_wrtn    MB_dscd
nvme0n1         156.72         0.00         0.75         0.00          0          1          0
zram0             0.00         0.00         0.00         0.00          0          0          0


avg-cpu:  %user   %nice %system %iowait  %steal   %idle
          22.03    0.00    4.80    0.00    0.00   73.17

Device             tps    MB_read/s    MB_wrtn/s    MB_dscd/s    MB_read    MB_wrtn    MB_dscd
nvme0n1           3.48         0.00         0.03         0.00          0          0          0
zram0             0.00         0.00         0.00         0.00          0          0          0


avg-cpu:  %user   %nice %system %iowait  %steal   %idle
          21.11    0.00    5.12    0.00    0.00   73.77

Device             tps    MB_read/s    MB_wrtn/s    MB_dscd/s    MB_read    MB_wrtn    MB_dscd
nvme0n1           2.99         0.00         0.05         0.00          0          0          0
zram0             0.00         0.00         0.00         0.00          0          0          0


avg-cpu:  %user   %nice %system %iowait  %steal   %idle
          22.40    0.00    3.68    0.00    0.00   73.92

Device             tps    MB_read/s    MB_wrtn/s    MB_dscd/s    MB_read    MB_wrtn    MB_dscd
nvme0n1         166.17         0.00         0.79         0.00          0          1          0
zram0             0.00         0.00         0.00         0.00          0          0          0


avg-cpu:  %user   %nice %system %iowait  %steal   %idle
          23.12    0.00    3.65    0.00    0.00   73.23

Device             tps    MB_read/s    MB_wrtn/s    MB_dscd/s    MB_read    MB_wrtn    MB_dscd
nvme0n1           1.00         0.00         0.00         0.00          0          0          0
zram0             0.00         0.00         0.00         0.00          0          0          0


avg-cpu:  %user   %nice %system %iowait  %steal   %idle
          23.24    0.00    2.88    0.00    0.00   73.88

Device             tps    MB_read/s    MB_wrtn/s    MB_dscd/s    MB_read    MB_wrtn    MB_dscd
nvme0n1         150.75         0.00         0.75         0.00          0          1          0
zram0             0.00         0.00         0.00         0.00          0          0          0


avg-cpu:  %user   %nice %system %iowait  %steal   %idle
          23.35    0.00    3.13    0.00    0.00   73.52

Device             tps    MB_read/s    MB_wrtn/s    MB_dscd/s    MB_read    MB_wrtn    MB_dscd
nvme0n1           4.98         0.00         0.05         0.00          0          0          0
zram0             0.00         0.00         0.00         0.00          0          0          0


avg-cpu:  %user   %nice %system %iowait  %steal   %idle
          23.08    0.00    3.93    0.00    0.00   72.98

Device             tps    MB_read/s    MB_wrtn/s    MB_dscd/s    MB_read    MB_wrtn    MB_dscd
nvme0n1           5.97         0.00         0.06         0.00          0          0          0
zram0             0.00         0.00         0.00         0.00          0          0          0


avg-cpu:  %user   %nice %system %iowait  %steal   %idle
          23.24    0.00    3.11    0.00    0.00   73.65

Device             tps    MB_read/s    MB_wrtn/s    MB_dscd/s    MB_read    MB_wrtn    MB_dscd
nvme0n1         158.21         0.00         0.85         0.00          0          1          0
zram0             0.00         0.00         0.00         0.00          0          0          0


avg-cpu:  %user   %nice %system %iowait  %steal   %idle
          23.07    0.00    3.30    0.01    0.00   73.63

Device             tps    MB_read/s    MB_wrtn/s    MB_dscd/s    MB_read    MB_wrtn    MB_dscd
nvme0n1           2.49         0.00         0.06         0.00          0          0          0
zram0             0.00         0.00         0.00         0.00          0          0          0


avg-cpu:  %user   %nice %system %iowait  %steal   %idle
          23.81    0.00    2.57    0.00    0.00   73.62

Device             tps    MB_read/s    MB_wrtn/s    MB_dscd/s    MB_read    MB_wrtn    MB_dscd
nvme0n1         161.19         0.00         0.79         0.00          0          1          0
zram0             0.00         0.00         0.00         0.00          0          0          0


avg-cpu:  %user   %nice %system %iowait  %steal   %idle
          23.64    0.00    2.44    0.00    0.00   73.92

Device             tps    MB_read/s    MB_wrtn/s    MB_dscd/s    MB_read    MB_wrtn    MB_dscd
nvme0n1          17.91         0.00         0.15         0.00          0          0          0
zram0             0.00         0.00         0.00         0.00          0          0          0


avg-cpu:  %user   %nice %system %iowait  %steal   %idle
          23.21    0.00    3.11    0.00    0.00   73.68

Device             tps    MB_read/s    MB_wrtn/s    MB_dscd/s    MB_read    MB_wrtn    MB_dscd
nvme0n1           1.00         0.00         0.00         0.00          0          0          0
zram0             0.00         0.00         0.00         0.00          0          0          0


avg-cpu:  %user   %nice %system %iowait  %steal   %idle
          23.47    0.00    2.93    0.00    0.00   73.60

Device             tps    MB_read/s    MB_wrtn/s    MB_dscd/s    MB_read    MB_wrtn    MB_dscd
nvme0n1         147.26         0.00         0.72         0.00          0          1          0
zram0             0.00         0.00         0.00         0.00          0          0          0


avg-cpu:  %user   %nice %system %iowait  %steal   %idle
          23.31    0.00    2.70    0.00    0.00   74.00

Device             tps    MB_read/s    MB_wrtn/s    MB_dscd/s    MB_read    MB_wrtn    MB_dscd
nvme0n1           4.48         0.00         0.09         0.00          0          0          0
zram0             0.00         0.00         0.00         0.00          0          0          0


avg-cpu:  %user   %nice %system %iowait  %steal   %idle
          23.16    0.00    3.12    0.00    0.00   73.72

Device             tps    MB_read/s    MB_wrtn/s    MB_dscd/s    MB_read    MB_wrtn    MB_dscd
nvme0n1           1.99         0.00         0.01         0.00          0          0          0
zram0             0.00         0.00         0.00         0.00          0          0          0


avg-cpu:  %user   %nice %system %iowait  %steal   %idle
          23.33    0.00    3.40    0.00    0.00   73.27

Device             tps    MB_read/s    MB_wrtn/s    MB_dscd/s    MB_read    MB_wrtn    MB_dscd
nvme0n1         141.29         0.00         0.72         0.00          0          1          0
zram0             0.00         0.00         0.00         0.00          0          0          0


avg-cpu:  %user   %nice %system %iowait  %steal   %idle
          22.91    0.00    3.27    0.00    0.00   73.82

Device             tps    MB_read/s    MB_wrtn/s    MB_dscd/s    MB_read    MB_wrtn    MB_dscd
nvme0n1           5.47         0.00         0.02         0.00          0          0          0
zram0             0.00         0.00         0.00         0.00          0          0          0


avg-cpu:  %user   %nice %system %iowait  %steal   %idle
          23.32    0.00    3.16    0.00    0.00   73.52

Device             tps    MB_read/s    MB_wrtn/s    MB_dscd/s    MB_read    MB_wrtn    MB_dscd
nvme0n1         126.87         0.00         0.63         0.00          0          1          0
zram0             0.00         0.00         0.00         0.00          0          0          0


avg-cpu:  %user   %nice %system %iowait  %steal   %idle
          21.90    0.00    4.28    0.00    0.00   73.83

Device             tps    MB_read/s    MB_wrtn/s    MB_dscd/s    MB_read    MB_wrtn    MB_dscd
nvme0n1           4.48         0.00         0.06         0.00          0          0          0
zram0             0.00         0.00         0.00         0.00          0          0          0


avg-cpu:  %user   %nice %system %iowait  %steal   %idle
          22.59    0.00    3.30    0.00    0.00   74.11

Device             tps    MB_read/s    MB_wrtn/s    MB_dscd/s    MB_read    MB_wrtn    MB_dscd
nvme0n1           1.00         0.00         0.00         0.00          0          0          0
zram0             0.00         0.00         0.00         0.00          0          0          0


avg-cpu:  %user   %nice %system %iowait  %steal   %idle
          23.12    0.00    3.37    0.00    0.00   73.52

Device             tps    MB_read/s    MB_wrtn/s    MB_dscd/s    MB_read    MB_wrtn    MB_dscd
nvme0n1         143.28         0.00         0.71         0.00          0          1          0
zram0             0.00         0.00         0.00         0.00          0          0          0


avg-cpu:  %user   %nice %system %iowait  %steal   %idle
          23.13    0.00    2.91    0.00    0.00   73.96

Device             tps    MB_read/s    MB_wrtn/s    MB_dscd/s    MB_read    MB_wrtn    MB_dscd
nvme0n1           5.47         0.00         0.08         0.00          0          0          0
zram0             0.00         0.00         0.00         0.00          0          0          0


avg-cpu:  %user   %nice %system %iowait  %steal   %idle
          23.21    0.00    3.23    0.00    0.00   73.55

Device             tps    MB_read/s    MB_wrtn/s    MB_dscd/s    MB_read    MB_wrtn    MB_dscd
nvme0n1         141.29         0.00         0.66         0.00          0          1          0
zram0             0.00         0.00         0.00         0.00          0          0          0


avg-cpu:  %user   %nice %system %iowait  %steal   %idle
          23.38    0.00    3.54    0.00    0.00   73.09

Device             tps    MB_read/s    MB_wrtn/s    MB_dscd/s    MB_read    MB_wrtn    MB_dscd
nvme0n1           6.97         0.00         0.09         0.00          0          0          0
zram0             0.00         0.00         0.00         0.00          0          0          0


avg-cpu:  %user   %nice %system %iowait  %steal   %idle
          22.76    0.00    3.26    0.00    0.00   73.98

Device             tps    MB_read/s    MB_wrtn/s    MB_dscd/s    MB_read    MB_wrtn    MB_dscd
nvme0n1           3.98         0.00         0.02         0.00          0          0          0
zram0             0.00         0.00         0.00         0.00          0          0          0


avg-cpu:  %user   %nice %system %iowait  %steal   %idle
          23.24    0.00    2.92    0.00    0.00   73.83

Device             tps    MB_read/s    MB_wrtn/s    MB_dscd/s    MB_read    MB_wrtn    MB_dscd
nvme0n1         173.63         0.00         0.90         0.00          0          1          0
zram0             0.00         0.00         0.00         0.00          0          0          0


avg-cpu:  %user   %nice %system %iowait  %steal   %idle
          24.21    0.00    2.63    0.00    0.00   73.16

Device             tps    MB_read/s    MB_wrtn/s    MB_dscd/s    MB_read    MB_wrtn    MB_dscd
nvme0n1           7.96         0.00         0.05         0.00          0          0          0
zram0             0.00         0.00         0.00         0.00          0          0          0


avg-cpu:  %user   %nice %system %iowait  %steal   %idle
          22.90    0.00    2.80    0.00    0.00   74.31

Device             tps    MB_read/s    MB_wrtn/s    MB_dscd/s    MB_read    MB_wrtn    MB_dscd
nvme0n1         163.68         0.00         0.81         0.00          0          1          0
zram0             0.00         0.00         0.00         0.00          0          0          0


avg-cpu:  %user   %nice %system %iowait  %steal   %idle
          23.44    0.00    2.52    0.01    0.00   74.04

Device             tps    MB_read/s    MB_wrtn/s    MB_dscd/s    MB_read    MB_wrtn    MB_dscd
nvme0n1          66.17         0.00         0.34         0.00          0          0          0
zram0             0.00         0.00         0.00         0.00          0          0          0


avg-cpu:  %user   %nice %system %iowait  %steal   %idle
          23.01    0.00    3.50    0.00    0.00   73.49

Device             tps    MB_read/s    MB_wrtn/s    MB_dscd/s    MB_read    MB_wrtn    MB_dscd
nvme0n1           3.98         0.00         0.05         0.00          0          0          0
zram0             0.00         0.00         0.00         0.00          0          0          0


avg-cpu:  %user   %nice %system %iowait  %steal   %idle
          23.25    0.00    3.00    0.00    0.00   73.75

Device             tps    MB_read/s    MB_wrtn/s    MB_dscd/s    MB_read    MB_wrtn    MB_dscd
nvme0n1         143.78         0.00         0.71         0.00          0          1          0
zram0             0.00         0.00         0.00         0.00          0          0          0


avg-cpu:  %user   %nice %system %iowait  %steal   %idle
          23.30    0.00    3.06    0.00    0.00   73.64

Device             tps    MB_read/s    MB_wrtn/s    MB_dscd/s    MB_read    MB_wrtn    MB_dscd
nvme0n1           2.49         0.00         0.02         0.00          0          0          0
zram0             0.00         0.00         0.00         0.00          0          0          0


avg-cpu:  %user   %nice %system %iowait  %steal   %idle
          23.10    0.00    3.68    0.00    0.00   73.22

Device             tps    MB_read/s    MB_wrtn/s    MB_dscd/s    MB_read    MB_wrtn    MB_dscd
nvme0n1           6.97         0.00         0.09         0.00          0          0          0
zram0             0.00         0.00         0.00         0.00          0          0          0


avg-cpu:  %user   %nice %system %iowait  %steal   %idle
          22.81    0.00    3.34    0.00    0.00   73.85

Device             tps    MB_read/s    MB_wrtn/s    MB_dscd/s    MB_read    MB_wrtn    MB_dscd
nvme0n1         176.62         0.00         0.88         0.00          0          1          0
zram0             0.00         0.00         0.00         0.00          0          0          0


avg-cpu:  %user   %nice %system %iowait  %steal   %idle
          19.89    0.00    3.28    0.00    0.00   76.83

Device             tps    MB_read/s    MB_wrtn/s    MB_dscd/s    MB_read    MB_wrtn    MB_dscd
nvme0n1          14.43         0.00         0.11         0.00          0          0          0
zram0             0.00         0.00         0.00         0.00          0          0          0


avg-cpu:  %user   %nice %system %iowait  %steal   %idle
          21.88    0.00    2.74    0.00    0.00   75.37

Device             tps    MB_read/s    MB_wrtn/s    MB_dscd/s    MB_read    MB_wrtn    MB_dscd
nvme0n1         128.86         0.00         0.60         0.00          0          1          0
zram0             0.00         0.00         0.00         0.00          0          0          0


avg-cpu:  %user   %nice %system %iowait  %steal   %idle
          22.34    0.00    2.87    0.00    0.00   74.79

Device             tps    MB_read/s    MB_wrtn/s    MB_dscd/s    MB_read    MB_wrtn    MB_dscd
nvme0n1           2.99         0.00         0.06         0.00          0          0          0
zram0             0.00         0.00         0.00         0.00          0          0          0


avg-cpu:  %user   %nice %system %iowait  %steal   %idle
          22.90    0.00    3.72    0.00    0.00   73.38

Device             tps    MB_read/s    MB_wrtn/s    MB_dscd/s    MB_read    MB_wrtn    MB_dscd
nvme0n1           7.96         0.00         0.08         0.00          0          0          0
zram0             0.00         0.00         0.00         0.00          0          0          0


avg-cpu:  %user   %nice %system %iowait  %steal   %idle
          22.58    0.00    3.13    0.02    0.00   74.27

Device             tps    MB_read/s    MB_wrtn/s    MB_dscd/s    MB_read    MB_wrtn    MB_dscd
nvme0n1         142.29         0.00         0.66         0.00          0          1          0
zram0             0.00         0.00         0.00         0.00          0          0          0


avg-cpu:  %user   %nice %system %iowait  %steal   %idle
          22.81    0.00    3.23    0.00    0.00   73.96

Device             tps    MB_read/s    MB_wrtn/s    MB_dscd/s    MB_read    MB_wrtn    MB_dscd
nvme0n1           5.97         0.00         0.10         0.00          0          0          0
zram0             0.00         0.00         0.00         0.00          0          0          0


avg-cpu:  %user   %nice %system %iowait  %steal   %idle
          23.09    0.00    3.68    0.00    0.00   73.23

Device             tps    MB_read/s    MB_wrtn/s    MB_dscd/s    MB_read    MB_wrtn    MB_dscd
nvme0n1         218.91         0.00         1.03         0.00          0          2          0
zram0             0.00         0.00         0.00         0.00          0          0          0


avg-cpu:  %user   %nice %system %iowait  %steal   %idle
          22.93    0.00    3.14    0.00    0.00   73.93

Device             tps    MB_read/s    MB_wrtn/s    MB_dscd/s    MB_read    MB_wrtn    MB_dscd
nvme0n1           9.45         0.00         0.09         0.00          0          0          0
zram0             0.00         0.00         0.00         0.00          0          0          0


avg-cpu:  %user   %nice %system %iowait  %steal   %idle
          22.78    0.00    3.18    0.00    0.00   74.04

Device             tps    MB_read/s    MB_wrtn/s    MB_dscd/s    MB_read    MB_wrtn    MB_dscd
nvme0n1           1.99         0.00         0.03         0.00          0          0          0
zram0             0.00         0.00         0.00         0.00          0          0          0


avg-cpu:  %user   %nice %system %iowait  %steal   %idle
          23.58    0.00    3.08    0.00    0.00   73.35

Device             tps    MB_read/s    MB_wrtn/s    MB_dscd/s    MB_read    MB_wrtn    MB_dscd
nvme0n1         149.75         0.06         0.70         0.00          0          1          0
zram0             0.00         0.00         0.00         0.00          0          0          0


avg-cpu:  %user   %nice %system %iowait  %steal   %idle
          22.30    0.00    2.84    0.00    0.00   74.86

Device             tps    MB_read/s    MB_wrtn/s    MB_dscd/s    MB_read    MB_wrtn    MB_dscd
nvme0n1           5.97         0.00         0.09         0.00          0          0          0
zram0             0.00         0.00         0.00         0.00          0          0          0


avg-cpu:  %user   %nice %system %iowait  %steal   %idle
          21.16    0.00    4.81    0.00    0.00   74.03

Device             tps    MB_read/s    MB_wrtn/s    MB_dscd/s    MB_read    MB_wrtn    MB_dscd
nvme0n1           1.99         0.00         0.02         0.00          0          0          0
zram0             0.00         0.00         0.00         0.00          0          0          0


avg-cpu:  %user   %nice %system %iowait  %steal   %idle
          21.97    0.00    4.54    0.00    0.00   73.49

Device             tps    MB_read/s    MB_wrtn/s    MB_dscd/s    MB_read    MB_wrtn    MB_dscd
nvme0n1         156.72         0.00         0.76         0.00          0          1          0
zram0             0.00         0.00         0.00         0.00          0          0          0


avg-cpu:  %user   %nice %system %iowait  %steal   %idle
          20.03    0.00    5.75    0.00    0.00   74.21

Device             tps    MB_read/s    MB_wrtn/s    MB_dscd/s    MB_read    MB_wrtn    MB_dscd
nvme0n1           2.49         0.02         0.02         0.00          0          0          0
zram0             0.00         0.00         0.00         0.00          0          0          0


avg-cpu:  %user   %nice %system %iowait  %steal   %idle
          22.81    0.00    3.49    0.00    0.00   73.70

Device             tps    MB_read/s    MB_wrtn/s    MB_dscd/s    MB_read    MB_wrtn    MB_dscd
nvme0n1         157.71         0.00         0.81         0.00          0          1          0
zram0             0.00         0.00         0.00         0.00          0          0          0


avg-cpu:  %user   %nice %system %iowait  %steal   %idle
          23.01    0.00    3.72    0.00    0.00   73.28

Device             tps    MB_read/s    MB_wrtn/s    MB_dscd/s    MB_read    MB_wrtn    MB_dscd
nvme0n1           2.99         0.00         0.02         0.00          0          0          0
zram0             0.00         0.00         0.00         0.00          0          0          0


avg-cpu:  %user   %nice %system %iowait  %steal   %idle
          22.86    0.00    3.06    0.00    0.00   74.08

Device             tps    MB_read/s    MB_wrtn/s    MB_dscd/s    MB_read    MB_wrtn    MB_dscd
nvme0n1           2.99         0.00         0.06         0.00          0          0          0
zram0             0.00         0.00         0.00         0.00          0          0          0


avg-cpu:  %user   %nice %system %iowait  %steal   %idle
          22.52    0.00    4.00    0.00    0.00   73.48

Device             tps    MB_read/s    MB_wrtn/s    MB_dscd/s    MB_read    MB_wrtn    MB_dscd
nvme0n1         173.63         0.00         0.86         0.00          0          1          0
zram0             0.00         0.00         0.00         0.00          0          0          0


avg-cpu:  %user   %nice %system %iowait  %steal   %idle
          22.82    0.00    3.18    0.00    0.00   74.00

Device             tps    MB_read/s    MB_wrtn/s    MB_dscd/s    MB_read    MB_wrtn    MB_dscd
nvme0n1           3.48         0.00         0.08         0.00          0          0          0
zram0             0.00         0.00         0.00         0.00          0          0          0


avg-cpu:  %user   %nice %system %iowait  %steal   %idle
          23.48    0.00    2.61    0.00    0.00   73.91

Device             tps    MB_read/s    MB_wrtn/s    MB_dscd/s    MB_read    MB_wrtn    MB_dscd
nvme0n1         155.22         0.00         0.72         0.00          0          1          0
zram0             0.00         0.00         0.00         0.00          0          0          0


avg-cpu:  %user   %nice %system %iowait  %steal   %idle
          22.98    0.00    3.61    0.00    0.00   73.41

Device             tps    MB_read/s    MB_wrtn/s    MB_dscd/s    MB_read    MB_wrtn    MB_dscd
nvme0n1           1.99         0.00         0.02         0.00          0          0          0
zram0             0.00         0.00         0.00         0.00          0          0          0


avg-cpu:  %user   %nice %system %iowait  %steal   %idle
          22.66    0.00    3.16    0.00    0.00   74.18

Device             tps    MB_read/s    MB_wrtn/s    MB_dscd/s    MB_read    MB_wrtn    MB_dscd
nvme0n1           8.46         0.00         0.10         0.00          0          0          0
zram0             0.00         0.00         0.00         0.00          0          0          0


avg-cpu:  %user   %nice %system %iowait  %steal   %idle
          23.37    0.00    2.60    0.00    0.00   74.04

Device             tps    MB_read/s    MB_wrtn/s    MB_dscd/s    MB_read    MB_wrtn    MB_dscd
nvme0n1         156.22         0.00         0.72         0.00          0          1          0
zram0             0.00         0.00         0.00         0.00          0          0          0


avg-cpu:  %user   %nice %system %iowait  %steal   %idle
          22.04    0.00    4.74    0.00    0.00   73.22

Device             tps    MB_read/s    MB_wrtn/s    MB_dscd/s    MB_read    MB_wrtn    MB_dscd
nvme0n1           7.46         0.00         0.08         0.00          0          0          0
zram0             0.00         0.00         0.00         0.00          0          0          0


avg-cpu:  %user   %nice %system %iowait  %steal   %idle
          19.75    0.00    6.59    0.00    0.00   73.66

Device             tps    MB_read/s    MB_wrtn/s    MB_dscd/s    MB_read    MB_wrtn    MB_dscd
nvme0n1           1.99         0.00         0.01         0.00          0          0          0
zram0             0.00         0.00         0.00         0.00          0          0          0


avg-cpu:  %user   %nice %system %iowait  %steal   %idle
          20.90    0.00    5.50    0.00    0.00   73.61

Device             tps    MB_read/s    MB_wrtn/s    MB_dscd/s    MB_read    MB_wrtn    MB_dscd
nvme0n1         178.61         0.00         0.98         0.00          0          1          0
zram0             0.00         0.00         0.00         0.00          0          0          0


avg-cpu:  %user   %nice %system %iowait  %steal   %idle
          22.98    0.00    3.51    0.00    0.00   73.52

Device             tps    MB_read/s    MB_wrtn/s    MB_dscd/s    MB_read    MB_wrtn    MB_dscd
nvme0n1           2.49         0.00         0.02         0.00          0          0          0
zram0             0.00         0.00         0.00         0.00          0          0          0


avg-cpu:  %user   %nice %system %iowait  %steal   %idle
          22.62    0.00    3.46    0.00    0.00   73.92

Device             tps    MB_read/s    MB_wrtn/s    MB_dscd/s    MB_read    MB_wrtn    MB_dscd
nvme0n1         157.71         0.00         0.81         0.00          0          1          0
zram0             0.00         0.00         0.00         0.00          0          0          0


avg-cpu:  %user   %nice %system %iowait  %steal   %idle
          23.64    0.00    2.57    0.00    0.00   73.80

Device             tps    MB_read/s    MB_wrtn/s    MB_dscd/s    MB_read    MB_wrtn    MB_dscd
nvme0n1           4.98         0.00         0.03         0.00          0          0          0
zram0             0.00         0.00         0.00         0.00          0          0          0


avg-cpu:  %user   %nice %system %iowait  %steal   %idle
          22.82    0.00    3.56    0.00    0.00   73.62

Device             tps    MB_read/s    MB_wrtn/s    MB_dscd/s    MB_read    MB_wrtn    MB_dscd
nvme0n1           3.48         0.00         0.06         0.00          0          0          0
zram0             0.00         0.00         0.00         0.00          0          0          0


avg-cpu:  %user   %nice %system %iowait  %steal   %idle
          22.72    0.00    3.37    0.00    0.00   73.91

Device             tps    MB_read/s    MB_wrtn/s    MB_dscd/s    MB_read    MB_wrtn    MB_dscd
nvme0n1         160.70         0.00         0.77         0.00          0          1          0
zram0             0.00         0.00         0.00         0.00          0          0          0


avg-cpu:  %user   %nice %system %iowait  %steal   %idle
          22.77    0.00    3.68    0.00    0.00   73.56

Device             tps    MB_read/s    MB_wrtn/s    MB_dscd/s    MB_read    MB_wrtn    MB_dscd
nvme0n1           3.98         0.00         0.07         0.00          0          0          0
zram0             0.00         0.00         0.00         0.00          0          0          0


avg-cpu:  %user   %nice %system %iowait  %steal   %idle
          22.92    0.00    3.33    0.00    0.00   73.75

Device             tps    MB_read/s    MB_wrtn/s    MB_dscd/s    MB_read    MB_wrtn    MB_dscd
nvme0n1         155.72         0.00         0.72         0.00          0          1          0
zram0             0.00         0.00         0.00         0.00          0          0          0


avg-cpu:  %user   %nice %system %iowait  %steal   %idle
          21.40    0.00    4.89    0.00    0.00   73.71

Device             tps    MB_read/s    MB_wrtn/s    MB_dscd/s    MB_read    MB_wrtn    MB_dscd
nvme0n1           8.46         0.00         0.12         0.00          0          0          0
zram0             0.00         0.00         0.00         0.00          0          0          0


avg-cpu:  %user   %nice %system %iowait  %steal   %idle
          19.03    0.00    7.63    0.00    0.00   73.33

Device             tps    MB_read/s    MB_wrtn/s    MB_dscd/s    MB_read    MB_wrtn    MB_dscd
nvme0n1           2.49         0.00         0.02         0.00          0          0          0
zram0             0.00         0.00         0.00         0.00          0          0          0


avg-cpu:  %user   %nice %system %iowait  %steal   %idle
          20.06    0.00    6.27    0.01    0.00   73.67

Device             tps    MB_read/s    MB_wrtn/s    MB_dscd/s    MB_read    MB_wrtn    MB_dscd
nvme0n1         193.03         0.00         0.99         0.00          0          1          0
zram0             0.00         0.00         0.00         0.00          0          0          0


avg-cpu:  %user   %nice %system %iowait  %steal   %idle
          23.13    0.00    3.13    0.00    0.00   73.73

Device             tps    MB_read/s    MB_wrtn/s    MB_dscd/s    MB_read    MB_wrtn    MB_dscd
nvme0n1           8.96         0.00         0.06         0.00          0          0          0
zram0             0.00         0.00         0.00         0.00          0          0          0


avg-cpu:  %user   %nice %system %iowait  %steal   %idle
          22.96    0.00    3.40    0.00    0.00   73.64

Device             tps    MB_read/s    MB_wrtn/s    MB_dscd/s    MB_read    MB_wrtn    MB_dscd
nvme0n1           1.00         0.00         0.00         0.00          0          0          0
zram0             0.00         0.00         0.00         0.00          0          0          0


avg-cpu:  %user   %nice %system %iowait  %steal   %idle
          23.91    0.00    2.25    0.00    0.00   73.83

Device             tps    MB_read/s    MB_wrtn/s    MB_dscd/s    MB_read    MB_wrtn    MB_dscd
nvme0n1         164.68         0.00         0.84         0.00          0          1          0
zram0             0.00         0.00         0.00         0.00          0          0          0


avg-cpu:  %user   %nice %system %iowait  %steal   %idle
          22.46    0.00    3.11    0.00    0.00   74.43

Device             tps    MB_read/s    MB_wrtn/s    MB_dscd/s    MB_read    MB_wrtn    MB_dscd
nvme0n1           1.99         0.00         0.02         0.00          0          0          0
zram0             0.00         0.00         0.00         0.00          0          0          0


avg-cpu:  %user   %nice %system %iowait  %steal   %idle
          22.53    0.00    4.09    0.00    0.00   73.38

Device             tps    MB_read/s    MB_wrtn/s    MB_dscd/s    MB_read    MB_wrtn    MB_dscd
nvme0n1         164.68         0.00         0.81         0.00          0          1          0
zram0             0.00         0.00         0.00         0.00          0          0          0


avg-cpu:  %user   %nice %system %iowait  %steal   %idle
          23.17    0.00    3.20    0.00    0.00   73.63

Device             tps    MB_read/s    MB_wrtn/s    MB_dscd/s    MB_read    MB_wrtn    MB_dscd
nvme0n1           3.48         0.00         0.02         0.00          0          0          0
zram0             0.00         0.00         0.00         0.00          0          0          0


avg-cpu:  %user   %nice %system %iowait  %steal   %idle
          23.06    0.00    3.11    0.00    0.00   73.83

Device             tps    MB_read/s    MB_wrtn/s    MB_dscd/s    MB_read    MB_wrtn    MB_dscd
nvme0n1           3.98         0.00         0.08         0.00          0          0          0
zram0             0.00         0.00         0.00         0.00          0          0          0


avg-cpu:  %user   %nice %system %iowait  %steal   %idle
          22.59    0.00    3.83    0.00    0.00   73.58

Device             tps    MB_read/s    MB_wrtn/s    MB_dscd/s    MB_read    MB_wrtn    MB_dscd
nvme0n1         172.14         0.06         0.90         0.00          0          1          0
zram0             0.00         0.00         0.00         0.00          0          0          0


avg-cpu:  %user   %nice %system %iowait  %steal   %idle
          22.77    0.00    3.23    0.00    0.00   74.00

Device             tps    MB_read/s    MB_wrtn/s    MB_dscd/s    MB_read    MB_wrtn    MB_dscd
nvme0n1          10.45         0.00         0.08         0.00          0          0          0
zram0             0.00         0.00         0.00         0.00          0          0          0


avg-cpu:  %user   %nice %system %iowait  %steal   %idle
          20.93    0.00    5.42    0.00    0.00   73.65

Device             tps    MB_read/s    MB_wrtn/s    MB_dscd/s    MB_read    MB_wrtn    MB_dscd
nvme0n1           3.98         0.00         0.05         0.00          0          0          0
zram0             0.00         0.00         0.00         0.00          0          0          0


avg-cpu:  %user   %nice %system %iowait  %steal   %idle
          21.16    0.00    5.44    0.00    0.00   73.40

Device             tps    MB_read/s    MB_wrtn/s    MB_dscd/s    MB_read    MB_wrtn    MB_dscd
nvme0n1         148.76         0.00         0.69         0.00          0          1          0
zram0             0.00         0.00         0.00         0.00          0          0          0


avg-cpu:  %user   %nice %system %iowait  %steal   %idle
          21.61    0.00    4.42    0.00    0.00   73.97

Device             tps    MB_read/s    MB_wrtn/s    MB_dscd/s    MB_read    MB_wrtn    MB_dscd
nvme0n1           5.47         0.00         0.09         0.00          0          0          0
zram0             0.00         0.00         0.00         0.00          0          0          0


avg-cpu:  %user   %nice %system %iowait  %steal   %idle
          22.76    0.00    4.16    0.00    0.00   73.09

Device             tps    MB_read/s    MB_wrtn/s    MB_dscd/s    MB_read    MB_wrtn    MB_dscd
nvme0n1         160.70         0.00         0.75         0.00          0          1          0
zram0             0.00         0.00         0.00         0.00          0          0          0


avg-cpu:  %user   %nice %system %iowait  %steal   %idle
          22.78    0.00    3.13    0.00    0.00   74.08

Device             tps    MB_read/s    MB_wrtn/s    MB_dscd/s    MB_read    MB_wrtn    MB_dscd
nvme0n1           4.98         0.00         0.07         0.00          0          0          0
zram0             0.00         0.00         0.00         0.00          0          0          0


avg-cpu:  %user   %nice %system %iowait  %steal   %idle
          23.15    0.00    3.22    0.00    0.00   73.63

Device             tps    MB_read/s    MB_wrtn/s    MB_dscd/s    MB_read    MB_wrtn    MB_dscd
nvme0n1           7.96         0.00         0.04         0.00          0          0          0
zram0             0.00         0.00         0.00         0.00          0          0          0


avg-cpu:  %user   %nice %system %iowait  %steal   %idle
          23.24    0.00    3.54    0.00    0.00   73.22

Device             tps    MB_read/s    MB_wrtn/s    MB_dscd/s    MB_read    MB_wrtn    MB_dscd
nvme0n1         204.98         0.00         1.07         0.00          0          2          0
zram0             0.00         0.00         0.00         0.00          0          0          0


avg-cpu:  %user   %nice %system %iowait  %steal   %idle
           6.90    0.00    1.44    0.00    0.00   91.66

Device             tps    MB_read/s    MB_wrtn/s    MB_dscd/s    MB_read    MB_wrtn    MB_dscd
nvme0n1           5.97         0.00         0.06         0.00          0          0          0
zram0             0.00         0.00         0.00         0.00          0          0          0


avg-cpu:  %user   %nice %system %iowait  %steal   %idle
           0.26    0.00    0.61    0.01    0.00   99.12

Device             tps    MB_read/s    MB_wrtn/s    MB_dscd/s    MB_read    MB_wrtn    MB_dscd
nvme0n1         138.81         0.00         0.66         0.00          0          1          0
zram0             0.00         0.00         0.00         0.00          0          0          0


avg-cpu:  %user   %nice %system %iowait  %steal   %idle
           0.34    0.00    0.94    0.00    0.00   98.72

Device             tps    MB_read/s    MB_wrtn/s    MB_dscd/s    MB_read    MB_wrtn    MB_dscd
nvme0n1           7.46         0.00         0.08         0.00          0          0          0
zram0             0.00         0.00         0.00         0.00          0          0          0


avg-cpu:  %user   %nice %system %iowait  %steal   %idle
           0.22    0.00    0.63    0.00    0.00   99.15

Device             tps    MB_read/s    MB_wrtn/s    MB_dscd/s    MB_read    MB_wrtn    MB_dscd
nvme0n1           2.49         0.00         0.03         0.00          0          0          0
zram0             0.00         0.00         0.00         0.00          0          0          0


avg-cpu:  %user   %nice %system %iowait  %steal   %idle
           0.25    0.00    0.57    0.01    0.00   99.18

Device             tps    MB_read/s    MB_wrtn/s    MB_dscd/s    MB_read    MB_wrtn    MB_dscd
nvme0n1         158.71         0.00         0.78         0.00          0          1          0
zram0             0.00         0.00         0.00         0.00          0          0          0


avg-cpu:  %user   %nice %system %iowait  %steal   %idle
           0.27    0.00    1.06    0.00    0.00   98.67

Device             tps    MB_read/s    MB_wrtn/s    MB_dscd/s    MB_read    MB_wrtn    MB_dscd
nvme0n1           3.98         0.00         0.02         0.00          0          0          0
zram0             0.00         0.00         0.00         0.00          0          0          0


avg-cpu:  %user   %nice %system %iowait  %steal   %idle
           0.32    0.00    0.62    0.00    0.00   99.06

Device             tps    MB_read/s    MB_wrtn/s    MB_dscd/s    MB_read    MB_wrtn    MB_dscd
nvme0n1         173.13         0.00         0.78         0.00          0          1          0
zram0             0.00         0.00         0.00         0.00          0          0          0

