$ time sysbench --config-file=sysbench.conf oltp_read_only --tables=32 --table-size=1000000 --db-ps-mode=auto --rand-type=uniform run
sysbench 1.0.20 (using system LuaJIT 2.1.1700206165)

Running the test with following options:
Number of threads: 32
Report intermediate results every 10 second(s)
Initializing random number generator from current time


Initializing worker threads...

Threads started!

[ 10s ] thds: 32 tps: 267.38 qps: 4303.41 (r/w/o: 3765.64/0.00/537.76) lat (ms,95%): 211.60 err/s: 0.00 reconn/s: 0.00
[ 20s ] thds: 32 tps: 279.89 qps: 4485.77 (r/w/o: 3925.79/0.00/559.98) lat (ms,95%): 186.54 err/s: 0.00 reconn/s: 0.00
[ 30s ] thds: 32 tps: 301.20 qps: 4817.80 (r/w/o: 4215.50/0.00/602.30) lat (ms,95%): 137.35 err/s: 0.00 reconn/s: 0.00
[ 40s ] thds: 32 tps: 271.60 qps: 4345.60 (r/w/o: 3802.40/0.00/543.20) lat (ms,95%): 200.47 err/s: 0.00 reconn/s: 0.00
[ 50s ] thds: 32 tps: 281.80 qps: 4504.50 (r/w/o: 3941.00/0.00/563.50) lat (ms,95%): 179.94 err/s: 0.00 reconn/s: 0.00
[ 60s ] thds: 32 tps: 298.70 qps: 4780.20 (r/w/o: 4183.00/0.00/597.20) lat (ms,95%): 142.39 err/s: 0.00 reconn/s: 0.00
[ 70s ] thds: 32 tps: 280.50 qps: 4493.51 (r/w/o: 3932.11/0.00/561.40) lat (ms,95%): 183.21 err/s: 0.00 reconn/s: 0.00
[ 80s ] thds: 32 tps: 275.50 qps: 4404.99 (r/w/o: 3854.19/0.00/550.80) lat (ms,95%): 200.47 err/s: 0.00 reconn/s: 0.00
[ 90s ] thds: 32 tps: 292.80 qps: 4681.74 (r/w/o: 4096.03/0.00/585.70) lat (ms,95%): 170.48 err/s: 0.00 reconn/s: 0.00
[ 100s ] thds: 32 tps: 287.50 qps: 4601.36 (r/w/o: 4026.57/0.00/574.80) lat (ms,95%): 153.02 err/s: 0.00 reconn/s: 0.00
[ 110s ] thds: 32 tps: 271.90 qps: 4355.70 (r/w/o: 3811.80/0.00/543.90) lat (ms,95%): 204.11 err/s: 0.00 reconn/s: 0.00
[ 120s ] thds: 32 tps: 286.10 qps: 4573.13 (r/w/o: 4000.83/0.00/572.30) lat (ms,95%): 183.21 err/s: 0.00 reconn/s: 0.00
[ 130s ] thds: 32 tps: 263.20 qps: 4210.57 (r/w/o: 3684.18/0.00/526.40) lat (ms,95%): 176.73 err/s: 0.00 reconn/s: 0.00
[ 140s ] thds: 32 tps: 264.30 qps: 4232.80 (r/w/o: 3704.10/0.00/528.70) lat (ms,95%): 219.36 err/s: 0.00 reconn/s: 0.00
[ 150s ] thds: 32 tps: 291.10 qps: 4656.70 (r/w/o: 4074.80/0.00/581.90) lat (ms,95%): 150.29 err/s: 0.00 reconn/s: 0.00
[ 160s ] thds: 32 tps: 257.60 qps: 4119.79 (r/w/o: 3604.40/0.00/515.40) lat (ms,95%): 219.36 err/s: 0.00 reconn/s: 0.00
[ 170s ] thds: 32 tps: 254.70 qps: 4076.81 (r/w/o: 3567.51/0.00/509.30) lat (ms,95%): 211.60 err/s: 0.00 reconn/s: 0.00
[ 180s ] thds: 32 tps: 265.40 qps: 4246.09 (r/w/o: 3715.19/0.00/530.90) lat (ms,95%): 183.21 err/s: 0.00 reconn/s: 0.00
[ 190s ] thds: 32 tps: 238.00 qps: 3807.31 (r/w/o: 3331.31/0.00/476.00) lat (ms,95%): 219.36 err/s: 0.00 reconn/s: 0.00
[ 200s ] thds: 32 tps: 288.40 qps: 4616.70 (r/w/o: 4039.80/0.00/576.90) lat (ms,95%): 155.80 err/s: 0.00 reconn/s: 0.00
[ 210s ] thds: 32 tps: 255.60 qps: 4088.23 (r/w/o: 3577.13/0.00/511.10) lat (ms,95%): 248.83 err/s: 0.00 reconn/s: 0.00
[ 220s ] thds: 32 tps: 272.80 qps: 4362.47 (r/w/o: 3816.98/0.00/545.50) lat (ms,95%): 211.60 err/s: 0.00 reconn/s: 0.00
[ 230s ] thds: 32 tps: 299.80 qps: 4794.52 (r/w/o: 4194.82/0.00/599.70) lat (ms,95%): 137.35 err/s: 0.00 reconn/s: 0.00
[ 240s ] thds: 32 tps: 251.00 qps: 4021.27 (r/w/o: 3519.18/0.00/502.10) lat (ms,95%): 257.95 err/s: 0.00 reconn/s: 0.00
[ 250s ] thds: 32 tps: 278.10 qps: 4447.64 (r/w/o: 3891.53/0.00/556.10) lat (ms,95%): 186.54 err/s: 0.00 reconn/s: 0.00
[ 260s ] thds: 32 tps: 298.20 qps: 4767.26 (r/w/o: 4170.77/0.00/596.50) lat (ms,95%): 137.35 err/s: 0.00 reconn/s: 0.00
[ 270s ] thds: 32 tps: 261.30 qps: 4186.30 (r/w/o: 3664.00/0.00/522.30) lat (ms,95%): 196.89 err/s: 0.00 reconn/s: 0.00
[ 280s ] thds: 32 tps: 281.90 qps: 4507.43 (r/w/o: 3943.53/0.00/563.90) lat (ms,95%): 196.89 err/s: 0.00 reconn/s: 0.00
[ 290s ] thds: 32 tps: 292.70 qps: 4684.17 (r/w/o: 4098.77/0.00/585.40) lat (ms,95%): 139.85 err/s: 0.00 reconn/s: 0.00
[ 300s ] thds: 32 tps: 275.39 qps: 4411.63 (r/w/o: 3860.65/0.00/550.98) lat (ms,95%): 200.47 err/s: 0.00 reconn/s: 0.00
[ 310s ] thds: 32 tps: 292.10 qps: 4671.88 (r/w/o: 4087.67/0.00/584.21) lat (ms,95%): 144.97 err/s: 0.00 reconn/s: 0.00
[ 320s ] thds: 32 tps: 261.60 qps: 4188.02 (r/w/o: 3664.81/0.00/523.20) lat (ms,95%): 223.34 err/s: 0.00 reconn/s: 0.00
[ 330s ] thds: 32 tps: 271.40 qps: 4335.28 (r/w/o: 3792.48/0.00/542.80) lat (ms,95%): 207.82 err/s: 0.00 reconn/s: 0.00
[ 340s ] thds: 32 tps: 287.30 qps: 4601.41 (r/w/o: 4026.90/0.00/574.50) lat (ms,95%): 150.29 err/s: 0.00 reconn/s: 0.00
[ 350s ] thds: 32 tps: 249.30 qps: 3988.33 (r/w/o: 3489.73/0.00/498.60) lat (ms,95%): 219.36 err/s: 0.00 reconn/s: 0.00
[ 360s ] thds: 32 tps: 303.80 qps: 4858.06 (r/w/o: 4250.47/0.00/607.60) lat (ms,95%): 137.35 err/s: 0.00 reconn/s: 0.00
[ 370s ] thds: 32 tps: 250.90 qps: 4013.80 (r/w/o: 3512.10/0.00/501.70) lat (ms,95%): 227.40 err/s: 0.00 reconn/s: 0.00
[ 380s ] thds: 32 tps: 252.70 qps: 4045.80 (r/w/o: 3540.30/0.00/505.50) lat (ms,95%): 207.82 err/s: 0.00 reconn/s: 0.00
[ 390s ] thds: 32 tps: 287.20 qps: 4596.00 (r/w/o: 4021.50/0.00/574.50) lat (ms,95%): 142.39 err/s: 0.00 reconn/s: 0.00
[ 400s ] thds: 32 tps: 258.40 qps: 4133.53 (r/w/o: 3616.73/0.00/516.80) lat (ms,95%): 196.89 err/s: 0.00 reconn/s: 0.00
[ 410s ] thds: 32 tps: 292.60 qps: 4680.96 (r/w/o: 4095.87/0.00/585.10) lat (ms,95%): 139.85 err/s: 0.00 reconn/s: 0.00
[ 420s ] thds: 32 tps: 245.70 qps: 3927.00 (r/w/o: 3435.80/0.00/491.20) lat (ms,95%): 240.02 err/s: 0.00 reconn/s: 0.00
[ 430s ] thds: 32 tps: 287.30 qps: 4602.00 (r/w/o: 4027.30/0.00/574.70) lat (ms,95%): 170.48 err/s: 0.00 reconn/s: 0.00
[ 440s ] thds: 32 tps: 266.30 qps: 4259.80 (r/w/o: 3727.00/0.00/532.80) lat (ms,95%): 240.02 err/s: 0.00 reconn/s: 0.00
[ 450s ] thds: 32 tps: 274.30 qps: 4387.70 (r/w/o: 3839.30/0.00/548.40) lat (ms,95%): 183.21 err/s: 0.00 reconn/s: 0.00
[ 460s ] thds: 32 tps: 297.50 qps: 4757.84 (r/w/o: 4162.64/0.00/595.21) lat (ms,95%): 137.35 err/s: 0.00 reconn/s: 0.00
[ 470s ] thds: 32 tps: 250.80 qps: 4016.57 (r/w/o: 3515.17/0.00/501.40) lat (ms,95%): 253.35 err/s: 0.00 reconn/s: 0.00
[ 480s ] thds: 32 tps: 293.80 qps: 4699.33 (r/w/o: 4111.82/0.00/587.50) lat (ms,95%): 153.02 err/s: 0.00 reconn/s: 0.00
[ 490s ] thds: 32 tps: 275.50 qps: 4408.10 (r/w/o: 3856.90/0.00/551.20) lat (ms,95%): 179.94 err/s: 0.00 reconn/s: 0.00
[ 500s ] thds: 32 tps: 261.10 qps: 4182.68 (r/w/o: 3660.38/0.00/522.30) lat (ms,95%): 223.34 err/s: 0.00 reconn/s: 0.00
[ 510s ] thds: 32 tps: 284.20 qps: 4544.40 (r/w/o: 3976.20/0.00/568.20) lat (ms,95%): 150.29 err/s: 0.00 reconn/s: 0.00
[ 520s ] thds: 32 tps: 253.90 qps: 4059.40 (r/w/o: 3551.50/0.00/507.90) lat (ms,95%): 207.82 err/s: 0.00 reconn/s: 0.00
[ 530s ] thds: 32 tps: 280.40 qps: 4487.40 (r/w/o: 3926.50/0.00/560.90) lat (ms,95%): 153.02 err/s: 0.00 reconn/s: 0.00
[ 540s ] thds: 32 tps: 259.80 qps: 4156.50 (r/w/o: 3637.00/0.00/519.50) lat (ms,95%): 219.36 err/s: 0.00 reconn/s: 0.00
[ 550s ] thds: 32 tps: 272.81 qps: 4362.99 (r/w/o: 3817.38/0.00/545.61) lat (ms,95%): 158.63 err/s: 0.00 reconn/s: 0.00
[ 560s ] thds: 32 tps: 242.70 qps: 3886.44 (r/w/o: 3401.05/0.00/485.39) lat (ms,95%): 227.40 err/s: 0.00 reconn/s: 0.00
[ 570s ] thds: 32 tps: 281.90 qps: 4513.07 (r/w/o: 3949.27/0.00/563.80) lat (ms,95%): 164.45 err/s: 0.00 reconn/s: 0.00
[ 580s ] thds: 32 tps: 243.50 qps: 3896.20 (r/w/o: 3409.20/0.00/487.00) lat (ms,95%): 219.36 err/s: 0.00 reconn/s: 0.00
[ 590s ] thds: 32 tps: 261.00 qps: 4172.30 (r/w/o: 3650.40/0.00/521.90) lat (ms,95%): 219.36 err/s: 0.00 reconn/s: 0.00
[ 600s ] thds: 32 tps: 276.80 qps: 4430.69 (r/w/o: 3876.89/0.00/553.80) lat (ms,95%): 167.44 err/s: 0.00 reconn/s: 0.00
SQL statistics:
    queries performed:
        read:                            2296602
        write:                           0
        other:                           328086
        total:                           2624688
    transactions:                        164043 (273.36 per sec.)
    queries:                             2624688 (4373.76 per sec.)
    ignored errors:                      0      (0.00 per sec.)
    reconnects:                          0      (0.00 per sec.)

General statistics:
    total time:                          600.0942s
    total number of events:              164043

Latency (ms):
         min:                                   51.14
         avg:                                  117.05
         max:                                 3176.32
         95th percentile:                      189.93
         sum:                             19200778.43

Threads fairness:
    events (avg/stddev):           5126.3438/18.69
    execution time (avg/stddev):   600.0243/0.03


real    10m0.503s
user    1m50.504s
sys     2m5.782s

