$ time sysbench --config-file=sysbench.conf oltp_update_index --tables=32 --table-size=1000000 --db-ps-mode=auto --rand-type=uniform run
sysbench 1.0.20 (using system LuaJIT 2.1.1700206165)

Running the test with following options:
Number of threads: 32
Report intermediate results every 10 second(s)
Initializing random number generator from current time


Initializing worker threads...

Threads started!

[ 10s ] thds: 32 tps: 5183.12 qps: 5183.12 (r/w/o: 0.00/5054.97/128.14) lat (ms,95%): 9.73 err/s: 0.00 reconn/s: 0.00
[ 20s ] thds: 32 tps: 5611.35 qps: 5611.35 (r/w/o: 0.00/5468.95/142.40) lat (ms,95%): 8.90 err/s: 0.00 reconn/s: 0.00
[ 30s ] thds: 32 tps: 5510.84 qps: 5510.84 (r/w/o: 0.00/5378.04/132.80) lat (ms,95%): 9.06 err/s: 0.00 reconn/s: 0.00
[ 40s ] thds: 32 tps: 5605.55 qps: 5605.55 (r/w/o: 0.00/5469.05/136.50) lat (ms,95%): 8.90 err/s: 0.00 reconn/s: 0.00
[ 50s ] thds: 32 tps: 5369.20 qps: 5369.20 (r/w/o: 0.00/5238.60/130.60) lat (ms,95%): 9.22 err/s: 0.00 reconn/s: 0.00
[ 60s ] thds: 32 tps: 5588.51 qps: 5588.51 (r/w/o: 0.00/5452.81/135.70) lat (ms,95%): 8.90 err/s: 0.00 reconn/s: 0.00
[ 70s ] thds: 32 tps: 5292.84 qps: 5292.84 (r/w/o: 0.00/5158.94/133.90) lat (ms,95%): 9.91 err/s: 0.00 reconn/s: 0.00
[ 80s ] thds: 32 tps: 5286.09 qps: 5286.09 (r/w/o: 0.00/5153.69/132.40) lat (ms,95%): 9.73 err/s: 0.00 reconn/s: 0.00
[ 90s ] thds: 32 tps: 5212.70 qps: 5212.70 (r/w/o: 0.00/5084.90/127.80) lat (ms,95%): 9.91 err/s: 0.00 reconn/s: 0.00
[ 100s ] thds: 32 tps: 4998.77 qps: 4998.77 (r/w/o: 0.00/4871.07/127.70) lat (ms,95%): 10.65 err/s: 0.00 reconn/s: 0.00
[ 110s ] thds: 32 tps: 5051.80 qps: 5051.80 (r/w/o: 0.00/4925.20/126.60) lat (ms,95%): 9.91 err/s: 0.00 reconn/s: 0.00
[ 120s ] thds: 32 tps: 5125.90 qps: 5125.90 (r/w/o: 0.00/4999.40/126.50) lat (ms,95%): 10.09 err/s: 0.00 reconn/s: 0.00
[ 130s ] thds: 32 tps: 4751.00 qps: 4751.00 (r/w/o: 0.00/4639.40/111.60) lat (ms,95%): 11.24 err/s: 0.00 reconn/s: 0.00
[ 140s ] thds: 32 tps: 4981.60 qps: 4981.60 (r/w/o: 0.00/4858.60/123.00) lat (ms,95%): 10.65 err/s: 0.00 reconn/s: 0.00
[ 150s ] thds: 32 tps: 5385.61 qps: 5385.61 (r/w/o: 0.00/5248.66/136.95) lat (ms,95%): 9.39 err/s: 0.00 reconn/s: 0.00
[ 160s ] thds: 32 tps: 5360.00 qps: 5360.00 (r/w/o: 0.00/5228.15/131.85) lat (ms,95%): 9.56 err/s: 0.00 reconn/s: 0.00
[ 170s ] thds: 32 tps: 5149.58 qps: 5149.58 (r/w/o: 0.00/5021.93/127.65) lat (ms,95%): 10.09 err/s: 0.00 reconn/s: 0.00
[ 180s ] thds: 32 tps: 5472.58 qps: 5472.58 (r/w/o: 0.00/5333.93/138.65) lat (ms,95%): 9.22 err/s: 0.00 reconn/s: 0.00
[ 190s ] thds: 32 tps: 5557.34 qps: 5557.34 (r/w/o: 0.00/5423.49/133.85) lat (ms,95%): 9.06 err/s: 0.00 reconn/s: 0.00
[ 200s ] thds: 32 tps: 5657.09 qps: 5657.09 (r/w/o: 0.00/5518.14/138.95) lat (ms,95%): 8.74 err/s: 0.00 reconn/s: 0.00
[ 210s ] thds: 32 tps: 5375.00 qps: 5375.00 (r/w/o: 0.00/5241.70/133.30) lat (ms,95%): 9.56 err/s: 0.00 reconn/s: 0.00
[ 220s ] thds: 32 tps: 5158.56 qps: 5158.56 (r/w/o: 0.00/5035.06/123.50) lat (ms,95%): 10.09 err/s: 0.00 reconn/s: 0.00
[ 230s ] thds: 32 tps: 5129.19 qps: 5129.19 (r/w/o: 0.00/5006.39/122.80) lat (ms,95%): 9.91 err/s: 0.00 reconn/s: 0.00
[ 240s ] thds: 32 tps: 5100.53 qps: 5100.53 (r/w/o: 0.00/4971.58/128.95) lat (ms,95%): 10.27 err/s: 0.00 reconn/s: 0.00
[ 250s ] thds: 32 tps: 4916.30 qps: 4916.30 (r/w/o: 0.00/4795.80/120.50) lat (ms,95%): 10.65 err/s: 0.00 reconn/s: 0.00
[ 260s ] thds: 32 tps: 5168.42 qps: 5168.42 (r/w/o: 0.00/5045.94/122.47) lat (ms,95%): 9.91 err/s: 0.00 reconn/s: 0.00
[ 270s ] thds: 32 tps: 5142.03 qps: 5142.03 (r/w/o: 0.00/5021.41/120.63) lat (ms,95%): 10.46 err/s: 0.00 reconn/s: 0.00
[ 280s ] thds: 32 tps: 5603.02 qps: 5603.02 (r/w/o: 0.00/5467.22/135.80) lat (ms,95%): 8.90 err/s: 0.00 reconn/s: 0.00
[ 290s ] thds: 32 tps: 5264.33 qps: 5264.33 (r/w/o: 0.00/5134.32/130.00) lat (ms,95%): 9.22 err/s: 0.00 reconn/s: 0.00
[ 300s ] thds: 32 tps: 4946.35 qps: 4946.35 (r/w/o: 0.00/4824.70/121.65) lat (ms,95%): 11.24 err/s: 0.00 reconn/s: 0.00
[ 310s ] thds: 32 tps: 5493.20 qps: 5493.20 (r/w/o: 0.00/5359.30/133.90) lat (ms,95%): 9.22 err/s: 0.00 reconn/s: 0.00
[ 320s ] thds: 32 tps: 5051.49 qps: 5051.49 (r/w/o: 0.00/4927.19/124.30) lat (ms,95%): 10.27 err/s: 0.00 reconn/s: 0.00
[ 330s ] thds: 32 tps: 4855.30 qps: 4855.30 (r/w/o: 0.00/4736.80/118.50) lat (ms,95%): 10.84 err/s: 0.00 reconn/s: 0.00
[ 340s ] thds: 32 tps: 4936.79 qps: 4936.79 (r/w/o: 0.00/4815.29/121.50) lat (ms,95%): 10.27 err/s: 0.00 reconn/s: 0.00
[ 350s ] thds: 32 tps: 3862.21 qps: 3862.21 (r/w/o: 0.00/3764.81/97.40) lat (ms,95%): 15.55 err/s: 0.00 reconn/s: 0.00
[ 360s ] thds: 32 tps: 4827.54 qps: 4827.54 (r/w/o: 0.00/4711.94/115.60) lat (ms,95%): 10.65 err/s: 0.00 reconn/s: 0.00
[ 370s ] thds: 32 tps: 4893.67 qps: 4893.67 (r/w/o: 0.00/4772.67/121.00) lat (ms,95%): 11.24 err/s: 0.00 reconn/s: 0.00
[ 380s ] thds: 32 tps: 5639.29 qps: 5639.29 (r/w/o: 0.00/5498.29/141.00) lat (ms,95%): 8.74 err/s: 0.00 reconn/s: 0.00
[ 390s ] thds: 32 tps: 5316.09 qps: 5316.09 (r/w/o: 0.00/5187.19/128.90) lat (ms,95%): 9.91 err/s: 0.00 reconn/s: 0.00
[ 400s ] thds: 32 tps: 5415.34 qps: 5415.34 (r/w/o: 0.00/5280.84/134.50) lat (ms,95%): 9.56 err/s: 0.00 reconn/s: 0.00
[ 410s ] thds: 32 tps: 5633.06 qps: 5633.06 (r/w/o: 0.00/5495.27/137.80) lat (ms,95%): 8.58 err/s: 0.00 reconn/s: 0.00
[ 420s ] thds: 32 tps: 5430.17 qps: 5430.17 (r/w/o: 0.00/5296.37/133.80) lat (ms,95%): 9.56 err/s: 0.00 reconn/s: 0.00
[ 430s ] thds: 32 tps: 5684.93 qps: 5684.93 (r/w/o: 0.00/5546.43/138.50) lat (ms,95%): 8.74 err/s: 0.00 reconn/s: 0.00
[ 440s ] thds: 32 tps: 5433.30 qps: 5433.30 (r/w/o: 0.00/5296.90/136.40) lat (ms,95%): 9.39 err/s: 0.00 reconn/s: 0.00
[ 450s ] thds: 32 tps: 5037.31 qps: 5037.31 (r/w/o: 0.00/4905.51/131.80) lat (ms,95%): 10.46 err/s: 0.00 reconn/s: 0.00
[ 460s ] thds: 32 tps: 5329.39 qps: 5329.39 (r/w/o: 0.00/5205.39/124.00) lat (ms,95%): 9.06 err/s: 0.00 reconn/s: 0.00
[ 470s ] thds: 32 tps: 4913.70 qps: 4913.70 (r/w/o: 0.00/4794.30/119.40) lat (ms,95%): 10.84 err/s: 0.00 reconn/s: 0.00
[ 480s ] thds: 32 tps: 4836.10 qps: 4836.10 (r/w/o: 0.00/4719.30/116.80) lat (ms,95%): 10.65 err/s: 0.00 reconn/s: 0.00
[ 490s ] thds: 32 tps: 4672.90 qps: 4672.90 (r/w/o: 0.00/4553.80/119.10) lat (ms,95%): 11.87 err/s: 0.00 reconn/s: 0.00
[ 500s ] thds: 32 tps: 5197.84 qps: 5197.84 (r/w/o: 0.00/5063.99/133.85) lat (ms,95%): 9.91 err/s: 0.00 reconn/s: 0.00
[ 510s ] thds: 32 tps: 5142.09 qps: 5142.09 (r/w/o: 0.00/5019.23/122.85) lat (ms,95%): 10.09 err/s: 0.00 reconn/s: 0.00
[ 520s ] thds: 32 tps: 5154.42 qps: 5154.42 (r/w/o: 0.00/5033.42/121.00) lat (ms,95%): 9.73 err/s: 0.00 reconn/s: 0.00
[ 530s ] thds: 32 tps: 4717.72 qps: 4717.72 (r/w/o: 0.00/4604.92/112.80) lat (ms,95%): 11.87 err/s: 0.00 reconn/s: 0.00
[ 540s ] thds: 32 tps: 5603.96 qps: 5603.96 (r/w/o: 0.00/5465.86/138.10) lat (ms,95%): 8.90 err/s: 0.00 reconn/s: 0.00
[ 550s ] thds: 32 tps: 5085.30 qps: 5085.30 (r/w/o: 0.00/4961.10/124.20) lat (ms,95%): 10.27 err/s: 0.00 reconn/s: 0.00
[ 560s ] thds: 32 tps: 5353.80 qps: 5353.80 (r/w/o: 0.00/5225.40/128.40) lat (ms,95%): 9.39 err/s: 0.00 reconn/s: 0.00
[ 570s ] thds: 32 tps: 4940.00 qps: 4940.00 (r/w/o: 0.00/4828.10/111.90) lat (ms,95%): 10.84 err/s: 0.00 reconn/s: 0.00
[ 580s ] thds: 32 tps: 4931.53 qps: 4931.53 (r/w/o: 0.00/4812.83/118.70) lat (ms,95%): 10.27 err/s: 0.00 reconn/s: 0.00
[ 590s ] thds: 32 tps: 4395.00 qps: 4395.00 (r/w/o: 0.00/4284.20/110.80) lat (ms,95%): 13.46 err/s: 0.00 reconn/s: 0.00
[ 600s ] thds: 32 tps: 5099.91 qps: 5099.91 (r/w/o: 0.00/4971.42/128.49) lat (ms,95%): 10.09 err/s: 0.00 reconn/s: 0.00
SQL statistics:
    queries performed:
        read:                            0
        write:                           3032160
        other:                           76285
        total:                           3108445
    transactions:                        3108445 (5180.65 per sec.)
    queries:                             3108445 (5180.65 per sec.)
    ignored errors:                      0      (0.00 per sec.)
    reconnects:                          0      (0.00 per sec.)

General statistics:
    total time:                          600.0068s
    total number of events:              3108445

Latency (ms):
         min:                                    1.10
         avg:                                    6.18
         max:                                  882.96
         95th percentile:                       10.09
         sum:                             19195955.58

Threads fairness:
    events (avg/stddev):           97138.9062/105.00
    execution time (avg/stddev):   599.8736/0.00


real    10m0.165s
user    0m45.441s
sys     1m51.607s
