procs -----------memory---------- ---swap-- -----io---- -system-- ------cpu-----
 r  b   swpd   free   buff  cache   si   so    bi    bo   in   cs us sy id wa st
17  0   5120 20846036 2289336 101229856    0    0    45    68    1    1  3  1 96  0  0
16  0   5120 20841076 2289336 101233216    0    0  1064     0 16238 12480 20  4 76  0  0
18  0   5120 20836796 2289336 101236768    0    0  1616    20 16430 12124 20  4 76  0  0
15  0   5120 20833700 2289336 101240280    0    0   844     0 16834 12551 20  5 75  0  0
16  0   5120 20831132 2289340 101244032    0    0  1572 26724 15349 12363 20  4 76  0  0
16  0   5120 20826068 2289340 101249000    0    0   912 28532 15725 11910 20  4 76  0  0
16  0   5120 20817548 2289344 101258240    0    0  6248  3864 16640 13535 21  4 75  0  0
16  0   5120 20812436 2289344 101266736    0    0  6272     0 16111 13359 20  4 76  0  0
17  0   5120 20798564 2289344 101275104    0    0  6508     0 16210 13304 21  4 74  0  0
16  0   5120 20801564 2289344 101281616    0    0  4208     0 11569 9934 22  4 75  0  0
16  0   5120 20797996 2289344 101287000    0    0  4156    16 14616 11526 20  3 76  0  0
16  0   5120 20790948 2289344 101294304    0    0  4900     0 16099 12133 21  4 75  0  0
 1  0   5120 20776228 2289344 101301728    0    0  4312     0 16961 12800 20  4 76  0  0
17  0   5120 20768708 2289344 101306496    0    0  3176 10392 16182 12754 21  4 75  0  0
15  0   5120 20766388 2289344 101311048    0    0  2092  6112 15776 12896 21  5 75  0  0
17  0   5120 20755776 2289348 101315664    0    0  1796    20 16328 13257 20  4 76  0  0
16  0   5120 20759032 2289348 101320272    0    0  1260     0 16028 12508 21  4 76  0  0
16  0   5120 20757680 2289348 101323720    0    0  1900     0 16245 13086 20  4 76  0  0
18  0   5120 20752060 2289348 101328424    0    0  2064  9484 15903 12547 20  4 75  0  0
17  0   5120 20748576 2289348 101331528    0    0  1012  7376 16386 12853 21  4 75  0  0
16  0   5120 20745948 2289348 101335896    0    0  1856    20 15728 12574 21  4 75  0  0
procs -----------memory---------- ---swap-- -----io---- -system-- ------cpu-----
 r  b   swpd   free   buff  cache   si   so    bi    bo   in   cs us sy id wa st
18  0   5120 20742808 2289348 101339416    0    0  1356     0 15846 12455 20  4 76  0  0
16  0   5120 20739476 2289348 101343104    0    0  1232     0 16473 12825 21  4 75  0  0
16  0   5120 20736428 2289348 101346952    0    0  1212     0 16347 12461 20  4 76  0  0
17  0   5120 20726112 2289348 101350648    0    0  1196     0 13282 10642 21  3 76  0  0
16  0   5120 20728428 2289356 101352952    0    0   424    16 13022 10955 22  4 74  0  0
17  0   5120 20726924 2289356 101355000    0    0   572     0 15261 11547 20  4 76  0  0
15  0   5120 20722776 2289356 101358184    0    0   540     0 16140 12501 21  4 75  0  0
16  0   5120 20720920 2289356 101361584    0    0  1384     0 16955 12702 20  4 76  0  0
16  0   5120 20717796 2289356 101364736    0    0   568 16392 17264 12839 21  4 75  0  0
17  0   5120 20717388 2289360 101367824    0    0   760    52 16569 13079 20  4 75  0  0
18  0   5120 20657300 2289360 101370576    0    0   488 16420 15818 12623 21  5 75  0  0
16  0   5120 20659340 2289360 101373328    0    0   448 30576 16096 12196 21  4 76  0  0
16  0   5120 20644380 2289364 101387528    0    0  9232 10400 17588 13130 21  4 76  0  0
16  0   5120 20623180 2289404 101400320    0    0  7500 56988 15754 12455 21  4 75  0  0
16  0   5120 20604380 2289424 101412472    0    0  7272 40824 15139 12468 20  4 76  0  0
15  0   5120 20583044 2289472 101425160    0    0  6832 41516 15905 12961 21  5 74  0  0
16  0   5120 20561272 2289512 101435872    0    0  5220 30220 15178 12145 21  4 75  0  0
24  0   5120 20539948 2289544 101446632    0    0  4132 37176 15237 12586 21  4 75  0  0
16  0   5120 20524592 2289576 101455296    0    0  3512 27340 14414 12186 21  4 75  0  0
18  0   5120 20500248 2289624 101462960    0    0  2528 27900 9998 8749 21  2 76  0  0
17  0   5120 20499220 2289644 101469280    0    0  1392 20732 15539 12173 21  4 75  0  0
procs -----------memory---------- ---swap-- -----io---- -system-- ------cpu-----
 r  b   swpd   free   buff  cache   si   so    bi    bo   in   cs us sy id wa st
17  0   5120 20492984 2289668 101476648    0    0  2504 33956 14436 11810 21  4 74  0  0
16  0   5120 20484228 2289700 101484560    0    0  1992 29152 16598 12130 20  4 76  0  0
14  0   5120 20477680 2289720 101492560    0    0  1524 21936 15438 12444 20  4 76  0  0
16  0   5120 20471604 2289772 101500096    0    0  1812 39856 16928 12841 21  4 75  0  0
16  0   5120 20461600 2289800 101508504    0    0  2936 35944 15927 12314 20  4 76  0  0
17  0   5120 20452740 2289824 101515872    0    0  1244 30372 15986 12325 21  5 74  0  0
17  0   5120 20445128 2289848 101521656    0    0  1208 26432 15125 12384 20  4 76  0  0
17  0   5120 20428312 2289884 101530160    0    0   904 32032 15619 12235 21  3 76  0  0
16  0   5120 20432944 2289912 101535760    0    0   676 30424 16068 12553 21  4 75  0  0
16  0   5120 20418544 2289932 101543008    0    0   788 32932 11739 9089 15  3 82  0  0
16  0   5120 20402344 2289944 101548952    0    0  1048 26684 15797 12126 20  4 76  0  0
16  0   5120 20394132 2289980 101555408    0    0  2208 38352 16352 12360 20  5 75  0  0
16  0   5120 20374564 2289988 101562504    0    0  1000 20148 16067 12134 20  4 76  0  0
16  0   5120 20359716 2290004 101569760    0    0   816 32024 15480 12451 21  4 75  0  0
17  0   5120 20366324 2290028 101474528    0    0 22520 71044 10293 9829 17  4 80  0  0
17  0   5120 20849196 2290056 100903456    0    0 61320 29460 11123 10896 19  4 76  0  0
17  0   5120 20783060 2290156 100974584    0    0 83228 56588 14547 12190 20  5 75  0  0
16  0   5120 20707244 2290244 101045456    0    0 63340 90820 12693 11312 17  5 77  1  0
17  1   5120 20735840 2290316 101006048    0    0 75612 98412 13244 12474 17  6 76  0  0
18  0   5120 20664488 2290408 101076680    0    0 76256 119444 13861 12632 19  5 75  0  0
16  0   5120 20570372 2290540 101145728    0    0 78292 161288 13962 12583 19  4 76  0  0
procs -----------memory---------- ---swap-- -----io---- -system-- ------cpu-----
 r  b   swpd   free   buff  cache   si   so    bi    bo   in   cs us sy id wa st
17  0   5120 20561920 2290624 101074512    0    0 67780 83600 14942 13143 20  4 75  0  0
16  0   5120 20517856 2290692 101041016    0    0 81592 111976 16199 13679 20  5 75  0  0
 4 16   5120 20384636 2290808 101146064    0    0 100212 151116 16015 13455 20  4 76  1  0
16  0   5120 20390316 2290840 101110136    0    0 72068 58792 15394 13857 20  5 75  0  0
16  0   5120 20295156 2290872 101187816    0    0 72060 25352 16639 13477 20  4 76  0  0
16  0   5120 20468912 2290872 100983824    0    0 67924     0 16116 13198 19  5 76  0  0
25  0   5120 20416284 2290872 101043904    0    0 59012     0 15753 13816 20  4 76  0  0
16  0   5120 20360332 2290872 101098944    0    0 54160     0 16640 13236 20  5 75  0  0
16  0   5120 20319144 2290872 101149304    0    0 48660     0 16165 13488 19  4 76  0  0
17  0   5120 20284428 2290880 101183696    0    0 30180   896 13230 10748 20  4 76  0  0
16  0   5120 20333184 2290880 101125224    0    0 29308     0 12921 10373 20  4 76  0  0
16  0   5120 20367612 2290880 101096424    0    0 30676     0 14635 12348 20  4 75  0  0
16  0   5120 20342968 2290880 101123776    0    0 27212     0 14833 12759 20  5 75  0  0
16  0   5120 20317116 2290880 101155120    0    0 27788     0 16123 13116 19  4 76  0  0
16  0   5120 20302564 2290888 101175088    0    0 18504  1236 14810 11960 18  5 77  0  0
17  0   5120 20281976 2290888 101195376    0    0 18508 10636 14445 11726 18  5 77  0  0
23  0   5120 20270296 2290888 101210944    0    0 13544     0 14495 11230 18  6 76  0  0
17  0   5120 20262712 2290888 101228688    0    0 16148     0 14316 11846 18  6 76  0  0
16  0   5120 20241684 2290888 101243472    0    0 12620     0 13575 11304 17  6 76  0  0
16  0   5120 20238184 2290892 101255880    0    0 11272    36 13508 11561 17  5 78  0  0
16  0   5120 20228772 2290892 101270616    0    0 11784     0 13872 11317 17  6 77  0  0
procs -----------memory---------- ---swap-- -----io---- -system-- ------cpu-----
 r  b   swpd   free   buff  cache   si   so    bi    bo   in   cs us sy id wa st
17  0   5120 20212700 2290892 101283568    0    0 10588 44404 15146 12162 18  5 76  0  0
16  0   5120 20203556 2290892 101296176    0    0 11172     4 17279 12064 20  4 76  0  0
17  0   5120 20193016 2290892 101309568    0    0 11604     0 15817 12236 20  5 75  0  0
17  0   5120 20186708 2290896 101322128    0    0  8020    20 15375 12200 20  4 77  0  0
16  0   5120 20178868 2290896 101332472    0    0  8580     0 16851 12685 21  4 75  0  0
