sysbench --config-file=sysbench.conf oltp_point_select --tables=32 --table-size=1000000 --db-ps-mode=auto --rand-type=uniform run
sysbench 1.0.20 (using system LuaJIT 2.1.0-beta3)

Running the test with following options:
Number of threads: 16
Report intermediate results every 10 second(s)
Initializing random number generator from current time


Initializing worker threads...

Threads started!

[ 10s ] thds: 16 tps: 126043.79 qps: 126043.79 (r/w/o: 126043.79/0.00/0.00) lat (ms,95%): 0.37 err/s: 0.00 reconn/s: 0.00
[ 20s ] thds: 16 tps: 166114.32 qps: 166114.32 (r/w/o: 166114.32/0.00/0.00) lat (ms,95%): 0.21 err/s: 0.00 reconn/s: 0.00
[ 30s ] thds: 16 tps: 165547.22 qps: 165547.22 (r/w/o: 165547.22/0.00/0.00) lat (ms,95%): 0.21 err/s: 0.00 reconn/s: 0.00
[ 40s ] thds: 16 tps: 162667.00 qps: 162667.00 (r/w/o: 162667.00/0.00/0.00) lat (ms,95%): 0.21 err/s: 0.00 reconn/s: 0.00
[ 50s ] thds: 16 tps: 159104.25 qps: 159104.25 (r/w/o: 159104.25/0.00/0.00) lat (ms,95%): 0.21 err/s: 0.00 reconn/s: 0.00
[ 60s ] thds: 16 tps: 157290.52 qps: 157290.52 (r/w/o: 157290.52/0.00/0.00) lat (ms,95%): 0.21 err/s: 0.00 reconn/s: 0.00
[ 70s ] thds: 16 tps: 159030.92 qps: 159030.92 (r/w/o: 159030.92/0.00/0.00) lat (ms,95%): 0.21 err/s: 0.00 reconn/s: 0.00
[ 80s ] thds: 16 tps: 160117.23 qps: 160117.23 (r/w/o: 160117.23/0.00/0.00) lat (ms,95%): 0.21 err/s: 0.00 reconn/s: 0.00
[ 90s ] thds: 16 tps: 161427.80 qps: 161427.80 (r/w/o: 161427.80/0.00/0.00) lat (ms,95%): 0.21 err/s: 0.00 reconn/s: 0.00
[ 100s ] thds: 16 tps: 162149.07 qps: 162149.07 (r/w/o: 162149.07/0.00/0.00) lat (ms,95%): 0.21 err/s: 0.00 reconn/s: 0.00
[ 110s ] thds: 16 tps: 163807.18 qps: 163807.18 (r/w/o: 163807.18/0.00/0.00) lat (ms,95%): 0.21 err/s: 0.00 reconn/s: 0.00
[ 120s ] thds: 16 tps: 165473.44 qps: 165473.44 (r/w/o: 165473.44/0.00/0.00) lat (ms,95%): 0.21 err/s: 0.00 reconn/s: 0.00
[ 130s ] thds: 16 tps: 163323.48 qps: 163323.48 (r/w/o: 163323.48/0.00/0.00) lat (ms,95%): 0.21 err/s: 0.00 reconn/s: 0.00
[ 140s ] thds: 16 tps: 159154.39 qps: 159154.39 (r/w/o: 159154.39/0.00/0.00) lat (ms,95%): 0.21 err/s: 0.00 reconn/s: 0.00
[ 150s ] thds: 16 tps: 162387.98 qps: 162387.98 (r/w/o: 162387.98/0.00/0.00) lat (ms,95%): 0.21 err/s: 0.00 reconn/s: 0.00
[ 160s ] thds: 16 tps: 162738.94 qps: 162738.94 (r/w/o: 162738.94/0.00/0.00) lat (ms,95%): 0.21 err/s: 0.00 reconn/s: 0.00
[ 170s ] thds: 16 tps: 162485.99 qps: 162485.99 (r/w/o: 162485.99/0.00/0.00) lat (ms,95%): 0.21 err/s: 0.00 reconn/s: 0.00
[ 180s ] thds: 16 tps: 160684.59 qps: 160684.59 (r/w/o: 160684.59/0.00/0.00) lat (ms,95%): 0.21 err/s: 0.00 reconn/s: 0.00
[ 190s ] thds: 16 tps: 161647.11 qps: 161647.11 (r/w/o: 161647.11/0.00/0.00) lat (ms,95%): 0.21 err/s: 0.00 reconn/s: 0.00
[ 200s ] thds: 16 tps: 158533.46 qps: 158533.46 (r/w/o: 158533.46/0.00/0.00) lat (ms,95%): 0.21 err/s: 0.00 reconn/s: 0.00
[ 210s ] thds: 16 tps: 153340.79 qps: 153340.79 (r/w/o: 153340.79/0.00/0.00) lat (ms,95%): 0.22 err/s: 0.00 reconn/s: 0.00
[ 220s ] thds: 16 tps: 151345.00 qps: 151345.00 (r/w/o: 151345.00/0.00/0.00) lat (ms,95%): 0.22 err/s: 0.00 reconn/s: 0.00
[ 230s ] thds: 16 tps: 156042.61 qps: 156042.61 (r/w/o: 156042.61/0.00/0.00) lat (ms,95%): 0.22 err/s: 0.00 reconn/s: 0.00
[ 240s ] thds: 16 tps: 159410.98 qps: 159410.98 (r/w/o: 159410.98/0.00/0.00) lat (ms,95%): 0.21 err/s: 0.00 reconn/s: 0.00
[ 250s ] thds: 16 tps: 158783.35 qps: 158783.35 (r/w/o: 158783.35/0.00/0.00) lat (ms,95%): 0.21 err/s: 0.00 reconn/s: 0.00
[ 260s ] thds: 16 tps: 159008.23 qps: 159008.23 (r/w/o: 159008.23/0.00/0.00) lat (ms,95%): 0.21 err/s: 0.00 reconn/s: 0.00
[ 270s ] thds: 16 tps: 161823.29 qps: 161823.29 (r/w/o: 161823.29/0.00/0.00) lat (ms,95%): 0.21 err/s: 0.00 reconn/s: 0.00
[ 280s ] thds: 16 tps: 162959.95 qps: 162959.95 (r/w/o: 162959.95/0.00/0.00) lat (ms,95%): 0.21 err/s: 0.00 reconn/s: 0.00
[ 290s ] thds: 16 tps: 161248.01 qps: 161248.01 (r/w/o: 161248.01/0.00/0.00) lat (ms,95%): 0.21 err/s: 0.00 reconn/s: 0.00
[ 300s ] thds: 16 tps: 162845.08 qps: 162845.08 (r/w/o: 162845.08/0.00/0.00) lat (ms,95%): 0.21 err/s: 0.00 reconn/s: 0.00
[ 310s ] thds: 16 tps: 155177.10 qps: 155177.10 (r/w/o: 155177.10/0.00/0.00) lat (ms,95%): 0.22 err/s: 0.00 reconn/s: 0.00
[ 320s ] thds: 16 tps: 158058.70 qps: 158058.70 (r/w/o: 158058.70/0.00/0.00) lat (ms,95%): 0.21 err/s: 0.00 reconn/s: 0.00
[ 330s ] thds: 16 tps: 159259.31 qps: 159259.31 (r/w/o: 159259.31/0.00/0.00) lat (ms,95%): 0.21 err/s: 0.00 reconn/s: 0.00
[ 340s ] thds: 16 tps: 157352.13 qps: 157352.13 (r/w/o: 157352.13/0.00/0.00) lat (ms,95%): 0.22 err/s: 0.00 reconn/s: 0.00
[ 350s ] thds: 16 tps: 160528.05 qps: 160528.05 (r/w/o: 160528.05/0.00/0.00) lat (ms,95%): 0.21 err/s: 0.00 reconn/s: 0.00
[ 360s ] thds: 16 tps: 161898.24 qps: 161898.24 (r/w/o: 161898.24/0.00/0.00) lat (ms,95%): 0.21 err/s: 0.00 reconn/s: 0.00
[ 370s ] thds: 16 tps: 163325.14 qps: 163325.14 (r/w/o: 163325.14/0.00/0.00) lat (ms,95%): 0.21 err/s: 0.00 reconn/s: 0.00
[ 380s ] thds: 16 tps: 163945.48 qps: 163945.48 (r/w/o: 163945.48/0.00/0.00) lat (ms,95%): 0.21 err/s: 0.00 reconn/s: 0.00
[ 390s ] thds: 16 tps: 159633.92 qps: 159633.92 (r/w/o: 159633.92/0.00/0.00) lat (ms,95%): 0.21 err/s: 0.00 reconn/s: 0.00
[ 400s ] thds: 16 tps: 156775.09 qps: 156775.09 (r/w/o: 156775.09/0.00/0.00) lat (ms,95%): 0.22 err/s: 0.00 reconn/s: 0.00
[ 410s ] thds: 16 tps: 155312.30 qps: 155312.30 (r/w/o: 155312.30/0.00/0.00) lat (ms,95%): 0.22 err/s: 0.00 reconn/s: 0.00
[ 420s ] thds: 16 tps: 155889.05 qps: 155889.05 (r/w/o: 155889.05/0.00/0.00) lat (ms,95%): 0.22 err/s: 0.00 reconn/s: 0.00
[ 430s ] thds: 16 tps: 161387.66 qps: 161387.76 (r/w/o: 161387.76/0.00/0.00) lat (ms,95%): 0.21 err/s: 0.00 reconn/s: 0.00
[ 440s ] thds: 16 tps: 158580.89 qps: 158580.79 (r/w/o: 158580.79/0.00/0.00) lat (ms,95%): 0.21 err/s: 0.00 reconn/s: 0.00
[ 450s ] thds: 16 tps: 158123.55 qps: 158123.55 (r/w/o: 158123.55/0.00/0.00) lat (ms,95%): 0.21 err/s: 0.00 reconn/s: 0.00
[ 460s ] thds: 16 tps: 164014.08 qps: 164014.08 (r/w/o: 164014.08/0.00/0.00) lat (ms,95%): 0.21 err/s: 0.00 reconn/s: 0.00
[ 470s ] thds: 16 tps: 162942.71 qps: 162942.71 (r/w/o: 162942.71/0.00/0.00) lat (ms,95%): 0.21 err/s: 0.00 reconn/s: 0.00
[ 480s ] thds: 16 tps: 164860.40 qps: 164860.40 (r/w/o: 164860.40/0.00/0.00) lat (ms,95%): 0.21 err/s: 0.00 reconn/s: 0.00
[ 490s ] thds: 16 tps: 162568.76 qps: 162568.86 (r/w/o: 162568.86/0.00/0.00) lat (ms,95%): 0.21 err/s: 0.00 reconn/s: 0.00
[ 500s ] thds: 16 tps: 159848.20 qps: 159848.10 (r/w/o: 159848.10/0.00/0.00) lat (ms,95%): 0.21 err/s: 0.00 reconn/s: 0.00
[ 510s ] thds: 16 tps: 157605.43 qps: 157605.43 (r/w/o: 157605.43/0.00/0.00) lat (ms,95%): 0.22 err/s: 0.00 reconn/s: 0.00
[ 520s ] thds: 16 tps: 161742.35 qps: 161742.35 (r/w/o: 161742.35/0.00/0.00) lat (ms,95%): 0.21 err/s: 0.00 reconn/s: 0.00
[ 530s ] thds: 16 tps: 163537.90 qps: 163537.90 (r/w/o: 163537.90/0.00/0.00) lat (ms,95%): 0.21 err/s: 0.00 reconn/s: 0.00
[ 540s ] thds: 16 tps: 164422.49 qps: 164422.49 (r/w/o: 164422.49/0.00/0.00) lat (ms,95%): 0.21 err/s: 0.00 reconn/s: 0.00
[ 550s ] thds: 16 tps: 164181.20 qps: 164181.20 (r/w/o: 164181.20/0.00/0.00) lat (ms,95%): 0.21 err/s: 0.00 reconn/s: 0.00
[ 560s ] thds: 16 tps: 163992.78 qps: 163992.78 (r/w/o: 163992.78/0.00/0.00) lat (ms,95%): 0.21 err/s: 0.00 reconn/s: 0.00
[ 570s ] thds: 16 tps: 163943.85 qps: 163943.85 (r/w/o: 163943.85/0.00/0.00) lat (ms,95%): 0.21 err/s: 0.00 reconn/s: 0.00
[ 580s ] thds: 16 tps: 157809.49 qps: 157809.49 (r/w/o: 157809.49/0.00/0.00) lat (ms,95%): 0.22 err/s: 0.00 reconn/s: 0.00
[ 590s ] thds: 16 tps: 157808.89 qps: 157808.89 (r/w/o: 157808.89/0.00/0.00) lat (ms,95%): 0.22 err/s: 0.00 reconn/s: 0.00
[ 600s ] thds: 16 tps: 157944.52 qps: 157944.52 (r/w/o: 157944.52/0.00/0.00) lat (ms,95%): 0.22 err/s: 0.00 reconn/s: 0.00
SQL statistics:
    queries performed:
        read:                            95990151
        write:                           0
        other:                           0
        total:                           95990151
    transactions:                        95990151 (159982.82 per sec.)
    queries:                             95990151 (159982.82 per sec.)
    ignored errors:                      0      (0.00 per sec.)
    reconnects:                          0      (0.00 per sec.)

General statistics:
    total time:                          600.0026s
    total number of events:              95990151

Latency (ms):
         min:                                    0.02
         avg:                                    0.10
         max:                                   12.74
         95th percentile:                        0.21
         sum:                              9565334.78

Threads fairness:
    events (avg/stddev):           5999384.4375/9010.63
    execution time (avg/stddev):   597.8334/0.08

