sysbench --config-file=sysbench.conf oltp_read_only --tables=32 --table-size=1000000 --db-ps-mode=auto --rand-type=uniform run
sysbench 1.0.20 (using system LuaJIT 2.1.0-beta3)

Running the test with following options:
Number of threads: 16
Report intermediate results every 10 second(s)
Initializing random number generator from current time


Initializing worker threads...

Threads started!

[ 10s ] thds: 16 tps: 4211.90 qps: 67406.57 (r/w/o: 58981.16/0.00/8425.41) lat (ms,95%): 5.77 err/s: 0.00 reconn/s: 0.00
[ 20s ] thds: 16 tps: 4275.13 qps: 68406.22 (r/w/o: 59855.95/0.00/8550.26) lat (ms,95%): 5.47 err/s: 0.00 reconn/s: 0.00
[ 30s ] thds: 16 tps: 4280.70 qps: 68489.11 (r/w/o: 59927.81/0.00/8561.30) lat (ms,95%): 5.47 err/s: 0.00 reconn/s: 0.00
[ 40s ] thds: 16 tps: 4245.30 qps: 67924.41 (r/w/o: 59433.71/0.00/8490.70) lat (ms,95%): 5.57 err/s: 0.00 reconn/s: 0.00
[ 50s ] thds: 16 tps: 4251.60 qps: 68025.73 (r/w/o: 59522.53/0.00/8503.20) lat (ms,95%): 5.57 err/s: 0.00 reconn/s: 0.00
[ 60s ] thds: 16 tps: 4364.41 qps: 69829.29 (r/w/o: 61100.48/0.00/8728.81) lat (ms,95%): 5.47 err/s: 0.00 reconn/s: 0.00
[ 70s ] thds: 16 tps: 4302.20 qps: 68835.81 (r/w/o: 60231.41/0.00/8604.40) lat (ms,95%): 5.57 err/s: 0.00 reconn/s: 0.00
[ 80s ] thds: 16 tps: 4272.10 qps: 68350.49 (r/w/o: 59806.29/0.00/8544.20) lat (ms,95%): 5.57 err/s: 0.00 reconn/s: 0.00
[ 90s ] thds: 16 tps: 4322.27 qps: 69157.69 (r/w/o: 60513.16/0.00/8644.54) lat (ms,95%): 5.47 err/s: 0.00 reconn/s: 0.00
[ 100s ] thds: 16 tps: 4482.53 qps: 71720.05 (r/w/o: 62754.99/0.00/8965.06) lat (ms,95%): 5.28 err/s: 0.00 reconn/s: 0.00
[ 110s ] thds: 16 tps: 4580.22 qps: 73285.35 (r/w/o: 64124.91/0.00/9160.44) lat (ms,95%): 5.09 err/s: 0.00 reconn/s: 0.00
[ 120s ] thds: 16 tps: 4442.47 qps: 71080.15 (r/w/o: 62195.21/0.00/8884.94) lat (ms,95%): 5.37 err/s: 0.00 reconn/s: 0.00
[ 130s ] thds: 16 tps: 4573.83 qps: 73176.76 (r/w/o: 64029.30/0.00/9147.46) lat (ms,95%): 5.09 err/s: 0.00 reconn/s: 0.00
[ 140s ] thds: 16 tps: 4501.59 qps: 72026.69 (r/w/o: 63023.31/0.00/9003.37) lat (ms,95%): 5.28 err/s: 0.00 reconn/s: 0.00
[ 150s ] thds: 16 tps: 4520.00 qps: 72321.70 (r/w/o: 63281.70/0.00/9040.00) lat (ms,95%): 5.28 err/s: 0.00 reconn/s: 0.00
[ 160s ] thds: 16 tps: 4416.80 qps: 70670.51 (r/w/o: 61837.01/0.00/8833.50) lat (ms,95%): 5.28 err/s: 0.00 reconn/s: 0.00
[ 170s ] thds: 16 tps: 4398.20 qps: 70367.36 (r/w/o: 61570.87/0.00/8796.50) lat (ms,95%): 5.37 err/s: 0.00 reconn/s: 0.00
[ 180s ] thds: 16 tps: 4305.10 qps: 68884.63 (r/w/o: 60274.42/0.00/8610.20) lat (ms,95%): 5.47 err/s: 0.00 reconn/s: 0.00
[ 190s ] thds: 16 tps: 4460.27 qps: 71366.14 (r/w/o: 62445.59/0.00/8920.54) lat (ms,95%): 5.37 err/s: 0.00 reconn/s: 0.00
[ 200s ] thds: 16 tps: 4576.53 qps: 73219.55 (r/w/o: 64066.48/0.00/9153.07) lat (ms,95%): 5.09 err/s: 0.00 reconn/s: 0.00
[ 210s ] thds: 16 tps: 4559.30 qps: 72949.00 (r/w/o: 63830.40/0.00/9118.60) lat (ms,95%): 5.09 err/s: 0.00 reconn/s: 0.00
[ 220s ] thds: 16 tps: 4534.70 qps: 72559.68 (r/w/o: 63490.29/0.00/9069.40) lat (ms,95%): 5.18 err/s: 0.00 reconn/s: 0.00
[ 230s ] thds: 16 tps: 4571.90 qps: 73150.23 (r/w/o: 64006.43/0.00/9143.80) lat (ms,95%): 5.09 err/s: 0.00 reconn/s: 0.00
[ 240s ] thds: 16 tps: 4503.90 qps: 72061.79 (r/w/o: 63054.00/0.00/9007.80) lat (ms,95%): 5.28 err/s: 0.00 reconn/s: 0.00
[ 250s ] thds: 16 tps: 4421.60 qps: 70745.09 (r/w/o: 61901.90/0.00/8843.20) lat (ms,95%): 5.28 err/s: 0.00 reconn/s: 0.00
[ 260s ] thds: 16 tps: 4473.40 qps: 71573.31 (r/w/o: 62626.51/0.00/8946.80) lat (ms,95%): 5.28 err/s: 0.00 reconn/s: 0.00
[ 270s ] thds: 16 tps: 4450.50 qps: 71210.30 (r/w/o: 62309.30/0.00/8901.00) lat (ms,95%): 5.37 err/s: 0.00 reconn/s: 0.00
[ 280s ] thds: 16 tps: 4600.00 qps: 73596.70 (r/w/o: 64396.70/0.00/9200.00) lat (ms,95%): 5.09 err/s: 0.00 reconn/s: 0.00
[ 290s ] thds: 16 tps: 4453.60 qps: 71259.41 (r/w/o: 62352.21/0.00/8907.20) lat (ms,95%): 5.28 err/s: 0.00 reconn/s: 0.00
[ 300s ] thds: 16 tps: 4454.20 qps: 71267.90 (r/w/o: 62359.60/0.00/8908.30) lat (ms,95%): 5.28 err/s: 0.00 reconn/s: 0.00
[ 310s ] thds: 16 tps: 4336.40 qps: 69381.45 (r/w/o: 60708.56/0.00/8672.89) lat (ms,95%): 5.57 err/s: 0.00 reconn/s: 0.00
[ 320s ] thds: 16 tps: 4230.90 qps: 67692.27 (r/w/o: 59230.47/0.00/8461.80) lat (ms,95%): 5.67 err/s: 0.00 reconn/s: 0.00
[ 330s ] thds: 16 tps: 3598.87 qps: 57583.53 (r/w/o: 50385.79/0.00/7197.74) lat (ms,95%): 6.67 err/s: 0.00 reconn/s: 0.00
[ 340s ] thds: 16 tps: 4001.40 qps: 64022.54 (r/w/o: 56019.73/0.00/8002.80) lat (ms,95%): 6.09 err/s: 0.00 reconn/s: 0.00
[ 350s ] thds: 16 tps: 4025.93 qps: 64412.73 (r/w/o: 56360.97/0.00/8051.77) lat (ms,95%): 5.99 err/s: 0.00 reconn/s: 0.00
[ 360s ] thds: 16 tps: 4121.60 qps: 65948.92 (r/w/o: 57705.62/0.00/8243.30) lat (ms,95%): 5.99 err/s: 0.00 reconn/s: 0.00
[ 370s ] thds: 16 tps: 4391.90 qps: 70267.68 (r/w/o: 61483.98/0.00/8783.70) lat (ms,95%): 5.47 err/s: 0.00 reconn/s: 0.00
[ 380s ] thds: 16 tps: 4436.90 qps: 70995.40 (r/w/o: 62121.40/0.00/8874.00) lat (ms,95%): 5.37 err/s: 0.00 reconn/s: 0.00
[ 390s ] thds: 16 tps: 4481.60 qps: 71704.24 (r/w/o: 62741.14/0.00/8963.09) lat (ms,95%): 5.28 err/s: 0.00 reconn/s: 0.00
[ 400s ] thds: 16 tps: 4376.01 qps: 70013.61 (r/w/o: 61261.68/0.00/8751.93) lat (ms,95%): 5.47 err/s: 0.00 reconn/s: 0.00
[ 410s ] thds: 16 tps: 4383.70 qps: 70142.26 (r/w/o: 61374.76/0.00/8767.51) lat (ms,95%): 5.47 err/s: 0.00 reconn/s: 0.00
[ 420s ] thds: 16 tps: 4475.59 qps: 71608.21 (r/w/o: 62657.03/0.00/8951.18) lat (ms,95%): 5.28 err/s: 0.00 reconn/s: 0.00
[ 430s ] thds: 16 tps: 4361.80 qps: 69789.91 (r/w/o: 61066.31/0.00/8723.60) lat (ms,95%): 5.47 err/s: 0.00 reconn/s: 0.00
[ 440s ] thds: 16 tps: 4478.70 qps: 71660.09 (r/w/o: 62702.69/0.00/8957.40) lat (ms,95%): 5.28 err/s: 0.00 reconn/s: 0.00
[ 450s ] thds: 16 tps: 4513.00 qps: 72202.58 (r/w/o: 63176.68/0.00/9025.90) lat (ms,95%): 5.28 err/s: 0.00 reconn/s: 0.00
[ 460s ] thds: 16 tps: 4341.80 qps: 69473.21 (r/w/o: 60789.51/0.00/8683.70) lat (ms,95%): 5.57 err/s: 0.00 reconn/s: 0.00
[ 470s ] thds: 16 tps: 4440.40 qps: 71042.81 (r/w/o: 62162.01/0.00/8880.80) lat (ms,95%): 5.28 err/s: 0.00 reconn/s: 0.00
[ 480s ] thds: 16 tps: 4472.30 qps: 71559.59 (r/w/o: 62614.99/0.00/8944.60) lat (ms,95%): 5.28 err/s: 0.00 reconn/s: 0.00
[ 490s ] thds: 16 tps: 4422.80 qps: 70764.70 (r/w/o: 61919.10/0.00/8845.60) lat (ms,95%): 5.28 err/s: 0.00 reconn/s: 0.00
[ 500s ] thds: 16 tps: 4516.11 qps: 72254.90 (r/w/o: 63222.79/0.00/9032.11) lat (ms,95%): 5.18 err/s: 0.00 reconn/s: 0.00
[ 510s ] thds: 16 tps: 4502.40 qps: 72041.07 (r/w/o: 63036.26/0.00/9004.81) lat (ms,95%): 5.18 err/s: 0.00 reconn/s: 0.00
[ 520s ] thds: 16 tps: 4529.59 qps: 72472.68 (r/w/o: 63413.40/0.00/9059.29) lat (ms,95%): 5.18 err/s: 0.00 reconn/s: 0.00
[ 530s ] thds: 16 tps: 4444.41 qps: 71113.03 (r/w/o: 62224.21/0.00/8888.82) lat (ms,95%): 5.37 err/s: 0.00 reconn/s: 0.00
[ 540s ] thds: 16 tps: 4486.20 qps: 71777.51 (r/w/o: 62805.21/0.00/8972.30) lat (ms,95%): 5.28 err/s: 0.00 reconn/s: 0.00
[ 550s ] thds: 16 tps: 4456.20 qps: 71298.07 (r/w/o: 62385.57/0.00/8912.50) lat (ms,95%): 5.37 err/s: 0.00 reconn/s: 0.00
[ 560s ] thds: 16 tps: 4459.80 qps: 71356.42 (r/w/o: 62436.92/0.00/8919.50) lat (ms,95%): 5.28 err/s: 0.00 reconn/s: 0.00
[ 570s ] thds: 16 tps: 4364.50 qps: 69828.61 (r/w/o: 61099.81/0.00/8728.80) lat (ms,95%): 5.47 err/s: 0.00 reconn/s: 0.00
[ 580s ] thds: 16 tps: 4445.40 qps: 71128.77 (r/w/o: 62237.67/0.00/8891.10) lat (ms,95%): 5.28 err/s: 0.00 reconn/s: 0.00
[ 590s ] thds: 16 tps: 4483.70 qps: 71741.32 (r/w/o: 62773.91/0.00/8967.40) lat (ms,95%): 5.18 err/s: 0.00 reconn/s: 0.00
[ 600s ] thds: 16 tps: 4527.20 qps: 72434.71 (r/w/o: 63380.41/0.00/9054.30) lat (ms,95%): 5.18 err/s: 0.00 reconn/s: 0.00
SQL statistics:
    queries performed:
        read:                            36948100
        write:                           0
        other:                           5278300
        total:                           42226400
    transactions:                        2639150 (4398.54 per sec.)
    queries:                             42226400 (70376.68 per sec.)
    ignored errors:                      0      (0.00 per sec.)
    reconnects:                          0      (0.00 per sec.)

General statistics:
    total time:                          600.0053s
    total number of events:              2639150

Latency (ms):
         min:                                    1.64
         avg:                                    3.64
         max:                                   30.33
         95th percentile:                        5.47
         sum:                              9596913.21

Threads fairness:
    events (avg/stddev):           164946.8750/154.07
    execution time (avg/stddev):   599.8071/0.01

