sysbench --config-file=sysbench.conf oltp_read_only --tables=32 --table-size=1000000 --db-ps-mode=auto --rand-type=uniform run
sysbench 1.0.20 (using system LuaJIT 2.1.0-beta3)

Running the test with following options:
Number of threads: 8
Report intermediate results every 10 second(s)
Initializing random number generator from current time


Initializing worker threads...

Threads started!

[ 10s ] thds: 8 tps: 3197.39 qps: 51166.60 (r/w/o: 44771.01/0.00/6395.59) lat (ms,95%): 3.62 err/s: 0.00 reconn/s: 0.00
[ 20s ] thds: 8 tps: 3275.57 qps: 52410.31 (r/w/o: 45859.17/0.00/6551.14) lat (ms,95%): 3.55 err/s: 0.00 reconn/s: 0.00
[ 30s ] thds: 8 tps: 3234.28 qps: 51745.49 (r/w/o: 45277.03/0.00/6468.46) lat (ms,95%): 3.55 err/s: 0.00 reconn/s: 0.00
[ 40s ] thds: 8 tps: 3258.92 qps: 52146.76 (r/w/o: 45628.82/0.00/6517.95) lat (ms,95%): 3.55 err/s: 0.00 reconn/s: 0.00
[ 50s ] thds: 8 tps: 3279.00 qps: 52461.28 (r/w/o: 45903.28/0.00/6558.00) lat (ms,95%): 3.49 err/s: 0.00 reconn/s: 0.00
[ 60s ] thds: 8 tps: 3281.70 qps: 52508.73 (r/w/o: 45945.33/0.00/6563.40) lat (ms,95%): 3.49 err/s: 0.00 reconn/s: 0.00
[ 70s ] thds: 8 tps: 3417.20 qps: 54674.20 (r/w/o: 47839.80/0.00/6834.40) lat (ms,95%): 3.36 err/s: 0.00 reconn/s: 0.00
[ 80s ] thds: 8 tps: 3482.63 qps: 55723.02 (r/w/o: 48757.75/0.00/6965.26) lat (ms,95%): 3.36 err/s: 0.00 reconn/s: 0.00
[ 90s ] thds: 8 tps: 3447.26 qps: 55157.24 (r/w/o: 48262.71/0.00/6894.53) lat (ms,95%): 3.36 err/s: 0.00 reconn/s: 0.00
[ 100s ] thds: 8 tps: 3478.50 qps: 55653.89 (r/w/o: 48696.89/0.00/6957.00) lat (ms,95%): 3.30 err/s: 0.00 reconn/s: 0.00
[ 110s ] thds: 8 tps: 3448.40 qps: 55175.56 (r/w/o: 48278.77/0.00/6896.80) lat (ms,95%): 3.36 err/s: 0.00 reconn/s: 0.00
[ 120s ] thds: 8 tps: 3377.10 qps: 54033.26 (r/w/o: 47279.05/0.00/6754.21) lat (ms,95%): 3.43 err/s: 0.00 reconn/s: 0.00
[ 130s ] thds: 8 tps: 3410.50 qps: 54565.11 (r/w/o: 47744.21/0.00/6820.90) lat (ms,95%): 3.36 err/s: 0.00 reconn/s: 0.00
[ 140s ] thds: 8 tps: 3391.20 qps: 54260.48 (r/w/o: 47477.99/0.00/6782.50) lat (ms,95%): 3.43 err/s: 0.00 reconn/s: 0.00
[ 150s ] thds: 8 tps: 3225.79 qps: 51613.59 (r/w/o: 45162.00/0.00/6451.59) lat (ms,95%): 3.62 err/s: 0.00 reconn/s: 0.00
[ 160s ] thds: 8 tps: 3299.71 qps: 52795.32 (r/w/o: 46195.90/0.00/6599.41) lat (ms,95%): 3.49 err/s: 0.00 reconn/s: 0.00
[ 170s ] thds: 8 tps: 3312.70 qps: 53003.11 (r/w/o: 46377.71/0.00/6625.40) lat (ms,95%): 3.49 err/s: 0.00 reconn/s: 0.00
[ 180s ] thds: 8 tps: 3450.60 qps: 55210.40 (r/w/o: 48309.20/0.00/6901.20) lat (ms,95%): 3.30 err/s: 0.00 reconn/s: 0.00
[ 190s ] thds: 8 tps: 3434.70 qps: 54952.26 (r/w/o: 48082.87/0.00/6869.40) lat (ms,95%): 3.36 err/s: 0.00 reconn/s: 0.00
[ 200s ] thds: 8 tps: 3453.30 qps: 55254.24 (r/w/o: 48347.64/0.00/6906.61) lat (ms,95%): 3.36 err/s: 0.00 reconn/s: 0.00
[ 210s ] thds: 8 tps: 3469.90 qps: 55518.29 (r/w/o: 48578.49/0.00/6939.80) lat (ms,95%): 3.30 err/s: 0.00 reconn/s: 0.00
[ 220s ] thds: 8 tps: 3495.60 qps: 55928.59 (r/w/o: 48937.49/0.00/6991.10) lat (ms,95%): 3.30 err/s: 0.00 reconn/s: 0.00
[ 230s ] thds: 8 tps: 3507.80 qps: 56127.44 (r/w/o: 49111.74/0.00/7015.71) lat (ms,95%): 3.30 err/s: 0.00 reconn/s: 0.00
[ 240s ] thds: 8 tps: 3454.40 qps: 55268.87 (r/w/o: 48360.07/0.00/6908.80) lat (ms,95%): 3.30 err/s: 0.00 reconn/s: 0.00
[ 250s ] thds: 8 tps: 3378.30 qps: 54055.70 (r/w/o: 47299.10/0.00/6756.60) lat (ms,95%): 3.43 err/s: 0.00 reconn/s: 0.00
[ 260s ] thds: 8 tps: 3415.70 qps: 54646.97 (r/w/o: 47815.67/0.00/6831.30) lat (ms,95%): 3.36 err/s: 0.00 reconn/s: 0.00
[ 270s ] thds: 8 tps: 3329.90 qps: 53282.32 (r/w/o: 46622.42/0.00/6659.90) lat (ms,95%): 3.49 err/s: 0.00 reconn/s: 0.00
[ 280s ] thds: 8 tps: 3286.70 qps: 52584.79 (r/w/o: 46011.49/0.00/6573.30) lat (ms,95%): 3.49 err/s: 0.00 reconn/s: 0.00
[ 290s ] thds: 8 tps: 3342.30 qps: 53476.02 (r/w/o: 46791.41/0.00/6684.60) lat (ms,95%): 3.49 err/s: 0.00 reconn/s: 0.00
[ 300s ] thds: 8 tps: 3302.90 qps: 52848.76 (r/w/o: 46242.87/0.00/6605.90) lat (ms,95%): 3.49 err/s: 0.00 reconn/s: 0.00
[ 310s ] thds: 8 tps: 3476.70 qps: 55626.43 (r/w/o: 48673.03/0.00/6953.40) lat (ms,95%): 3.30 err/s: 0.00 reconn/s: 0.00
[ 320s ] thds: 8 tps: 3399.70 qps: 54393.18 (r/w/o: 47593.89/0.00/6799.30) lat (ms,95%): 3.43 err/s: 0.00 reconn/s: 0.00
[ 330s ] thds: 8 tps: 3266.70 qps: 52268.23 (r/w/o: 45734.72/0.00/6533.50) lat (ms,95%): 3.55 err/s: 0.00 reconn/s: 0.00
[ 340s ] thds: 8 tps: 3335.10 qps: 53361.44 (r/w/o: 46691.23/0.00/6670.20) lat (ms,95%): 3.43 err/s: 0.00 reconn/s: 0.00
[ 350s ] thds: 8 tps: 3404.00 qps: 54466.35 (r/w/o: 47658.36/0.00/6807.99) lat (ms,95%): 3.36 err/s: 0.00 reconn/s: 0.00
[ 360s ] thds: 8 tps: 3393.30 qps: 54291.20 (r/w/o: 47504.70/0.00/6786.50) lat (ms,95%): 3.36 err/s: 0.00 reconn/s: 0.00
[ 370s ] thds: 8 tps: 3445.70 qps: 55132.09 (r/w/o: 48240.69/0.00/6891.40) lat (ms,95%): 3.36 err/s: 0.00 reconn/s: 0.00
[ 380s ] thds: 8 tps: 3393.60 qps: 54298.11 (r/w/o: 47510.81/0.00/6787.30) lat (ms,95%): 3.36 err/s: 0.00 reconn/s: 0.00
[ 390s ] thds: 8 tps: 3408.87 qps: 54541.73 (r/w/o: 47723.98/0.00/6817.74) lat (ms,95%): 3.43 err/s: 0.00 reconn/s: 0.00
[ 400s ] thds: 8 tps: 3371.53 qps: 53944.57 (r/w/o: 47201.51/0.00/6743.06) lat (ms,95%): 3.36 err/s: 0.00 reconn/s: 0.00
[ 410s ] thds: 8 tps: 3270.00 qps: 52319.59 (r/w/o: 45779.59/0.00/6540.00) lat (ms,95%): 3.49 err/s: 0.00 reconn/s: 0.00
[ 420s ] thds: 8 tps: 3350.00 qps: 53600.33 (r/w/o: 46900.32/0.00/6700.00) lat (ms,95%): 3.43 err/s: 0.00 reconn/s: 0.00
[ 430s ] thds: 8 tps: 3450.20 qps: 55202.23 (r/w/o: 48301.83/0.00/6900.40) lat (ms,95%): 3.30 err/s: 0.00 reconn/s: 0.00
[ 440s ] thds: 8 tps: 3413.70 qps: 54618.55 (r/w/o: 47791.25/0.00/6827.29) lat (ms,95%): 3.36 err/s: 0.00 reconn/s: 0.00
[ 450s ] thds: 8 tps: 3432.10 qps: 54914.97 (r/w/o: 48050.68/0.00/6864.30) lat (ms,95%): 3.36 err/s: 0.00 reconn/s: 0.00
[ 460s ] thds: 8 tps: 3432.82 qps: 54924.16 (r/w/o: 48058.51/0.00/6865.64) lat (ms,95%): 3.36 err/s: 0.00 reconn/s: 0.00
[ 470s ] thds: 8 tps: 3441.98 qps: 55071.65 (r/w/o: 48187.70/0.00/6883.96) lat (ms,95%): 3.36 err/s: 0.00 reconn/s: 0.00
[ 480s ] thds: 8 tps: 3407.50 qps: 54520.69 (r/w/o: 47705.79/0.00/6814.90) lat (ms,95%): 3.36 err/s: 0.00 reconn/s: 0.00
[ 490s ] thds: 8 tps: 3163.30 qps: 50611.91 (r/w/o: 44285.21/0.00/6326.70) lat (ms,95%): 3.68 err/s: 0.00 reconn/s: 0.00
[ 500s ] thds: 8 tps: 3177.70 qps: 50844.32 (r/w/o: 44488.93/0.00/6355.39) lat (ms,95%): 3.68 err/s: 0.00 reconn/s: 0.00
[ 510s ] thds: 8 tps: 3363.31 qps: 53811.60 (r/w/o: 47084.99/0.00/6726.61) lat (ms,95%): 3.43 err/s: 0.00 reconn/s: 0.00
[ 520s ] thds: 8 tps: 3231.60 qps: 51704.31 (r/w/o: 45241.31/0.00/6463.00) lat (ms,95%): 3.55 err/s: 0.00 reconn/s: 0.00
[ 530s ] thds: 8 tps: 3243.30 qps: 51896.48 (r/w/o: 45409.69/0.00/6486.80) lat (ms,95%): 3.55 err/s: 0.00 reconn/s: 0.00
[ 540s ] thds: 8 tps: 3335.90 qps: 53372.17 (r/w/o: 46700.37/0.00/6671.80) lat (ms,95%): 3.43 err/s: 0.00 reconn/s: 0.00
[ 550s ] thds: 8 tps: 3329.30 qps: 53268.94 (r/w/o: 46610.34/0.00/6658.61) lat (ms,95%): 3.49 err/s: 0.00 reconn/s: 0.00
[ 560s ] thds: 8 tps: 3327.71 qps: 53244.12 (r/w/o: 46588.71/0.00/6655.42) lat (ms,95%): 3.49 err/s: 0.00 reconn/s: 0.00
[ 570s ] thds: 8 tps: 3319.09 qps: 53105.65 (r/w/o: 46467.47/0.00/6638.18) lat (ms,95%): 3.49 err/s: 0.00 reconn/s: 0.00
[ 580s ] thds: 8 tps: 3317.29 qps: 53075.09 (r/w/o: 46440.50/0.00/6634.59) lat (ms,95%): 3.43 err/s: 0.00 reconn/s: 0.00
[ 590s ] thds: 8 tps: 3425.51 qps: 54808.42 (r/w/o: 47957.41/0.00/6851.02) lat (ms,95%): 3.36 err/s: 0.00 reconn/s: 0.00
[ 600s ] thds: 8 tps: 3459.40 qps: 55351.30 (r/w/o: 48432.50/0.00/6918.80) lat (ms,95%): 3.30 err/s: 0.00 reconn/s: 0.00
SQL statistics:
    queries performed:
        read:                            28269892
        write:                           0
        other:                           4038556
        total:                           32308448
    transactions:                        2019278 (3365.44 per sec.)
    queries:                             32308448 (53847.06 per sec.)
    ignored errors:                      0      (0.00 per sec.)
    reconnects:                          0      (0.00 per sec.)

General statistics:
    total time:                          600.0036s
    total number of events:              2019278

Latency (ms):
         min:                                    1.38
         avg:                                    2.38
         max:                                   27.63
         95th percentile:                        3.43
         sum:                              4798593.21

Threads fairness:
    events (avg/stddev):           252409.7500/486.19
    execution time (avg/stddev):   599.8242/0.01
