sysbench --config-file=sysbench.conf oltp_read_only --tables=32 --table-size=1000000 --db-ps-mode=auto --rand-type=uniform run
sysbench 1.0.20 (using system LuaJIT 2.1.0-beta3)

Running the test with following options:
Number of threads: 8
Report intermediate results every 10 second(s)
Initializing random number generator from current time


Initializing worker threads...

Threads started!

[ 10s ] thds: 8 tps: 2329.64 qps: 37283.90 (r/w/o: 32623.81/0.00/4660.09) lat (ms,95%): 3.75 err/s: 0.00 reconn/s: 0.00
[ 20s ] thds: 8 tps: 2337.46 qps: 37396.58 (r/w/o: 32721.66/0.00/4674.92) lat (ms,95%): 3.75 err/s: 0.00 reconn/s: 0.00
[ 30s ] thds: 8 tps: 2353.00 qps: 37646.81 (r/w/o: 32940.91/0.00/4705.90) lat (ms,95%): 3.68 err/s: 0.00 reconn/s: 0.00
[ 40s ] thds: 8 tps: 2347.30 qps: 37560.79 (r/w/o: 32866.09/0.00/4694.70) lat (ms,95%): 3.75 err/s: 0.00 reconn/s: 0.00
[ 50s ] thds: 8 tps: 2319.70 qps: 37116.10 (r/w/o: 32476.70/0.00/4639.40) lat (ms,95%): 3.82 err/s: 0.00 reconn/s: 0.00
[ 60s ] thds: 8 tps: 2345.20 qps: 37520.79 (r/w/o: 32830.39/0.00/4690.40) lat (ms,95%): 3.75 err/s: 0.00 reconn/s: 0.00
[ 70s ] thds: 8 tps: 2349.70 qps: 37596.05 (r/w/o: 32896.64/0.00/4699.41) lat (ms,95%): 3.68 err/s: 0.00 reconn/s: 0.00
[ 80s ] thds: 8 tps: 2353.00 qps: 37646.64 (r/w/o: 32940.65/0.00/4705.99) lat (ms,95%): 3.68 err/s: 0.00 reconn/s: 0.00
[ 90s ] thds: 8 tps: 2353.60 qps: 37658.25 (r/w/o: 32951.06/0.00/4707.19) lat (ms,95%): 3.68 err/s: 0.00 reconn/s: 0.00
[ 100s ] thds: 8 tps: 2342.31 qps: 37477.48 (r/w/o: 32792.97/0.00/4684.51) lat (ms,95%): 3.75 err/s: 0.00 reconn/s: 0.00
[ 110s ] thds: 8 tps: 2319.49 qps: 37111.31 (r/w/o: 32472.22/0.00/4639.09) lat (ms,95%): 3.82 err/s: 0.00 reconn/s: 0.00
[ 120s ] thds: 8 tps: 2337.80 qps: 37406.94 (r/w/o: 32731.34/0.00/4675.61) lat (ms,95%): 3.75 err/s: 0.00 reconn/s: 0.00
[ 130s ] thds: 8 tps: 2308.50 qps: 36931.63 (r/w/o: 32314.73/0.00/4616.90) lat (ms,95%): 3.82 err/s: 0.00 reconn/s: 0.00
[ 140s ] thds: 8 tps: 2347.10 qps: 37556.43 (r/w/o: 32862.14/0.00/4694.29) lat (ms,95%): 3.75 err/s: 0.00 reconn/s: 0.00
[ 150s ] thds: 8 tps: 2354.30 qps: 37669.48 (r/w/o: 32960.87/0.00/4708.61) lat (ms,95%): 3.68 err/s: 0.00 reconn/s: 0.00
[ 160s ] thds: 8 tps: 2353.30 qps: 37648.94 (r/w/o: 32942.34/0.00/4706.61) lat (ms,95%): 3.68 err/s: 0.00 reconn/s: 0.00
[ 170s ] thds: 8 tps: 2352.79 qps: 37646.71 (r/w/o: 32941.13/0.00/4705.59) lat (ms,95%): 3.68 err/s: 0.00 reconn/s: 0.00
[ 180s ] thds: 8 tps: 2352.80 qps: 37643.45 (r/w/o: 32937.84/0.00/4705.61) lat (ms,95%): 3.68 err/s: 0.00 reconn/s: 0.00
[ 190s ] thds: 8 tps: 2332.88 qps: 37327.52 (r/w/o: 32661.67/0.00/4665.85) lat (ms,95%): 3.75 err/s: 0.00 reconn/s: 0.00
[ 200s ] thds: 8 tps: 2320.92 qps: 37133.12 (r/w/o: 32491.48/0.00/4641.64) lat (ms,95%): 3.82 err/s: 0.00 reconn/s: 0.00
[ 210s ] thds: 8 tps: 2307.50 qps: 36922.88 (r/w/o: 32307.78/0.00/4615.10) lat (ms,95%): 3.89 err/s: 0.00 reconn/s: 0.00
[ 220s ] thds: 8 tps: 2340.30 qps: 37443.92 (r/w/o: 32763.32/0.00/4680.60) lat (ms,95%): 3.75 err/s: 0.00 reconn/s: 0.00
[ 230s ] thds: 8 tps: 2330.00 qps: 37279.30 (r/w/o: 32619.30/0.00/4660.00) lat (ms,95%): 3.75 err/s: 0.00 reconn/s: 0.00
[ 240s ] thds: 8 tps: 2336.59 qps: 37388.41 (r/w/o: 32715.22/0.00/4673.19) lat (ms,95%): 3.75 err/s: 0.00 reconn/s: 0.00
[ 250s ] thds: 8 tps: 2343.41 qps: 37493.03 (r/w/o: 32806.21/0.00/4686.82) lat (ms,95%): 3.68 err/s: 0.00 reconn/s: 0.00
[ 260s ] thds: 8 tps: 2334.79 qps: 37353.92 (r/w/o: 32684.44/0.00/4669.48) lat (ms,95%): 3.75 err/s: 0.00 reconn/s: 0.00
[ 270s ] thds: 8 tps: 2322.51 qps: 37159.19 (r/w/o: 32514.07/0.00/4645.11) lat (ms,95%): 3.82 err/s: 0.00 reconn/s: 0.00
[ 280s ] thds: 8 tps: 2347.70 qps: 37566.11 (r/w/o: 32870.71/0.00/4695.40) lat (ms,95%): 3.68 err/s: 0.00 reconn/s: 0.00
[ 290s ] thds: 8 tps: 2322.01 qps: 37151.25 (r/w/o: 32507.23/0.00/4644.02) lat (ms,95%): 3.82 err/s: 0.00 reconn/s: 0.00
[ 300s ] thds: 8 tps: 2316.79 qps: 37070.57 (r/w/o: 32436.99/0.00/4633.57) lat (ms,95%): 3.82 err/s: 0.00 reconn/s: 0.00
[ 310s ] thds: 8 tps: 2303.60 qps: 36855.82 (r/w/o: 32248.63/0.00/4607.19) lat (ms,95%): 3.89 err/s: 0.00 reconn/s: 0.00
[ 320s ] thds: 8 tps: 2356.01 qps: 37697.40 (r/w/o: 32985.39/0.00/4712.01) lat (ms,95%): 3.68 err/s: 0.00 reconn/s: 0.00
[ 330s ] thds: 8 tps: 2352.21 qps: 37634.71 (r/w/o: 32930.40/0.00/4704.31) lat (ms,95%): 3.68 err/s: 0.00 reconn/s: 0.00
[ 340s ] thds: 8 tps: 2343.19 qps: 37489.60 (r/w/o: 32803.12/0.00/4686.49) lat (ms,95%): 3.75 err/s: 0.00 reconn/s: 0.00
[ 350s ] thds: 8 tps: 2346.91 qps: 37552.41 (r/w/o: 32858.59/0.00/4693.81) lat (ms,95%): 3.68 err/s: 0.00 reconn/s: 0.00
[ 360s ] thds: 8 tps: 2335.70 qps: 37370.37 (r/w/o: 32698.98/0.00/4671.40) lat (ms,95%): 3.75 err/s: 0.00 reconn/s: 0.00
[ 370s ] thds: 8 tps: 2324.51 qps: 37189.82 (r/w/o: 32540.91/0.00/4648.92) lat (ms,95%): 3.75 err/s: 0.00 reconn/s: 0.00
[ 380s ] thds: 8 tps: 2334.39 qps: 37354.90 (r/w/o: 32686.02/0.00/4668.87) lat (ms,95%): 3.75 err/s: 0.00 reconn/s: 0.00
[ 390s ] thds: 8 tps: 2345.30 qps: 37524.03 (r/w/o: 32833.43/0.00/4690.60) lat (ms,95%): 3.75 err/s: 0.00 reconn/s: 0.00
[ 400s ] thds: 8 tps: 2347.90 qps: 37566.57 (r/w/o: 32870.77/0.00/4695.81) lat (ms,95%): 3.68 err/s: 0.00 reconn/s: 0.00
[ 410s ] thds: 8 tps: 2333.99 qps: 37338.98 (r/w/o: 32670.99/0.00/4667.98) lat (ms,95%): 3.75 err/s: 0.00 reconn/s: 0.00
[ 420s ] thds: 8 tps: 2343.01 qps: 37492.20 (r/w/o: 32806.18/0.00/4686.01) lat (ms,95%): 3.68 err/s: 0.00 reconn/s: 0.00
[ 430s ] thds: 8 tps: 2320.30 qps: 37123.24 (r/w/o: 32482.85/0.00/4640.39) lat (ms,95%): 3.75 err/s: 0.00 reconn/s: 0.00
[ 440s ] thds: 8 tps: 2341.40 qps: 37461.68 (r/w/o: 32778.67/0.00/4683.01) lat (ms,95%): 3.75 err/s: 0.00 reconn/s: 0.00
[ 450s ] thds: 8 tps: 2348.90 qps: 37584.40 (r/w/o: 32886.60/0.00/4697.80) lat (ms,95%): 3.68 err/s: 0.00 reconn/s: 0.00
[ 460s ] thds: 8 tps: 2300.20 qps: 36804.43 (r/w/o: 32204.03/0.00/4600.40) lat (ms,95%): 3.96 err/s: 0.00 reconn/s: 0.00
[ 470s ] thds: 8 tps: 2319.70 qps: 37115.81 (r/w/o: 32476.41/0.00/4639.40) lat (ms,95%): 3.82 err/s: 0.00 reconn/s: 0.00
[ 480s ] thds: 8 tps: 2336.79 qps: 37387.91 (r/w/o: 32714.33/0.00/4673.58) lat (ms,95%): 3.75 err/s: 0.00 reconn/s: 0.00
[ 490s ] thds: 8 tps: 2340.11 qps: 37437.02 (r/w/o: 32756.80/0.00/4680.21) lat (ms,95%): 3.75 err/s: 0.00 reconn/s: 0.00
[ 500s ] thds: 8 tps: 2331.00 qps: 37299.26 (r/w/o: 32637.26/0.00/4662.01) lat (ms,95%): 3.75 err/s: 0.00 reconn/s: 0.00
[ 510s ] thds: 8 tps: 2346.79 qps: 37547.68 (r/w/o: 32854.09/0.00/4693.58) lat (ms,95%): 3.68 err/s: 0.00 reconn/s: 0.00
[ 520s ] thds: 8 tps: 2341.20 qps: 37462.00 (r/w/o: 32779.60/0.00/4682.40) lat (ms,95%): 3.75 err/s: 0.00 reconn/s: 0.00
[ 530s ] thds: 8 tps: 2329.01 qps: 37263.51 (r/w/o: 32605.49/0.00/4658.01) lat (ms,95%): 3.82 err/s: 0.00 reconn/s: 0.00
[ 540s ] thds: 8 tps: 2320.69 qps: 37130.26 (r/w/o: 32488.89/0.00/4641.37) lat (ms,95%): 3.82 err/s: 0.00 reconn/s: 0.00
[ 550s ] thds: 8 tps: 2324.82 qps: 37196.35 (r/w/o: 32546.72/0.00/4649.63) lat (ms,95%): 3.82 err/s: 0.00 reconn/s: 0.00
[ 560s ] thds: 8 tps: 2329.89 qps: 37280.27 (r/w/o: 32620.50/0.00/4659.77) lat (ms,95%): 3.82 err/s: 0.00 reconn/s: 0.00
[ 570s ] thds: 8 tps: 2347.41 qps: 37558.09 (r/w/o: 32863.27/0.00/4694.82) lat (ms,95%): 3.68 err/s: 0.00 reconn/s: 0.00
[ 580s ] thds: 8 tps: 2352.59 qps: 37640.56 (r/w/o: 32935.38/0.00/4705.18) lat (ms,95%): 3.68 err/s: 0.00 reconn/s: 0.00
[ 590s ] thds: 8 tps: 2350.11 qps: 37600.08 (r/w/o: 32899.85/0.00/4700.22) lat (ms,95%): 3.68 err/s: 0.00 reconn/s: 0.00
[ 600s ] thds: 8 tps: 2315.80 qps: 37054.29 (r/w/o: 32422.69/0.00/4631.60) lat (ms,95%): 3.82 err/s: 0.00 reconn/s: 0.00
SQL statistics:
    queries performed:
        read:                            19624738
        write:                           0
        other:                           2803534
        total:                           22428272
    transactions:                        1401767 (2336.26 per sec.)
    queries:                             22428272 (37380.18 per sec.)
    ignored errors:                      0      (0.00 per sec.)
    reconnects:                          0      (0.00 per sec.)

General statistics:
    total time:                          600.0040s
    total number of events:              1401767

Latency (ms):
         min:                                    2.50
         avg:                                    3.42
         max:                                   14.24
         95th percentile:                        3.75
         sum:                              4798827.37

Threads fairness:
    events (avg/stddev):           175220.8750/64.11
    execution time (avg/stddev):   599.8534/0.00
