sysbench --config-file=sysbench.conf oltp_update_index --tables=32 --table-size=1000000 --db-ps-mode=auto --rand-type=uniform run
sysbench 1.0.20 (using system LuaJIT 2.1.0-beta3)

Running the test with following options:
Number of threads: 8
Report intermediate results every 10 second(s)
Initializing random number generator from current time


Initializing worker threads...

Threads started!

[ 10s ] thds: 8 tps: 29027.99 qps: 29027.99 (r/w/o: 0.00/28959.49/68.50) lat (ms,95%): 0.39 err/s: 0.00 reconn/s: 0.00
[ 20s ] thds: 8 tps: 29212.10 qps: 29212.10 (r/w/o: 0.00/29144.60/67.50) lat (ms,95%): 0.40 err/s: 0.00 reconn/s: 0.00
[ 30s ] thds: 8 tps: 29709.85 qps: 29709.85 (r/w/o: 0.00/29635.95/73.90) lat (ms,95%): 0.39 err/s: 0.00 reconn/s: 0.00
[ 40s ] thds: 8 tps: 28523.82 qps: 28523.82 (r/w/o: 0.00/28454.12/69.70) lat (ms,95%): 0.40 err/s: 0.00 reconn/s: 0.00
[ 50s ] thds: 8 tps: 29181.44 qps: 29181.44 (r/w/o: 0.00/29108.14/73.30) lat (ms,95%): 0.40 err/s: 0.00 reconn/s: 0.00
[ 60s ] thds: 8 tps: 28740.16 qps: 28740.16 (r/w/o: 0.00/28666.46/73.70) lat (ms,95%): 0.40 err/s: 0.00 reconn/s: 0.00
[ 70s ] thds: 8 tps: 29504.64 qps: 29504.64 (r/w/o: 0.00/29431.94/72.70) lat (ms,95%): 0.39 err/s: 0.00 reconn/s: 0.00
[ 80s ] thds: 8 tps: 29241.17 qps: 29241.17 (r/w/o: 0.00/29170.37/70.80) lat (ms,95%): 0.39 err/s: 0.00 reconn/s: 0.00
[ 90s ] thds: 8 tps: 30188.80 qps: 30188.80 (r/w/o: 0.00/30111.50/77.30) lat (ms,95%): 0.39 err/s: 0.00 reconn/s: 0.00
[ 100s ] thds: 8 tps: 29245.74 qps: 29245.74 (r/w/o: 0.00/29174.34/71.40) lat (ms,95%): 0.39 err/s: 0.00 reconn/s: 0.00
[ 110s ] thds: 8 tps: 29740.01 qps: 29740.01 (r/w/o: 0.00/29666.71/73.30) lat (ms,95%): 0.39 err/s: 0.00 reconn/s: 0.00
[ 120s ] thds: 8 tps: 28107.55 qps: 28107.55 (r/w/o: 0.00/28037.95/69.60) lat (ms,95%): 0.40 err/s: 0.00 reconn/s: 0.00
[ 130s ] thds: 8 tps: 29101.03 qps: 29101.03 (r/w/o: 0.00/29026.13/74.90) lat (ms,95%): 0.40 err/s: 0.00 reconn/s: 0.00
[ 140s ] thds: 8 tps: 26270.07 qps: 26270.07 (r/w/o: 0.00/26207.27/62.80) lat (ms,95%): 0.43 err/s: 0.00 reconn/s: 0.00
[ 150s ] thds: 8 tps: 29487.84 qps: 29487.84 (r/w/o: 0.00/29416.34/71.50) lat (ms,95%): 0.39 err/s: 0.00 reconn/s: 0.00
[ 160s ] thds: 8 tps: 25922.32 qps: 25922.32 (r/w/o: 0.00/25861.82/60.50) lat (ms,95%): 0.42 err/s: 0.00 reconn/s: 0.00
[ 170s ] thds: 8 tps: 30725.25 qps: 30725.25 (r/w/o: 0.00/30653.85/71.40) lat (ms,95%): 0.38 err/s: 0.00 reconn/s: 0.00
[ 180s ] thds: 8 tps: 27952.36 qps: 27952.36 (r/w/o: 0.00/27881.76/70.60) lat (ms,95%): 0.41 err/s: 0.00 reconn/s: 0.00
[ 190s ] thds: 8 tps: 28980.00 qps: 28980.00 (r/w/o: 0.00/28906.80/73.20) lat (ms,95%): 0.40 err/s: 0.00 reconn/s: 0.00
[ 200s ] thds: 8 tps: 25756.79 qps: 25756.79 (r/w/o: 0.00/25698.29/58.50) lat (ms,95%): 0.43 err/s: 0.00 reconn/s: 0.00
[ 210s ] thds: 8 tps: 29387.65 qps: 29387.65 (r/w/o: 0.00/29318.15/69.50) lat (ms,95%): 0.39 err/s: 0.00 reconn/s: 0.00
[ 220s ] thds: 8 tps: 28042.97 qps: 28042.97 (r/w/o: 0.00/27972.77/70.20) lat (ms,95%): 0.40 err/s: 0.00 reconn/s: 0.00
[ 230s ] thds: 8 tps: 28757.92 qps: 28757.92 (r/w/o: 0.00/28690.22/67.70) lat (ms,95%): 0.40 err/s: 0.00 reconn/s: 0.00
[ 240s ] thds: 8 tps: 27524.99 qps: 27524.99 (r/w/o: 0.00/27454.49/70.50) lat (ms,95%): 0.41 err/s: 0.00 reconn/s: 0.00
[ 250s ] thds: 8 tps: 28814.79 qps: 28814.79 (r/w/o: 0.00/28746.09/68.70) lat (ms,95%): 0.39 err/s: 0.00 reconn/s: 0.00
[ 260s ] thds: 8 tps: 28363.77 qps: 28363.77 (r/w/o: 0.00/28298.57/65.20) lat (ms,95%): 0.41 err/s: 0.00 reconn/s: 0.00
[ 270s ] thds: 8 tps: 28009.69 qps: 28009.69 (r/w/o: 0.00/27944.39/65.30) lat (ms,95%): 0.40 err/s: 0.00 reconn/s: 0.00
[ 280s ] thds: 8 tps: 29075.68 qps: 29075.68 (r/w/o: 0.00/29005.98/69.70) lat (ms,95%): 0.39 err/s: 0.00 reconn/s: 0.00
[ 290s ] thds: 8 tps: 28610.88 qps: 28610.88 (r/w/o: 0.00/28542.98/67.90) lat (ms,95%): 0.39 err/s: 0.00 reconn/s: 0.00
[ 300s ] thds: 8 tps: 29796.50 qps: 29796.50 (r/w/o: 0.00/29724.90/71.60) lat (ms,95%): 0.39 err/s: 0.00 reconn/s: 0.00
[ 310s ] thds: 8 tps: 28272.99 qps: 28272.99 (r/w/o: 0.00/28204.59/68.40) lat (ms,95%): 0.40 err/s: 0.00 reconn/s: 0.00
[ 320s ] thds: 8 tps: 29672.37 qps: 29672.37 (r/w/o: 0.00/29605.37/67.00) lat (ms,95%): 0.39 err/s: 0.00 reconn/s: 0.00
[ 330s ] thds: 8 tps: 28000.11 qps: 28000.11 (r/w/o: 0.00/27933.61/66.50) lat (ms,95%): 0.39 err/s: 0.00 reconn/s: 0.00
[ 340s ] thds: 8 tps: 29748.04 qps: 29748.04 (r/w/o: 0.00/29675.24/72.80) lat (ms,95%): 0.39 err/s: 0.00 reconn/s: 0.00
[ 350s ] thds: 8 tps: 27438.12 qps: 27438.12 (r/w/o: 0.00/27376.02/62.10) lat (ms,95%): 0.41 err/s: 0.00 reconn/s: 0.00
[ 360s ] thds: 8 tps: 29775.45 qps: 29775.45 (r/w/o: 0.00/29699.75/75.70) lat (ms,95%): 0.39 err/s: 0.00 reconn/s: 0.00
[ 370s ] thds: 8 tps: 26418.12 qps: 26418.12 (r/w/o: 0.00/26356.52/61.60) lat (ms,95%): 0.42 err/s: 0.00 reconn/s: 0.00
[ 380s ] thds: 8 tps: 29977.83 qps: 29977.83 (r/w/o: 0.00/29902.03/75.80) lat (ms,95%): 0.39 err/s: 0.00 reconn/s: 0.00
[ 390s ] thds: 8 tps: 27544.60 qps: 27544.60 (r/w/o: 0.00/27477.50/67.10) lat (ms,95%): 0.41 err/s: 0.00 reconn/s: 0.00
[ 400s ] thds: 8 tps: 29823.83 qps: 29823.83 (r/w/o: 0.00/29751.13/72.70) lat (ms,95%): 0.39 err/s: 0.00 reconn/s: 0.00
[ 410s ] thds: 8 tps: 26614.64 qps: 26614.64 (r/w/o: 0.00/26549.34/65.30) lat (ms,95%): 0.42 err/s: 0.00 reconn/s: 0.00
[ 420s ] thds: 8 tps: 29935.66 qps: 29935.66 (r/w/o: 0.00/29863.56/72.10) lat (ms,95%): 0.39 err/s: 0.00 reconn/s: 0.00
[ 430s ] thds: 8 tps: 27755.70 qps: 27755.70 (r/w/o: 0.00/27690.70/65.00) lat (ms,95%): 0.40 err/s: 0.00 reconn/s: 0.00
[ 440s ] thds: 8 tps: 29364.28 qps: 29364.28 (r/w/o: 0.00/29293.58/70.70) lat (ms,95%): 0.39 err/s: 0.00 reconn/s: 0.00
[ 450s ] thds: 8 tps: 26753.44 qps: 26753.44 (r/w/o: 0.00/26692.14/61.30) lat (ms,95%): 0.42 err/s: 0.00 reconn/s: 0.00
[ 460s ] thds: 8 tps: 29602.84 qps: 29602.84 (r/w/o: 0.00/29530.34/72.50) lat (ms,95%): 0.39 err/s: 0.00 reconn/s: 0.00
[ 470s ] thds: 8 tps: 27558.84 qps: 27558.84 (r/w/o: 0.00/27492.44/66.40) lat (ms,95%): 0.41 err/s: 0.00 reconn/s: 0.00
[ 480s ] thds: 8 tps: 29846.52 qps: 29846.52 (r/w/o: 0.00/29770.62/75.90) lat (ms,95%): 0.39 err/s: 0.00 reconn/s: 0.00
[ 490s ] thds: 8 tps: 26589.08 qps: 26589.08 (r/w/o: 0.00/26523.38/65.70) lat (ms,95%): 0.41 err/s: 0.00 reconn/s: 0.00
[ 500s ] thds: 8 tps: 30103.80 qps: 30103.80 (r/w/o: 0.00/30034.40/69.40) lat (ms,95%): 0.39 err/s: 0.00 reconn/s: 0.00
[ 510s ] thds: 8 tps: 26945.18 qps: 26945.18 (r/w/o: 0.00/26881.08/64.10) lat (ms,95%): 0.41 err/s: 0.00 reconn/s: 0.00
[ 520s ] thds: 8 tps: 29545.20 qps: 29545.20 (r/w/o: 0.00/29471.90/73.30) lat (ms,95%): 0.39 err/s: 0.00 reconn/s: 0.00
[ 530s ] thds: 8 tps: 28741.31 qps: 28741.31 (r/w/o: 0.00/28673.51/67.80) lat (ms,95%): 0.40 err/s: 0.00 reconn/s: 0.00
[ 540s ] thds: 8 tps: 29348.50 qps: 29348.50 (r/w/o: 0.00/29276.70/71.80) lat (ms,95%): 0.39 err/s: 0.00 reconn/s: 0.00
[ 550s ] thds: 8 tps: 28885.39 qps: 28885.39 (r/w/o: 0.00/28815.39/70.00) lat (ms,95%): 0.39 err/s: 0.00 reconn/s: 0.00
[ 560s ] thds: 8 tps: 28740.09 qps: 28740.09 (r/w/o: 0.00/28668.29/71.80) lat (ms,95%): 0.39 err/s: 0.00 reconn/s: 0.00
[ 570s ] thds: 8 tps: 28718.18 qps: 28718.18 (r/w/o: 0.00/28645.08/73.10) lat (ms,95%): 0.40 err/s: 0.00 reconn/s: 0.00
[ 580s ] thds: 8 tps: 30011.09 qps: 30011.09 (r/w/o: 0.00/29939.19/71.90) lat (ms,95%): 0.39 err/s: 0.00 reconn/s: 0.00
[ 590s ] thds: 8 tps: 28613.77 qps: 28613.77 (r/w/o: 0.00/28548.27/65.50) lat (ms,95%): 0.41 err/s: 0.00 reconn/s: 0.00
[ 600s ] thds: 8 tps: 26592.63 qps: 26592.63 (r/w/o: 0.00/26529.73/62.90) lat (ms,95%): 0.42 err/s: 0.00 reconn/s: 0.00
SQL statistics:
    queries performed:
        read:                            0
        write:                           17137859
        other:                           41576
        total:                           17179435
    transactions:                        17179435 (28632.32 per sec.)
    queries:                             17179435 (28632.32 per sec.)
    ignored errors:                      0      (0.00 per sec.)
    reconnects:                          0      (0.00 per sec.)

General statistics:
    total time:                          600.0011s
    total number of events:              17179435

Latency (ms):
         min:                                    0.04
         avg:                                    0.28
         max:                                   84.18
         95th percentile:                        0.40
         sum:                              4794354.41

Threads fairness:
    events (avg/stddev):           2147429.3750/2381.87
    execution time (avg/stddev):   599.2943/0.02

