procs -----------memory---------- ---swap-- -----io---- -system-- -------cpu-------
 r  b 交换 空闲 缓冲 缓存   si   so    bi    bo   in   cs us sy id wa st gu
 2  0   2304 679304 5623696 24479068    0    0  2079   112 2933    3  1  0 99  0  0  0
 0  0   2304 679044 5623696 24479076    0    0     0     0 15336 13966  1  2 96  0  0  0
 0  0   2304 675768 5623696 24479076    0    0     0     0 17240 15099  1  2 96  0  0  0
 0  0   2304 677368 5623696 24479076    0    0     0   108 16985 14145  1  2 96  0  0  0
 1  0   2304 678828 5623704 24479076    0    0     0    56 17763 15452  2  2 96  0  0  0
 0  0   2304 681516 5623704 24479076    0    0     0     0 16771 14198  1  2 97  0  0  0
 0  0   2304 682788 5623712 24479076    0    0     0   196 12122 10835  1  2 97  0  0  0
 6  0   2304 683984 5623712 24479076    0    0     0     0 15627 13553  1  2 96  0  0  0
 1  0   2304 684760 5623712 24479076    0    0     0     0 14444 12657  1  2 97  0  0  0
 0  0   2304 684508 5623712 24479076    0    0     0   140 17245 13736  1  3 96  0  0  0
 1  0   2304 684508 5623720 24479080    0    0     0    36 16262 13645  1  3 96  0  0  0
 0  0   2304 684508 5623728 24479072    0    0     0    40 16570 14387  2  2 96  0  0  0
 0  0   2304 684508 5623728 24479080    0    0     0     0 17749 14447  2  3 96  0  0  0
 1  0   2304 684508 5623728 24479080    0    0     0     0 17407 13916  1  3 96  0  0  0
 1  0   2304 684508 5623728 24479080    0    0     0     0 17286 14019  2  2 96  0  0  0
 0  0   2304 684252 5623728 24479080    0    0     0    80 17495 13923  1  3 96  0  0  0
 0  0   2304 684508 5623728 24479080    0    0     0    12 17741 14610  1  3 96  0  0  0
 0  0   2304 684252 5623744 24479072    0    0     0    40 14009 11268  1  2 97  0  0  0
 2  0   2304 684312 5623744 24479080    0    0     0     0 12226 10886  1  2 97  0  0  0
 0  0   2304 684312 5623744 24479080    0    0     0     0 16757 13466  2  3 96  0  0  0
 0  0   2304 679992 5623744 24479080    0    0     0     0 16341 13999  1  2 97  0  0  0
procs -----------memory---------- ---swap-- -----io---- -system-- -------cpu-------
 r  b 交换 空闲 缓冲 缓存   si   so    bi    bo   in   cs us sy id wa st gu
 1  0   2304 679256 5623744 24479080    0    0     0   112 14355 13271  1  2 97  0  0  0
 2  0   2304 679512 5623744 24479080    0    0     0    16 17972 15570  2  3 96  0  0  0
 1  0   2304 679512 5623760 24479080    0    0     0    44 16971 14379  1  3 96  0  0  0
 0  0   2304 679256 5623760 24479080    0    0     0   152 14758 12835  1  2 97  0  0  0
 0  0   2304 679512 5623760 24479080    0    0     0     0 10668 9621  1  1 98  0  0  0
 0  0   2304 679256 5623760 24479080    0    0     0     0 9547 8649  1  1 98  0  0  0
 1  0   2304 679512 5623760 24479080    0    0     0    68 8786 7781  1  1 98  0  0  0
 1  0   2304 679256 5623760 24479080    0    0     0     8 9522 8694  1  2 97  0  0  0
 1  0   2304 679260 5623776 24479072    0    0     0   244 10516 9560  1  2 97  0  0  0
 0  0   2304 679004 5623776 24479080    0    0     0     0 11393 10592  1  2 97  0  0  0
 1  0   2304 679008 5623776 24479080    0    0     0     0 12781 11845  1  2 97  0  0  0
 0  0   2304 678756 5623776 24479080    0    0     0     0 17859 15184  1  3 96  0  0  0
 0  0   2304 678500 5623776 24479080    0    0     0   140 14501 12377  1  2 97  0  0  0
 2  0   2304 678756 5623776 24479080    0    0     0    16 11598 9633  1  1 98  0  0  0
 0  0   2304 678500 5623784 24479080    0    0     0    12 15388 12042  1  2 97  0  0  0
 0  0   2304 678756 5623792 24479080    0    0     0    16 16133 13917  2  2 96  0  0  0
 0  0   2304 678756 5623792 24479080    0    0     0     0 12004 10980  1  1 98  0  0  0
 0  0   2304 678756 5623792 24479080    0    0     0     0 16816 15010  1  2 97  0  0  0
 0  0   2304 678500 5623792 24479080    0    0     0    96 17236 14648  2  3 96  0  0  0
 1  0   2304 678756 5623800 24479080    0    0     0    20 17861 15927  2  3 95  0  0  0
 1  0   2304 678756 5623800 24479080    0    0     0     0 17639 14715  1  3 96  0  0  0
procs -----------memory---------- ---swap-- -----io---- -system-- -------cpu-------
 r  b 交换 空闲 缓冲 缓存   si   so    bi    bo   in   cs us sy id wa st gu
 2  0   2304 679012 5623808 24479076    0    0     0    16 17044 15589  2  3 95  0  0  0
 0  0   2304 679012 5623808 24479084    0    0     0     0 16559 13749  2  3 96  0  0  0
 1  0   2304 678756 5623808 24479116    0    0     0     0 14759 12612  1  2 97  0  0  0
 0  0   2304 679012 5623808 24479116    0    0     0    56 11913 10473  1  2 97  0  0  0
 0  0   2304 678756 5623816 24479116    0    0     0    20 14127 11501  2  3 96  0  0  0
 0  0   2304 679012 5623816 24479116    0    0     0     0 11436 9746  1  2 97  0  0  0
 2  0   2304 678244 5623824 24479116    0    0     0    16 10560 10132  1  2 97  0  0  0
 0  0   2304 679012 5623824 24479120    0    0     0     0 16106 13174  2  3 96  0  0  0
 1  0   2304 674660 5623824 24479120    0    0     0     0 16988 14491  2  2 96  0  0  0
 0  0   2304 674916 5623832 24479120    0    0     0   112 14589 12405  1  2 97  0  0  0
 0  0   2304 674916 5623832 24479120    0    0     0    12 17559 15375  2  3 96  0  0  0
 2  0   2304 674660 5623832 24479124    0    0     0     0 17105 13543  1  3 96  0  0  0
 0  0   2304 674916 5623840 24479124    0    0     0    32 17694 14396  2  2 96  0  0  0
 0  0   2304 674660 5623840 24479124    0    0     0     0 17590 14034  1  2 96  0  0  0
 0  0   2304 674916 5623840 24479124    0    0     0     0 17825 14531  2  2 96  0  0  0
 0  0   2304 674148 5623848 24479124    0    0     0    84 18069 14702  1  3 96  0  0  0
 0  0   2304 674776 5623848 24479124    0    0     0     4 17864 15838  2  3 96  0  0  0
 1  0   2304 674420 5623852 24479120    0    0     0   292 11129 8980  1  1 98  0  0  0
 0  0   2304 674676 5623852 24479124    0    0     0     0 14802 12927  1  2 96  0  0  0
 0  0   2304 674676 5623852 24479124    0    0     0     0 17172 13911  1  3 96  0  0  0
 0  0   2304 674164 5623852 24479124    0    0     0     0 15002 13873  1  3 96  0  0  0
procs -----------memory---------- ---swap-- -----io---- -system-- -------cpu-------
 r  b 交换 空闲 缓冲 缓存   si   so    bi    bo   in   cs us sy id wa st gu
 1  0   2304 674676 5623860 24479124    0    0     0   156 17312 13704  1  2 97  0  0  0
 0  0   2304 674420 5623860 24479124    0    0     0    24 17713 14493  1  3 96  0  0  0
 2  0   2304 674676 5623864 24479120    0    0     0    24 17284 13900  1  2 96  0  0  0
 4  0   2304 674420 5623864 24479124    0    0     0     0 17573 14187  1  3 96  0  0  0
 0  0   2304 674420 5623864 24479124    0    0     0     0 17791 14270  2  3 95  0  0  0
 1  0   2304 674676 5623864 24479124    0    0     0     0 17812 14836  2  3 96  0  0  0
 2  0   2304 674420 5623872 24479124    0    0     0   132 17676 14180  1  3 96  0  0  0
 2  0   2304 674676 5623872 24479124    0    0     0    12 14461 12490  1  2 97  0  0  0
 1  0   2304 674676 5623872 24479124    0    0     0     0 10541 8931  1  2 98  0  0  0
 0  0   2304 674676 5623880 24479124    0    0     0    16 15619 14029  1  2 97  0  0  0
 0  0   2304 674420 5623880 24479124    0    0     0     0 16807 13225  2  2 96  0  0  0
 2  0   2304 674676 5623880 24479124    0    0     0     0 14695 11964  1  2 97  0  0  0
 0  0   2304 674420 5623888 24479124    0    0     0    68 17197 13599  1  3 96  0  0  0
 0  0   2304 674676 5623888 24479124    0    0     0     4 17457 14246  1  2 96  0  0  0
 0  0   2304 674420 5623888 24479124    0    0     0     0 17868 14328  1  3 95  0  0  0
 0  0   2304 673920 5623892 24479124    0    0     0    16 17623 14776  1  3 96  0  0  0
 1  0   2304 673920 5623892 24479124    0    0     0     0 18038 14379  2  3 96  0  0  0
 0  0   2304 669572 5623892 24479124    0    0     0     0 18440 15945  1  2 96  0  0  0
 1  0   2304 668564 5623900 24479124    0    0     0   100 18346 15497  1  2 96  0  0  0
 0  0   2304 668564 5623900 24479124    0    0     0     4 13133 12013  1  2 97  0  0  0
 0  0   2304 668564 5623900 24479124    0    0     0     0 13391 10767  1  2 98  0  0  0
procs -----------memory---------- ---swap-- -----io---- -system-- -------cpu-------
 r  b 交换 空闲 缓冲 缓存   si   so    bi    bo   in   cs us sy id wa st gu
 1  0   2304 668564 5623904 24479124    0    0     0   184 17652 14888  1  3 96  0  0  0
