$ time sysbench --config-file=sysbench.conf oltp_read_only --tables=32 --table-size=1000000 --db-ps-mode=auto --rand-type=uniform run
sysbench 1.0.20 (using system LuaJIT 2.1.1700206165)

Running the test with following options:
Number of threads: 16
Report intermediate results every 10 second(s)
Initializing random number generator from current time


Initializing worker threads...

Threads started!

[ 10s ] thds: 16 tps: 239.67 qps: 3850.56 (r/w/o: 3369.73/0.00/480.83) lat (ms,95%): 99.33 err/s: 0.00 reconn/s: 0.00
[ 20s ] thds: 16 tps: 253.51 qps: 4059.44 (r/w/o: 3552.31/0.00/507.13) lat (ms,95%): 89.16 err/s: 0.00 reconn/s: 0.00
[ 30s ] thds: 16 tps: 259.60 qps: 4150.61 (r/w/o: 3631.50/0.00/519.10) lat (ms,95%): 89.16 err/s: 0.00 reconn/s: 0.00
[ 40s ] thds: 16 tps: 258.00 qps: 4128.28 (r/w/o: 3612.19/0.00/516.10) lat (ms,95%): 89.16 err/s: 0.00 reconn/s: 0.00
[ 50s ] thds: 16 tps: 258.40 qps: 4133.34 (r/w/o: 3616.53/0.00/516.80) lat (ms,95%): 90.78 err/s: 0.00 reconn/s: 0.00
[ 60s ] thds: 16 tps: 258.30 qps: 4133.67 (r/w/o: 3617.08/0.00/516.60) lat (ms,95%): 89.16 err/s: 0.00 reconn/s: 0.00
[ 70s ] thds: 16 tps: 258.20 qps: 4130.49 (r/w/o: 3614.09/0.00/516.40) lat (ms,95%): 90.78 err/s: 0.00 reconn/s: 0.00
[ 80s ] thds: 16 tps: 246.90 qps: 3950.11 (r/w/o: 3456.31/0.00/493.80) lat (ms,95%): 94.10 err/s: 0.00 reconn/s: 0.00
[ 90s ] thds: 16 tps: 253.60 qps: 4061.52 (r/w/o: 3554.32/0.00/507.20) lat (ms,95%): 95.81 err/s: 0.00 reconn/s: 0.00
[ 100s ] thds: 16 tps: 254.60 qps: 4071.99 (r/w/o: 3562.79/0.00/509.20) lat (ms,95%): 81.48 err/s: 0.00 reconn/s: 0.00
[ 110s ] thds: 16 tps: 251.30 qps: 4021.29 (r/w/o: 3518.69/0.00/502.60) lat (ms,95%): 80.03 err/s: 0.00 reconn/s: 0.00
[ 120s ] thds: 16 tps: 242.10 qps: 3870.28 (r/w/o: 3386.08/0.00/484.20) lat (ms,95%): 92.42 err/s: 0.00 reconn/s: 0.00
[ 130s ] thds: 16 tps: 245.70 qps: 3931.15 (r/w/o: 3439.94/0.00/491.21) lat (ms,95%): 101.13 err/s: 0.00 reconn/s: 0.00
[ 140s ] thds: 16 tps: 228.80 qps: 3661.99 (r/w/o: 3204.19/0.00/457.80) lat (ms,95%): 104.84 err/s: 0.00 reconn/s: 0.00
[ 150s ] thds: 16 tps: 247.50 qps: 3963.19 (r/w/o: 3468.19/0.00/495.00) lat (ms,95%): 90.78 err/s: 0.00 reconn/s: 0.00
[ 160s ] thds: 16 tps: 238.90 qps: 3822.30 (r/w/o: 3344.50/0.00/477.80) lat (ms,95%): 125.52 err/s: 0.00 reconn/s: 0.00
[ 170s ] thds: 16 tps: 247.70 qps: 3959.88 (r/w/o: 3464.68/0.00/495.20) lat (ms,95%): 110.66 err/s: 0.00 reconn/s: 0.00
[ 180s ] thds: 16 tps: 246.90 qps: 3948.50 (r/w/o: 3454.60/0.00/493.90) lat (ms,95%): 112.67 err/s: 0.00 reconn/s: 0.00
[ 190s ] thds: 16 tps: 255.70 qps: 4095.33 (r/w/o: 3583.83/0.00/511.50) lat (ms,95%): 90.78 err/s: 0.00 reconn/s: 0.00
[ 200s ] thds: 16 tps: 258.70 qps: 4137.89 (r/w/o: 3620.59/0.00/517.30) lat (ms,95%): 89.16 err/s: 0.00 reconn/s: 0.00
[ 210s ] thds: 16 tps: 261.90 qps: 4191.89 (r/w/o: 3667.99/0.00/523.90) lat (ms,95%): 84.47 err/s: 0.00 reconn/s: 0.00
[ 220s ] thds: 16 tps: 255.30 qps: 4082.61 (r/w/o: 3572.01/0.00/510.60) lat (ms,95%): 90.78 err/s: 0.00 reconn/s: 0.00
[ 230s ] thds: 16 tps: 247.50 qps: 3959.91 (r/w/o: 3465.01/0.00/494.90) lat (ms,95%): 97.55 err/s: 0.00 reconn/s: 0.00
[ 240s ] thds: 16 tps: 261.10 qps: 4178.59 (r/w/o: 3656.29/0.00/522.30) lat (ms,95%): 87.56 err/s: 0.00 reconn/s: 0.00
[ 250s ] thds: 16 tps: 257.80 qps: 4124.80 (r/w/o: 3609.20/0.00/515.60) lat (ms,95%): 71.83 err/s: 0.00 reconn/s: 0.00
[ 260s ] thds: 16 tps: 242.90 qps: 3886.12 (r/w/o: 3400.32/0.00/485.80) lat (ms,95%): 99.33 err/s: 0.00 reconn/s: 0.00
[ 270s ] thds: 16 tps: 251.00 qps: 4016.57 (r/w/o: 3514.58/0.00/502.00) lat (ms,95%): 94.10 err/s: 0.00 reconn/s: 0.00
[ 280s ] thds: 16 tps: 251.70 qps: 4029.70 (r/w/o: 3526.30/0.00/503.40) lat (ms,95%): 75.82 err/s: 0.00 reconn/s: 0.00
[ 290s ] thds: 16 tps: 236.30 qps: 3778.92 (r/w/o: 3306.42/0.00/472.50) lat (ms,95%): 99.33 err/s: 0.00 reconn/s: 0.00
[ 300s ] thds: 16 tps: 239.50 qps: 3830.88 (r/w/o: 3351.79/0.00/479.10) lat (ms,95%): 97.55 err/s: 0.00 reconn/s: 0.00
[ 310s ] thds: 16 tps: 241.10 qps: 3858.11 (r/w/o: 3376.01/0.00/482.10) lat (ms,95%): 86.00 err/s: 0.00 reconn/s: 0.00
[ 320s ] thds: 16 tps: 221.20 qps: 3538.82 (r/w/o: 3096.31/0.00/442.50) lat (ms,95%): 137.35 err/s: 0.00 reconn/s: 0.00
[ 330s ] thds: 16 tps: 247.50 qps: 3959.59 (r/w/o: 3464.69/0.00/494.90) lat (ms,95%): 99.33 err/s: 0.00 reconn/s: 0.00
[ 340s ] thds: 16 tps: 267.20 qps: 4278.57 (r/w/o: 3744.08/0.00/534.50) lat (ms,95%): 69.29 err/s: 0.00 reconn/s: 0.00
[ 350s ] thds: 16 tps: 242.40 qps: 3874.99 (r/w/o: 3390.19/0.00/484.80) lat (ms,95%): 134.90 err/s: 0.00 reconn/s: 0.00
[ 360s ] thds: 16 tps: 249.60 qps: 3993.50 (r/w/o: 3494.30/0.00/499.20) lat (ms,95%): 95.81 err/s: 0.00 reconn/s: 0.00
[ 370s ] thds: 16 tps: 255.10 qps: 4084.51 (r/w/o: 3574.31/0.00/510.20) lat (ms,95%): 95.81 err/s: 0.00 reconn/s: 0.00
[ 380s ] thds: 16 tps: 261.30 qps: 4181.89 (r/w/o: 3659.29/0.00/522.60) lat (ms,95%): 68.05 err/s: 0.00 reconn/s: 0.00
[ 390s ] thds: 16 tps: 241.40 qps: 3858.30 (r/w/o: 3375.60/0.00/482.70) lat (ms,95%): 101.13 err/s: 0.00 reconn/s: 0.00
[ 400s ] thds: 16 tps: 264.10 qps: 4227.80 (r/w/o: 3699.50/0.00/528.30) lat (ms,95%): 70.55 err/s: 0.00 reconn/s: 0.00
[ 410s ] thds: 16 tps: 237.50 qps: 3797.62 (r/w/o: 3322.62/0.00/475.00) lat (ms,95%): 94.10 err/s: 0.00 reconn/s: 0.00
[ 420s ] thds: 16 tps: 247.00 qps: 3953.68 (r/w/o: 3459.68/0.00/494.00) lat (ms,95%): 101.13 err/s: 0.00 reconn/s: 0.00
[ 430s ] thds: 16 tps: 245.10 qps: 3922.02 (r/w/o: 3431.82/0.00/490.20) lat (ms,95%): 82.96 err/s: 0.00 reconn/s: 0.00
[ 440s ] thds: 16 tps: 233.10 qps: 3727.26 (r/w/o: 3261.16/0.00/466.09) lat (ms,95%): 106.75 err/s: 0.00 reconn/s: 0.00
[ 450s ] thds: 16 tps: 236.50 qps: 3787.67 (r/w/o: 3314.58/0.00/473.10) lat (ms,95%): 92.42 err/s: 0.00 reconn/s: 0.00
[ 460s ] thds: 16 tps: 244.90 qps: 3916.07 (r/w/o: 3426.27/0.00/489.81) lat (ms,95%): 97.55 err/s: 0.00 reconn/s: 0.00
[ 470s ] thds: 16 tps: 229.30 qps: 3668.87 (r/w/o: 3210.27/0.00/458.60) lat (ms,95%): 99.33 err/s: 0.00 reconn/s: 0.00
[ 480s ] thds: 16 tps: 260.70 qps: 4172.31 (r/w/o: 3651.00/0.00/521.30) lat (ms,95%): 69.29 err/s: 0.00 reconn/s: 0.00
[ 490s ] thds: 16 tps: 224.30 qps: 3588.30 (r/w/o: 3139.60/0.00/448.70) lat (ms,95%): 150.29 err/s: 0.00 reconn/s: 0.00
[ 500s ] thds: 16 tps: 253.60 qps: 4053.41 (r/w/o: 3546.21/0.00/507.20) lat (ms,95%): 92.42 err/s: 0.00 reconn/s: 0.00
[ 510s ] thds: 16 tps: 264.50 qps: 4235.61 (r/w/o: 3706.81/0.00/528.80) lat (ms,95%): 66.84 err/s: 0.00 reconn/s: 0.00
[ 520s ] thds: 16 tps: 233.20 qps: 3729.38 (r/w/o: 3262.78/0.00/466.60) lat (ms,95%): 112.67 err/s: 0.00 reconn/s: 0.00
[ 530s ] thds: 16 tps: 268.80 qps: 4304.70 (r/w/o: 3767.10/0.00/537.60) lat (ms,95%): 65.65 err/s: 0.00 reconn/s: 0.00
[ 540s ] thds: 16 tps: 245.00 qps: 3919.23 (r/w/o: 3429.22/0.00/490.00) lat (ms,95%): 95.81 err/s: 0.00 reconn/s: 0.00
[ 550s ] thds: 16 tps: 255.50 qps: 4085.47 (r/w/o: 3574.57/0.00/510.90) lat (ms,95%): 84.47 err/s: 0.00 reconn/s: 0.00
[ 560s ] thds: 16 tps: 254.60 qps: 4072.80 (r/w/o: 3563.50/0.00/509.30) lat (ms,95%): 84.47 err/s: 0.00 reconn/s: 0.00
[ 570s ] thds: 16 tps: 249.40 qps: 3995.00 (r/w/o: 3496.20/0.00/498.80) lat (ms,95%): 97.55 err/s: 0.00 reconn/s: 0.00
[ 580s ] thds: 16 tps: 248.90 qps: 3979.60 (r/w/o: 3481.80/0.00/497.80) lat (ms,95%): 77.19 err/s: 0.00 reconn/s: 0.00
[ 590s ] thds: 16 tps: 234.30 qps: 3745.18 (r/w/o: 3276.58/0.00/468.60) lat (ms,95%): 102.97 err/s: 0.00 reconn/s: 0.00
[ 600s ] thds: 16 tps: 254.80 qps: 4080.72 (r/w/o: 3571.11/0.00/509.60) lat (ms,95%): 77.19 err/s: 0.00 reconn/s: 0.00
SQL statistics:
    queries performed:
        read:                            2089178
        write:                           0
        other:                           298454
        total:                           2387632
    transactions:                        149227 (248.68 per sec.)
    queries:                             2387632 (3978.96 per sec.)
    ignored errors:                      0      (0.00 per sec.)
    reconnects:                          0      (0.00 per sec.)

General statistics:
    total time:                          600.0611s
    total number of events:              149227

Latency (ms):
         min:                                   44.86
         avg:                                   64.33
         max:                                 1697.16
         95th percentile:                       94.10
         sum:                              9599761.37

Threads fairness:
    events (avg/stddev):           9326.6875/10.07
    execution time (avg/stddev):   599.9851/0.02


real    10m0.347s
user    1m34.244s
sys     1m54.327s

