$ time sysbench --config-file=sysbench.conf oltp_update_index --tables=32 --table-size=1000000 --db-ps-mode=auto --rand-type=uniform run
sysbench 1.0.20 (using system LuaJIT 2.1.1700206165)

Running the test with following options:
Number of threads: 16
Report intermediate results every 10 second(s)
Initializing random number generator from current time


Initializing worker threads...

Threads started!

[ 10s ] thds: 16 tps: 3656.74 qps: 3656.74 (r/w/o: 0.00/3560.79/95.95) lat (ms,95%): 6.91 err/s: 0.00 reconn/s: 0.00
[ 20s ] thds: 16 tps: 3702.64 qps: 3702.64 (r/w/o: 0.00/3608.34/94.30) lat (ms,95%): 6.67 err/s: 0.00 reconn/s: 0.00
[ 30s ] thds: 16 tps: 3729.00 qps: 3729.00 (r/w/o: 0.00/3633.00/96.00) lat (ms,95%): 6.55 err/s: 0.00 reconn/s: 0.00
[ 40s ] thds: 16 tps: 3811.40 qps: 3811.40 (r/w/o: 0.00/3719.00/92.40) lat (ms,95%): 6.55 err/s: 0.00 reconn/s: 0.00
[ 50s ] thds: 16 tps: 3826.80 qps: 3826.80 (r/w/o: 0.00/3734.80/92.00) lat (ms,95%): 6.55 err/s: 0.00 reconn/s: 0.00
[ 60s ] thds: 16 tps: 3880.30 qps: 3880.30 (r/w/o: 0.00/3779.70/100.60) lat (ms,95%): 6.32 err/s: 0.00 reconn/s: 0.00
[ 70s ] thds: 16 tps: 3684.60 qps: 3684.60 (r/w/o: 0.00/3595.40/89.20) lat (ms,95%): 6.67 err/s: 0.00 reconn/s: 0.00
[ 80s ] thds: 16 tps: 3761.84 qps: 3761.84 (r/w/o: 0.00/3669.34/92.50) lat (ms,95%): 6.79 err/s: 0.00 reconn/s: 0.00
[ 90s ] thds: 16 tps: 2935.77 qps: 2935.77 (r/w/o: 0.00/2863.17/72.60) lat (ms,95%): 10.84 err/s: 0.00 reconn/s: 0.00
[ 100s ] thds: 16 tps: 3006.30 qps: 3006.30 (r/w/o: 0.00/2932.10/74.20) lat (ms,95%): 9.73 err/s: 0.00 reconn/s: 0.00
[ 110s ] thds: 16 tps: 3462.90 qps: 3462.90 (r/w/o: 0.00/3380.70/82.20) lat (ms,95%): 7.98 err/s: 0.00 reconn/s: 0.00
[ 120s ] thds: 16 tps: 3828.30 qps: 3828.30 (r/w/o: 0.00/3734.20/94.10) lat (ms,95%): 6.43 err/s: 0.00 reconn/s: 0.00
[ 130s ] thds: 16 tps: 3671.50 qps: 3671.50 (r/w/o: 0.00/3580.10/91.40) lat (ms,95%): 7.17 err/s: 0.00 reconn/s: 0.00
[ 140s ] thds: 16 tps: 3673.10 qps: 3673.10 (r/w/o: 0.00/3578.90/94.20) lat (ms,95%): 6.91 err/s: 0.00 reconn/s: 0.00
[ 150s ] thds: 16 tps: 3362.80 qps: 3362.80 (r/w/o: 0.00/3281.80/81.00) lat (ms,95%): 8.74 err/s: 0.00 reconn/s: 0.00
[ 160s ] thds: 16 tps: 3712.31 qps: 3712.31 (r/w/o: 0.00/3624.91/87.40) lat (ms,95%): 6.79 err/s: 0.00 reconn/s: 0.00
[ 170s ] thds: 16 tps: 3753.35 qps: 3753.35 (r/w/o: 0.00/3661.55/91.80) lat (ms,95%): 6.79 err/s: 0.00 reconn/s: 0.00
[ 180s ] thds: 16 tps: 3883.38 qps: 3883.38 (r/w/o: 0.00/3782.87/100.50) lat (ms,95%): 6.43 err/s: 0.00 reconn/s: 0.00
[ 190s ] thds: 16 tps: 3827.81 qps: 3827.81 (r/w/o: 0.00/3729.21/98.60) lat (ms,95%): 6.67 err/s: 0.00 reconn/s: 0.00
[ 200s ] thds: 16 tps: 3881.88 qps: 3881.88 (r/w/o: 0.00/3785.68/96.20) lat (ms,95%): 6.43 err/s: 0.00 reconn/s: 0.00
[ 210s ] thds: 16 tps: 3872.99 qps: 3872.99 (r/w/o: 0.00/3778.69/94.30) lat (ms,95%): 6.55 err/s: 0.00 reconn/s: 0.00
[ 220s ] thds: 16 tps: 3794.30 qps: 3794.30 (r/w/o: 0.00/3695.30/99.00) lat (ms,95%): 6.43 err/s: 0.00 reconn/s: 0.00
[ 230s ] thds: 16 tps: 3865.00 qps: 3865.00 (r/w/o: 0.00/3767.40/97.60) lat (ms,95%): 6.55 err/s: 0.00 reconn/s: 0.00
[ 240s ] thds: 16 tps: 3424.79 qps: 3424.79 (r/w/o: 0.00/3343.99/80.80) lat (ms,95%): 7.56 err/s: 0.00 reconn/s: 0.00
[ 250s ] thds: 16 tps: 3591.94 qps: 3591.94 (r/w/o: 0.00/3504.64/87.30) lat (ms,95%): 7.30 err/s: 0.00 reconn/s: 0.00
[ 260s ] thds: 16 tps: 2716.28 qps: 2716.28 (r/w/o: 0.00/2647.78/68.50) lat (ms,95%): 11.24 err/s: 0.00 reconn/s: 0.00
[ 270s ] thds: 16 tps: 2950.98 qps: 2950.98 (r/w/o: 0.00/2880.28/70.70) lat (ms,95%): 9.73 err/s: 0.00 reconn/s: 0.00
[ 280s ] thds: 16 tps: 3740.82 qps: 3740.82 (r/w/o: 0.00/3647.02/93.80) lat (ms,95%): 6.67 err/s: 0.00 reconn/s: 0.00
[ 290s ] thds: 16 tps: 3276.30 qps: 3276.30 (r/w/o: 0.00/3193.10/83.20) lat (ms,95%): 8.90 err/s: 0.00 reconn/s: 0.00
[ 300s ] thds: 16 tps: 3596.74 qps: 3596.74 (r/w/o: 0.00/3509.53/87.20) lat (ms,95%): 7.04 err/s: 0.00 reconn/s: 0.00
[ 310s ] thds: 16 tps: 3837.96 qps: 3837.96 (r/w/o: 0.00/3744.86/93.10) lat (ms,95%): 6.55 err/s: 0.00 reconn/s: 0.00
[ 320s ] thds: 16 tps: 3844.44 qps: 3844.44 (r/w/o: 0.00/3747.83/96.60) lat (ms,95%): 6.55 err/s: 0.00 reconn/s: 0.00
[ 330s ] thds: 16 tps: 3783.28 qps: 3783.28 (r/w/o: 0.00/3689.98/93.30) lat (ms,95%): 6.67 err/s: 0.00 reconn/s: 0.00
[ 340s ] thds: 16 tps: 3814.59 qps: 3814.59 (r/w/o: 0.00/3717.09/97.50) lat (ms,95%): 6.67 err/s: 0.00 reconn/s: 0.00
[ 350s ] thds: 16 tps: 3901.01 qps: 3901.01 (r/w/o: 0.00/3803.91/97.10) lat (ms,95%): 6.55 err/s: 0.00 reconn/s: 0.00
[ 360s ] thds: 16 tps: 3802.18 qps: 3802.18 (r/w/o: 0.00/3706.28/95.90) lat (ms,95%): 6.67 err/s: 0.00 reconn/s: 0.00
[ 370s ] thds: 16 tps: 3897.85 qps: 3897.85 (r/w/o: 0.00/3805.05/92.80) lat (ms,95%): 6.55 err/s: 0.00 reconn/s: 0.00
[ 380s ] thds: 16 tps: 3706.37 qps: 3706.37 (r/w/o: 0.00/3617.57/88.80) lat (ms,95%): 6.67 err/s: 0.00 reconn/s: 0.00
[ 390s ] thds: 16 tps: 3860.80 qps: 3860.80 (r/w/o: 0.00/3758.10/102.70) lat (ms,95%): 6.67 err/s: 0.00 reconn/s: 0.00
[ 400s ] thds: 16 tps: 3626.60 qps: 3626.60 (r/w/o: 0.00/3537.80/88.80) lat (ms,95%): 7.30 err/s: 0.00 reconn/s: 0.00
[ 410s ] thds: 16 tps: 3585.00 qps: 3585.00 (r/w/o: 0.00/3495.90/89.10) lat (ms,95%): 7.43 err/s: 0.00 reconn/s: 0.00
[ 420s ] thds: 16 tps: 3414.50 qps: 3414.50 (r/w/o: 0.00/3326.20/88.30) lat (ms,95%): 7.70 err/s: 0.00 reconn/s: 0.00
[ 430s ] thds: 16 tps: 3671.23 qps: 3671.23 (r/w/o: 0.00/3580.93/90.30) lat (ms,95%): 7.04 err/s: 0.00 reconn/s: 0.00
[ 440s ] thds: 16 tps: 3558.60 qps: 3558.60 (r/w/o: 0.00/3466.50/92.10) lat (ms,95%): 7.30 err/s: 0.00 reconn/s: 0.00
[ 450s ] thds: 16 tps: 3238.17 qps: 3238.17 (r/w/o: 0.00/3153.27/84.90) lat (ms,95%): 8.74 err/s: 0.00 reconn/s: 0.00
[ 460s ] thds: 16 tps: 3524.80 qps: 3524.80 (r/w/o: 0.00/3433.70/91.10) lat (ms,95%): 7.30 err/s: 0.00 reconn/s: 0.00
[ 470s ] thds: 16 tps: 3744.02 qps: 3744.02 (r/w/o: 0.00/3649.82/94.20) lat (ms,95%): 6.67 err/s: 0.00 reconn/s: 0.00
[ 480s ] thds: 16 tps: 3505.30 qps: 3505.30 (r/w/o: 0.00/3419.90/85.40) lat (ms,95%): 7.84 err/s: 0.00 reconn/s: 0.00
[ 490s ] thds: 16 tps: 3777.07 qps: 3777.07 (r/w/o: 0.00/3680.67/96.40) lat (ms,95%): 6.79 err/s: 0.00 reconn/s: 0.00
[ 500s ] thds: 16 tps: 3724.60 qps: 3724.60 (r/w/o: 0.00/3633.50/91.10) lat (ms,95%): 6.79 err/s: 0.00 reconn/s: 0.00
[ 510s ] thds: 16 tps: 3802.70 qps: 3802.70 (r/w/o: 0.00/3711.40/91.30) lat (ms,95%): 6.67 err/s: 0.00 reconn/s: 0.00
[ 520s ] thds: 16 tps: 3755.49 qps: 3755.49 (r/w/o: 0.00/3667.29/88.20) lat (ms,95%): 6.67 err/s: 0.00 reconn/s: 0.00
[ 530s ] thds: 16 tps: 3817.32 qps: 3817.32 (r/w/o: 0.00/3723.22/94.10) lat (ms,95%): 6.55 err/s: 0.00 reconn/s: 0.00
[ 540s ] thds: 16 tps: 3773.90 qps: 3773.90 (r/w/o: 0.00/3680.50/93.40) lat (ms,95%): 6.91 err/s: 0.00 reconn/s: 0.00
[ 550s ] thds: 16 tps: 3849.02 qps: 3849.02 (r/w/o: 0.00/3756.82/92.20) lat (ms,95%): 6.67 err/s: 0.00 reconn/s: 0.00
[ 560s ] thds: 16 tps: 3633.49 qps: 3633.49 (r/w/o: 0.00/3544.00/89.50) lat (ms,95%): 6.91 err/s: 0.00 reconn/s: 0.00
[ 570s ] thds: 16 tps: 3691.80 qps: 3691.80 (r/w/o: 0.00/3604.10/87.70) lat (ms,95%): 7.04 err/s: 0.00 reconn/s: 0.00
[ 580s ] thds: 16 tps: 3183.28 qps: 3183.28 (r/w/o: 0.00/3101.48/81.80) lat (ms,95%): 8.90 err/s: 0.00 reconn/s: 0.00
[ 590s ] thds: 16 tps: 3068.10 qps: 3068.10 (r/w/o: 0.00/2994.90/73.20) lat (ms,95%): 9.22 err/s: 0.00 reconn/s: 0.00
[ 600s ] thds: 16 tps: 3412.14 qps: 3412.14 (r/w/o: 0.00/3334.84/77.30) lat (ms,95%): 8.28 err/s: 0.00 reconn/s: 0.00
SQL statistics:
    queries performed:
        read:                            0
        write:                           2122941
        other:                           53978
        total:                           2176919
    transactions:                        2176919 (3628.13 per sec.)
    queries:                             2176919 (3628.13 per sec.)
    ignored errors:                      0      (0.00 per sec.)
    reconnects:                          0      (0.00 per sec.)

General statistics:
    total time:                          600.0073s
    total number of events:              2176919

Latency (ms):
         min:                                    1.14
         avg:                                    4.41
         max:                                  278.62
         95th percentile:                        7.30
         sum:                              9596459.11

Threads fairness:
    events (avg/stddev):           136057.4375/123.68
    execution time (avg/stddev):   599.7787/0.01


real    10m0.108s
user    0m35.681s
sys     1m30.697s

